<?xml version="1.0" encoding="utf-8"?>
<TestRun id="67ed2588-657d-49f1-b4f5-6c8ba0be871d" name="@3c22fbe526e6 2022-05-25 13:11:38" xmlns="http://microsoft.com/schemas/VisualStudio/TeamTest/2010">
  <Times creation="2022-05-25T13:11:38.2395350+02:00" queuing="2022-05-25T13:11:38.2395350+02:00" start="2022-05-25T13:11:31.5212390+02:00" finish="2022-05-25T13:14:20.9512810+02:00" />
  <TestSettings name="default" id="6c22ecb9-303b-447f-a0f1-fb7df2954b53">
    <Deployment runDeploymentRoot="_3c22fbe526e6_2022-05-25_13_11_38" />
  </TestSettings>
  <Results>
    <UnitTestResult executionId="4dc746b6-6ed6-41b4-b586-058fe61b7533" testId="ae0b7d14-c3e8-42a5-9b13-3eb448459011" testName="VerificationErrorsOfDocumentAreNotCapturedIfAutoVerificationIsNotOnChange" computerName="3c22fbe526e6" duration="00:00:00.2920735" startTime="2022-05-25T13:12:51.9162160+02:00" endTime="2022-05-25T13:12:52.2084250+02:00" testType="13cdc9d9-ddb5-4fa4-a97d-d965ccfc6d4b" outcome="Passed" testListId="8c84fa94-04c1-424b-9868-57a2d4851a1d" relativeResultsDirectory="4dc746b6-6ed6-41b4-b586-058fe61b7533" />
    <UnitTestResult executionId="27b4785c-7adb-4954-bf5f-cb2fad0a874f" testId="05dc8e77-7f60-4f00-b758-38767c2e98c7" testName="SequenceSub" computerName="3c22fbe526e6" duration="00:00:00.2598428" startTime="2022-05-25T13:12:04.9025250+02:00" endTime="2022-05-25T13:12:05.1625310+02:00" testType="13cdc9d9-ddb5-4fa4-a97d-d965ccfc6d4b" outcome="Passed" testListId="8c84fa94-04c1-424b-9868-57a2d4851a1d" relativeResultsDirectory="27b4785c-7adb-4954-bf5f-cb2fad0a874f" />
    <UnitTestResult executionId="3a699ce4-f97b-4311-84d3-e2d049fcf63c" testId="094cba96-3a03-485a-9c91-c0b12d7c9d78" testName="DocumentWithoutErrorsSendsCompilationSucceededVerificationStartedAndVerificationSucceededStatuses" computerName="3c22fbe526e6" duration="00:00:00.3447263" startTime="2022-05-25T13:11:38.7094740+02:00" endTime="2022-05-25T13:11:39.0544030+02:00" testType="13cdc9d9-ddb5-4fa4-a97d-d965ccfc6d4b" outcome="Passed" testListId="8c84fa94-04c1-424b-9868-57a2d4851a1d" relativeResultsDirectory="3a699ce4-f97b-4311-84d3-e2d049fcf63c" />
    <UnitTestResult executionId="d92a27f8-0220-43bb-87c9-c5d4931d952d" testId="95d94177-3906-43bc-a10e-3588de2c58eb" testName="ReplaceSingleLineTextInTheMiddleOfALine" computerName="3c22fbe526e6" duration="00:00:00.2052728" startTime="2022-05-25T13:12:58.1121490+02:00" endTime="2022-05-25T13:12:58.3175420+02:00" testType="13cdc9d9-ddb5-4fa4-a97d-d965ccfc6d4b" outcome="Passed" testListId="8c84fa94-04c1-424b-9868-57a2d4851a1d" relativeResultsDirectory="d92a27f8-0220-43bb-87c9-c5d4931d952d" />
    <UnitTestResult executionId="e81d247f-94fa-47bd-aa18-4de16601aec0" testId="2ac085f1-53d8-4678-bda0-39b0ffa73436" testName="DocumentLoadWithOnSaveVerificationDoesNotSendVerificationStatuses" computerName="3c22fbe526e6" duration="00:00:00.2987872" startTime="2022-05-25T13:11:46.0994960+02:00" endTime="2022-05-25T13:11:46.3984640+02:00" testType="13cdc9d9-ddb5-4fa4-a97d-d965ccfc6d4b" outcome="Passed" testListId="8c84fa94-04c1-424b-9868-57a2d4851a1d" relativeResultsDirectory="e81d247f-94fa-47bd-aa18-4de16601aec0" />
    <UnitTestResult executionId="0c24a92b-cd27-4b7b-bac5-ec1d24f53199" testId="fa47da5e-a6fc-4f5a-af04-1a3e640a20a6" testName="EnsureRenderingIsCoherent" computerName="3c22fbe526e6" duration="00:00:00.0015196" startTime="2022-05-25T13:14:08.1924050+02:00" endTime="2022-05-25T13:14:08.1941950+02:00" testType="13cdc9d9-ddb5-4fa4-a97d-d965ccfc6d4b" outcome="Passed" testListId="8c84fa94-04c1-424b-9868-57a2d4851a1d" relativeResultsDirectory="0c24a92b-cd27-4b7b-bac5-ec1d24f53199" />
    <UnitTestResult executionId="87a8f07e-81c8-410b-9e19-d6f4278b35ea" testId="7e4c4a1d-4fdb-4cf4-b79c-1bdf007ccb24" testName="ObjectWithAFieldOfBasicType" computerName="3c22fbe526e6" duration="00:00:00.3082872" startTime="2022-05-25T13:11:56.6004680+02:00" endTime="2022-05-25T13:11:56.9089300+02:00" testType="13cdc9d9-ddb5-4fa4-a97d-d965ccfc6d4b" outcome="Passed" testListId="8c84fa94-04c1-424b-9868-57a2d4851a1d" relativeResultsDirectory="87a8f07e-81c8-410b-9e19-d6f4278b35ea" />
    <UnitTestResult executionId="51486d50-cfde-4d35-bacc-a59ef0ccf924" testId="6dd1f86b-c366-4220-adbf-1e38413ebd82" testName="HoveringParameterOfMethodReturnsTheUserDefinedType" computerName="3c22fbe526e6" duration="00:00:00.3024310" startTime="2022-05-25T13:14:00.2988910+02:00" endTime="2022-05-25T13:14:00.6014530+02:00" testType="13cdc9d9-ddb5-4fa4-a97d-d965ccfc6d4b" outcome="Passed" testListId="8c84fa94-04c1-424b-9868-57a2d4851a1d" relativeResultsDirectory="51486d50-cfde-4d35-bacc-a59ef0ccf924" />
    <UnitTestResult executionId="65fedcfe-47af-49d4-b7dc-77d5d9d05922" testId="00242ee0-4977-4a92-8db0-6384c7dcd0e2" testName="TopLevelConstantsHaveToBeVerifiedAlso" computerName="3c22fbe526e6" duration="00:00:00.5467944" startTime="2022-05-25T13:14:17.6026380+02:00" endTime="2022-05-25T13:14:18.1496160+02:00" testType="13cdc9d9-ddb5-4fa4-a97d-d965ccfc6d4b" outcome="Passed" testListId="8c84fa94-04c1-424b-9868-57a2d4851a1d" relativeResultsDirectory="65fedcfe-47af-49d4-b7dc-77d5d9d05922" />
    <UnitTestResult executionId="65b92c5c-999c-43bd-a446-a3efc127980f" testId="77ff59ff-b21b-4932-8176-5620b3c9d38c" testName="OpeningDocumentWithMultipleVerificationCoresReturnsStableDiagnostics" computerName="3c22fbe526e6" duration="00:00:03.0429401" startTime="2022-05-25T13:12:30.2429500+02:00" endTime="2022-05-25T13:12:33.2860110+02:00" testType="13cdc9d9-ddb5-4fa4-a97d-d965ccfc6d4b" outcome="Passed" testListId="8c84fa94-04c1-424b-9868-57a2d4851a1d" relativeResultsDirectory="65b92c5c-999c-43bd-a446-a3efc127980f" />
    <UnitTestResult executionId="f591f8f7-1fa8-4e68-8506-5e5f50ab1595" testId="0eacd176-d507-4807-8bad-f4b42fca171f" testName="MapsOfBitVectors" computerName="3c22fbe526e6" duration="00:00:00.2817009" startTime="2022-05-25T13:12:08.0371640+02:00" endTime="2022-05-25T13:12:08.3190500+02:00" testType="13cdc9d9-ddb5-4fa4-a97d-d965ccfc6d4b" outcome="Passed" testListId="8c84fa94-04c1-424b-9868-57a2d4851a1d" relativeResultsDirectory="f591f8f7-1fa8-4e68-8506-5e5f50ab1595" />
    <UnitTestResult executionId="366d333e-f795-499a-a382-40a697356751" testId="b4c04410-5ca4-45ab-aaf9-fc89f14bc3ac" testName="VerificationErrorsOfDocumentAreCaptured" computerName="3c22fbe526e6" duration="00:00:00.2606978" startTime="2022-05-25T13:12:51.6551610+02:00" endTime="2022-05-25T13:12:51.9159940+02:00" testType="13cdc9d9-ddb5-4fa4-a97d-d965ccfc6d4b" outcome="Passed" testListId="8c84fa94-04c1-424b-9868-57a2d4851a1d" relativeResultsDirectory="366d333e-f795-499a-a382-40a697356751" />
    <UnitTestResult executionId="66ad4974-8f00-4ac5-90ae-b2e384427e7d" testId="aefbd6ee-0668-4d6e-9e54-91fbb315cd5f" testName="VerificationDiagnosticsCanBeMigratedAcrossMultipleResolutions" computerName="3c22fbe526e6" duration="00:00:00.2935251" startTime="2022-05-25T13:12:12.0084910+02:00" endTime="2022-05-25T13:12:12.3021970+02:00" testType="13cdc9d9-ddb5-4fa4-a97d-d965ccfc6d4b" outcome="Passed" testListId="8c84fa94-04c1-424b-9868-57a2d4851a1d" relativeResultsDirectory="66ad4974-8f00-4ac5-90ae-b2e384427e7d" />
    <UnitTestResult executionId="cfc1f2d2-5c0d-4952-816c-f253369f4a04" testId="201242b2-986f-4404-8dc9-513fb7e2effb" testName="HoveringVariableShadowingFieldReturnsTheFieldIfThisIsUsed" computerName="3c22fbe526e6" duration="00:00:00.2271551" startTime="2022-05-25T13:13:59.0628440+02:00" endTime="2022-05-25T13:13:59.2900980+02:00" testType="13cdc9d9-ddb5-4fa4-a97d-d965ccfc6d4b" outcome="Passed" testListId="8c84fa94-04c1-424b-9868-57a2d4851a1d" relativeResultsDirectory="cfc1f2d2-5c0d-4952-816c-f253369f4a04" />
    <UnitTestResult executionId="22647070-6fad-4359-97b3-5d443b69a0c7" testId="ba95bdc7-d993-4c09-9da1-ba8267ef1d49" testName="HoveringMethodInvocationOfDataTypeReturnsMethodSignature" computerName="3c22fbe526e6" duration="00:00:00.2856998" startTime="2022-05-25T13:14:01.0301930+02:00" endTime="2022-05-25T13:14:01.3379850+02:00" testType="13cdc9d9-ddb5-4fa4-a97d-d965ccfc6d4b" outcome="Passed" testListId="8c84fa94-04c1-424b-9868-57a2d4851a1d" relativeResultsDirectory="22647070-6fad-4359-97b3-5d443b69a0c7" />
    <UnitTestResult executionId="04981c91-e164-4b59-bac6-0bbf106e2af8" testId="1015d19a-b7f3-4713-8638-ee919ec9dd37" testName="SignatureHelpOnOpeningParenthesesReturnsSignatureOfClosestFunction" computerName="3c22fbe526e6" duration="00:00:00.2749294" startTime="2022-05-25T13:14:06.3779720+02:00" endTime="2022-05-25T13:14:06.6530020+02:00" testType="13cdc9d9-ddb5-4fa4-a97d-d965ccfc6d4b" outcome="Passed" testListId="8c84fa94-04c1-424b-9868-57a2d4851a1d" relativeResultsDirectory="04981c91-e164-4b59-bac6-0bbf106e2af8" />
    <UnitTestResult executionId="b1c09435-2a1a-4802-aa8d-02dddd36cd8e" testId="29dbb6ec-0ffd-4a8b-afe4-222bcfb457e0" testName="CompleteOnNothingAtLineStartReturnsEmptyList" computerName="3c22fbe526e6" duration="00:00:00.3574320" startTime="2022-05-25T13:14:18.8530770+02:00" endTime="2022-05-25T13:14:19.2106350+02:00" testType="13cdc9d9-ddb5-4fa4-a97d-d965ccfc6d4b" outcome="Passed" testListId="8c84fa94-04c1-424b-9868-57a2d4851a1d" relativeResultsDirectory="b1c09435-2a1a-4802-aa8d-02dddd36cd8e" />
    <UnitTestResult executionId="4485d680-16df-4579-8885-d94861fe2fdf" testId="9866adcc-7cdc-4633-bff8-c39908fd4460" testName="LoadCorrectDocumentCreatesSymbols" computerName="3c22fbe526e6" duration="00:00:00.3939156" startTime="2022-05-25T13:13:56.4280420+02:00" endTime="2022-05-25T13:13:56.8223010+02:00" testType="13cdc9d9-ddb5-4fa4-a97d-d965ccfc6d4b" outcome="Passed" testListId="8c84fa94-04c1-424b-9868-57a2d4851a1d" relativeResultsDirectory="4485d680-16df-4579-8885-d94861fe2fdf" />
    <UnitTestResult executionId="dc25aa37-e9a2-49d5-9a6a-7bfe9a8be8be" testId="34390945-c408-4822-9ce2-61169665d0c1" testName="OpeningFlawlessDocumentWithGhostMarkStatementsMarksGhostAssignments" computerName="3c22fbe526e6" duration="00:00:00.3833337" startTime="2022-05-25T13:12:48.3525900+02:00" endTime="2022-05-25T13:12:48.7360560+02:00" testType="13cdc9d9-ddb5-4fa4-a97d-d965ccfc6d4b" outcome="Passed" testListId="8c84fa94-04c1-424b-9868-57a2d4851a1d" relativeResultsDirectory="dc25aa37-e9a2-49d5-9a6a-7bfe9a8be8be" />
    <UnitTestResult executionId="dba916c8-1d76-4c42-9917-30ac5e5751d2" testId="7fd0832b-338c-4e93-989c-63e8318004bd" testName="ImplicitlyIncludingTheSameModuleTwiceDoesNotOverrideActualError" computerName="3c22fbe526e6" duration="00:00:00.3085232" startTime="2022-05-25T13:12:13.0459000+02:00" endTime="2022-05-25T13:12:13.3545700+02:00" testType="13cdc9d9-ddb5-4fa4-a97d-d965ccfc6d4b" outcome="Passed" testListId="8c84fa94-04c1-424b-9868-57a2d4851a1d" relativeResultsDirectory="dba916c8-1d76-4c42-9917-30ac5e5751d2" />
    <UnitTestResult executionId="5e67d878-f870-44d5-9ef9-b2e1fed06469" testId="642d36ae-424e-448a-980a-98a7bd2a4b81" testName="GhcMergeSort" computerName="3c22fbe526e6" duration="00:00:00.4291855" startTime="2022-05-25T13:12:19.1612220+02:00" endTime="2022-05-25T13:12:19.5908230+02:00" testType="13cdc9d9-ddb5-4fa4-a97d-d965ccfc6d4b" outcome="Passed" testListId="8c84fa94-04c1-424b-9868-57a2d4851a1d" relativeResultsDirectory="5e67d878-f870-44d5-9ef9-b2e1fed06469" />
    <UnitTestResult executionId="0d8b8cd2-f745-4e6c-bfbf-ab5559fb67a1" testId="afb14e17-8352-4fac-a734-5000a8e0b8df" testName="DafnyModelTypeMultipleArguments" computerName="3c22fbe526e6" duration="00:00:00.1267471" startTime="2022-05-25T13:12:08.6504100+02:00" endTime="2022-05-25T13:12:08.7773120+02:00" testType="13cdc9d9-ddb5-4fa4-a97d-d965ccfc6d4b" outcome="Passed" testListId="8c84fa94-04c1-424b-9868-57a2d4851a1d" relativeResultsDirectory="0d8b8cd2-f745-4e6c-bfbf-ab5559fb67a1" />
    <UnitTestResult executionId="26dda1b2-ec1f-4dd5-a111-f0b317d728e2" testId="05137e98-9760-4a21-a47f-43d8e1c9bdf6" testName="EnsuresPriorityWorksEvenIfRemovingMethodsWhileTypo" computerName="3c22fbe526e6" duration="00:00:00.6641387" startTime="2022-05-25T13:14:10.5904550+02:00" endTime="2022-05-25T13:14:11.2546840+02:00" testType="13cdc9d9-ddb5-4fa4-a97d-d965ccfc6d4b" outcome="Passed" testListId="8c84fa94-04c1-424b-9868-57a2d4851a1d" relativeResultsDirectory="26dda1b2-ec1f-4dd5-a111-f0b317d728e2" />
    <UnitTestResult executionId="3f7c6469-c18b-4252-b740-4b98d0a75ae1" testId="d17e2c9a-8741-49f1-ad99-84d2854a5d1d" testName="OpeningFlawlessDocumentWithGhostMarkStatementsMarksGhostIfStatements" computerName="3c22fbe526e6" duration="00:00:00.3275496" startTime="2022-05-25T13:12:48.0248940+02:00" endTime="2022-05-25T13:12:48.3525580+02:00" testType="13cdc9d9-ddb5-4fa4-a97d-d965ccfc6d4b" outcome="Passed" testListId="8c84fa94-04c1-424b-9868-57a2d4851a1d" relativeResultsDirectory="3f7c6469-c18b-4252-b740-4b98d0a75ae1" />
    <UnitTestResult executionId="09d4926e-6b61-42b8-8cbe-3874f3be528a" testId="8d240f98-b2ff-4c02-8674-a99cf5617c58" testName="VerificationDiagnosticsDoNotShowUpTwice" computerName="3c22fbe526e6" duration="00:00:00.4407134" startTime="2022-05-25T13:12:12.3022740+02:00" endTime="2022-05-25T13:12:12.7431450+02:00" testType="13cdc9d9-ddb5-4fa4-a97d-d965ccfc6d4b" outcome="Passed" testListId="8c84fa94-04c1-424b-9868-57a2d4851a1d" relativeResultsDirectory="09d4926e-6b61-42b8-8cbe-3874f3be528a" />
    <UnitTestResult executionId="8298bac6-4cdc-4bb9-8436-b24b6df666e1" testId="95717aae-5656-42c9-9bbe-c88479e0140f" testName="MapsValuesUpdate" computerName="3c22fbe526e6" duration="00:00:00.2889850" startTime="2022-05-25T13:12:07.1800390+02:00" endTime="2022-05-25T13:12:07.4691570+02:00" testType="13cdc9d9-ddb5-4fa4-a97d-d965ccfc6d4b" outcome="Passed" testListId="8c84fa94-04c1-424b-9868-57a2d4851a1d" relativeResultsDirectory="8298bac6-4cdc-4bb9-8436-b24b6df666e1" />
    <UnitTestResult executionId="c4f8d928-a227-4c94-911e-f1f430d120d1" testId="d178b536-3419-46ee-b86f-e8adb0cd07b9" testName="ModuleRenameDoesNotAffectMigration" computerName="3c22fbe526e6" duration="00:00:00.3735985" startTime="2022-05-25T13:12:46.4478890+02:00" endTime="2022-05-25T13:12:46.8216550+02:00" testType="13cdc9d9-ddb5-4fa4-a97d-d965ccfc6d4b" outcome="Passed" testListId="8c84fa94-04c1-424b-9868-57a2d4851a1d" relativeResultsDirectory="c4f8d928-a227-4c94-911e-f1f430d120d1" />
    <UnitTestResult executionId="42bfe421-3264-4297-b982-cb053757cdfc" testId="1c36cd92-0ed3-4d47-9f6c-591034b29a89" testName="QueuedMethodGoesThroughAllPhases" computerName="3c22fbe526e6" duration="00:00:01.0440816" startTime="2022-05-25T13:13:00.1250970+02:00" endTime="2022-05-25T13:13:01.1694560+02:00" testType="13cdc9d9-ddb5-4fa4-a97d-d965ccfc6d4b" outcome="Passed" testListId="8c84fa94-04c1-424b-9868-57a2d4851a1d" relativeResultsDirectory="42bfe421-3264-4297-b982-cb053757cdfc" />
    <UnitTestResult executionId="3b981fbd-7325-45c5-a437-4af62650fcae" testId="bf2f948b-bd25-4fc2-9bd6-73d35d45474a" testName="HoveringSpecificationBoundVariableReturnsInferredType" computerName="3c22fbe526e6" duration="00:00:00.3410023" startTime="2022-05-25T13:14:04.0433980+02:00" endTime="2022-05-25T13:14:04.3846220+02:00" testType="13cdc9d9-ddb5-4fa4-a97d-d965ccfc6d4b" outcome="Passed" testListId="8c84fa94-04c1-424b-9868-57a2d4851a1d" relativeResultsDirectory="3b981fbd-7325-45c5-a437-4af62650fcae" />
    <UnitTestResult executionId="5fd496ca-5743-452c-9e58-bfcba15c193c" testId="08f2961b-e824-4634-a48d-f610c8a8fe80" testName="EnsureItIsPossibleToLoadAPluginWithArguments" computerName="3c22fbe526e6" duration="00:00:00.2126330" startTime="2022-05-25T13:12:15.4706960+02:00" endTime="2022-05-25T13:12:15.6834890+02:00" testType="13cdc9d9-ddb5-4fa4-a97d-d965ccfc6d4b" outcome="Passed" testListId="8c84fa94-04c1-424b-9868-57a2d4851a1d" relativeResultsDirectory="5fd496ca-5743-452c-9e58-bfcba15c193c">
      <Output>
        <StdOut>This should not crash the LSP</StdOut>
      </Output>
    </UnitTestResult>
    <UnitTestResult executionId="1eea4b02-2423-4fca-ab58-e388fd17b036" testId="9a870fdd-bc00-4a6f-81a0-a574fbee1279" testName="MapsValues" computerName="3c22fbe526e6" duration="00:00:00.3121832" startTime="2022-05-25T13:12:07.7247800+02:00" endTime="2022-05-25T13:12:08.0371080+02:00" testType="13cdc9d9-ddb5-4fa4-a97d-d965ccfc6d4b" outcome="Passed" testListId="8c84fa94-04c1-424b-9868-57a2d4851a1d" relativeResultsDirectory="1eea4b02-2423-4fca-ab58-e388fd17b036" />
    <UnitTestResult executionId="4be693e8-7fa9-4813-b1e6-200fc5be7e79" testId="476105a6-6e2e-424e-bff6-2a11b05e06fa" testName="ChangeToDocumentWithVerificationErrorsUsesDafnyResolver" computerName="3c22fbe526e6" duration="00:00:00.2163875" startTime="2022-05-25T13:12:55.1609190+02:00" endTime="2022-05-25T13:12:55.3774300+02:00" testType="13cdc9d9-ddb5-4fa4-a97d-d965ccfc6d4b" outcome="Passed" testListId="8c84fa94-04c1-424b-9868-57a2d4851a1d" relativeResultsDirectory="4be693e8-7fa9-4813-b1e6-200fc5be7e79" />
    <UnitTestResult executionId="a995ecf6-1b02-4597-b7c6-01ffde4cba95" testId="c8a26161-6326-4974-9b84-58ceb47a9e3c" testName="ReplaceMultiLineTextInTheMiddleOfALine" computerName="3c22fbe526e6" duration="00:00:00.2476816" startTime="2022-05-25T13:12:58.3175840+02:00" endTime="2022-05-25T13:12:58.5653740+02:00" testType="13cdc9d9-ddb5-4fa4-a97d-d965ccfc6d4b" outcome="Passed" testListId="8c84fa94-04c1-424b-9868-57a2d4851a1d" relativeResultsDirectory="a995ecf6-1b02-4597-b7c6-01ffde4cba95" />
    <UnitTestResult executionId="b4263083-9828-48cf-b30b-36a28335284a" testId="fbfede10-95c6-4c04-af09-9b3373ac1de2" testName="NoDiagnosticFlickeringWhenIncremental" computerName="3c22fbe526e6" duration="00:00:01.7689220" startTime="2022-05-25T13:12:39.8049010+02:00" endTime="2022-05-25T13:12:41.5739810+02:00" testType="13cdc9d9-ddb5-4fa4-a97d-d965ccfc6d4b" outcome="Passed" testListId="8c84fa94-04c1-424b-9868-57a2d4851a1d" relativeResultsDirectory="b4263083-9828-48cf-b30b-36a28335284a" />
    <UnitTestResult executionId="5b4bc3f5-be3c-4d39-a69e-e45a07491038" testId="e85f77f7-8bdd-453a-9397-2cee93fcf93e" testName="SingleMethodGoesThroughAllPhasesExceptQueued" computerName="3c22fbe526e6" duration="00:00:01.0546196" startTime="2022-05-25T13:12:59.0434110+02:00" endTime="2022-05-25T13:13:00.1245430+02:00" testType="13cdc9d9-ddb5-4fa4-a97d-d965ccfc6d4b" outcome="Passed" testListId="8c84fa94-04c1-424b-9868-57a2d4851a1d" relativeResultsDirectory="5b4bc3f5-be3c-4d39-a69e-e45a07491038" />
    <UnitTestResult executionId="9f727300-55d2-4ca5-a2cd-6951240cdfbd" testId="0660c93a-4e69-40bf-bb89-49adfd15687f" testName="GetCounterExampleWithMultipleMethodsWithErrorsReturnsCounterExamplesForEveryMethod" computerName="3c22fbe526e6" duration="00:00:00.3049984" startTime="2022-05-25T13:11:54.3123010+02:00" endTime="2022-05-25T13:11:54.6174960+02:00" testType="13cdc9d9-ddb5-4fa4-a97d-d965ccfc6d4b" outcome="Passed" testListId="8c84fa94-04c1-424b-9868-57a2d4851a1d" relativeResultsDirectory="9f727300-55d2-4ca5-a2cd-6951240cdfbd" />
    <UnitTestResult executionId="6828bf5f-ea81-459d-967a-dcea09d09266" testId="d4487201-cb94-4e22-ab6b-d0f69fa3f926" testName="HoveringForallBoundVarReturnsBoundVarInferredType" computerName="3c22fbe526e6" duration="00:00:00.2533165" startTime="2022-05-25T13:14:01.9086740+02:00" endTime="2022-05-25T13:14:02.1620980+02:00" testType="13cdc9d9-ddb5-4fa4-a97d-d965ccfc6d4b" outcome="Passed" testListId="8c84fa94-04c1-424b-9868-57a2d4851a1d" relativeResultsDirectory="6828bf5f-ea81-459d-967a-dcea09d09266" />
    <UnitTestResult executionId="9481a9c7-9f16-41da-90ed-b022de12d0cb" testId="756ca813-8882-4567-973b-0ced06a83658" testName="LoadCorrectDocumentAndChangeToInvalidCreatesPartialSymbols" computerName="3c22fbe526e6" duration="00:00:00.2593371" startTime="2022-05-25T13:13:56.8223870+02:00" endTime="2022-05-25T13:13:57.0818740+02:00" testType="13cdc9d9-ddb5-4fa4-a97d-d965ccfc6d4b" outcome="Passed" testListId="8c84fa94-04c1-424b-9868-57a2d4851a1d" relativeResultsDirectory="9481a9c7-9f16-41da-90ed-b022de12d0cb" />
    <UnitTestResult executionId="d8797cca-bf5a-4164-9b07-396ff7db94e8" testId="2ebcdfc0-a05c-4028-aa73-00ad410721ad" testName="MigrationMovesCharacterOfSymbolsAfterWhenChangingInTheMiddleOfLine" computerName="3c22fbe526e6" duration="00:00:00.2001661" startTime="2022-05-25T13:12:50.5547580+02:00" endTime="2022-05-25T13:12:50.7550240+02:00" testType="13cdc9d9-ddb5-4fa4-a97d-d965ccfc6d4b" outcome="Passed" testListId="8c84fa94-04c1-424b-9868-57a2d4851a1d" relativeResultsDirectory="d8797cca-bf5a-4164-9b07-396ff7db94e8" />
    <UnitTestResult executionId="b34b71ea-19a5-48d8-b5bf-a1685ff4b81e" testId="8bb3ed76-770c-418e-a1a5-1a36bd2ed652" testName="HoveringByMethodReturnsInferredType" computerName="3c22fbe526e6" duration="00:00:00.2633088" startTime="2022-05-25T13:14:03.4631850+02:00" endTime="2022-05-25T13:14:03.7266250+02:00" testType="13cdc9d9-ddb5-4fa4-a97d-d965ccfc6d4b" outcome="Passed" testListId="8c84fa94-04c1-424b-9868-57a2d4851a1d" relativeResultsDirectory="b34b71ea-19a5-48d8-b5bf-a1685ff4b81e" />
    <UnitTestResult executionId="d0291b02-cb02-4a6f-8bda-a1e330aabda9" testId="3bf7966a-57a1-4970-8e3c-7588f8a6cd4f" testName="HoveringTypeOfConstructorInvocationReturnsTheUserDefinedType" computerName="3c22fbe526e6" duration="00:00:00.3499727" startTime="2022-05-25T13:13:59.9486600+02:00" endTime="2022-05-25T13:14:00.2988160+02:00" testType="13cdc9d9-ddb5-4fa4-a97d-d965ccfc6d4b" outcome="Passed" testListId="8c84fa94-04c1-424b-9868-57a2d4851a1d" relativeResultsDirectory="d0291b02-cb02-4a6f-8bda-a1e330aabda9" />
    <UnitTestResult executionId="4ac6e086-6075-4301-8a3e-5196340ccfd3" testId="af581e5f-3b80-494a-8a28-5598455ba764" testName="MigrationLeavesLinesOfSymbolsBeforeUnchangedWhenRemovingInTheMiddle" computerName="3c22fbe526e6" duration="00:00:00.2146732" startTime="2022-05-25T13:12:22.2346410+02:00" endTime="2022-05-25T13:12:22.4494170+02:00" testType="13cdc9d9-ddb5-4fa4-a97d-d965ccfc6d4b" outcome="Passed" testListId="8c84fa94-04c1-424b-9868-57a2d4851a1d" relativeResultsDirectory="4ac6e086-6075-4301-8a3e-5196340ccfd3" />
    <UnitTestResult executionId="2cab01cf-88e7-4b9d-a3f5-cf1efc7e57cf" testId="2b894ed7-3089-46d7-8a5f-6830cde11529" testName="RefiningDeclarationStatusIsFoldedIntoTheBase" computerName="3c22fbe526e6" duration="00:00:00.4180687" startTime="2022-05-25T13:13:53.5101870+02:00" endTime="2022-05-25T13:13:53.9284570+02:00" testType="13cdc9d9-ddb5-4fa4-a97d-d965ccfc6d4b" outcome="Passed" testListId="8c84fa94-04c1-424b-9868-57a2d4851a1d" relativeResultsDirectory="2cab01cf-88e7-4b9d-a3f5-cf1efc7e57cf">
      <Output>
        <StdOut>\u001b[41m\u001b[30mfail\u001b[39m\u001b[22m\u001b[49m: Microsoft.Dafny.LanguageServer.Workspace.VerificationProgressReporter[0]
      No method node at /testFile220.dfy[Refinement1]:2:10
\u001b[41m\u001b[30mfail\u001b[39m\u001b[22m\u001b[49m: Microsoft.Dafny.LanguageServer.Workspace.VerificationProgressReporter[0]
      No method node at /testFile220.dfy[Refinement2]:2:10
\u001b[41m\u001b[30mfail\u001b[39m\u001b[22m\u001b[49m: Microsoft.Dafny.LanguageServer.Workspace.VerificationProgressReporter[0]
      No method node at /testFile220.dfy[Refinement1]:2:10
\u001b[41m\u001b[30mfail\u001b[39m\u001b[22m\u001b[49m: Microsoft.Dafny.LanguageServer.Workspace.VerificationProgressReporter[0]
      No method node at /testFile220.dfy[Refinement2]:2:10</StdOut>
      </Output>
    </UnitTestResult>
    <UnitTestResult executionId="32df0688-d869-498a-abd4-e0feef6e5fe6" testId="c7a5004a-5765-49dc-8b97-4bf16477c3c0" testName="DocumentWithOnlyCodedVerifierTimeoutSendsCompilationSucceededVerificationStartedAndVerificationFailedStatuses" computerName="3c22fbe526e6" duration="00:00:03.3150148" startTime="2022-05-25T13:11:39.4084150+02:00" endTime="2022-05-25T13:11:42.7238060+02:00" testType="13cdc9d9-ddb5-4fa4-a97d-d965ccfc6d4b" outcome="Passed" testListId="8c84fa94-04c1-424b-9868-57a2d4851a1d" relativeResultsDirectory="32df0688-d869-498a-abd4-e0feef6e5fe6" />
    <UnitTestResult executionId="98f881d3-4163-42ad-a7ae-8b6fc3407c51" testId="19a7a3b9-4bd7-484c-88da-85d71c6c7234" testName="MethodRenameDoesNotAffectMigration" computerName="3c22fbe526e6" duration="00:00:00.3170155" startTime="2022-05-25T13:12:46.1306370+02:00" endTime="2022-05-25T13:12:46.4478110+02:00" testType="13cdc9d9-ddb5-4fa4-a97d-d965ccfc6d4b" outcome="Passed" testListId="8c84fa94-04c1-424b-9868-57a2d4851a1d" relativeResultsDirectory="98f881d3-4163-42ad-a7ae-8b6fc3407c51" />
    <UnitTestResult executionId="1bb221d9-b423-4ea2-aa6e-614a0c4f86a2" testId="891470ce-3077-4d2a-bf74-569536a8f06c" testName="EnsureNoAssertShowsVerified" computerName="3c22fbe526e6" duration="00:00:03.7436012" startTime="2022-05-25T13:14:12.9035990+02:00" endTime="2022-05-25T13:14:16.6473680+02:00" testType="13cdc9d9-ddb5-4fa4-a97d-d965ccfc6d4b" outcome="Passed" testListId="8c84fa94-04c1-424b-9868-57a2d4851a1d" relativeResultsDirectory="1bb221d9-b423-4ea2-aa6e-614a0c4f86a2" />
    <UnitTestResult executionId="f36cc9ac-c5ae-4f81-b9ec-487a92241888" testId="8b90bde8-b4f9-4373-be8b-bc690d231832" testName="EnsureResilienceAgainstErrors" computerName="3c22fbe526e6" duration="00:00:00.5983639" startTime="2022-05-25T13:12:20.6409080+02:00" endTime="2022-05-25T13:12:21.2396220+02:00" testType="13cdc9d9-ddb5-4fa4-a97d-d965ccfc6d4b" outcome="Passed" testListId="8c84fa94-04c1-424b-9868-57a2d4851a1d" relativeResultsDirectory="f36cc9ac-c5ae-4f81-b9ec-487a92241888" />
    <UnitTestResult executionId="49d73ba3-55c8-4aca-adde-480f6c46f638" testId="b6180745-be59-4738-8f29-fd99b3687ddf" testName="DefinitionOfVariableShadowingAnotherVariableReturnsTheShadowingVariable" computerName="3c22fbe526e6" duration="00:00:00.2335867" startTime="2022-05-25T13:13:55.7390580+02:00" endTime="2022-05-25T13:13:55.9727910+02:00" testType="13cdc9d9-ddb5-4fa4-a97d-d965ccfc6d4b" outcome="Passed" testListId="8c84fa94-04c1-424b-9868-57a2d4851a1d" relativeResultsDirectory="49d73ba3-55c8-4aca-adde-480f6c46f638" />
    <UnitTestResult executionId="0a7b812d-754a-4cd0-bd74-698da60c288b" testId="ac23b261-bcb9-4b15-a61b-8a980b4c0542" testName="OpeningDocumentWithMultipleSemanticErrorsReportsDiagnosticsWithAllSemanticErrors" computerName="3c22fbe526e6" duration="00:00:00.1579754" startTime="2022-05-25T13:12:25.5839100+02:00" endTime="2022-05-25T13:12:25.7419750+02:00" testType="13cdc9d9-ddb5-4fa4-a97d-d965ccfc6d4b" outcome="Passed" testListId="8c84fa94-04c1-424b-9868-57a2d4851a1d" relativeResultsDirectory="0a7b812d-754a-4cd0-bd74-698da60c288b" />
    <UnitTestResult executionId="13018d53-b924-44f7-8359-4ee5f00e203e" testId="881d3490-c770-4c19-974d-e920010174b0" testName="DocumentIsUnloadedWhenClosed" computerName="3c22fbe526e6" duration="00:00:00.3123606" startTime="2022-05-25T13:12:21.4453780+02:00" endTime="2022-05-25T13:12:21.7579690+02:00" testType="13cdc9d9-ddb5-4fa4-a97d-d965ccfc6d4b" outcome="Passed" testListId="8c84fa94-04c1-424b-9868-57a2d4851a1d" relativeResultsDirectory="13018d53-b924-44f7-8359-4ee5f00e203e">
      <Output>
        <StdOut>\u001b[40m\u001b[1m\u001b[33mwarn\u001b[39m\u001b[22m\u001b[49m: Microsoft.Dafny.LanguageServer.Handlers.DafnyHoverHandler[0]
      the document file:///testFile80.dfy is not loaded</StdOut>
      </Output>
    </UnitTestResult>
    <UnitTestResult executionId="cbaaf5a2-ed0e-47bd-a116-bcdad04875bd" testId="73136dae-9f83-4862-8e3b-3df00cb34511" testName="ChangingCorrectDocumentToOneWithSyntaxErrorsReportsTheSyntaxErrors" computerName="3c22fbe526e6" duration="00:00:00.2792500" startTime="2022-05-25T13:12:26.6353240+02:00" endTime="2022-05-25T13:12:26.9147230+02:00" testType="13cdc9d9-ddb5-4fa4-a97d-d965ccfc6d4b" outcome="Passed" testListId="8c84fa94-04c1-424b-9868-57a2d4851a1d" relativeResultsDirectory="cbaaf5a2-ed0e-47bd-a116-bcdad04875bd" />
    <UnitTestResult executionId="1c0f1601-3c40-4265-bb7c-0ef611ffcf0f" testId="cd5c88b8-3a8e-4ea9-90d4-40b6a1f74a04" testName="LanguageServerShutsDownIfParentDies" computerName="3c22fbe526e6" duration="00:00:01.6098794" startTime="2022-05-25T13:12:17.5509560+02:00" endTime="2022-05-25T13:12:19.1611330+02:00" testType="13cdc9d9-ddb5-4fa4-a97d-d965ccfc6d4b" outcome="Passed" testListId="8c84fa94-04c1-424b-9868-57a2d4851a1d" relativeResultsDirectory="1c0f1601-3c40-4265-bb7c-0ef611ffcf0f" />
    <UnitTestResult executionId="7eab5c31-424b-42ae-9cfa-41fb466b4a56" testId="700c1f91-4a76-409b-bda8-8a10246c8dd5" testName="ChangeToSemanticallyCorrectDocumentUsesDafnyResolver" computerName="3c22fbe526e6" duration="00:00:00.1911210" startTime="2022-05-25T13:12:54.5008590+02:00" endTime="2022-05-25T13:12:54.6923140+02:00" testType="13cdc9d9-ddb5-4fa4-a97d-d965ccfc6d4b" outcome="Passed" testListId="8c84fa94-04c1-424b-9868-57a2d4851a1d" relativeResultsDirectory="7eab5c31-424b-42ae-9cfa-41fb466b4a56" />
    <UnitTestResult executionId="f572a01c-7614-4962-9f8e-2e5ad80d9ae2" testId="9a3057ab-cafe-4d42-9317-7c5fe795871f" testName="CompleteOnShadowedVariableReturnsCompletionOfClosestSymbol" computerName="3c22fbe526e6" duration="00:00:00.3241299" startTime="2022-05-25T13:14:19.8286640+02:00" endTime="2022-05-25T13:14:20.1530190+02:00" testType="13cdc9d9-ddb5-4fa4-a97d-d965ccfc6d4b" outcome="Passed" testListId="8c84fa94-04c1-424b-9868-57a2d4851a1d" relativeResultsDirectory="f572a01c-7614-4962-9f8e-2e5ad80d9ae2" />
    <UnitTestResult executionId="83a48a87-4806-47bb-9d83-bc8b5f3d174e" testId="ad808240-207a-4048-b67a-71de60aec372" testName="DefinitionOfVariableShadowingFieldReturnsTheVariable" computerName="3c22fbe526e6" duration="00:00:00.2178050" startTime="2022-05-25T13:13:55.2925010+02:00" endTime="2022-05-25T13:13:55.5104070+02:00" testType="13cdc9d9-ddb5-4fa4-a97d-d965ccfc6d4b" outcome="Passed" testListId="8c84fa94-04c1-424b-9868-57a2d4851a1d" relativeResultsDirectory="83a48a87-4806-47bb-9d83-bc8b5f3d174e" />
    <UnitTestResult executionId="76fb3bf0-3951-4894-93da-49551932ab30" testId="6b55596f-3d12-4188-8ae4-32e4a32cd684" testName="MultiDimensionalArray" computerName="3c22fbe526e6" duration="00:00:00.3464839" startTime="2022-05-25T13:12:02.3258760+02:00" endTime="2022-05-25T13:12:02.6725160+02:00" testType="13cdc9d9-ddb5-4fa4-a97d-d965ccfc6d4b" outcome="Passed" testListId="8c84fa94-04c1-424b-9868-57a2d4851a1d" relativeResultsDirectory="76fb3bf0-3951-4894-93da-49551932ab30" />
    <UnitTestResult executionId="4afcf4ee-81ac-4100-bc6c-9e5645e7fba6" testId="cb41845a-730d-4db8-996d-4468d8971ff8" testName="HoveringParameterDesignatorOfMethodInsideDataTypeReturnsTheParameterType" computerName="3c22fbe526e6" duration="00:00:00.1976783" startTime="2022-05-25T13:14:00.8323660+02:00" endTime="2022-05-25T13:14:01.0301620+02:00" testType="13cdc9d9-ddb5-4fa4-a97d-d965ccfc6d4b" outcome="Passed" testListId="8c84fa94-04c1-424b-9868-57a2d4851a1d" relativeResultsDirectory="4afcf4ee-81ac-4100-bc6c-9e5645e7fba6" />
    <UnitTestResult executionId="7dc2482e-f4fb-4270-9173-c4dd144c0e15" testId="33ef58af-bb0d-4622-bbb1-82fc1affcd1e" testName="EnsuresPriorityDependsOnEditingWhileEditingSameMethod" computerName="3c22fbe526e6" duration="00:00:01.3336424" startTime="2022-05-25T13:14:08.6973060+02:00" endTime="2022-05-25T13:14:10.0310340+02:00" testType="13cdc9d9-ddb5-4fa4-a97d-d965ccfc6d4b" outcome="Passed" testListId="8c84fa94-04c1-424b-9868-57a2d4851a1d" relativeResultsDirectory="7dc2482e-f4fb-4270-9173-c4dd144c0e15" />
    <UnitTestResult executionId="183a33a5-f25b-4376-b8fc-970dd7364e15" testId="7c916be7-3fa6-4735-aaf7-6276e13c9c7e" testName="ReplaceSingleLineTextAtStart" computerName="3c22fbe526e6" duration="00:00:00.2440793" startTime="2022-05-25T13:12:56.8872730+02:00" endTime="2022-05-25T13:12:57.1317660+02:00" testType="13cdc9d9-ddb5-4fa4-a97d-d965ccfc6d4b" outcome="Passed" testListId="8c84fa94-04c1-424b-9868-57a2d4851a1d" relativeResultsDirectory="183a33a5-f25b-4376-b8fc-970dd7364e15" />
    <UnitTestResult executionId="5f7af714-a7bf-4d06-b4e4-b3854cbf473f" testId="1a66aec2-f902-4202-9750-9727a4291172" testName="DocumentWithParserExceptionDisplaysIt" computerName="3c22fbe526e6" duration="00:00:00.0025368" startTime="2022-05-25T13:12:21.3181340+02:00" endTime="2022-05-25T13:12:21.3208390+02:00" testType="13cdc9d9-ddb5-4fa4-a97d-d965ccfc6d4b" outcome="Passed" testListId="8c84fa94-04c1-424b-9868-57a2d4851a1d" relativeResultsDirectory="5f7af714-a7bf-4d06-b4e4-b3854cbf473f" />
    <UnitTestResult executionId="e3e6049f-8e20-4dd5-b6c3-d82eef571dbf" testId="a7aefeb4-acba-4ca6-9207-de4a45a36a3d" testName="OpeningFlawlessDocumentWithGhostMarkStatementsMarksAllGhostStatements" computerName="3c22fbe526e6" duration="00:00:00.3773382" startTime="2022-05-25T13:12:49.1166050+02:00" endTime="2022-05-25T13:12:49.4940840+02:00" testType="13cdc9d9-ddb5-4fa4-a97d-d965ccfc6d4b" outcome="Passed" testListId="8c84fa94-04c1-424b-9868-57a2d4851a1d" relativeResultsDirectory="e3e6049f-8e20-4dd5-b6c3-d82eef571dbf" />
    <UnitTestResult executionId="df0e85f7-5b8b-4792-82aa-30c35f84e911" testId="0e334817-13fa-4101-8b37-77d8fc53b655" testName="VerificationErrorsAreCapturedIfVerifyOnSave" computerName="3c22fbe526e6" duration="00:00:00.3951423" startTime="2022-05-25T13:12:54.1054620+02:00" endTime="2022-05-25T13:12:54.5007770+02:00" testType="13cdc9d9-ddb5-4fa4-a97d-d965ccfc6d4b" outcome="Passed" testListId="8c84fa94-04c1-424b-9868-57a2d4851a1d" relativeResultsDirectory="df0e85f7-5b8b-4792-82aa-30c35f84e911" />
    <UnitTestResult executionId="91a87613-1904-412e-9d29-216990028d27" testId="b15370cf-8934-49df-8973-4d8794ae1256" testName="EnsuresManyDocumentsCanBeVerifiedAtOnce" computerName="3c22fbe526e6" duration="00:00:01.1821569" startTime="2022-05-25T13:14:07.0096620+02:00" endTime="2022-05-25T13:14:08.1923070+02:00" testType="13cdc9d9-ddb5-4fa4-a97d-d965ccfc6d4b" outcome="Passed" testListId="8c84fa94-04c1-424b-9868-57a2d4851a1d" relativeResultsDirectory="91a87613-1904-412e-9d29-216990028d27" />
    <UnitTestResult executionId="8a256b2a-97c1-4de2-a325-ae0c69fc7d9c" testId="abf829be-c0ef-4efb-bde7-d08d2f3ced63" testName="OpeningDocumentWithSemanticErrorsInIncludeReportsResolverErrorAtIncludeStatement" computerName="3c22fbe526e6" duration="00:00:00.1511563" startTime="2022-05-25T13:12:29.0545030+02:00" endTime="2022-05-25T13:12:29.2057560+02:00" testType="13cdc9d9-ddb5-4fa4-a97d-d965ccfc6d4b" outcome="Passed" testListId="8c84fa94-04c1-424b-9868-57a2d4851a1d" relativeResultsDirectory="8a256b2a-97c1-4de2-a325-ae0c69fc7d9c" />
    <UnitTestResult executionId="b7a63b8e-0fbf-4567-b660-a907ee156489" testId="beda6a33-1be3-4b7e-9cbb-7b38a77bf16e" testName="SavingDocumentWithVerificationErrorDoesNotDiscardDiagnosticsWithVerificationErrorsIfVerifyOnChange" computerName="3c22fbe526e6" duration="00:00:00.2826888" startTime="2022-05-25T13:12:29.2057970+02:00" endTime="2022-05-25T13:12:29.4886380+02:00" testType="13cdc9d9-ddb5-4fa4-a97d-d965ccfc6d4b" outcome="Passed" testListId="8c84fa94-04c1-424b-9868-57a2d4851a1d" relativeResultsDirectory="b7a63b8e-0fbf-4567-b660-a907ee156489" />
    <UnitTestResult executionId="09945c5d-face-4e07-8374-c5826cb3a449" testId="57ba390d-0ab0-4b98-87a2-ea12c6986466" testName="SignatureHelpOnOpeningParenthesesReturnsSignatureOfClassMemberOfDesignator" computerName="3c22fbe526e6" duration="00:00:00.3564703" startTime="2022-05-25T13:14:06.6530420+02:00" endTime="2022-05-25T13:14:07.0096230+02:00" testType="13cdc9d9-ddb5-4fa4-a97d-d965ccfc6d4b" outcome="Passed" testListId="8c84fa94-04c1-424b-9868-57a2d4851a1d" relativeResultsDirectory="09945c5d-face-4e07-8374-c5826cb3a449" />
    <UnitTestResult executionId="7895767f-ec91-4bde-a88d-98bf4c11a07a" testId="b24fb564-c73c-4dd4-88ef-89c9c0c8a1d9" testName="DefinitionOfFunctionInvocationOfFunctionDeclaredInForeignDocumentReturnsLocation" computerName="3c22fbe526e6" duration="00:00:00.3452686" startTime="2022-05-25T13:13:54.6839700+02:00" endTime="2022-05-25T13:13:55.0294310+02:00" testType="13cdc9d9-ddb5-4fa4-a97d-d965ccfc6d4b" outcome="Passed" testListId="8c84fa94-04c1-424b-9868-57a2d4851a1d" relativeResultsDirectory="7895767f-ec91-4bde-a88d-98bf4c11a07a" />
    <UnitTestResult executionId="70049546-db61-4dfa-b8dc-a5d2770a40bf" testId="8653418a-8d81-486a-84b2-fe64d8191fca" testName="OpeningFlawlessDocumentWithGhostMarkStatementsMarksGhostCalls" computerName="3c22fbe526e6" duration="00:00:00.3802240" startTime="2022-05-25T13:12:48.7361490+02:00" endTime="2022-05-25T13:12:49.1165310+02:00" testType="13cdc9d9-ddb5-4fa4-a97d-d965ccfc6d4b" outcome="Passed" testListId="8c84fa94-04c1-424b-9868-57a2d4851a1d" relativeResultsDirectory="70049546-db61-4dfa-b8dc-a5d2770a40bf" />
    <UnitTestResult executionId="58e51dfd-836d-4f19-972f-9728df7499a1" testId="b93d8344-19c8-4cfb-b590-825b74c7e853" testName="ArbitraryBitVector" computerName="3c22fbe526e6" duration="00:00:00.2785067" startTime="2022-05-25T13:12:01.2055010+02:00" endTime="2022-05-25T13:12:01.4841670+02:00" testType="13cdc9d9-ddb5-4fa4-a97d-d965ccfc6d4b" outcome="Passed" testListId="8c84fa94-04c1-424b-9868-57a2d4851a1d" relativeResultsDirectory="58e51dfd-836d-4f19-972f-9728df7499a1" />
    <UnitTestResult executionId="1e5313f4-03b5-4d6d-ba0f-b3c55352aca5" testId="0ade8ed7-dcf4-4fb0-9d08-47d45fde1f7e" testName="ReplaceMultiLineTextInTheMiddle" computerName="3c22fbe526e6" duration="00:00:00.2447906" startTime="2022-05-25T13:12:57.8672030+02:00" endTime="2022-05-25T13:12:58.1121100+02:00" testType="13cdc9d9-ddb5-4fa4-a97d-d965ccfc6d4b" outcome="Passed" testListId="8c84fa94-04c1-424b-9868-57a2d4851a1d" relativeResultsDirectory="1e5313f4-03b5-4d6d-ba0f-b3c55352aca5" />
    <UnitTestResult executionId="adc77563-f255-4e9e-a8e9-176c90689a29" testId="04fb636c-cdfd-489c-a1e2-d659af3a3007" testName="EnsuresPriorityDependsOnEditing" computerName="3c22fbe526e6" duration="00:00:00.5027783" startTime="2022-05-25T13:14:08.1942170+02:00" endTime="2022-05-25T13:14:08.6972730+02:00" testType="13cdc9d9-ddb5-4fa4-a97d-d965ccfc6d4b" outcome="Passed" testListId="8c84fa94-04c1-424b-9868-57a2d4851a1d" relativeResultsDirectory="adc77563-f255-4e9e-a8e9-176c90689a29" />
    <UnitTestResult executionId="d447775c-56fd-4ae5-8766-77ac0d11f865" testId="fa32a7fc-7ebe-428c-927b-f2c72a2fe9fa" testName="MapsUpdate" computerName="3c22fbe526e6" duration="00:00:00.2923663" startTime="2022-05-25T13:12:06.5886800+02:00" endTime="2022-05-25T13:12:06.8812060+02:00" testType="13cdc9d9-ddb5-4fa4-a97d-d965ccfc6d4b" outcome="Passed" testListId="8c84fa94-04c1-424b-9868-57a2d4851a1d" relativeResultsDirectory="d447775c-56fd-4ae5-8766-77ac0d11f865" />
    <UnitTestResult executionId="81577629-2385-463a-9a24-1827bcfb75ff" testId="2db22644-1df1-405e-a517-ab5ffb6d1a70" testName="OpeningDocumentThatIncludesDocumentWithSyntaxErrorsReportsParserErrorAtInclude" computerName="3c22fbe526e6" duration="00:00:00.1528208" startTime="2022-05-25T13:12:28.7358050+02:00" endTime="2022-05-25T13:12:28.8887240+02:00" testType="13cdc9d9-ddb5-4fa4-a97d-d965ccfc6d4b" outcome="Passed" testListId="8c84fa94-04c1-424b-9868-57a2d4851a1d" relativeResultsDirectory="81577629-2385-463a-9a24-1827bcfb75ff" />
    <UnitTestResult executionId="ceec078e-32c3-4407-a2c3-7274bcd78ea6" testId="0d857e47-642f-4974-8da3-d67f3037ece7" testName="BitVectorField" computerName="3c22fbe526e6" duration="00:00:00.2959507" startTime="2022-05-25T13:12:01.7536520+02:00" endTime="2022-05-25T13:12:02.0498220+02:00" testType="13cdc9d9-ddb5-4fa4-a97d-d965ccfc6d4b" outcome="Passed" testListId="8c84fa94-04c1-424b-9868-57a2d4851a1d" relativeResultsDirectory="ceec078e-32c3-4407-a2c3-7274bcd78ea6" />
    <UnitTestResult executionId="4bccb3a7-2f2a-40e3-b038-e14a4d430a42" testId="236f9d6d-b5ce-4bdf-a8ee-a60e22611be0" testName="ResolutionDiagnosticsAreKeptWhenNonEdgeCrossingChangesAreMade" computerName="3c22fbe526e6" duration="00:00:00.2909312" startTime="2022-05-25T13:12:11.3877600+02:00" endTime="2022-05-25T13:12:11.6788560+02:00" testType="13cdc9d9-ddb5-4fa4-a97d-d965ccfc6d4b" outcome="Passed" testListId="8c84fa94-04c1-424b-9868-57a2d4851a1d" relativeResultsDirectory="4bccb3a7-2f2a-40e3-b038-e14a4d430a42" />
    <UnitTestResult executionId="f78a60fc-7b47-4abf-b1dc-4979a1863617" testId="a0f580b4-33cd-4dfe-84de-7bca9d50015b" testName="NewtonsoftVersionMatch" computerName="3c22fbe526e6" duration="00:00:00.0020837" startTime="2022-05-25T13:12:21.3074320+02:00" endTime="2022-05-25T13:12:21.3181010+02:00" testType="13cdc9d9-ddb5-4fa4-a97d-d965ccfc6d4b" outcome="Passed" testListId="8c84fa94-04c1-424b-9868-57a2d4851a1d" relativeResultsDirectory="f78a60fc-7b47-4abf-b1dc-4979a1863617" />
    <UnitTestResult executionId="167aece7-0557-498a-ab96-43196589cd64" testId="d5f47314-092a-4dc7-958c-1cfa28795f14" testName="DafnyModelTypeNestedArguments" computerName="3c22fbe526e6" duration="00:00:00.1234289" startTime="2022-05-25T13:12:08.7773440+02:00" endTime="2022-05-25T13:12:08.9008630+02:00" testType="13cdc9d9-ddb5-4fa4-a97d-d965ccfc6d4b" outcome="Passed" testListId="8c84fa94-04c1-424b-9868-57a2d4851a1d" relativeResultsDirectory="167aece7-0557-498a-ab96-43196589cd64" />
    <UnitTestResult executionId="e1ae49df-4fc9-48a3-8271-2c0fc7855484" testId="c0725455-c068-4fb1-86b9-9923d359634f" testName="CanResolveSymbolsForMethodsWithoutBody" computerName="3c22fbe526e6" duration="00:00:00.2131274" startTime="2022-05-25T13:13:57.0819080+02:00" endTime="2022-05-25T13:13:57.2951780+02:00" testType="13cdc9d9-ddb5-4fa4-a97d-d965ccfc6d4b" outcome="Passed" testListId="8c84fa94-04c1-424b-9868-57a2d4851a1d" relativeResultsDirectory="e1ae49df-4fc9-48a3-8271-2c0fc7855484" />
    <UnitTestResult executionId="7de11718-19e2-416a-9f11-458a05e612e9" testId="d9c2eb15-4fed-4b1b-9bee-4b8c21e66688" testName="ArbitraryReal" computerName="3c22fbe526e6" duration="00:00:00.2933365" startTime="2022-05-25T13:11:59.8173950+02:00" endTime="2022-05-25T13:12:00.1108760+02:00" testType="13cdc9d9-ddb5-4fa4-a97d-d965ccfc6d4b" outcome="Passed" testListId="8c84fa94-04c1-424b-9868-57a2d4851a1d" relativeResultsDirectory="7de11718-19e2-416a-9f11-458a05e612e9" />
    <UnitTestResult executionId="42ea83e4-08a9-4d71-b478-06557ba5bf7d" testId="f8619a66-d662-4d80-b160-762a5bd1b680" testName="UpdatesFlawlessDocumentIfVerifyOnSave" computerName="3c22fbe526e6" duration="00:00:00.3195463" startTime="2022-05-25T13:12:53.7857840+02:00" endTime="2022-05-25T13:12:54.1054300+02:00" testType="13cdc9d9-ddb5-4fa4-a97d-d965ccfc6d4b" outcome="Passed" testListId="8c84fa94-04c1-424b-9868-57a2d4851a1d" relativeResultsDirectory="42ea83e4-08a9-4d71-b478-06557ba5bf7d" />
    <UnitTestResult executionId="6f8afac7-39d4-46ff-8609-3de3c4c1bb6c" testId="e9283bd7-327e-4580-8c45-fc524aa514f8" testName="DatatypeWithUnnamedDestructor" computerName="3c22fbe526e6" duration="00:00:00.2902259" startTime="2022-05-25T13:11:57.4708000+02:00" endTime="2022-05-25T13:11:57.7611870+02:00" testType="13cdc9d9-ddb5-4fa4-a97d-d965ccfc6d4b" outcome="Passed" testListId="8c84fa94-04c1-424b-9868-57a2d4851a1d" relativeResultsDirectory="6f8afac7-39d4-46ff-8609-3de3c4c1bb6c" />
    <UnitTestResult executionId="6e4b146d-8880-4060-aead-be9cccf6a08d" testId="95c8d4be-66f3-41a6-a4fd-d2b519495895" testName="OpeningDocumentWithVerificationErrorReportsDiagnosticsWithVerificationErrors" computerName="3c22fbe526e6" duration="00:00:00.2452404" startTime="2022-05-25T13:12:25.7420180+02:00" endTime="2022-05-25T13:12:25.9873690+02:00" testType="13cdc9d9-ddb5-4fa4-a97d-d965ccfc6d4b" outcome="Passed" testListId="8c84fa94-04c1-424b-9868-57a2d4851a1d" relativeResultsDirectory="6e4b146d-8880-4060-aead-be9cccf6a08d" />
    <UnitTestResult executionId="f56e0cd7-5b74-45e6-9abf-bb00cc0bd315" testId="d7805710-e50f-422b-98bf-6b90674c6366" testName="OpeningFlawlessDocumentWithoutGhostMarkDoesNotMarkAnything" computerName="3c22fbe526e6" duration="00:00:00.3184054" startTime="2022-05-25T13:12:47.3097190+02:00" endTime="2022-05-25T13:12:47.6284880+02:00" testType="13cdc9d9-ddb5-4fa4-a97d-d965ccfc6d4b" outcome="Passed" testListId="8c84fa94-04c1-424b-9868-57a2d4851a1d" relativeResultsDirectory="f56e0cd7-5b74-45e6-9abf-bb00cc0bd315" />
    <UnitTestResult executionId="b3b1736c-d17b-45f7-a8a3-bd9cbbe173f9" testId="90c395d7-1acb-48e8-8ae9-a129b7743f07" testName="DocumentWithResolverErrorsSendsResolutionFailedStatus" computerName="3c22fbe526e6" duration="00:00:00.2361289" startTime="2022-05-25T13:11:38.4729950+02:00" endTime="2022-05-25T13:11:38.7093150+02:00" testType="13cdc9d9-ddb5-4fa4-a97d-d965ccfc6d4b" outcome="Passed" testListId="8c84fa94-04c1-424b-9868-57a2d4851a1d" relativeResultsDirectory="b3b1736c-d17b-45f7-a8a3-bd9cbbe173f9" />
    <UnitTestResult executionId="98e80201-9615-45ec-b2e5-9aa21823d32b" testId="a18eeccf-6442-4317-9dc1-b02a7d2f9d0d" testName="ArbitraryBool" computerName="3c22fbe526e6" duration="00:00:00.3130556" startTime="2022-05-25T13:11:59.2373790+02:00" endTime="2022-05-25T13:11:59.5506130+02:00" testType="13cdc9d9-ddb5-4fa4-a97d-d965ccfc6d4b" outcome="Passed" testListId="8c84fa94-04c1-424b-9868-57a2d4851a1d" relativeResultsDirectory="98e80201-9615-45ec-b2e5-9aa21823d32b" />
    <UnitTestResult executionId="5256c33c-0ac0-4879-b7c9-4f13f840d142" testId="adf0afb6-fd2f-4c27-971e-5ddd5ff59b62" testName="DefinitionReturnsBeforeVerificationIsComplete" computerName="3c22fbe526e6" duration="00:00:00.2373645" startTime="2022-05-25T13:13:54.2204700+02:00" endTime="2022-05-25T13:13:54.4579670+02:00" testType="13cdc9d9-ddb5-4fa4-a97d-d965ccfc6d4b" outcome="Passed" testListId="8c84fa94-04c1-424b-9868-57a2d4851a1d" relativeResultsDirectory="5256c33c-0ac0-4879-b7c9-4f13f840d142" />
    <UnitTestResult executionId="524c1bad-1c38-41ee-9db6-b92196c49b64" testId="e3cf4bf5-de9f-4a95-8b6c-7367ddeea0b7" testName="DatatypeWithTypeParameters" computerName="3c22fbe526e6" duration="00:00:00.2849326" startTime="2022-05-25T13:11:58.9519870+02:00" endTime="2022-05-25T13:11:59.2371110+02:00" testType="13cdc9d9-ddb5-4fa4-a97d-d965ccfc6d4b" outcome="Passed" testListId="8c84fa94-04c1-424b-9868-57a2d4851a1d" relativeResultsDirectory="524c1bad-1c38-41ee-9db6-b92196c49b64" />
    <UnitTestResult executionId="447c5b4e-3586-49e9-9039-858a4cb6de19" testId="a7e7432a-117d-432a-8778-16d60b8b0035" testName="HoveringFieldOfSystemTypeReturnsDefinition" computerName="3c22fbe526e6" duration="00:00:00.2337879" startTime="2022-05-25T13:13:58.0293310+02:00" endTime="2022-05-25T13:13:58.2635530+02:00" testType="13cdc9d9-ddb5-4fa4-a97d-d965ccfc6d4b" outcome="Passed" testListId="8c84fa94-04c1-424b-9868-57a2d4851a1d" relativeResultsDirectory="447c5b4e-3586-49e9-9039-858a4cb6de19" />
    <UnitTestResult executionId="4805b3b7-ab7e-49d6-8b1d-743468c76da2" testId="6d87f8e4-5f00-463b-a225-793d55208452" testName="EnsuresEmptyDocumentWithParseErrorShowsError" computerName="3c22fbe526e6" duration="00:00:00.5263615" startTime="2022-05-25T13:14:17.0759890+02:00" endTime="2022-05-25T13:14:17.6025830+02:00" testType="13cdc9d9-ddb5-4fa4-a97d-d965ccfc6d4b" outcome="Passed" testListId="8c84fa94-04c1-424b-9868-57a2d4851a1d" relativeResultsDirectory="4805b3b7-ab7e-49d6-8b1d-743468c76da2" />
    <UnitTestResult executionId="a60631f1-c475-48f7-a027-4e068bdc7218" testId="12f30120-018e-47e9-9c57-9fae68898585" testName="ReplaceSingleLineTextAtEnd" computerName="3c22fbe526e6" duration="00:00:00.2448759" startTime="2022-05-25T13:12:57.3828000+02:00" endTime="2022-05-25T13:12:57.6277860+02:00" testType="13cdc9d9-ddb5-4fa4-a97d-d965ccfc6d4b" outcome="Passed" testListId="8c84fa94-04c1-424b-9868-57a2d4851a1d" relativeResultsDirectory="a60631f1-c475-48f7-a027-4e068bdc7218" />
    <UnitTestResult executionId="86bd38a4-eee1-47e2-ac38-e6bae86f6e75" testId="cf631673-d867-485e-a25b-208221b00670" testName="StringBuilding" computerName="3c22fbe526e6" duration="00:00:00.2620335" startTime="2022-05-25T13:12:03.4874150+02:00" endTime="2022-05-25T13:12:03.7496710+02:00" testType="13cdc9d9-ddb5-4fa4-a97d-d965ccfc6d4b" outcome="Passed" testListId="8c84fa94-04c1-424b-9868-57a2d4851a1d" relativeResultsDirectory="86bd38a4-eee1-47e2-ac38-e6bae86f6e75" />
    <UnitTestResult executionId="3ad326a5-42c6-4a62-a43f-066026825126" testId="bee73b6e-9799-40a3-9ee9-688ed13ef73e" testName="GenericSort" computerName="3c22fbe526e6" duration="00:00:00.3613223" startTime="2022-05-25T13:12:19.5908600+02:00" endTime="2022-05-25T13:12:19.9523580+02:00" testType="13cdc9d9-ddb5-4fa4-a97d-d965ccfc6d4b" outcome="Passed" testListId="8c84fa94-04c1-424b-9868-57a2d4851a1d" relativeResultsDirectory="3ad326a5-42c6-4a62-a43f-066026825126" />
    <UnitTestResult executionId="457a48c1-347c-4672-bbea-5fd4bd70c364" testId="e4902c02-df5e-4533-b71b-a844cc0718c6" testName="InsertSingleLineTextInTheMiddleOfALine" computerName="3c22fbe526e6" duration="00:00:00.2498773" startTime="2022-05-25T13:12:56.1487010+02:00" endTime="2022-05-25T13:12:56.3987030+02:00" testType="13cdc9d9-ddb5-4fa4-a97d-d965ccfc6d4b" outcome="Passed" testListId="8c84fa94-04c1-424b-9868-57a2d4851a1d" relativeResultsDirectory="457a48c1-347c-4672-bbea-5fd4bd70c364" />
    <UnitTestResult executionId="71573755-515f-4b46-84b9-ae01c3d12190" testId="424d344e-ab62-4182-b31a-fe6e83721af6" testName="HoveringParentTraitOfUserDefinedTypeReturnsTheParentTrait" computerName="3c22fbe526e6" duration="00:00:00.2307095" startTime="2022-05-25T13:14:00.6015120+02:00" endTime="2022-05-25T13:14:00.8323270+02:00" testType="13cdc9d9-ddb5-4fa4-a97d-d965ccfc6d4b" outcome="Passed" testListId="8c84fa94-04c1-424b-9868-57a2d4851a1d" relativeResultsDirectory="71573755-515f-4b46-84b9-ae01c3d12190" />
    <UnitTestResult executionId="484eec00-4f7c-452a-a3d1-eab3caac6242" testId="8cc06681-4c7e-42f1-820d-e40ac5f57bf5" testName="LoadReturnsFaultedTaskIfAnyExceptionOccured" computerName="3c22fbe526e6" duration="00:00:00.0026655" startTime="2022-05-25T13:12:21.4425890+02:00" endTime="2022-05-25T13:12:21.4453520+02:00" testType="13cdc9d9-ddb5-4fa4-a97d-d965ccfc6d4b" outcome="Passed" testListId="8c84fa94-04c1-424b-9868-57a2d4851a1d" relativeResultsDirectory="484eec00-4f7c-452a-a3d1-eab3caac6242" />
    <UnitTestResult executionId="0d116301-a8b4-4d4f-8987-00ce0ae145a6" testId="634ff5db-6898-4dca-8bf3-eb5bebd7a565" testName="LanguageServerStaysAliveIfParentDiesButNoParentIdWasProvided" computerName="3c22fbe526e6" duration="00:00:01.8669049" startTime="2022-05-25T13:12:15.6836700+02:00" endTime="2022-05-25T13:12:17.5508380+02:00" testType="13cdc9d9-ddb5-4fa4-a97d-d965ccfc6d4b" outcome="Passed" testListId="8c84fa94-04c1-424b-9868-57a2d4851a1d" relativeResultsDirectory="0d116301-a8b4-4d4f-8987-00ce0ae145a6" />
    <UnitTestResult executionId="3cbcae9f-8288-4832-9f65-a7d5e252711c" testId="349de095-86be-472a-86ae-471b31cffb2a" testName="HoveringVariableShadowingFieldReturnsTheVariable" computerName="3c22fbe526e6" duration="00:00:00.2178182" startTime="2022-05-25T13:13:58.8448750+02:00" endTime="2022-05-25T13:13:59.0627960+02:00" testType="13cdc9d9-ddb5-4fa4-a97d-d965ccfc6d4b" outcome="Passed" testListId="8c84fa94-04c1-424b-9868-57a2d4851a1d" relativeResultsDirectory="3cbcae9f-8288-4832-9f65-a7d5e252711c" />
    <UnitTestResult executionId="dee8f8f4-3f10-417c-923e-7ea12759177f" testId="7db97218-a601-4a70-bce8-1f8753966854" testName="DefinitionOfVariableShadowingFieldReturnsTheFieldIfThisIsUsed" computerName="3c22fbe526e6" duration="00:00:00.2284546" startTime="2022-05-25T13:13:55.5104470+02:00" endTime="2022-05-25T13:13:55.7390130+02:00" testType="13cdc9d9-ddb5-4fa4-a97d-d965ccfc6d4b" outcome="Passed" testListId="8c84fa94-04c1-424b-9868-57a2d4851a1d" relativeResultsDirectory="dee8f8f4-3f10-417c-923e-7ea12759177f" />
    <UnitTestResult executionId="39234d3d-2fef-4177-9e0e-cc4bbfc5c382" testId="914e9bb2-a6e0-4a46-93a1-ab9abc9d33b4" testName="OpeningFlawlessDocumentWithGhostMarkStatementsMarksGhostVariableDeclarations" computerName="3c22fbe526e6" duration="00:00:00.3960561" startTime="2022-05-25T13:12:47.6285340+02:00" endTime="2022-05-25T13:12:48.0247940+02:00" testType="13cdc9d9-ddb5-4fa4-a97d-d965ccfc6d4b" outcome="Passed" testListId="8c84fa94-04c1-424b-9868-57a2d4851a1d" relativeResultsDirectory="39234d3d-2fef-4177-9e0e-cc4bbfc5c382" />
    <UnitTestResult executionId="1e2ce6d0-d194-47fc-8e6a-1c827a4c6f41" testId="67e5a21f-b503-4153-bf78-9d216709e1b4" testName="DefinitionOfMethodInvocationOfMethodDeclaredInSameDocumentReturnsLocation" computerName="3c22fbe526e6" duration="00:00:00.2912033" startTime="2022-05-25T13:13:53.9285770+02:00" endTime="2022-05-25T13:13:54.2204120+02:00" testType="13cdc9d9-ddb5-4fa4-a97d-d965ccfc6d4b" outcome="Passed" testListId="8c84fa94-04c1-424b-9868-57a2d4851a1d" relativeResultsDirectory="1e2ce6d0-d194-47fc-8e6a-1c827a4c6f41" />
    <UnitTestResult executionId="736ac17c-cafc-4d54-92c9-6de7cbbbc2bb" testId="24b54f5c-8d17-4eee-b1dd-9fa3e1fe86bb" testName="MigrationMovesLinesOfSymbolsAfterWhenChangingInTheMiddle" computerName="3c22fbe526e6" duration="00:00:00.2691362" startTime="2022-05-25T13:12:22.4494550+02:00" endTime="2022-05-25T13:12:22.7187240+02:00" testType="13cdc9d9-ddb5-4fa4-a97d-d965ccfc6d4b" outcome="Passed" testListId="8c84fa94-04c1-424b-9868-57a2d4851a1d" relativeResultsDirectory="736ac17c-cafc-4d54-92c9-6de7cbbbc2bb" />
    <UnitTestResult executionId="a35949da-2a63-4557-8ad8-613d2d2c382b" testId="c3667247-37fb-48a8-9701-aaea310710b4" testName="InsertTextAtStart" computerName="3c22fbe526e6" duration="00:00:00.2696797" startTime="2022-05-25T13:12:55.3774650+02:00" endTime="2022-05-25T13:12:55.6473800+02:00" testType="13cdc9d9-ddb5-4fa4-a97d-d965ccfc6d4b" outcome="Passed" testListId="8c84fa94-04c1-424b-9868-57a2d4851a1d" relativeResultsDirectory="a35949da-2a63-4557-8ad8-613d2d2c382b" />
    <UnitTestResult executionId="ac6a63ad-65f1-4db2-9325-fcf54053f831" testId="9c066024-ba3d-4dcd-bf8f-934182a5ffd0" testName="DatatypeWithDestructorThanIsADataValue" computerName="3c22fbe526e6" duration="00:00:00.2732014" startTime="2022-05-25T13:11:57.7612800+02:00" endTime="2022-05-25T13:11:58.0346550+02:00" testType="13cdc9d9-ddb5-4fa4-a97d-d965ccfc6d4b" outcome="Passed" testListId="8c84fa94-04c1-424b-9868-57a2d4851a1d" relativeResultsDirectory="ac6a63ad-65f1-4db2-9325-fcf54053f831" />
    <UnitTestResult executionId="f9bc5954-fe8d-4a16-80c5-3282cd8cc84f" testId="b4ab4e48-3ef8-40ab-9570-e4e994c3b56f" testName="LoadReturnsCanceledTaskIfOperationIsCanceled" computerName="3c22fbe526e6" duration="00:00:00.1215535" startTime="2022-05-25T13:12:21.3208620+02:00" endTime="2022-05-25T13:12:21.4425520+02:00" testType="13cdc9d9-ddb5-4fa4-a97d-d965ccfc6d4b" outcome="Passed" testListId="8c84fa94-04c1-424b-9868-57a2d4851a1d" relativeResultsDirectory="f9bc5954-fe8d-4a16-80c5-3282cd8cc84f" />
    <UnitTestResult executionId="94b73a5c-db83-413c-b709-dcc14c52a2cb" testId="f933ab14-2f95-4d05-82d6-d80d87782287" testName="SequenceTake" computerName="3c22fbe526e6" duration="00:00:00.4328995" startTime="2022-05-25T13:12:05.4786940+02:00" endTime="2022-05-25T13:12:05.9117540+02:00" testType="13cdc9d9-ddb5-4fa4-a97d-d965ccfc6d4b" outcome="Passed" testListId="8c84fa94-04c1-424b-9868-57a2d4851a1d" relativeResultsDirectory="94b73a5c-db83-413c-b709-dcc14c52a2cb" />
    <UnitTestResult executionId="c86b0a6f-0206-443d-81b3-c5ab11f83d27" testId="1c75159f-171a-47ca-bc39-abf28f089dda" testName="LeavesDocumentUnchangedIfVerifyOnChange" computerName="3c22fbe526e6" duration="00:00:00.1580085" startTime="2022-05-25T13:12:52.6951420+02:00" endTime="2022-05-25T13:12:52.8534280+02:00" testType="13cdc9d9-ddb5-4fa4-a97d-d965ccfc6d4b" outcome="Passed" testListId="8c84fa94-04c1-424b-9868-57a2d4851a1d" relativeResultsDirectory="c86b0a6f-0206-443d-81b3-c5ab11f83d27" />
    <UnitTestResult executionId="20908078-95f1-4a28-90e5-7da791b8b737" testId="f999722f-dc07-4623-aa0f-12f416cb7c7d" testName="SequenceOfBitVectors" computerName="3c22fbe526e6" duration="00:00:00.2709315" startTime="2022-05-25T13:12:00.7068060+02:00" endTime="2022-05-25T13:12:00.9778890+02:00" testType="13cdc9d9-ddb5-4fa4-a97d-d965ccfc6d4b" outcome="Passed" testListId="8c84fa94-04c1-424b-9868-57a2d4851a1d" relativeResultsDirectory="20908078-95f1-4a28-90e5-7da791b8b737" />
    <UnitTestResult executionId="938b9630-69a3-4390-9731-56819195a844" testId="08966b5a-4d50-42e4-a764-ae34e9d0bf29" testName="EnsureResilienceAgainstErrors" computerName="3c22fbe526e6" duration="00:00:00.0674221" startTime="2022-05-25T13:12:21.2396860+02:00" endTime="2022-05-25T13:12:21.3073330+02:00" testType="13cdc9d9-ddb5-4fa4-a97d-d965ccfc6d4b" outcome="Passed" testListId="8c84fa94-04c1-424b-9868-57a2d4851a1d" relativeResultsDirectory="938b9630-69a3-4390-9731-56819195a844" />
    <UnitTestResult executionId="04a86ecd-4d8f-43cd-85ff-c90452df7a93" testId="f4da23c5-5d18-49ce-80fa-12adf971a0fc" testName="DiagnosticsInDifferentImplementationUnderOneNamedVerificationTask" computerName="3c22fbe526e6" duration="00:00:00.4183063" startTime="2022-05-25T13:12:45.7120730+02:00" endTime="2022-05-25T13:12:46.1305590+02:00" testType="13cdc9d9-ddb5-4fa4-a97d-d965ccfc6d4b" outcome="Passed" testListId="8c84fa94-04c1-424b-9868-57a2d4851a1d" relativeResultsDirectory="04a86ecd-4d8f-43cd-85ff-c90452df7a93" />
    <UnitTestResult executionId="b4de4135-83b6-4432-a078-962d22e27ca1" testId="ae948fd3-9654-4e8c-b67a-b174e8c1f6f1" testName="CorrectDocumentCanBeParsedResolvedAndVerifiedWithoutErrors" computerName="3c22fbe526e6" duration="00:00:00.1477810" startTime="2022-05-25T13:12:51.1636800+02:00" endTime="2022-05-25T13:12:51.3116860+02:00" testType="13cdc9d9-ddb5-4fa4-a97d-d965ccfc6d4b" outcome="Passed" testListId="8c84fa94-04c1-424b-9868-57a2d4851a1d" relativeResultsDirectory="b4de4135-83b6-4432-a078-962d22e27ca1" />
    <UnitTestResult executionId="95c9a328-8bef-4fda-a70a-d4e4173d3bf8" testId="2b3829c9-723e-4225-935f-4e645e08ab61" testName="CompleteOnShadowedVariableReturnsCompletionOfClassIfPrefixedWithThis" computerName="3c22fbe526e6" duration="00:00:00.2994800" startTime="2022-05-25T13:14:20.1530530+02:00" endTime="2022-05-25T13:14:20.4526490+02:00" testType="13cdc9d9-ddb5-4fa4-a97d-d965ccfc6d4b" outcome="Passed" testListId="8c84fa94-04c1-424b-9868-57a2d4851a1d" relativeResultsDirectory="95c9a328-8bef-4fda-a70a-d4e4173d3bf8" />
    <UnitTestResult executionId="38854b6b-46cd-459b-a03b-e2dd11c4f51e" testId="593bbdf8-cb92-446d-b336-381e13c6f98a" testName="ArrayEqualityByReference" computerName="3c22fbe526e6" duration="00:00:00.2634462" startTime="2022-05-25T13:12:02.6725750+02:00" endTime="2022-05-25T13:12:02.9361910+02:00" testType="13cdc9d9-ddb5-4fa4-a97d-d965ccfc6d4b" outcome="Passed" testListId="8c84fa94-04c1-424b-9868-57a2d4851a1d" relativeResultsDirectory="38854b6b-46cd-459b-a03b-e2dd11c4f51e" />
    <UnitTestResult executionId="da92b7b4-9d4f-4acc-aa9b-d6f36ff45a04" testId="10433cbf-cb45-4fd7-8391-640fc7306c5d" testName="DocumentLoadAndSaveWithNeverVerifySendsNoVerificationStatuses" computerName="3c22fbe526e6" duration="00:00:00.3441838" startTime="2022-05-25T13:11:46.8059380+02:00" endTime="2022-05-25T13:11:47.1502990+02:00" testType="13cdc9d9-ddb5-4fa4-a97d-d965ccfc6d4b" outcome="Passed" testListId="8c84fa94-04c1-424b-9868-57a2d4851a1d" relativeResultsDirectory="da92b7b4-9d4f-4acc-aa9b-d6f36ff45a04" />
    <UnitTestResult executionId="c340a3b3-9088-4dc8-9bc2-f636cc952b09" testId="9c16700b-1357-4459-a874-88373217821d" testName="CachingWorks" computerName="3c22fbe526e6" duration="00:00:00.7971629" startTime="2022-05-25T13:13:51.2052470+02:00" endTime="2022-05-25T13:13:52.0034560+02:00" testType="13cdc9d9-ddb5-4fa4-a97d-d965ccfc6d4b" outcome="Passed" testListId="8c84fa94-04c1-424b-9868-57a2d4851a1d" relativeResultsDirectory="c340a3b3-9088-4dc8-9bc2-f636cc952b09" />
    <UnitTestResult executionId="3e713e1e-d24b-4a66-98a8-2b963b54c19a" testId="09be43f9-7464-426f-b53b-f9aca577a089" testName="HoveringMethodInvocationOfMethodDeclaredInSameDocumentReturnsSignature" computerName="3c22fbe526e6" duration="00:00:00.2624254" startTime="2022-05-25T13:13:57.5209020+02:00" endTime="2022-05-25T13:13:57.7837840+02:00" testType="13cdc9d9-ddb5-4fa4-a97d-d965ccfc6d4b" outcome="Passed" testListId="8c84fa94-04c1-424b-9868-57a2d4851a1d" relativeResultsDirectory="3e713e1e-d24b-4a66-98a8-2b963b54c19a" />
    <UnitTestResult executionId="2c6cd130-b4cb-4294-ac74-d7a58bbf4f1b" testId="d532dc6a-9c80-40ad-b73b-421dee5fc0c6" testName="CompleteOnNothingReturnsEmptyList" computerName="3c22fbe526e6" duration="00:00:00.3751391" startTime="2022-05-25T13:14:18.4777190+02:00" endTime="2022-05-25T13:14:18.8530260+02:00" testType="13cdc9d9-ddb5-4fa4-a97d-d965ccfc6d4b" outcome="Passed" testListId="8c84fa94-04c1-424b-9868-57a2d4851a1d" relativeResultsDirectory="2c6cd130-b4cb-4294-ac74-d7a58bbf4f1b" />
    <UnitTestResult executionId="f0a0c96f-8a42-4fe9-9fde-ab4cb25dc825" testId="44c46938-eb01-40d7-a943-1667107baf18" testName="DocumentWithParserErrorsSendsParsingFailedStatus" computerName="3c22fbe526e6" duration="00:00:00.2600062" startTime="2022-05-25T13:11:38.2124270+02:00" endTime="2022-05-25T13:11:38.4728690+02:00" testType="13cdc9d9-ddb5-4fa4-a97d-d965ccfc6d4b" outcome="Passed" testListId="8c84fa94-04c1-424b-9868-57a2d4851a1d" relativeResultsDirectory="f0a0c96f-8a42-4fe9-9fde-ab4cb25dc825" />
    <UnitTestResult executionId="b722e0c3-6278-45f4-a22f-7c57ceaa23a6" testId="2d3f0a80-e0e9-4fa4-92bb-bcf8c18ab420" testName="CompleteOnThisReturnsClassMembers" computerName="3c22fbe526e6" duration="00:00:00.3275615" startTime="2022-05-25T13:14:18.1496820+02:00" endTime="2022-05-25T13:14:18.4776650+02:00" testType="13cdc9d9-ddb5-4fa4-a97d-d965ccfc6d4b" outcome="Passed" testListId="8c84fa94-04c1-424b-9868-57a2d4851a1d" relativeResultsDirectory="b722e0c3-6278-45f4-a22f-7c57ceaa23a6" />
    <UnitTestResult executionId="58d0e1f4-1c89-46a8-9a3a-88b0ede683b0" testId="23208ab5-8464-4088-b4b3-63744b89c575" testName="DefinitionInConstructorInvocationOfUserDefinedTypeOfForeignFileReturnsLinkToForeignFile" computerName="3c22fbe526e6" duration="00:00:00.2257631" startTime="2022-05-25T13:13:56.2021350+02:00" endTime="2022-05-25T13:13:56.4279960+02:00" testType="13cdc9d9-ddb5-4fa4-a97d-d965ccfc6d4b" outcome="Passed" testListId="8c84fa94-04c1-424b-9868-57a2d4851a1d" relativeResultsDirectory="58d0e1f4-1c89-46a8-9a3a-88b0ede683b0" />
    <UnitTestResult executionId="7da7282f-cbfb-4094-bf68-0af1f5e929f9" testId="fba62146-8de6-444f-b6c4-5da29260a04d" testName="PassingANullChangeRangeClearsDiagnostics" computerName="3c22fbe526e6" duration="00:00:00.3292811" startTime="2022-05-25T13:12:11.6789460+02:00" endTime="2022-05-25T13:12:12.0083740+02:00" testType="13cdc9d9-ddb5-4fa4-a97d-d965ccfc6d4b" outcome="Passed" testListId="8c84fa94-04c1-424b-9868-57a2d4851a1d" relativeResultsDirectory="7da7282f-cbfb-4094-bf68-0af1f5e929f9" />
    <UnitTestResult executionId="e67299ca-dfc3-4c03-9a66-4d256831f351" testId="64987957-17b8-4352-be8c-36c1f82e157d" testName="HoveringFunctionInvocationOfFunctionDeclaredInForeignDocumentReturnsSignature" computerName="3c22fbe526e6" duration="00:00:00.3314640" startTime="2022-05-25T13:13:58.2635890+02:00" endTime="2022-05-25T13:13:58.5952050+02:00" testType="13cdc9d9-ddb5-4fa4-a97d-d965ccfc6d4b" outcome="Passed" testListId="8c84fa94-04c1-424b-9868-57a2d4851a1d" relativeResultsDirectory="e67299ca-dfc3-4c03-9a66-4d256831f351" />
    <UnitTestResult executionId="05d62d3a-8bfd-4ab7-ab64-5a9ee350ddd4" testId="b66f9b7a-49d4-4eba-b5d1-2462a872f28d" testName="SelfReferringObject" computerName="3c22fbe526e6" duration="00:00:00.2774637" startTime="2022-05-25T13:11:55.7490910+02:00" endTime="2022-05-25T13:11:56.0267130+02:00" testType="13cdc9d9-ddb5-4fa4-a97d-d965ccfc6d4b" outcome="Passed" testListId="8c84fa94-04c1-424b-9868-57a2d4851a1d" relativeResultsDirectory="05d62d3a-8bfd-4ab7-ab64-5a9ee350ddd4" />
    <UnitTestResult executionId="592edddd-7f5e-4c0f-80dc-a521e1783e3d" testId="86352f63-6f46-4c14-a075-ae37bf6f8847" testName="EmptyDocumentCanBeIncluded" computerName="3c22fbe526e6" duration="00:00:00.1400555" startTime="2022-05-25T13:12:52.5549560+02:00" endTime="2022-05-25T13:12:52.6951130+02:00" testType="13cdc9d9-ddb5-4fa4-a97d-d965ccfc6d4b" outcome="Passed" testListId="8c84fa94-04c1-424b-9868-57a2d4851a1d" relativeResultsDirectory="592edddd-7f5e-4c0f-80dc-a521e1783e3d" />
    <UnitTestResult executionId="3e5018bc-bd09-4ea7-947a-d441af4df122" testId="baec91a4-0ef4-4918-b430-341f0a215e55" testName="EnsureItWorksForPostconditionsRelatedOutside" computerName="3c22fbe526e6" duration="00:00:00.3829478" startTime="2022-05-25T13:14:12.5203400+02:00" endTime="2022-05-25T13:14:12.9034940+02:00" testType="13cdc9d9-ddb5-4fa4-a97d-d965ccfc6d4b" outcome="Passed" testListId="8c84fa94-04c1-424b-9868-57a2d4851a1d" relativeResultsDirectory="3e5018bc-bd09-4ea7-947a-d441af4df122" />
    <UnitTestResult executionId="4afea9f1-3e73-440d-b398-b331553a42ae" testId="44ed86c3-9c03-4d0b-9624-4e35d2c4bd03" testName="MigrationLeavesLinesOfSymbolsBeforeUnchangedWhenChangingInTheMiddle" computerName="3c22fbe526e6" duration="00:00:00.2525648" startTime="2022-05-25T13:12:21.9818170+02:00" endTime="2022-05-25T13:12:22.2346050+02:00" testType="13cdc9d9-ddb5-4fa4-a97d-d965ccfc6d4b" outcome="Passed" testListId="8c84fa94-04c1-424b-9868-57a2d4851a1d" relativeResultsDirectory="4afea9f1-3e73-440d-b398-b331553a42ae" />
    <UnitTestResult executionId="46fb6bdb-b80d-4075-8a22-7364741c1054" testId="26da0022-f24a-4410-b1a4-ef5cfcfdcaf9" testName="MigrationLeavesLocationUnchangedWhenChangingAtTheEndOfTheSignature" computerName="3c22fbe526e6" duration="00:00:00.2668975" startTime="2022-05-25T13:12:22.9482650+02:00" endTime="2022-05-25T13:12:23.2152620+02:00" testType="13cdc9d9-ddb5-4fa4-a97d-d965ccfc6d4b" outcome="Passed" testListId="8c84fa94-04c1-424b-9868-57a2d4851a1d" relativeResultsDirectory="46fb6bdb-b80d-4075-8a22-7364741c1054" />
    <UnitTestResult executionId="fef3d463-c0ed-4a33-ad29-7bcdd76ddc72" testId="533ae1fe-8917-4838-bd68-9c0465fbd862" testName="HoveringMapBoundVarReturnsBoundVarInferredType" computerName="3c22fbe526e6" duration="00:00:00.2428797" startTime="2022-05-25T13:14:02.7391510+02:00" endTime="2022-05-25T13:14:02.9821380+02:00" testType="13cdc9d9-ddb5-4fa4-a97d-d965ccfc6d4b" outcome="Passed" testListId="8c84fa94-04c1-424b-9868-57a2d4851a1d" relativeResultsDirectory="fef3d463-c0ed-4a33-ad29-7bcdd76ddc72" />
    <UnitTestResult executionId="cdbc63bf-49f4-4549-92f0-0dd4c556b630" testId="58710e9b-7b97-488f-aba3-56b43d05e9da" testName="DocumentWithOnlyVerifierErrorsSendsCompilationSucceededVerificationStartedAndVerificationFailedStatuses" computerName="3c22fbe526e6" duration="00:00:00.3532508" startTime="2022-05-25T13:11:39.0545530+02:00" endTime="2022-05-25T13:11:39.4082440+02:00" testType="13cdc9d9-ddb5-4fa4-a97d-d965ccfc6d4b" outcome="Passed" testListId="8c84fa94-04c1-424b-9868-57a2d4851a1d" relativeResultsDirectory="cdbc63bf-49f4-4549-92f0-0dd4c556b630" />
    <UnitTestResult executionId="69de35ed-2680-4000-be0c-6b6dc242ce98" testId="f80a53b5-47f7-4243-8cc5-d272551c88f3" testName="SequenceSimpleTest" computerName="3c22fbe526e6" duration="00:00:00.2753528" startTime="2022-05-25T13:12:00.4312500+02:00" endTime="2022-05-25T13:12:00.7067360+02:00" testType="13cdc9d9-ddb5-4fa4-a97d-d965ccfc6d4b" outcome="Passed" testListId="8c84fa94-04c1-424b-9868-57a2d4851a1d" relativeResultsDirectory="69de35ed-2680-4000-be0c-6b6dc242ce98" />
    <UnitTestResult executionId="b4c39a98-411d-455b-ac3c-6a2423d27b6f" testId="334a3f1a-e565-4959-8383-0b00fdcf2643" testName="SetBasicOperations" computerName="3c22fbe526e6" duration="00:00:00.2816519" startTime="2022-05-25T13:12:02.9362580+02:00" endTime="2022-05-25T13:12:03.2182370+02:00" testType="13cdc9d9-ddb5-4fa4-a97d-d965ccfc6d4b" outcome="Passed" testListId="8c84fa94-04c1-424b-9868-57a2d4851a1d" relativeResultsDirectory="b4c39a98-411d-455b-ac3c-6a2423d27b6f" />
    <UnitTestResult executionId="fd09f561-3bcb-44c7-9d9d-b3c9181c3883" testId="3138effc-32fa-4f1b-ab98-64f0c65e74ba" testName="VerificationStatusNotUpdatedOnResolutionError" computerName="3c22fbe526e6" duration="00:00:00.4168565" startTime="2022-05-25T13:13:52.6768930+02:00" endTime="2022-05-25T13:13:53.0939280+02:00" testType="13cdc9d9-ddb5-4fa4-a97d-d965ccfc6d4b" outcome="Passed" testListId="8c84fa94-04c1-424b-9868-57a2d4851a1d" relativeResultsDirectory="fd09f561-3bcb-44c7-9d9d-b3c9181c3883" />
    <UnitTestResult executionId="6bc59401-3e63-48bb-9779-7ae55aa92580" testId="6bc2d8af-9fff-42d9-9fdc-c499147013c6" testName="MultisetShouldNotCrashParser" computerName="3c22fbe526e6" duration="00:00:00.1742106" startTime="2022-05-25T13:11:47.1503710+02:00" endTime="2022-05-25T13:11:47.3247320+02:00" testType="13cdc9d9-ddb5-4fa4-a97d-d965ccfc6d4b" outcome="Passed" testListId="8c84fa94-04c1-424b-9868-57a2d4851a1d" relativeResultsDirectory="6bc59401-3e63-48bb-9779-7ae55aa92580" />
    <UnitTestResult executionId="b3e754a8-fde6-478e-a14a-dda6d36c5381" testId="0079bd2c-ccde-4cc8-81a3-dbd9cea1a6a4" testName="DatatypeObjectWithTwoDestructorsWhoseValuesAreEqual" computerName="3c22fbe526e6" duration="00:00:00.3085504" startTime="2022-05-25T13:11:58.3602030+02:00" endTime="2022-05-25T13:11:58.6690850+02:00" testType="13cdc9d9-ddb5-4fa4-a97d-d965ccfc6d4b" outcome="Passed" testListId="8c84fa94-04c1-424b-9868-57a2d4851a1d" relativeResultsDirectory="b3e754a8-fde6-478e-a14a-dda6d36c5381" />
    <UnitTestResult executionId="53f6e94d-5d14-4939-8efc-901d96c890b4" testId="e0b9fd93-7936-4d16-94cd-0dea9c545c99" testName="HoveringLetInReturnsInferredType" computerName="3c22fbe526e6" duration="00:00:00.3164674" startTime="2022-05-25T13:14:03.7266580+02:00" endTime="2022-05-25T13:14:04.0432520+02:00" testType="13cdc9d9-ddb5-4fa4-a97d-d965ccfc6d4b" outcome="Passed" testListId="8c84fa94-04c1-424b-9868-57a2d4851a1d" relativeResultsDirectory="53f6e94d-5d14-4939-8efc-901d96c890b4" />
    <UnitTestResult executionId="0f7cffe8-a4c1-4173-a138-259ad9388f21" testId="78b091c3-7149-4ce1-a6c0-d62ffe92070b" testName="InsertTextAtEnd" computerName="3c22fbe526e6" duration="00:00:00.2609129" startTime="2022-05-25T13:12:55.6474880+02:00" endTime="2022-05-25T13:12:55.9085140+02:00" testType="13cdc9d9-ddb5-4fa4-a97d-d965ccfc6d4b" outcome="Passed" testListId="8c84fa94-04c1-424b-9868-57a2d4851a1d" relativeResultsDirectory="0f7cffe8-a4c1-4173-a138-259ad9388f21" />
    <UnitTestResult executionId="0ad744cc-8d30-4090-8118-c1c31a0e7c30" testId="44a1648c-c5e8-4194-9243-e13630e5bd56" testName="AddedMethodIsShownBeforeItVerifies" computerName="3c22fbe526e6" duration="00:00:00.4156500" startTime="2022-05-25T13:13:53.0940230+02:00" endTime="2022-05-25T13:13:53.5101030+02:00" testType="13cdc9d9-ddb5-4fa4-a97d-d965ccfc6d4b" outcome="Passed" testListId="8c84fa94-04c1-424b-9868-57a2d4851a1d" relativeResultsDirectory="0ad744cc-8d30-4090-8118-c1c31a0e7c30" />
    <UnitTestResult executionId="36d2633e-bf5c-4e2e-a23d-fec21bb57d44" testId="4ecfc964-d881-4642-967a-028828873543" testName="HoveringInvocationOfUnknownFunctionOrMethodReturnsNull" computerName="3c22fbe526e6" duration="00:00:00.2493604" startTime="2022-05-25T13:13:58.5953370+02:00" endTime="2022-05-25T13:13:58.8448260+02:00" testType="13cdc9d9-ddb5-4fa4-a97d-d965ccfc6d4b" outcome="Passed" testListId="8c84fa94-04c1-424b-9868-57a2d4851a1d" relativeResultsDirectory="36d2633e-bf5c-4e2e-a23d-fec21bb57d44" />
    <UnitTestResult executionId="f7ee71f0-c0cc-443d-b654-953e636abf41" testId="224c8b5c-03c4-46ae-b385-3099c407ebe7" testName="ChangeToSemanticallyIncorrectDocumentUsesMigration" computerName="3c22fbe526e6" duration="00:00:00.2628547" startTime="2022-05-25T13:12:54.6923530+02:00" endTime="2022-05-25T13:12:54.9553450+02:00" testType="13cdc9d9-ddb5-4fa4-a97d-d965ccfc6d4b" outcome="Passed" testListId="8c84fa94-04c1-424b-9868-57a2d4851a1d" relativeResultsDirectory="f7ee71f0-c0cc-443d-b654-953e636abf41" />
    <UnitTestResult executionId="e0496083-89f9-47d7-ac42-b43a35fc2c48" testId="b793026b-1385-4afd-9d22-61019469456c" testName="ChangeDocumentCancelsPreviousOpenAndChangeVerification" computerName="3c22fbe526e6" duration="00:00:00.3817297" startTime="2022-05-25T13:11:48.0561540+02:00" endTime="2022-05-25T13:11:48.4381350+02:00" testType="13cdc9d9-ddb5-4fa4-a97d-d965ccfc6d4b" outcome="Passed" testListId="8c84fa94-04c1-424b-9868-57a2d4851a1d" relativeResultsDirectory="e0496083-89f9-47d7-ac42-b43a35fc2c48" />
    <UnitTestResult executionId="75396528-0fe4-4614-8e7e-056421b34f3b" testId="01185891-35c0-4849-a6b9-3cfa209d6812" testName="ChangingCorrectDocumentToOneWithSyntaxErrorsReportsTheSyntaxErrorsIfNotVerifyOnChange" computerName="3c22fbe526e6" duration="00:00:00.3534311" startTime="2022-05-25T13:12:26.9148020+02:00" endTime="2022-05-25T13:12:27.2683540+02:00" testType="13cdc9d9-ddb5-4fa4-a97d-d965ccfc6d4b" outcome="Passed" testListId="8c84fa94-04c1-424b-9868-57a2d4851a1d" relativeResultsDirectory="75396528-0fe4-4614-8e7e-056421b34f3b" />
    <UnitTestResult executionId="6d404dad-f8aa-4c2f-9d6b-8b0a2cfdd510" testId="029fa1e3-3b44-4c02-90ce-e04903bf5bc2" testName="EnsureErrorMessageCanBeComplexAndTakeIntoAccountConfiguration" computerName="3c22fbe526e6" duration="00:00:02.1154128" startTime="2022-05-25T13:12:13.3547360+02:00" endTime="2022-05-25T13:12:15.4704650+02:00" testType="13cdc9d9-ddb5-4fa4-a97d-d965ccfc6d4b" outcome="Passed" testListId="8c84fa94-04c1-424b-9868-57a2d4851a1d" relativeResultsDirectory="6d404dad-f8aa-4c2f-9d6b-8b0a2cfdd510" />
    <UnitTestResult executionId="83bdec29-afef-4d85-bb09-92c89970c97f" testId="bc1b3547-4e8e-47cc-8816-88f54f97f15e" testName="LeavesDocumentUnchangedIfDocumentContainsSemanticErrorsIfVerifyOnSave" computerName="3c22fbe526e6" duration="00:00:00.2767175" startTime="2022-05-25T13:12:53.5089330+02:00" endTime="2022-05-25T13:12:53.7857530+02:00" testType="13cdc9d9-ddb5-4fa4-a97d-d965ccfc6d4b" outcome="Passed" testListId="8c84fa94-04c1-424b-9868-57a2d4851a1d" relativeResultsDirectory="83bdec29-afef-4d85-bb09-92c89970c97f" />
    <UnitTestResult executionId="feff10b7-cf23-495f-9244-bc9a718eefa1" testId="2a1769e6-9d8f-43b1-9d19-7525086cb225" testName="HoverReturnsBeforeVerificationIsComplete" computerName="3c22fbe526e6" duration="00:00:00.2452046" startTime="2022-05-25T13:13:57.7838370+02:00" endTime="2022-05-25T13:13:58.0292200+02:00" testType="13cdc9d9-ddb5-4fa4-a97d-d965ccfc6d4b" outcome="Passed" testListId="8c84fa94-04c1-424b-9868-57a2d4851a1d" relativeResultsDirectory="feff10b7-cf23-495f-9244-bc9a718eefa1" />
    <UnitTestResult executionId="fbc47ac3-dfe8-42eb-92b0-6af830f2e23a" testId="8a1bfeea-f6ce-4336-9f61-3720c400734f" testName="SemanticErrorsOfDocumentAreCaptured" computerName="3c22fbe526e6" duration="00:00:00.1433871" startTime="2022-05-25T13:12:51.5116590+02:00" endTime="2022-05-25T13:12:51.6551340+02:00" testType="13cdc9d9-ddb5-4fa4-a97d-d965ccfc6d4b" outcome="Passed" testListId="8c84fa94-04c1-424b-9868-57a2d4851a1d" relativeResultsDirectory="fbc47ac3-dfe8-42eb-92b0-6af830f2e23a" />
    <UnitTestResult executionId="8a744076-3336-45e6-99f3-250610a2af5c" testId="107953a8-e995-40b6-b939-4b8a70db06ee" testName="NoIncrementalVerificationDiagnosticsBetweenAssertionBatches" computerName="3c22fbe526e6" duration="00:00:00.4367285" startTime="2022-05-25T13:12:39.3679270+02:00" endTime="2022-05-25T13:12:39.8048140+02:00" testType="13cdc9d9-ddb5-4fa4-a97d-d965ccfc6d4b" outcome="Passed" testListId="8c84fa94-04c1-424b-9868-57a2d4851a1d" relativeResultsDirectory="8a744076-3336-45e6-99f3-250610a2af5c" />
    <UnitTestResult executionId="b50f8c65-1a8c-4b13-b571-54cff760c604" testId="5affcfea-2296-436c-99f0-900fccf8f1f2" testName="ReplaceCompleteDocumentContent" computerName="3c22fbe526e6" duration="00:00:00.1837155" startTime="2022-05-25T13:12:58.8595410+02:00" endTime="2022-05-25T13:12:59.0433710+02:00" testType="13cdc9d9-ddb5-4fa4-a97d-d965ccfc6d4b" outcome="Passed" testListId="8c84fa94-04c1-424b-9868-57a2d4851a1d" relativeResultsDirectory="b50f8c65-1a8c-4b13-b571-54cff760c604" />
    <UnitTestResult executionId="6f2e376c-4fb0-4342-94fc-a57d874bcc90" testId="730a3e35-5b5a-4005-893a-3dd2b2ad09cc" testName="HoveringResultVarReturnsInferredType" computerName="3c22fbe526e6" duration="00:00:00.3275047" startTime="2022-05-25T13:14:04.3847210+02:00" endTime="2022-05-25T13:14:04.7124090+02:00" testType="13cdc9d9-ddb5-4fa4-a97d-d965ccfc6d4b" outcome="Passed" testListId="8c84fa94-04c1-424b-9868-57a2d4851a1d" relativeResultsDirectory="6f2e376c-4fb0-4342-94fc-a57d874bcc90" />
    <UnitTestResult executionId="54e3420c-a88e-4d8c-8c20-dc2004cd6ac3" testId="f91f7088-0334-4740-82e8-cda6c43c14ad" testName="MigrationMovesSymbolLocationsWhenApplyingMultipleChangesAtOnce" computerName="3c22fbe526e6" duration="00:00:00.2000116" startTime="2022-05-25T13:12:50.9635400+02:00" endTime="2022-05-25T13:12:51.1636480+02:00" testType="13cdc9d9-ddb5-4fa4-a97d-d965ccfc6d4b" outcome="Passed" testListId="8c84fa94-04c1-424b-9868-57a2d4851a1d" relativeResultsDirectory="54e3420c-a88e-4d8c-8c20-dc2004cd6ac3" />
    <UnitTestResult executionId="db0659a0-20ad-4eb0-9d06-9b00d7b2dbee" testId="52e0e988-b84f-4be8-bb97-4f1d2d564067" testName="SpecificBitVector" computerName="3c22fbe526e6" duration="00:00:00.2272958" startTime="2022-05-25T13:12:00.9779320+02:00" endTime="2022-05-25T13:12:01.2054400+02:00" testType="13cdc9d9-ddb5-4fa4-a97d-d965ccfc6d4b" outcome="Passed" testListId="8c84fa94-04c1-424b-9868-57a2d4851a1d" relativeResultsDirectory="db0659a0-20ad-4eb0-9d06-9b00d7b2dbee" />
    <UnitTestResult executionId="fe00ded7-fa70-4264-9e2b-f148e3a1ebd1" testId="1ac989f1-bb9b-4909-910b-439cae118393" testName="ResolutionDiagnosticsAreReturnedBeforeComputingVerificationTasks" computerName="3c22fbe526e6" duration="00:00:00.4876815" startTime="2022-05-25T13:12:46.8217500+02:00" endTime="2022-05-25T13:12:47.3096420+02:00" testType="13cdc9d9-ddb5-4fa4-a97d-d965ccfc6d4b" outcome="Passed" testListId="8c84fa94-04c1-424b-9868-57a2d4851a1d" relativeResultsDirectory="fe00ded7-fa70-4264-9e2b-f148e3a1ebd1" />
    <UnitTestResult executionId="ab53af0b-52bc-4f34-b758-59347e9c7326" testId="a3bf6529-fd6e-4f9e-bac2-8b1f78d38d72" testName="CompleteOnTypeWithoutMembersReturnsEmptyList" computerName="3c22fbe526e6" duration="00:00:00.2781417" startTime="2022-05-25T13:14:19.2106820+02:00" endTime="2022-05-25T13:14:19.4889490+02:00" testType="13cdc9d9-ddb5-4fa4-a97d-d965ccfc6d4b" outcome="Passed" testListId="8c84fa94-04c1-424b-9868-57a2d4851a1d" relativeResultsDirectory="ab53af0b-52bc-4f34-b758-59347e9c7326" />
    <UnitTestResult executionId="7976c823-b999-4b82-a9c9-5a50e028d975" testId="87cc2782-ed1c-4945-a5a5-2efa94cdf4ad" testName="SignatureHelpForUnloadedDocumentReturnsNull" computerName="3c22fbe526e6" duration="00:00:00.2701870" startTime="2022-05-25T13:14:05.3691220+02:00" endTime="2022-05-25T13:14:05.6396460+02:00" testType="13cdc9d9-ddb5-4fa4-a97d-d965ccfc6d4b" outcome="Passed" testListId="8c84fa94-04c1-424b-9868-57a2d4851a1d" relativeResultsDirectory="7976c823-b999-4b82-a9c9-5a50e028d975">
      <Output>
        <StdOut>\u001b[40m\u001b[1m\u001b[33mwarn\u001b[39m\u001b[22m\u001b[49m: Microsoft.Dafny.LanguageServer.Handlers.DafnySignatureHelpHandler[0]
      location requested for unloaded document file:///testFile261.dfy</StdOut>
      </Output>
    </UnitTestResult>
    <UnitTestResult executionId="cf2890fb-b365-4ab6-af38-6ee3ed03da41" testId="16cdf320-b4c4-40d4-af67-bc97d20605ac" testName="OpeningDocumentWithMultipleVerificationErrorsReportsDiagnosticsWithAllVerificationErrorsAndRelatedInformation" computerName="3c22fbe526e6" duration="00:00:00.2964785" startTime="2022-05-25T13:12:26.3386390+02:00" endTime="2022-05-25T13:12:26.6352560+02:00" testType="13cdc9d9-ddb5-4fa4-a97d-d965ccfc6d4b" outcome="Passed" testListId="8c84fa94-04c1-424b-9868-57a2d4851a1d" relativeResultsDirectory="cf2890fb-b365-4ab6-af38-6ee3ed03da41" />
    <UnitTestResult executionId="7f06a9d5-66c0-403a-933f-262c9aa8da86" testId="29c10fbb-3233-46ab-947f-51900025a826" testName="MigrationMovesLinesOfSymbolsAfterWhenRemovingInTheMiddle" computerName="3c22fbe526e6" duration="00:00:00.2293116" startTime="2022-05-25T13:12:22.7187730+02:00" endTime="2022-05-25T13:12:22.9482300+02:00" testType="13cdc9d9-ddb5-4fa4-a97d-d965ccfc6d4b" outcome="Passed" testListId="8c84fa94-04c1-424b-9868-57a2d4851a1d" relativeResultsDirectory="7f06a9d5-66c0-403a-933f-262c9aa8da86" />
    <UnitTestResult executionId="81539992-c56c-43a8-91d3-c25a17c5fca5" testId="43c0962c-3a9b-4bfb-a8f3-f0c7eb2a960f" testName="PassingANullChangeRangePreservesForeignSymbols" computerName="3c22fbe526e6" duration="00:00:00.2650825" startTime="2022-05-25T13:12:24.4480200+02:00" endTime="2022-05-25T13:12:24.7132070+02:00" testType="13cdc9d9-ddb5-4fa4-a97d-d965ccfc6d4b" outcome="Passed" testListId="8c84fa94-04c1-424b-9868-57a2d4851a1d" relativeResultsDirectory="81539992-c56c-43a8-91d3-c25a17c5fca5" />
    <UnitTestResult executionId="a8f594f8-49f7-4b95-bc57-a7bfd5da2cac" testId="fe03f48f-6077-47a8-b68c-0d0bde19b9e9" testName="ChangingCorrectDocumentToOneWithVerificationErrorsReportsTheVerificationErrors" computerName="3c22fbe526e6" duration="00:00:00.4173260" startTime="2022-05-25T13:12:27.2683980+02:00" endTime="2022-05-25T13:12:27.6858580+02:00" testType="13cdc9d9-ddb5-4fa4-a97d-d965ccfc6d4b" outcome="Passed" testListId="8c84fa94-04c1-424b-9868-57a2d4851a1d" relativeResultsDirectory="a8f594f8-49f7-4b95-bc57-a7bfd5da2cac" />
    <UnitTestResult executionId="d1fe0a63-1a2c-44a1-817d-cc8eb321f78a" testId="b35ed1db-ee33-4f41-a6a6-3b10333d0ac1" testName="HoveringFormalReturnsFormalType" computerName="3c22fbe526e6" duration="00:00:00.3209954" startTime="2022-05-25T13:14:01.3380630+02:00" endTime="2022-05-25T13:14:01.6592030+02:00" testType="13cdc9d9-ddb5-4fa4-a97d-d965ccfc6d4b" outcome="Passed" testListId="8c84fa94-04c1-424b-9868-57a2d4851a1d" relativeResultsDirectory="d1fe0a63-1a2c-44a1-817d-cc8eb321f78a" />
    <UnitTestResult executionId="686b3e82-4b0b-4c74-97bd-43413f562d83" testId="fe285f51-5cb5-4b83-b259-76b3aef48af4" testName="HoverIngInferredVariable" computerName="3c22fbe526e6" duration="00:00:00.3668412" startTime="2022-05-25T13:14:04.7124970+02:00" endTime="2022-05-25T13:14:05.0794780+02:00" testType="13cdc9d9-ddb5-4fa4-a97d-d965ccfc6d4b" outcome="Passed" testListId="8c84fa94-04c1-424b-9868-57a2d4851a1d" relativeResultsDirectory="686b3e82-4b0b-4c74-97bd-43413f562d83" />
    <UnitTestResult executionId="7388faf8-7768-4507-bce3-b46ceaa6ef1c" testId="7b47421c-e0aa-461e-ab13-50e3a2c5af64" testName="EmptyDocumentCanBeOpened" computerName="3c22fbe526e6" duration="00:00:00.2031612" startTime="2022-05-25T13:12:52.2084530+02:00" endTime="2022-05-25T13:12:52.4117000+02:00" testType="13cdc9d9-ddb5-4fa4-a97d-d965ccfc6d4b" outcome="Passed" testListId="8c84fa94-04c1-424b-9868-57a2d4851a1d" relativeResultsDirectory="7388faf8-7768-4507-bce3-b46ceaa6ef1c" />
    <UnitTestResult executionId="98fb1a50-f4da-49c2-9f5b-e7a3fbe891aa" testId="f48ceb5c-a195-4878-928c-9724b2fc2519" testName="SavingDocumentWithVerificationErrorReportsDiagnosticsWithVerificationErrorsIfVerifyOnSave" computerName="3c22fbe526e6" duration="00:00:00.3820031" startTime="2022-05-25T13:12:29.4887120+02:00" endTime="2022-05-25T13:12:29.8708700+02:00" testType="13cdc9d9-ddb5-4fa4-a97d-d965ccfc6d4b" outcome="Passed" testListId="8c84fa94-04c1-424b-9868-57a2d4851a1d" relativeResultsDirectory="98fb1a50-f4da-49c2-9f5b-e7a3fbe891aa" />
    <UnitTestResult executionId="eb945054-7e8e-4136-98da-199a935d0cdc" testId="1e70889d-882e-48de-84ef-294797b31a71" testName="VariableNameShadowing" computerName="3c22fbe526e6" duration="00:00:00.3663785" startTime="2022-05-25T13:12:05.9118030+02:00" endTime="2022-05-25T13:12:06.2783290+02:00" testType="13cdc9d9-ddb5-4fa4-a97d-d965ccfc6d4b" outcome="Passed" testListId="8c84fa94-04c1-424b-9868-57a2d4851a1d" relativeResultsDirectory="eb945054-7e8e-4136-98da-199a935d0cdc" />
    <UnitTestResult executionId="66ccdcd4-54c3-47c8-b528-934e2a1031f3" testId="a7af329a-77d2-4f24-b769-a41bc0cd5779" testName="HoveringTypeOfFieldReturnsTheUserDefinedType" computerName="3c22fbe526e6" duration="00:00:00.2354533" startTime="2022-05-25T13:13:59.7130580+02:00" endTime="2022-05-25T13:13:59.9486140+02:00" testType="13cdc9d9-ddb5-4fa4-a97d-d965ccfc6d4b" outcome="Passed" testListId="8c84fa94-04c1-424b-9868-57a2d4851a1d" relativeResultsDirectory="66ccdcd4-54c3-47c8-b528-934e2a1031f3" />
    <UnitTestResult executionId="cb768822-4839-4636-8131-fa0722c9f659" testId="51bd39f1-599e-472f-b2dc-9a6a0c31db34" testName="IncrementalVerificationDiagnosticsBetweenMethods" computerName="3c22fbe526e6" duration="00:00:03.3022936" startTime="2022-05-25T13:12:35.6612100+02:00" endTime="2022-05-25T13:12:38.9636250+02:00" testType="13cdc9d9-ddb5-4fa4-a97d-d965ccfc6d4b" outcome="Passed" testListId="8c84fa94-04c1-424b-9868-57a2d4851a1d" relativeResultsDirectory="cb768822-4839-4636-8131-fa0722c9f659" />
    <UnitTestResult executionId="6d339231-a81e-44b4-86ae-a3ce47658d35" testId="064de9c5-5b23-4f08-a3a1-d91ff5d53e63" testName="OpeningDocumentWithComplexExpressionUnderlinesAllOfIt" computerName="3c22fbe526e6" duration="00:00:00.2743889" startTime="2022-05-25T13:12:34.7895420+02:00" endTime="2022-05-25T13:12:35.0640900+02:00" testType="13cdc9d9-ddb5-4fa4-a97d-d965ccfc6d4b" outcome="Passed" testListId="8c84fa94-04c1-424b-9868-57a2d4851a1d" relativeResultsDirectory="6d339231-a81e-44b4-86ae-a3ce47658d35" />
    <UnitTestResult executionId="b5a306a4-1795-4e9a-ab3b-82673d10de5f" testId="94d85788-a1b0-4103-98af-0c218b7f4793" testName="RemoveCompleteDocumentContent" computerName="3c22fbe526e6" duration="00:00:00.2939948" startTime="2022-05-25T13:12:58.5654090+02:00" endTime="2022-05-25T13:12:58.8595060+02:00" testType="13cdc9d9-ddb5-4fa4-a97d-d965ccfc6d4b" outcome="Passed" testListId="8c84fa94-04c1-424b-9868-57a2d4851a1d" relativeResultsDirectory="b5a306a4-1795-4e9a-ab3b-82673d10de5f" />
    <UnitTestResult executionId="b2ba6e01-96e0-4903-997b-7db9f511a519" testId="12a97191-f15d-4ad1-b7f3-845823747800" testName="MapsCreation" computerName="3c22fbe526e6" duration="00:00:00.3098639" startTime="2022-05-25T13:12:06.2784570+02:00" endTime="2022-05-25T13:12:06.5886100+02:00" testType="13cdc9d9-ddb5-4fa4-a97d-d965ccfc6d4b" outcome="Passed" testListId="8c84fa94-04c1-424b-9868-57a2d4851a1d" relativeResultsDirectory="b2ba6e01-96e0-4903-997b-7db9f511a519" />
    <UnitTestResult executionId="f36ecc1c-cdd7-4b04-ad9c-0e269c4482aa" testId="c0c51a3b-d3b6-482b-857d-9cd72698bfc9" testName="HoveringVariableShadowedByAnotherReturnsTheOriginalVariable" computerName="3c22fbe526e6" duration="00:00:00.2141403" startTime="2022-05-25T13:13:59.4987840+02:00" endTime="2022-05-25T13:13:59.7130270+02:00" testType="13cdc9d9-ddb5-4fa4-a97d-d965ccfc6d4b" outcome="Passed" testListId="8c84fa94-04c1-424b-9868-57a2d4851a1d" relativeResultsDirectory="f36ecc1c-cdd7-4b04-ad9c-0e269c4482aa" />
    <UnitTestResult executionId="8d0381b8-9f51-48cc-97f7-319c9915d6e6" testId="1a211448-d468-4d98-a630-d7344e473273" testName="MigrationLeavesLinesOfSymbolsBeforeUnchangedWhenRemovingInTheMiddle" computerName="3c22fbe526e6" duration="00:00:00.1892995" startTime="2022-05-25T13:12:49.7528190+02:00" endTime="2022-05-25T13:12:49.9422390+02:00" testType="13cdc9d9-ddb5-4fa4-a97d-d965ccfc6d4b" outcome="Passed" testListId="8c84fa94-04c1-424b-9868-57a2d4851a1d" relativeResultsDirectory="8d0381b8-9f51-48cc-97f7-319c9915d6e6" />
    <UnitTestResult executionId="251af505-e50a-4a7a-85c6-359d1608a571" testId="86a55acb-f621-43bb-ae49-717d4f978f25" testName="EnsureVerificationGutterStatusIsWorking" computerName="3c22fbe526e6" duration="00:00:00.4457279" startTime="2022-05-25T13:14:11.2547320+02:00" endTime="2022-05-25T13:14:11.7007810+02:00" testType="13cdc9d9-ddb5-4fa4-a97d-d965ccfc6d4b" outcome="Passed" testListId="8c84fa94-04c1-424b-9868-57a2d4851a1d" relativeResultsDirectory="251af505-e50a-4a7a-85c6-359d1608a571" />
    <UnitTestResult executionId="781622c8-e10a-40b5-bffa-82bc92fb0353" testId="f4da0dbd-da0e-4937-a83b-e923cd4a29e5" testName="WholeNumberFieldAsReal" computerName="3c22fbe526e6" duration="00:00:00.2980489" startTime="2022-05-25T13:11:55.1490380+02:00" endTime="2022-05-25T13:11:55.4472460+02:00" testType="13cdc9d9-ddb5-4fa4-a97d-d965ccfc6d4b" outcome="Passed" testListId="8c84fa94-04c1-424b-9868-57a2d4851a1d" relativeResultsDirectory="781622c8-e10a-40b5-bffa-82bc92fb0353" />
    <UnitTestResult executionId="5239633b-2ea4-40d0-9889-10f6e6bc9b16" testId="92caaeb0-bc10-44be-a8a1-27ce783e7aed" testName="ChangeToSyntacticallyIncorrectDocumentUsesMigration" computerName="3c22fbe526e6" duration="00:00:00.2053762" startTime="2022-05-25T13:12:54.9553830+02:00" endTime="2022-05-25T13:12:55.1608760+02:00" testType="13cdc9d9-ddb5-4fa4-a97d-d965ccfc6d4b" outcome="Passed" testListId="8c84fa94-04c1-424b-9868-57a2d4851a1d" relativeResultsDirectory="5239633b-2ea4-40d0-9889-10f6e6bc9b16" />
    <UnitTestResult executionId="3fa5e39d-e0b7-4be3-8b59-3a7c4c860a1c" testId="08a857aa-93da-455c-8e53-f21305208a9a" testName="FileWithMethodWithoutErrorsReturnsEmptyCounterExampleList" computerName="3c22fbe526e6" duration="00:00:00.2646423" startTime="2022-05-25T13:11:54.0473400+02:00" endTime="2022-05-25T13:11:54.3122030+02:00" testType="13cdc9d9-ddb5-4fa4-a97d-d965ccfc6d4b" outcome="Passed" testListId="8c84fa94-04c1-424b-9868-57a2d4851a1d" relativeResultsDirectory="3fa5e39d-e0b7-4be3-8b59-3a7c4c860a1c" />
    <UnitTestResult executionId="c3fe8c55-4205-4e56-a216-136f0ccff08c" testId="e2dac936-bee1-4ff1-bbe3-9be17c13e263" testName="DafnyModelTypeComplexCase" computerName="3c22fbe526e6" duration="00:00:00.1209048" startTime="2022-05-25T13:12:08.9008980+02:00" endTime="2022-05-25T13:12:09.0219020+02:00" testType="13cdc9d9-ddb5-4fa4-a97d-d965ccfc6d4b" outcome="Passed" testListId="8c84fa94-04c1-424b-9868-57a2d4851a1d" relativeResultsDirectory="c3fe8c55-4205-4e56-a216-136f0ccff08c" />
    <UnitTestResult executionId="b51ea579-cce2-4208-8107-19fbf5d6a441" testId="c0dd1eb5-408c-45c2-9f1c-4845073ee0ec" testName="ObjectWithANullField" computerName="3c22fbe526e6" duration="00:00:00.2794811" startTime="2022-05-25T13:11:56.3207260+02:00" endTime="2022-05-25T13:11:56.6003860+02:00" testType="13cdc9d9-ddb5-4fa4-a97d-d965ccfc6d4b" outcome="Passed" testListId="8c84fa94-04c1-424b-9868-57a2d4851a1d" relativeResultsDirectory="b51ea579-cce2-4208-8107-19fbf5d6a441" />
    <UnitTestResult executionId="7e58ea23-373f-4b13-978b-bc42d1ab8d4e" testId="8a53858c-280a-4c6a-aa6d-75e2f933ddd1" testName="SequenceGenerate" computerName="3c22fbe526e6" duration="00:00:00.3297724" startTime="2022-05-25T13:12:04.5725310+02:00" endTime="2022-05-25T13:12:04.9024560+02:00" testType="13cdc9d9-ddb5-4fa4-a97d-d965ccfc6d4b" outcome="Passed" testListId="8c84fa94-04c1-424b-9868-57a2d4851a1d" relativeResultsDirectory="7e58ea23-373f-4b13-978b-bc42d1ab8d4e" />
    <UnitTestResult executionId="d1b2482f-eff7-40f3-8f4d-72f0f4d90096" testId="04a9872b-dc15-48fa-a017-cbd4b7374bf5" testName="OpeningFlawlessDocumentReportsEmptyDiagnostics" computerName="3c22fbe526e6" duration="00:00:00.4101133" startTime="2022-05-25T13:12:24.7132530+02:00" endTime="2022-05-25T13:12:25.1325960+02:00" testType="13cdc9d9-ddb5-4fa4-a97d-d965ccfc6d4b" outcome="Passed" testListId="8c84fa94-04c1-424b-9868-57a2d4851a1d" relativeResultsDirectory="d1b2482f-eff7-40f3-8f4d-72f0f4d90096" />
    <UnitTestResult executionId="2e1bf663-31fb-4715-8939-5d981f4d5de8" testId="4e7b7a9b-3526-4191-9043-61ccaf21f153" testName="HoveringSetBoundVarReturnsBoundVarInferredType" computerName="3c22fbe526e6" duration="00:00:00.3014174" startTime="2022-05-25T13:14:02.4375380+02:00" endTime="2022-05-25T13:14:02.7390790+02:00" testType="13cdc9d9-ddb5-4fa4-a97d-d965ccfc6d4b" outcome="Passed" testListId="8c84fa94-04c1-424b-9868-57a2d4851a1d" relativeResultsDirectory="2e1bf663-31fb-4715-8939-5d981f4d5de8" />
    <UnitTestResult executionId="437a5bfa-a44c-4578-8264-ae051f07bdd7" testId="85abad95-3f53-433e-a66c-c40f2f4f8147" testName="ArbitraryInt" computerName="3c22fbe526e6" duration="00:00:00.2664432" startTime="2022-05-25T13:11:59.5506970+02:00" endTime="2022-05-25T13:11:59.8173030+02:00" testType="13cdc9d9-ddb5-4fa4-a97d-d965ccfc6d4b" outcome="Passed" testListId="8c84fa94-04c1-424b-9868-57a2d4851a1d" relativeResultsDirectory="437a5bfa-a44c-4578-8264-ae051f07bdd7" />
    <UnitTestResult executionId="98d07cec-8e8c-4101-a779-3be58aeb2af5" testId="9ac050a2-9941-47c9-a159-1d13b32a39dd" testName="ResolutionDiagnosticsContainPreviousVerificationResultsWhenCodeIsInsertedBefore" computerName="3c22fbe526e6" duration="00:00:00.3236353" startTime="2022-05-25T13:12:10.7279600+02:00" endTime="2022-05-25T13:12:11.0517240+02:00" testType="13cdc9d9-ddb5-4fa4-a97d-d965ccfc6d4b" outcome="Passed" testListId="8c84fa94-04c1-424b-9868-57a2d4851a1d" relativeResultsDirectory="98d07cec-8e8c-4101-a779-3be58aeb2af5" />
    <UnitTestResult executionId="6cf384a5-3b0a-465d-8a35-9a93a485049c" testId="ae731363-9bfd-4d18-8972-1331d1633321" testName="WholeNumberAsReal" computerName="3c22fbe526e6" duration="00:00:00.2625553" startTime="2022-05-25T13:11:54.6175850+02:00" endTime="2022-05-25T13:11:54.8803300+02:00" testType="13cdc9d9-ddb5-4fa4-a97d-d965ccfc6d4b" outcome="Passed" testListId="8c84fa94-04c1-424b-9868-57a2d4851a1d" relativeResultsDirectory="6cf384a5-3b0a-465d-8a35-9a93a485049c" />
    <UnitTestResult executionId="9897f260-4752-44e8-9e1d-f8f8963667b4" testId="382eeee3-b0eb-45cf-a2a8-f5428ddcac0f" testName="DocumentSaveWithOnSaveVerificationSendsVerificationStatuses" computerName="3c22fbe526e6" duration="00:00:00.4071063" startTime="2022-05-25T13:11:46.3985160+02:00" endTime="2022-05-25T13:11:46.8058180+02:00" testType="13cdc9d9-ddb5-4fa4-a97d-d965ccfc6d4b" outcome="Passed" testListId="8c84fa94-04c1-424b-9868-57a2d4851a1d" relativeResultsDirectory="9897f260-4752-44e8-9e1d-f8f8963667b4" />
    <UnitTestResult executionId="0fd15f9c-e4bf-48ee-b8a5-8edaf21ed3f3" testId="94d42008-5a45-4fa9-aaea-f709a0ece252" testName="DocumentWithOnlyConfiguredVerifierTimeoutSendsCompilationSucceededVerificationStartedAndVerificationFailedStatuses" computerName="3c22fbe526e6" duration="00:00:03.3738017" startTime="2022-05-25T13:11:42.7249160+02:00" endTime="2022-05-25T13:11:46.0990750+02:00" testType="13cdc9d9-ddb5-4fa4-a97d-d965ccfc6d4b" outcome="Passed" testListId="8c84fa94-04c1-424b-9868-57a2d4851a1d" relativeResultsDirectory="0fd15f9c-e4bf-48ee-b8a5-8edaf21ed3f3" />
    <UnitTestResult executionId="908a9c75-08d3-48e4-8f43-6c704ec0eaf6" testId="1509442f-bad4-4f35-84d4-351ab4558d56" testName="OpeningDocumentWithFailedCallUnderlinesAllOfIt" computerName="3c22fbe526e6" duration="00:00:00.3081153" startTime="2022-05-25T13:12:35.0641500+02:00" endTime="2022-05-25T13:12:35.3724330+02:00" testType="13cdc9d9-ddb5-4fa4-a97d-d965ccfc6d4b" outcome="Passed" testListId="8c84fa94-04c1-424b-9868-57a2d4851a1d" relativeResultsDirectory="908a9c75-08d3-48e4-8f43-6c704ec0eaf6" />
    <UnitTestResult executionId="55e44104-8cba-4a40-954e-5adc7d52db83" testId="d9ff2bf3-c5ad-4779-842c-7124760a2697" testName="CanLoadMultipleDocumentsConcurrently" computerName="3c22fbe526e6" duration="00:00:04.9019848" startTime="2022-05-25T13:11:48.4382170+02:00" endTime="2022-05-25T13:11:53.3403630+02:00" testType="13cdc9d9-ddb5-4fa4-a97d-d965ccfc6d4b" outcome="Passed" testListId="8c84fa94-04c1-424b-9868-57a2d4851a1d" relativeResultsDirectory="55e44104-8cba-4a40-954e-5adc7d52db83" />
    <UnitTestResult executionId="d4b2656c-86da-48e0-a623-8a2597bce10c" testId="70b35a8f-7200-4be5-bc1d-658adff2f539" testName="InsertMultipleInSingleChange" computerName="3c22fbe526e6" duration="00:00:00.2491485" startTime="2022-05-25T13:12:56.6379890+02:00" endTime="2022-05-25T13:12:56.8872400+02:00" testType="13cdc9d9-ddb5-4fa4-a97d-d965ccfc6d4b" outcome="Passed" testListId="8c84fa94-04c1-424b-9868-57a2d4851a1d" relativeResultsDirectory="d4b2656c-86da-48e0-a623-8a2597bce10c" />
    <UnitTestResult executionId="cac5ae11-b16d-4a97-835b-560170064eb9" testId="763f125c-8d36-4218-8ffc-0ad0413bb556" testName="ApplyChangeBeforeVerificationFinishes" computerName="3c22fbe526e6" duration="00:00:03.5790570" startTime="2022-05-25T13:12:41.5740710+02:00" endTime="2022-05-25T13:12:45.1532790+02:00" testType="13cdc9d9-ddb5-4fa4-a97d-d965ccfc6d4b" outcome="Passed" testListId="8c84fa94-04c1-424b-9868-57a2d4851a1d" relativeResultsDirectory="cac5ae11-b16d-4a97-835b-560170064eb9" />
    <UnitTestResult executionId="93c4d097-ec1d-4b2b-8dd8-8efad1059910" testId="ffd4e10f-3997-4a3f-9ef7-25a4fd4ac8ac" testName="FileWithBodyLessMethodReturnsSingleCounterExampleForPostconditions" computerName="3c22fbe526e6" duration="00:00:00.4406524" startTime="2022-05-25T13:11:53.3408380+02:00" endTime="2022-05-25T13:11:53.7819470+02:00" testType="13cdc9d9-ddb5-4fa4-a97d-d965ccfc6d4b" outcome="Passed" testListId="8c84fa94-04c1-424b-9868-57a2d4851a1d" relativeResultsDirectory="93c4d097-ec1d-4b2b-8dd8-8efad1059910" />
    <UnitTestResult executionId="09703ab8-6cdf-486a-a5e5-eb1b3954abe9" testId="2e5600a1-9b7a-41b8-bb8e-2eef9ba60b01" testName="HoverIngResultTypeShouldNotCrash" computerName="3c22fbe526e6" duration="00:00:00.2893949" startTime="2022-05-25T13:14:05.0795380+02:00" endTime="2022-05-25T13:14:05.3690600+02:00" testType="13cdc9d9-ddb5-4fa4-a97d-d965ccfc6d4b" outcome="Passed" testListId="8c84fa94-04c1-424b-9868-57a2d4851a1d" relativeResultsDirectory="09703ab8-6cdf-486a-a5e5-eb1b3954abe9" />
    <UnitTestResult executionId="95687491-3f4f-4b8a-a50a-2f289c462708" testId="59b9039d-96bf-480e-859c-eea26a55dee9" testName="MigrationMovesLinesOfSymbolsAfterWhenChangingInTheMiddle" computerName="3c22fbe526e6" duration="00:00:00.1983428" startTime="2022-05-25T13:12:49.9422800+02:00" endTime="2022-05-25T13:12:50.1407370+02:00" testType="13cdc9d9-ddb5-4fa4-a97d-d965ccfc6d4b" outcome="Passed" testListId="8c84fa94-04c1-424b-9868-57a2d4851a1d" relativeResultsDirectory="95687491-3f4f-4b8a-a50a-2f289c462708" />
    <UnitTestResult executionId="dbebd6f5-7f1f-4ca8-a5ef-73121dc1f24e" testId="0354d64a-ce8a-40c6-b433-a5da9d731f98" testName="ObjectWithANonNullField" computerName="3c22fbe526e6" duration="00:00:00.2936574" startTime="2022-05-25T13:11:56.0268010+02:00" endTime="2022-05-25T13:11:56.3206260+02:00" testType="13cdc9d9-ddb5-4fa4-a97d-d965ccfc6d4b" outcome="Passed" testListId="8c84fa94-04c1-424b-9868-57a2d4851a1d" relativeResultsDirectory="dbebd6f5-7f1f-4ca8-a5ef-73121dc1f24e" />
    <UnitTestResult executionId="08e57caa-9722-48be-8616-635071d49a6a" testId="5bdf1078-4123-47a5-9665-fcdb01569ea5" testName="OpeningDocumentWithSyntaxErrorReportsDiagnosticsWithParserErrors" computerName="3c22fbe526e6" duration="00:00:00.2325657" startTime="2022-05-25T13:12:25.1326750+02:00" endTime="2022-05-25T13:12:25.3653530+02:00" testType="13cdc9d9-ddb5-4fa4-a97d-d965ccfc6d4b" outcome="Passed" testListId="8c84fa94-04c1-424b-9868-57a2d4851a1d" relativeResultsDirectory="08e57caa-9722-48be-8616-635071d49a6a" />
    <UnitTestResult executionId="5f79b913-9e03-42d3-96f7-cbdc25ae7c3b" testId="843087a2-7d4a-4a40-a77e-284928c4a40d" testName="ChangingCorrectDocumentToOneWithVerificationErrorsDoesNotReportVerificationErrorsIfNotVerifyOnChange" computerName="3c22fbe526e6" duration="00:00:00.3636604" startTime="2022-05-25T13:12:27.6859210+02:00" endTime="2022-05-25T13:12:28.0496890+02:00" testType="13cdc9d9-ddb5-4fa4-a97d-d965ccfc6d4b" outcome="Passed" testListId="8c84fa94-04c1-424b-9868-57a2d4851a1d" relativeResultsDirectory="5f79b913-9e03-42d3-96f7-cbdc25ae7c3b" />
    <UnitTestResult executionId="2cb1a62d-164a-4218-8ddd-49c06735958b" testId="8de978d1-20b8-4557-825d-a8643bcd1a6c" testName="ReplaceMultiLineTextAtEnd" computerName="3c22fbe526e6" duration="00:00:00.2392449" startTime="2022-05-25T13:12:57.6278190+02:00" endTime="2022-05-25T13:12:57.8671660+02:00" testType="13cdc9d9-ddb5-4fa4-a97d-d965ccfc6d4b" outcome="Passed" testListId="8c84fa94-04c1-424b-9868-57a2d4851a1d" relativeResultsDirectory="2cb1a62d-164a-4218-8ddd-49c06735958b" />
    <UnitTestResult executionId="496340eb-ed2f-4e1a-a683-8f6c3583e1a1" testId="121c377f-c970-4db1-9c77-114511870109" testName="DatatypeWithDifferentDestructorsForDifferentConstructors" computerName="3c22fbe526e6" duration="00:00:00.3248787" startTime="2022-05-25T13:11:58.0347420+02:00" endTime="2022-05-25T13:11:58.3598680+02:00" testType="13cdc9d9-ddb5-4fa4-a97d-d965ccfc6d4b" outcome="Passed" testListId="8c84fa94-04c1-424b-9868-57a2d4851a1d" relativeResultsDirectory="496340eb-ed2f-4e1a-a683-8f6c3583e1a1" />
    <UnitTestResult executionId="e752d783-4f22-44bd-90cd-a4e25692431c" testId="2b713095-5843-409e-9f49-b75e87d75e2e" testName="BitWiseAnd" computerName="3c22fbe526e6" duration="00:00:00.2691150" startTime="2022-05-25T13:12:01.4842410+02:00" endTime="2022-05-25T13:12:01.7535490+02:00" testType="13cdc9d9-ddb5-4fa4-a97d-d965ccfc6d4b" outcome="Passed" testListId="8c84fa94-04c1-424b-9868-57a2d4851a1d" relativeResultsDirectory="e752d783-4f22-44bd-90cd-a4e25692431c" />
    <UnitTestResult executionId="6521a0e0-dc53-40ec-8746-110e6a420740" testId="81e200c8-f3a7-48c1-bd88-833080a9f3c1" testName="InsertTextInTheMiddle" computerName="3c22fbe526e6" duration="00:00:00.2400242" startTime="2022-05-25T13:12:55.9085470+02:00" endTime="2022-05-25T13:12:56.1486690+02:00" testType="13cdc9d9-ddb5-4fa4-a97d-d965ccfc6d4b" outcome="Passed" testListId="8c84fa94-04c1-424b-9868-57a2d4851a1d" relativeResultsDirectory="6521a0e0-dc53-40ec-8746-110e6a420740" />
    <UnitTestResult executionId="4c10d290-07f0-47c2-80a0-b3c6d077f193" testId="4b359a90-b60a-41ac-a07c-63531ea56876" testName="ArbitraryCharacter" computerName="3c22fbe526e6" duration="00:00:00.2794809" startTime="2022-05-25T13:11:57.1910370+02:00" endTime="2022-05-25T13:11:57.4706890+02:00" testType="13cdc9d9-ddb5-4fa4-a97d-d965ccfc6d4b" outcome="Passed" testListId="8c84fa94-04c1-424b-9868-57a2d4851a1d" relativeResultsDirectory="4c10d290-07f0-47c2-80a0-b3c6d077f193" />
    <UnitTestResult executionId="a221e31f-3ac7-4740-a680-62d77158dd7f" testId="dcc49ad6-b672-41fe-9bb3-d6bb3b15682a" testName="CompleteOnMemberAccessChainRespectsCompleteChain" computerName="3c22fbe526e6" duration="00:00:00.3106306" startTime="2022-05-25T13:14:20.4526920+02:00" endTime="2022-05-25T13:14:20.7634430+02:00" testType="13cdc9d9-ddb5-4fa4-a97d-d965ccfc6d4b" outcome="Passed" testListId="8c84fa94-04c1-424b-9868-57a2d4851a1d" relativeResultsDirectory="a221e31f-3ac7-4740-a680-62d77158dd7f" />
    <UnitTestResult executionId="625495c2-b26b-42fc-b8d8-c83405a8c4b1" testId="8418da2d-c344-483a-ab0b-fe2439cc42ff" testName="MapsKeys" computerName="3c22fbe526e6" duration="00:00:00.2553661" startTime="2022-05-25T13:12:07.4692040+02:00" endTime="2022-05-25T13:12:07.7247170+02:00" testType="13cdc9d9-ddb5-4fa4-a97d-d965ccfc6d4b" outcome="Passed" testListId="8c84fa94-04c1-424b-9868-57a2d4851a1d" relativeResultsDirectory="625495c2-b26b-42fc-b8d8-c83405a8c4b1" />
    <UnitTestResult executionId="7f8ff81f-5100-4449-8b57-65468fb9c32c" testId="6570fca1-79ef-4f79-99df-8c1be490b4f8" testName="FileWithMethodWithErrorsReturnsCounterExampleForPostconditionsAndEveryUpdateLine" computerName="3c22fbe526e6" duration="00:00:00.2650611" startTime="2022-05-25T13:11:53.7820050+02:00" endTime="2022-05-25T13:11:54.0472580+02:00" testType="13cdc9d9-ddb5-4fa4-a97d-d965ccfc6d4b" outcome="Passed" testListId="8c84fa94-04c1-424b-9868-57a2d4851a1d" relativeResultsDirectory="7f8ff81f-5100-4449-8b57-65468fb9c32c" />
    <UnitTestResult executionId="bc7945c7-ed60-47d2-a5b1-62605528733d" testId="ed1cf78b-cf19-440d-989e-28df4f11b321" testName="SpecificCharacter" computerName="3c22fbe526e6" duration="00:00:00.2817831" startTime="2022-05-25T13:11:56.9090000+02:00" endTime="2022-05-25T13:11:57.1909460+02:00" testType="13cdc9d9-ddb5-4fa4-a97d-d965ccfc6d4b" outcome="Passed" testListId="8c84fa94-04c1-424b-9868-57a2d4851a1d" relativeResultsDirectory="bc7945c7-ed60-47d2-a5b1-62605528733d" />
    <UnitTestResult executionId="bc0ca0b8-27ad-4a1d-a3b8-69cad58e9f42" testId="a4811aca-f5e4-46e6-b3ea-9d9e68b49955" testName="ResolutionDiagnosticsContainPreviousVerificationResultsWhenCodeIsInsertedAfter" computerName="3c22fbe526e6" duration="00:00:01.7055410" startTime="2022-05-25T13:12:09.0219290+02:00" endTime="2022-05-25T13:12:10.7279050+02:00" testType="13cdc9d9-ddb5-4fa4-a97d-d965ccfc6d4b" outcome="Passed" testListId="8c84fa94-04c1-424b-9868-57a2d4851a1d" relativeResultsDirectory="bc0ca0b8-27ad-4a1d-a3b8-69cad58e9f42" />
    <UnitTestResult executionId="8a2f8e2f-cdf8-4d14-8e3d-79fb554b8192" testId="d039b280-8c58-4cd4-abda-ba58a0bbdda7" testName="MigrationLeavesLinesOfSymbolsBeforeUnchangedWhenChangingInTheMiddle" computerName="3c22fbe526e6" duration="00:00:00.2583218" startTime="2022-05-25T13:12:49.4941620+02:00" endTime="2022-05-25T13:12:49.7527500+02:00" testType="13cdc9d9-ddb5-4fa4-a97d-d965ccfc6d4b" outcome="Passed" testListId="8c84fa94-04c1-424b-9868-57a2d4851a1d" relativeResultsDirectory="8a2f8e2f-cdf8-4d14-8e3d-79fb554b8192" />
    <UnitTestResult executionId="5961e631-5f59-4dd4-8e0d-b3941d10e6ba" testId="e15d9b0d-3911-4eea-a494-bb9ed2e0a844" testName="FractionFieldAsReal" computerName="3c22fbe526e6" duration="00:00:00.3014383" startTime="2022-05-25T13:11:55.4473470+02:00" endTime="2022-05-25T13:11:55.7489650+02:00" testType="13cdc9d9-ddb5-4fa4-a97d-d965ccfc6d4b" outcome="Passed" testListId="8c84fa94-04c1-424b-9868-57a2d4851a1d" relativeResultsDirectory="5961e631-5f59-4dd4-8e0d-b3941d10e6ba" />
    <UnitTestResult executionId="25b7081c-440c-4eb7-880a-52ca2f4127e5" testId="1ff9a490-e6c0-4cec-88b9-786b4e5f26a0" testName="SequenceDrop" computerName="3c22fbe526e6" duration="00:00:00.3158650" startTime="2022-05-25T13:12:05.1626170+02:00" endTime="2022-05-25T13:12:05.4786470+02:00" testType="13cdc9d9-ddb5-4fa4-a97d-d965ccfc6d4b" outcome="Passed" testListId="8c84fa94-04c1-424b-9868-57a2d4851a1d" relativeResultsDirectory="25b7081c-440c-4eb7-880a-52ca2f4127e5" />
    <UnitTestResult executionId="1683229c-5e35-4b93-886c-6932c3d7982f" testId="e31558d1-419e-4789-8301-fbb5bace5e7d" testName="DatatypeWithDestructorsWhoseNamesShadowBuiltInDestructors" computerName="3c22fbe526e6" duration="00:00:00.2820858" startTime="2022-05-25T13:11:58.6692110+02:00" endTime="2022-05-25T13:11:58.9518310+02:00" testType="13cdc9d9-ddb5-4fa4-a97d-d965ccfc6d4b" outcome="Passed" testListId="8c84fa94-04c1-424b-9868-57a2d4851a1d" relativeResultsDirectory="1683229c-5e35-4b93-886c-6932c3d7982f" />
    <UnitTestResult executionId="9414c130-62dc-4ef3-bc97-3404a62ab3ea" testId="aa858a79-fddd-453b-b2dd-7a47a366f055" testName="ParseErrorsOfDocumentAreCaptured" computerName="3c22fbe526e6" duration="00:00:00.1998075" startTime="2022-05-25T13:12:51.3117170+02:00" endTime="2022-05-25T13:12:51.5116270+02:00" testType="13cdc9d9-ddb5-4fa4-a97d-d965ccfc6d4b" outcome="Passed" testListId="8c84fa94-04c1-424b-9868-57a2d4851a1d" relativeResultsDirectory="9414c130-62dc-4ef3-bc97-3404a62ab3ea" />
    <UnitTestResult executionId="f442c9d6-3c3d-45cf-b77a-e00a2db26e4d" testId="97d7bbec-8a03-480b-aad7-643b3fc99039" testName="MigrationMovesDeclarationWhenApplyingMultipleChangesAtOnce" computerName="3c22fbe526e6" duration="00:00:00.2463649" startTime="2022-05-25T13:12:23.9202740+02:00" endTime="2022-05-25T13:12:24.1667360+02:00" testType="13cdc9d9-ddb5-4fa4-a97d-d965ccfc6d4b" outcome="Passed" testListId="8c84fa94-04c1-424b-9868-57a2d4851a1d" relativeResultsDirectory="f442c9d6-3c3d-45cf-b77a-e00a2db26e4d" />
    <UnitTestResult executionId="84ab4c30-fb7a-4c3e-9ddb-69589283f7f7" testId="7cfe9c59-f095-4dce-acce-6a927b7102bb" testName="SignatureHelpOnOpeningParenthesesReturnsSignatureForExistingFunction" computerName="3c22fbe526e6" duration="00:00:00.2440182" startTime="2022-05-25T13:14:05.9070670+02:00" endTime="2022-05-25T13:14:06.1511910+02:00" testType="13cdc9d9-ddb5-4fa4-a97d-d965ccfc6d4b" outcome="Passed" testListId="8c84fa94-04c1-424b-9868-57a2d4851a1d" relativeResultsDirectory="84ab4c30-fb7a-4c3e-9ddb-69589283f7f7" />
    <UnitTestResult executionId="ef92db82-a506-479b-9f3d-262d98396446" testId="423bdeb3-421b-4dfb-a595-a0a4559db73a" testName="SetSingleElement" computerName="3c22fbe526e6" duration="00:00:00.2688540" startTime="2022-05-25T13:12:03.2183030+02:00" endTime="2022-05-25T13:12:03.4873160+02:00" testType="13cdc9d9-ddb5-4fa4-a97d-d965ccfc6d4b" outcome="Passed" testListId="8c84fa94-04c1-424b-9868-57a2d4851a1d" relativeResultsDirectory="ef92db82-a506-479b-9f3d-262d98396446" />
    <UnitTestResult executionId="3fe822f3-9ce1-48f2-a23c-27666d4c051a" testId="d2383411-fc87-4893-9b35-e5ec53d66000" testName="SignatureHelpOnOpeningParenthesesReturnsSignatureForExistingMethod" computerName="3c22fbe526e6" duration="00:00:00.2672120" startTime="2022-05-25T13:14:05.6397130+02:00" endTime="2022-05-25T13:14:05.9070320+02:00" testType="13cdc9d9-ddb5-4fa4-a97d-d965ccfc6d4b" outcome="Passed" testListId="8c84fa94-04c1-424b-9868-57a2d4851a1d" relativeResultsDirectory="3fe822f3-9ce1-48f2-a23c-27666d4c051a" />
    <UnitTestResult executionId="b30de53f-671d-4b03-9db7-348437fb14a0" testId="f395077e-19af-4490-879f-e654e161efcf" testName="SequenceConcat" computerName="3c22fbe526e6" duration="00:00:00.2637514" startTime="2022-05-25T13:12:04.3084390+02:00" endTime="2022-05-25T13:12:04.5724360+02:00" testType="13cdc9d9-ddb5-4fa4-a97d-d965ccfc6d4b" outcome="Passed" testListId="8c84fa94-04c1-424b-9868-57a2d4851a1d" relativeResultsDirectory="b30de53f-671d-4b03-9db7-348437fb14a0" />
    <UnitTestResult executionId="41724669-ae9c-44e0-9f5a-90ac5e18cd57" testId="9da71d5d-03c7-4709-a398-458ecf08a411" testName="OpeningDocumentWithVerificationErrorReportsDiagnosticsWithVerificationErrorsAndNestedRelatedLocations" computerName="3c22fbe526e6" duration="00:00:00.3717682" startTime="2022-05-25T13:12:29.8709550+02:00" endTime="2022-05-25T13:12:30.2428740+02:00" testType="13cdc9d9-ddb5-4fa4-a97d-d965ccfc6d4b" outcome="Passed" testListId="8c84fa94-04c1-424b-9868-57a2d4851a1d" relativeResultsDirectory="41724669-ae9c-44e0-9f5a-90ac5e18cd57" />
    <UnitTestResult executionId="2689511b-8f7d-41dc-b369-01db7f1fa491" testId="e3919076-fa8e-44ba-aa30-9434d1cef9f2" testName="MigrationExpandsDeclarationRangeWhenChangingTheContents" computerName="3c22fbe526e6" duration="00:00:00.2265642" startTime="2022-05-25T13:12:23.2153050+02:00" endTime="2022-05-25T13:12:23.4419990+02:00" testType="13cdc9d9-ddb5-4fa4-a97d-d965ccfc6d4b" outcome="Passed" testListId="8c84fa94-04c1-424b-9868-57a2d4851a1d" relativeResultsDirectory="2689511b-8f7d-41dc-b369-01db7f1fa491" />
    <UnitTestResult executionId="9257e2e3-a942-4364-8aa7-422ffbf66582" testId="e46bc635-af1d-4a13-adc9-009c86a637b7" testName="ResolutionDiagnosticsAreRemovedWhenRangeIsDeleted" computerName="3c22fbe526e6" duration="00:00:00.3357715" startTime="2022-05-25T13:12:11.0517880+02:00" endTime="2022-05-25T13:12:11.3876760+02:00" testType="13cdc9d9-ddb5-4fa4-a97d-d965ccfc6d4b" outcome="Passed" testListId="8c84fa94-04c1-424b-9868-57a2d4851a1d" relativeResultsDirectory="9257e2e3-a942-4364-8aa7-422ffbf66582" />
    <UnitTestResult executionId="3c8090e1-6f1b-4e9b-b597-02bdd242c3da" testId="9bcf84f1-fee2-4a9d-bf32-c5f22adc625e" testName="CanResolveSymbolsForFunctionWithoutBody" computerName="3c22fbe526e6" duration="00:00:00.2255458" startTime="2022-05-25T13:13:57.2952090+02:00" endTime="2022-05-25T13:13:57.5208550+02:00" testType="13cdc9d9-ddb5-4fa4-a97d-d965ccfc6d4b" outcome="Passed" testListId="8c84fa94-04c1-424b-9868-57a2d4851a1d" relativeResultsDirectory="3c8090e1-6f1b-4e9b-b597-02bdd242c3da" />
    <UnitTestResult executionId="7bcb2616-26f8-4375-aafe-1bcc9688bd3f" testId="852c90a0-7e22-49ef-a41a-2bfb5b87433f" testName="DocumentWithNoValidTokensCanBeOpened" computerName="3c22fbe526e6" duration="00:00:00.1430812" startTime="2022-05-25T13:12:52.4117280+02:00" endTime="2022-05-25T13:12:52.5548960+02:00" testType="13cdc9d9-ddb5-4fa4-a97d-d965ccfc6d4b" outcome="Passed" testListId="8c84fa94-04c1-424b-9868-57a2d4851a1d" relativeResultsDirectory="7bcb2616-26f8-4375-aafe-1bcc9688bd3f" />
    <UnitTestResult executionId="795c6c5f-256f-4a0e-9768-86b616a0fd07" testId="b31b2a64-ad3b-4a01-b73d-9d40938cb3b2" testName="CompleteOnLocalArrayReturnsLength" computerName="3c22fbe526e6" duration="00:00:00.3393624" startTime="2022-05-25T13:14:19.4890360+02:00" endTime="2022-05-25T13:14:19.8286030+02:00" testType="13cdc9d9-ddb5-4fa4-a97d-d965ccfc6d4b" outcome="Passed" testListId="8c84fa94-04c1-424b-9868-57a2d4851a1d" relativeResultsDirectory="795c6c5f-256f-4a0e-9768-86b616a0fd07" />
    <UnitTestResult executionId="02ab7821-27df-4b91-8cbc-65641734fef3" testId="a5ff5ce0-acb7-42f0-9021-193970a641c8" testName="ImplicitlyIncludingTheSameModuleTwiceDoesNotResultInDuplicateError" computerName="3c22fbe526e6" duration="00:00:00.3023193" startTime="2022-05-25T13:12:12.7432210+02:00" endTime="2022-05-25T13:12:13.0458500+02:00" testType="13cdc9d9-ddb5-4fa4-a97d-d965ccfc6d4b" outcome="Passed" testListId="8c84fa94-04c1-424b-9868-57a2d4851a1d" relativeResultsDirectory="02ab7821-27df-4b91-8cbc-65641734fef3" />
    <UnitTestResult executionId="baa53487-fe55-4035-a816-ce7a33761615" testId="a2dd010e-bff7-49a2-9702-230b59ae51d9" testName="MapsUpdateStoredInANewVariable" computerName="3c22fbe526e6" duration="00:00:00.2984946" startTime="2022-05-25T13:12:06.8812810+02:00" endTime="2022-05-25T13:12:07.1799950+02:00" testType="13cdc9d9-ddb5-4fa4-a97d-d965ccfc6d4b" outcome="Passed" testListId="8c84fa94-04c1-424b-9868-57a2d4851a1d" relativeResultsDirectory="baa53487-fe55-4035-a816-ce7a33761615" />
    <UnitTestResult executionId="a311b0f4-36f3-476b-bf77-94335a0b230c" testId="c3580956-2c7b-45c1-b893-0feaed9181dc" testName="WhenUsingOnSaveMethodStaysStaleUntilSave" computerName="3c22fbe526e6" duration="00:00:50.0324403" startTime="2022-05-25T13:13:01.1695330+02:00" endTime="2022-05-25T13:13:51.2027970+02:00" testType="13cdc9d9-ddb5-4fa4-a97d-d965ccfc6d4b" outcome="Failed" testListId="8c84fa94-04c1-424b-9868-57a2d4851a1d" relativeResultsDirectory="a311b0f4-36f3-476b-bf77-94335a0b230c">
      <Output>
        <ErrorInfo>
          <Message>Test method Microsoft.Dafny.LanguageServer.IntegrationTest.Synchronization.VerificationStatusTest.WhenUsingOnSaveMethodStaysStaleUntilSave threw exception: &#xD;
System.OperationCanceledException: The operation was canceled.</Message>
          <StackTrace>    at System.Threading.CancellationToken.ThrowOperationCanceledException()
   at System.Threading.SemaphoreSlim.WaitUntilCountOrTimeoutAsync(TaskNode asyncWaiter, Int32 millisecondsTimeout, CancellationToken cancellationToken)
   at Microsoft.Dafny.LanguageServer.IntegrationTest.Util.TestNotificationReceiver`1.AwaitNextNotificationAsync(CancellationToken cancellationToken) in /Users/rwillems/Documents/SourceCode/dafny/Source/DafnyLanguageServer.Test/Util/TestNotificationReceiver.cs:line 20
   at Microsoft.Dafny.LanguageServer.IntegrationTest.Util.DiagnosticsReceiver.AwaitNextDiagnosticsAsync(CancellationToken cancellationToken, TextDocumentItem textDocumentItem) in /Users/rwillems/Documents/SourceCode/dafny/Source/DafnyLanguageServer.Test/Util/DiagnosticsReceiver.cs:line 16
   at Microsoft.Dafny.LanguageServer.IntegrationTest.Util.ClientBasedLanguageServerTest.GetLastDiagnostics(TextDocumentItem documentItem, CancellationToken cancellationToken) in /Users/rwillems/Documents/SourceCode/dafny/Source/DafnyLanguageServer.Test/Util/ClientBasedLanguageServerTest.cs:line 47
   at Microsoft.Dafny.LanguageServer.IntegrationTest.Util.ClientBasedLanguageServerTest.AssertNoVerificationStatusIsComing(TextDocumentItem documentItem, CancellationToken cancellationToken) in /Users/rwillems/Documents/SourceCode/dafny/Source/DafnyLanguageServer.Test/Util/ClientBasedLanguageServerTest.cs:line 104
   at Microsoft.Dafny.LanguageServer.IntegrationTest.Synchronization.VerificationStatusTest.WhenUsingOnSaveMethodStaysStaleUntilSave() in /Users/rwillems/Documents/SourceCode/dafny/Source/DafnyLanguageServer.Test/Synchronization/VerificationStatusTest.cs:line 75
</StackTrace>
        </ErrorInfo>
      </Output>
    </UnitTestResult>
    <UnitTestResult executionId="e60b196f-1f68-4a73-8925-565e9d27fdd0" testId="0d12728f-727f-4483-a756-cd60d7971486" testName="HoveringVariableShadowingAnotherVariableReturnsTheShadowingVariable" computerName="3c22fbe526e6" duration="00:00:00.2085055" startTime="2022-05-25T13:13:59.2901340+02:00" endTime="2022-05-25T13:13:59.4987510+02:00" testType="13cdc9d9-ddb5-4fa4-a97d-d965ccfc6d4b" outcome="Passed" testListId="8c84fa94-04c1-424b-9868-57a2d4851a1d" relativeResultsDirectory="e60b196f-1f68-4a73-8925-565e9d27fdd0" />
    <UnitTestResult executionId="90710e1f-0adc-4797-a1c9-edee58c77517" testId="a2d0287f-747f-4df5-a274-cf06638a80e8" testName="DefinitionOfFieldOfSystemTypeReturnsNoLocation" computerName="3c22fbe526e6" duration="00:00:00.2257704" startTime="2022-05-25T13:13:54.4580000+02:00" endTime="2022-05-25T13:13:54.6838840+02:00" testType="13cdc9d9-ddb5-4fa4-a97d-d965ccfc6d4b" outcome="Passed" testListId="8c84fa94-04c1-424b-9868-57a2d4851a1d" relativeResultsDirectory="90710e1f-0adc-4797-a1c9-edee58c77517" />
    <UnitTestResult executionId="eeb2b620-96d9-4643-986b-ebb314aeb2ab" testId="c701a9ab-c697-4b71-9a30-d532ac3f32ab" testName="InsertMultiLineTextInTheMiddleOfALine" computerName="3c22fbe526e6" duration="00:00:00.2391081" startTime="2022-05-25T13:12:56.3987380+02:00" endTime="2022-05-25T13:12:56.6379570+02:00" testType="13cdc9d9-ddb5-4fa4-a97d-d965ccfc6d4b" outcome="Passed" testListId="8c84fa94-04c1-424b-9868-57a2d4851a1d" relativeResultsDirectory="eeb2b620-96d9-4643-986b-ebb314aeb2ab" />
    <UnitTestResult executionId="81362987-233c-4335-98a5-e6e1f0fff01e" testId="b353d9dc-5da1-4af1-a866-a4eb29c29340" testName="OpeningDocumentWithFailedCallExpressionUnderlinesAllOfIt" computerName="3c22fbe526e6" duration="00:00:00.2884964" startTime="2022-05-25T13:12:35.3724960+02:00" endTime="2022-05-25T13:12:35.6611300+02:00" testType="13cdc9d9-ddb5-4fa4-a97d-d965ccfc6d4b" outcome="Passed" testListId="8c84fa94-04c1-424b-9868-57a2d4851a1d" relativeResultsDirectory="81362987-233c-4335-98a5-e6e1f0fff01e" />
    <UnitTestResult executionId="f61b65ae-a1cb-4dab-8780-a070157c572b" testId="27d5cffe-b4e2-4dff-9769-6a4cd5e75c04" testName="LeavesDocumentUnchangedIfDocumentContainsSyntaxErrorsIfVerifyOnSave" computerName="3c22fbe526e6" duration="00:00:00.3174471" startTime="2022-05-25T13:12:53.1913510+02:00" endTime="2022-05-25T13:12:53.5089050+02:00" testType="13cdc9d9-ddb5-4fa4-a97d-d965ccfc6d4b" outcome="Passed" testListId="8c84fa94-04c1-424b-9868-57a2d4851a1d" relativeResultsDirectory="f61b65ae-a1cb-4dab-8780-a070157c572b" />
    <UnitTestResult executionId="cc130047-d4b4-4ef3-bb5d-fc03fdac31be" testId="87db0d32-21eb-44ab-b7df-37ef8d7ba2c7" testName="FractionAsAReal" computerName="3c22fbe526e6" duration="00:00:00.2684211" startTime="2022-05-25T13:11:54.8804000+02:00" endTime="2022-05-25T13:11:55.1489740+02:00" testType="13cdc9d9-ddb5-4fa4-a97d-d965ccfc6d4b" outcome="Passed" testListId="8c84fa94-04c1-424b-9868-57a2d4851a1d" relativeResultsDirectory="cc130047-d4b4-4ef3-bb5d-fc03fdac31be" />
    <UnitTestResult executionId="80337b47-cb48-4f3b-8326-9eb433dbb625" testId="693e78c4-42d5-4c5c-8a41-fb3af4888e4a" testName="DoNotMigrateDiagnosticsOfRemovedMethod" computerName="3c22fbe526e6" duration="00:00:00.5582100" startTime="2022-05-25T13:12:45.1535980+02:00" endTime="2022-05-25T13:12:45.7119910+02:00" testType="13cdc9d9-ddb5-4fa4-a97d-d965ccfc6d4b" outcome="Passed" testListId="8c84fa94-04c1-424b-9868-57a2d4851a1d" relativeResultsDirectory="80337b47-cb48-4f3b-8326-9eb433dbb625" />
    <UnitTestResult executionId="8bf43cd8-f0c0-40f1-8b01-17a3437daa9d" testId="f548a525-2dc8-4b95-b325-d335189e4cb3" testName="SequenceSingleElement" computerName="3c22fbe526e6" duration="00:00:00.2778083" startTime="2022-05-25T13:12:04.0304010+02:00" endTime="2022-05-25T13:12:04.3083770+02:00" testType="13cdc9d9-ddb5-4fa4-a97d-d965ccfc6d4b" outcome="Passed" testListId="8c84fa94-04c1-424b-9868-57a2d4851a1d" relativeResultsDirectory="8bf43cd8-f0c0-40f1-8b01-17a3437daa9d" />
    <UnitTestResult executionId="7476a6c6-b80e-451f-b73f-118648948738" testId="e94f4284-424e-47ec-9b5c-a634e3747acf" testName="ModuleRenaming" computerName="3c22fbe526e6" duration="00:00:00.3310678" startTime="2022-05-25T13:12:08.3191250+02:00" endTime="2022-05-25T13:12:08.6503510+02:00" testType="13cdc9d9-ddb5-4fa4-a97d-d965ccfc6d4b" outcome="Passed" testListId="8c84fa94-04c1-424b-9868-57a2d4851a1d" relativeResultsDirectory="7476a6c6-b80e-451f-b73f-118648948738" />
    <UnitTestResult executionId="1ab0cf5e-afca-4aca-819b-24373a30ecaf" testId="2ee34b06-04ef-4ae1-9956-c93b57cd04c5" testName="LeavesDocumentUnchangedIfVerifyNever" computerName="3c22fbe526e6" duration="00:00:00.3377647" startTime="2022-05-25T13:12:52.8534590+02:00" endTime="2022-05-25T13:12:53.1913150+02:00" testType="13cdc9d9-ddb5-4fa4-a97d-d965ccfc6d4b" outcome="Passed" testListId="8c84fa94-04c1-424b-9868-57a2d4851a1d" relativeResultsDirectory="1ab0cf5e-afca-4aca-819b-24373a30ecaf" />
    <UnitTestResult executionId="6319058c-8f7e-4948-b995-58138eac08a0" testId="1d355461-e458-4581-a2f5-10b1205cbb31" testName="MigrationRemovesSymbolLocationsWithinTheChangedRange" computerName="3c22fbe526e6" duration="00:00:00.2083537" startTime="2022-05-25T13:12:50.7550570+02:00" endTime="2022-05-25T13:12:50.9635070+02:00" testType="13cdc9d9-ddb5-4fa4-a97d-d965ccfc6d4b" outcome="Passed" testListId="8c84fa94-04c1-424b-9868-57a2d4851a1d" relativeResultsDirectory="6319058c-8f7e-4948-b995-58138eac08a0" />
    <UnitTestResult executionId="14ab9c55-1d71-4691-937e-7e640095d99d" testId="f53e0297-4903-4cbe-98f6-db32405d0849" testName="MigrationExpandsDeclarationRangeWhenChangingTheContentsOnTheSameLine" computerName="3c22fbe526e6" duration="00:00:00.2460141" startTime="2022-05-25T13:12:23.4420320+02:00" endTime="2022-05-25T13:12:23.6881850+02:00" testType="13cdc9d9-ddb5-4fa4-a97d-d965ccfc6d4b" outcome="Passed" testListId="8c84fa94-04c1-424b-9868-57a2d4851a1d" relativeResultsDirectory="14ab9c55-1d71-4691-937e-7e640095d99d" />
    <UnitTestResult executionId="f4ee4751-94de-4097-8ed9-8e0e5a8aec37" testId="6df59ac9-db53-44d1-9d72-343fbfe6825d" testName="SignatureHelpOnOpeningParenthesesReturnsNullIfNoSuchMethodOrFunctionExists" computerName="3c22fbe526e6" duration="00:00:00.2266033" startTime="2022-05-25T13:14:06.1512380+02:00" endTime="2022-05-25T13:14:06.3779370+02:00" testType="13cdc9d9-ddb5-4fa4-a97d-d965ccfc6d4b" outcome="Passed" testListId="8c84fa94-04c1-424b-9868-57a2d4851a1d" relativeResultsDirectory="f4ee4751-94de-4097-8ed9-8e0e5a8aec37" />
    <UnitTestResult executionId="f1fc42e5-7b14-4ee9-b3dc-c43017a440da" testId="fbb7778a-36b2-4aef-b162-d1d334b3faac" testName="MigrationRemovesLocationsWithinTheChangedRange" computerName="3c22fbe526e6" duration="00:00:00.2318986" startTime="2022-05-25T13:12:23.6882210+02:00" endTime="2022-05-25T13:12:23.9202350+02:00" testType="13cdc9d9-ddb5-4fa4-a97d-d965ccfc6d4b" outcome="Passed" testListId="8c84fa94-04c1-424b-9868-57a2d4851a1d" relativeResultsDirectory="f1fc42e5-7b14-4ee9-b3dc-c43017a440da" />
    <UnitTestResult executionId="7d3b690f-07b5-4583-97bf-f61a4afa79ed" testId="69722e5f-28da-4fd7-8b00-510f4fe1ce20" testName="VerificationErrorDetectedAfterCanceledSave" computerName="3c22fbe526e6" duration="00:00:00.7307885" startTime="2022-05-25T13:11:47.3247860+02:00" endTime="2022-05-25T13:11:48.0560670+02:00" testType="13cdc9d9-ddb5-4fa4-a97d-d965ccfc6d4b" outcome="Passed" testListId="8c84fa94-04c1-424b-9868-57a2d4851a1d" relativeResultsDirectory="7d3b690f-07b5-4583-97bf-f61a4afa79ed" />
    <UnitTestResult executionId="7e4029cc-67ee-4046-b047-5dcac709cfd4" testId="178b2f91-d1e7-42a7-96d8-b14d242dd1d6" testName="SequenceEdit" computerName="3c22fbe526e6" duration="00:00:00.2804584" startTime="2022-05-25T13:12:03.7497430+02:00" endTime="2022-05-25T13:12:04.0303570+02:00" testType="13cdc9d9-ddb5-4fa4-a97d-d965ccfc6d4b" outcome="Passed" testListId="8c84fa94-04c1-424b-9868-57a2d4851a1d" relativeResultsDirectory="7e4029cc-67ee-4046-b047-5dcac709cfd4" />
    <UnitTestResult executionId="6e659af5-df65-4ff0-8a32-632eddb7e8a0" testId="c3877eae-222a-4303-8f6a-498134865787" testName="OpeningDocumentWithVerificationErrorDoesNotReportDiagnosticsWithVerificationErrorsIfNotVerifyOnChange" computerName="3c22fbe526e6" duration="00:00:00.3510225" startTime="2022-05-25T13:12:25.9874590+02:00" endTime="2022-05-25T13:12:26.3386080+02:00" testType="13cdc9d9-ddb5-4fa4-a97d-d965ccfc6d4b" outcome="Passed" testListId="8c84fa94-04c1-424b-9868-57a2d4851a1d" relativeResultsDirectory="6e659af5-df65-4ff0-8a32-632eddb7e8a0" />
    <UnitTestResult executionId="80c7b069-8f03-4384-b113-93d8482267c0" testId="05bea864-1255-477a-843e-f3d89a3e8620" testName="OpeningDocumentThatIncludesDocumentWithSemanticErrorsReportsResolverErrorAtInclude" computerName="3c22fbe526e6" duration="00:00:00.1656258" startTime="2022-05-25T13:12:28.8887510+02:00" endTime="2022-05-25T13:12:29.0544740+02:00" testType="13cdc9d9-ddb5-4fa4-a97d-d965ccfc6d4b" outcome="Passed" testListId="8c84fa94-04c1-424b-9868-57a2d4851a1d" relativeResultsDirectory="80c7b069-8f03-4384-b113-93d8482267c0" />
    <UnitTestResult executionId="9cc4f1e2-029b-4944-9f15-6c0f86c013ed" testId="ed957296-50cc-44cf-a840-5f097afa9a1f" testName="HoveringExistsBoundVarReturnsBoundVarInferredType" computerName="3c22fbe526e6" duration="00:00:00.2752136" startTime="2022-05-25T13:14:02.1621310+02:00" endTime="2022-05-25T13:14:02.4374630+02:00" testType="13cdc9d9-ddb5-4fa4-a97d-d965ccfc6d4b" outcome="Passed" testListId="8c84fa94-04c1-424b-9868-57a2d4851a1d" relativeResultsDirectory="9cc4f1e2-029b-4944-9f15-6c0f86c013ed" />
    <UnitTestResult executionId="81f5a8a4-6f41-4eba-8046-6c1f9b16c0e0" testId="7ef80db8-8cf6-4b7e-a7b8-677bddd87e4c" testName="OpeningDocumentThatIncludesNonExistentDocumentReportsParserErrorAtInclude" computerName="3c22fbe526e6" duration="00:00:00.1543468" startTime="2022-05-25T13:12:28.5812720+02:00" endTime="2022-05-25T13:12:28.7357740+02:00" testType="13cdc9d9-ddb5-4fa4-a97d-d965ccfc6d4b" outcome="Passed" testListId="8c84fa94-04c1-424b-9868-57a2d4851a1d" relativeResultsDirectory="81f5a8a4-6f41-4eba-8046-6c1f9b16c0e0" />
    <UnitTestResult executionId="9b6140d4-adef-44a0-80d8-0a976ead2dae" testId="b8b3e8df-1927-4f8b-8937-eb5cb7f88808" testName="EnsuresItWorksForSubsetTypes" computerName="3c22fbe526e6" duration="00:00:00.8192098" startTime="2022-05-25T13:14:11.7008560+02:00" endTime="2022-05-25T13:14:12.5202810+02:00" testType="13cdc9d9-ddb5-4fa4-a97d-d965ccfc6d4b" outcome="Passed" testListId="8c84fa94-04c1-424b-9868-57a2d4851a1d" relativeResultsDirectory="9b6140d4-adef-44a0-80d8-0a976ead2dae" />
    <UnitTestResult executionId="d107c586-95ae-4973-9ee7-719b631f1d3d" testId="4a52217c-c8aa-4bc4-a718-19cb0b6c440d" testName="DefinitionOfInvocationOfUnknownFunctionOrMethodReturnsNoLocation" computerName="3c22fbe526e6" duration="00:00:00.2628124" startTime="2022-05-25T13:13:55.0295050+02:00" endTime="2022-05-25T13:13:55.2924450+02:00" testType="13cdc9d9-ddb5-4fa4-a97d-d965ccfc6d4b" outcome="Passed" testListId="8c84fa94-04c1-424b-9868-57a2d4851a1d" relativeResultsDirectory="d107c586-95ae-4973-9ee7-719b631f1d3d" />
    <UnitTestResult executionId="248f1475-0212-40b1-b81c-90fde33959d7" testId="0c488d6d-ef3f-4895-839b-27f333b0acfd" testName="IncrementalVerificationDiagnosticsBetweenAssertionsAndWellFormedness" computerName="3c22fbe526e6" duration="00:00:00.4037810" startTime="2022-05-25T13:12:38.9639550+02:00" endTime="2022-05-25T13:12:39.3678570+02:00" testType="13cdc9d9-ddb5-4fa4-a97d-d965ccfc6d4b" outcome="Passed" testListId="8c84fa94-04c1-424b-9868-57a2d4851a1d" relativeResultsDirectory="248f1475-0212-40b1-b81c-90fde33959d7" />
    <UnitTestResult executionId="a952699b-85de-41c2-8f93-565e1a71315b" testId="38ec1184-3c31-43d9-a088-be87d56937c0" testName="StatusesOfDifferentImplementationUnderOneNamedVerifiableAreCorrectlyMerged" computerName="3c22fbe526e6" duration="00:00:00.3674300" startTime="2022-05-25T13:13:52.0037800+02:00" endTime="2022-05-25T13:13:52.3716060+02:00" testType="13cdc9d9-ddb5-4fa4-a97d-d965ccfc6d4b" outcome="Passed" testListId="8c84fa94-04c1-424b-9868-57a2d4851a1d" relativeResultsDirectory="a952699b-85de-41c2-8f93-565e1a71315b" />
    <UnitTestResult executionId="58994301-a369-457b-a4ba-33fd657a01bc" testId="fcf0ee55-5581-4243-b2be-215cd0f5177f" testName="OpeningDocumentWithSemanticErrorReportsDiagnosticsWithSemanticErrors" computerName="3c22fbe526e6" duration="00:00:00.2184007" startTime="2022-05-25T13:12:25.3653850+02:00" endTime="2022-05-25T13:12:25.5838800+02:00" testType="13cdc9d9-ddb5-4fa4-a97d-d965ccfc6d4b" outcome="Passed" testListId="8c84fa94-04c1-424b-9868-57a2d4851a1d" relativeResultsDirectory="58994301-a369-457b-a4ba-33fd657a01bc" />
    <UnitTestResult executionId="d9d9f667-ac75-4364-bfb5-9eac3e605838" testId="22f97182-5b61-4038-87e5-b6afe1923d50" testName="HoveringDeclarationVariableReturnsInferredVariableType" computerName="3c22fbe526e6" duration="00:00:00.2492299" startTime="2022-05-25T13:14:01.6592930+02:00" endTime="2022-05-25T13:14:01.9086360+02:00" testType="13cdc9d9-ddb5-4fa4-a97d-d965ccfc6d4b" outcome="Passed" testListId="8c84fa94-04c1-424b-9868-57a2d4851a1d" relativeResultsDirectory="d9d9f667-ac75-4364-bfb5-9eac3e605838" />
    <UnitTestResult executionId="e67601f9-8660-45cd-9159-e864ecb3a803" testId="c56a8133-ff54-4674-8423-973d28413733" testName="EnsureEmptyDocumentIsVerified" computerName="3c22fbe526e6" duration="00:00:00.4278804" startTime="2022-05-25T13:14:16.6477100+02:00" endTime="2022-05-25T13:14:17.0759190+02:00" testType="13cdc9d9-ddb5-4fa4-a97d-d965ccfc6d4b" outcome="Passed" testListId="8c84fa94-04c1-424b-9868-57a2d4851a1d" relativeResultsDirectory="e67601f9-8660-45cd-9159-e864ecb3a803" />
    <UnitTestResult executionId="3561b1ca-5062-4468-94ca-2c0789b723d4" testId="5780d3eb-7b7c-45cb-a2fb-772163552490" testName="OpeningDocumentWithTimeoutReportsTimeoutDiagnostic" computerName="3c22fbe526e6" duration="00:00:01.5024416" startTime="2022-05-25T13:12:33.2865190+02:00" endTime="2022-05-25T13:12:34.7891100+02:00" testType="13cdc9d9-ddb5-4fa4-a97d-d965ccfc6d4b" outcome="Passed" testListId="8c84fa94-04c1-424b-9868-57a2d4851a1d" relativeResultsDirectory="3561b1ca-5062-4468-94ca-2c0789b723d4" />
    <UnitTestResult executionId="7058c5a2-d4fa-4195-8193-f27bfaba503a" testId="62f9e654-1e2d-4952-940c-1b4b36d718c1" testName="ArraySimpleTest" computerName="3c22fbe526e6" duration="00:00:00.3200138" startTime="2022-05-25T13:12:00.1109430+02:00" endTime="2022-05-25T13:12:00.4310990+02:00" testType="13cdc9d9-ddb5-4fa4-a97d-d965ccfc6d4b" outcome="Passed" testListId="8c84fa94-04c1-424b-9868-57a2d4851a1d" relativeResultsDirectory="7058c5a2-d4fa-4195-8193-f27bfaba503a" />
    <UnitTestResult executionId="176272c9-609b-489a-8451-6537d14ec9bb" testId="1fbe8397-7223-4154-8072-e5b75dc1a960" testName="HoveringLambdaBoundVarReturnsBoundVarInferredType" computerName="3c22fbe526e6" duration="00:00:00.2247965" startTime="2022-05-25T13:14:02.9822170+02:00" endTime="2022-05-25T13:14:03.2071220+02:00" testType="13cdc9d9-ddb5-4fa4-a97d-d965ccfc6d4b" outcome="Passed" testListId="8c84fa94-04c1-424b-9868-57a2d4851a1d" relativeResultsDirectory="176272c9-609b-489a-8451-6537d14ec9bb" />
    <UnitTestResult executionId="228ca2ab-60dd-4b62-89ea-96d8ed90e70c" testId="08b15dba-12e5-44d0-930f-7957efc79bf0" testName="StrongNestingDoesNotCauseStackOverlfow" computerName="3c22fbe526e6" duration="00:00:00.6739147" startTime="2022-05-25T13:12:19.9523950+02:00" endTime="2022-05-25T13:12:20.6265900+02:00" testType="13cdc9d9-ddb5-4fa4-a97d-d965ccfc6d4b" outcome="Passed" testListId="8c84fa94-04c1-424b-9868-57a2d4851a1d" relativeResultsDirectory="228ca2ab-60dd-4b62-89ea-96d8ed90e70c" />
    <UnitTestResult executionId="75d1be17-81f2-49b0-a649-89dcc583034c" testId="22382db4-208d-4dc4-83e6-0e1497ff67bf" testName="MigrationMovesLinesOfSymbolsAfterWhenRemovingInTheMiddle" computerName="3c22fbe526e6" duration="00:00:00.2108411" startTime="2022-05-25T13:12:50.1407700+02:00" endTime="2022-05-25T13:12:50.3517070+02:00" testType="13cdc9d9-ddb5-4fa4-a97d-d965ccfc6d4b" outcome="Passed" testListId="8c84fa94-04c1-424b-9868-57a2d4851a1d" relativeResultsDirectory="75d1be17-81f2-49b0-a649-89dcc583034c" />
    <UnitTestResult executionId="73f00c21-55a7-4c05-a136-da8fa1c3101a" testId="4c209bd6-b3ac-4f0f-a8bc-d6c37cd515de" testName="AllTypesOfNamedVerifiablesAreIdentified" computerName="3c22fbe526e6" duration="00:00:00.3050516" startTime="2022-05-25T13:13:52.3716820+02:00" endTime="2022-05-25T13:13:52.6768560+02:00" testType="13cdc9d9-ddb5-4fa4-a97d-d965ccfc6d4b" outcome="Passed" testListId="8c84fa94-04c1-424b-9868-57a2d4851a1d" relativeResultsDirectory="73f00c21-55a7-4c05-a136-da8fa1c3101a">
      <Output>
        <StdOut>\u001b[41m\u001b[30mfail\u001b[39m\u001b[22m\u001b[49m: Microsoft.Dafny.LanguageServer.Handlers.DafnyTextDocumentHandler[0]
      error while handling document event
      System.ArgumentException: An element with the same key but a different value already exists. Key: '(line: 33, char: 9)'
         at System.Collections.Immutable.ImmutableDictionary`2.HashBucket.Add(TKey key, TValue value, IEqualityComparer`1 keyOnlyComparer, IEqualityComparer`1 valueComparer, KeyCollisionBehavior behavior, OperationResult&amp; result)
         at System.Collections.Immutable.ImmutableDictionary`2.AddRange(IEnumerable`1 items, MutationInput origin, KeyCollisionBehavior collisionBehavior)
         at System.Collections.Immutable.ImmutableDictionary`2.AddRange(IEnumerable`1 pairs, Boolean avoidToHashMap)
         at Microsoft.Dafny.LanguageServer.Workspace.VerificationProgressReporter.ReportImplementationsBeforeVerification(Implementation[] implementations) in /Users/rwillems/Documents/SourceCode/dafny/Source/DafnyLanguageServer/Workspace/VerificationProgressReporter.cs:line 151
         at Microsoft.Dafny.LanguageServer.Workspace.TextDocumentLoader.Verify(DafnyDocument document, CancellationToken cancellationToken) in /Users/rwillems/Documents/SourceCode/dafny/Source/DafnyLanguageServer/Workspace/TextDocumentLoader.cs:line 191
         at Microsoft.Dafny.LanguageServer.Workspace.DocumentDatabase.&lt;&gt;c__DisplayClass18_0.&lt;Verify&gt;b__0(Task`1 task) in /Users/rwillems/Documents/SourceCode/dafny/Source/DafnyLanguageServer/Workspace/DocumentDatabase.cs:line 121
         at System.Threading.Tasks.ContinuationResultTaskFromResultTask`2.InnerInvoke()
         at System.Threading.ExecutionContext.RunFromThreadPoolDispatchLoop(Thread threadPoolThread, ExecutionContext executionContext, ContextCallback callback, Object state)
      --- End of stack trace from previous location ---
         at System.Threading.Tasks.Task.ExecuteWithThreadLocal(Task&amp; currentTaskSlot, Thread threadPoolThread)</StdOut>
      </Output>
    </UnitTestResult>
    <UnitTestResult executionId="c7a3999f-ee86-4225-a53b-f655022bdf26" testId="398758b4-b3de-4c3b-b744-965f95ec2916" testName="SeqSetAndArrayAsTypeParameters" computerName="3c22fbe526e6" duration="00:00:00.2757564" startTime="2022-05-25T13:12:02.0498960+02:00" endTime="2022-05-25T13:12:02.3258070+02:00" testType="13cdc9d9-ddb5-4fa4-a97d-d965ccfc6d4b" outcome="Passed" testListId="8c84fa94-04c1-424b-9868-57a2d4851a1d" relativeResultsDirectory="c7a3999f-ee86-4225-a53b-f655022bdf26" />
    <UnitTestResult executionId="d2a696fe-7421-4721-a3db-9d0b42a2223a" testId="17ea9f3e-c798-48e0-9f31-e2bc6c8b4ab7" testName="DocumentStaysUnloadedWhenClosed" computerName="3c22fbe526e6" duration="00:00:00.2236903" startTime="2022-05-25T13:12:21.7580000+02:00" endTime="2022-05-25T13:12:21.9817860+02:00" testType="13cdc9d9-ddb5-4fa4-a97d-d965ccfc6d4b" outcome="Passed" testListId="8c84fa94-04c1-424b-9868-57a2d4851a1d" relativeResultsDirectory="d2a696fe-7421-4721-a3db-9d0b42a2223a">
      <Output>
        <StdOut>\u001b[40m\u001b[1m\u001b[33mwarn\u001b[39m\u001b[22m\u001b[49m: Microsoft.Dafny.LanguageServer.Handlers.DafnyHoverHandler[0]
      the document file:///testFile81.dfy is not loaded</StdOut>
      </Output>
    </UnitTestResult>
    <UnitTestResult executionId="4db33010-f99d-450a-ab47-95a8411555ba" testId="ef7920bc-3d80-4308-97a3-738f20a924b7" testName="CancelingVerificationStopsTheProver" computerName="3c22fbe526e6" duration="00:00:06.0552743" startTime="2022-05-25T13:11:32.1196370+02:00" endTime="2022-05-25T13:11:38.1908150+02:00" testType="13cdc9d9-ddb5-4fa4-a97d-d965ccfc6d4b" outcome="Passed" testListId="8c84fa94-04c1-424b-9868-57a2d4851a1d" relativeResultsDirectory="4db33010-f99d-450a-ab47-95a8411555ba" />
    <UnitTestResult executionId="1383bb14-de25-4683-94eb-f4f9d298bf4a" testId="6e542bf6-0947-4d40-a40f-678c97be8071" testName="ApplyingMultipleChangesInDocumentOnlySendsOneReport" computerName="3c22fbe526e6" duration="00:00:00.2937516" startTime="2022-05-25T13:12:28.0497520+02:00" endTime="2022-05-25T13:12:28.3437180+02:00" testType="13cdc9d9-ddb5-4fa4-a97d-d965ccfc6d4b" outcome="Passed" testListId="8c84fa94-04c1-424b-9868-57a2d4851a1d" relativeResultsDirectory="1383bb14-de25-4683-94eb-f4f9d298bf4a" />
    <UnitTestResult executionId="a39d0560-a406-46c9-84f8-69fab7fe3056" testId="f5b0198c-30a2-46b4-89ef-77ef458edd88" testName="EnsuresPriorityWorksEvenIfRemovingMethods" computerName="3c22fbe526e6" duration="00:00:00.5592625" startTime="2022-05-25T13:14:10.0310650+02:00" endTime="2022-05-25T13:14:10.5904270+02:00" testType="13cdc9d9-ddb5-4fa4-a97d-d965ccfc6d4b" outcome="Passed" testListId="8c84fa94-04c1-424b-9868-57a2d4851a1d" relativeResultsDirectory="a39d0560-a406-46c9-84f8-69fab7fe3056" />
    <UnitTestResult executionId="357055a1-4f71-4c6a-af00-98a261f74be2" testId="daea02e7-4ad9-422e-98a6-d3753242277a" testName="MigrationLeavesCharacterOfSymbolsBeforeUnchangedWhenChangingInTheMiddleOfLine" computerName="3c22fbe526e6" duration="00:00:00.2028928" startTime="2022-05-25T13:12:50.3517380+02:00" endTime="2022-05-25T13:12:50.5547250+02:00" testType="13cdc9d9-ddb5-4fa4-a97d-d965ccfc6d4b" outcome="Passed" testListId="8c84fa94-04c1-424b-9868-57a2d4851a1d" relativeResultsDirectory="357055a1-4f71-4c6a-af00-98a261f74be2" />
    <UnitTestResult executionId="69926f9d-61b3-4910-a4c7-a2abae8bf707" testId="1aa65543-34f0-4b42-9e82-e3e0c0fc5849" testName="DefinitionOfVariableShadowedByAnotherReturnsTheOriginalVariable" computerName="3c22fbe526e6" duration="00:00:00.2291601" startTime="2022-05-25T13:13:55.9728220+02:00" endTime="2022-05-25T13:13:56.2020880+02:00" testType="13cdc9d9-ddb5-4fa4-a97d-d965ccfc6d4b" outcome="Passed" testListId="8c84fa94-04c1-424b-9868-57a2d4851a1d" relativeResultsDirectory="69926f9d-61b3-4910-a4c7-a2abae8bf707" />
    <UnitTestResult executionId="c274ac8e-11de-442e-b63c-6b46054562bd" testId="a4ed780c-a1d7-4d54-bfdb-05ff0ab3c649" testName="ReplaceMultiLineTextAtStart" computerName="3c22fbe526e6" duration="00:00:00.2508589" startTime="2022-05-25T13:12:57.1317970+02:00" endTime="2022-05-25T13:12:57.3827630+02:00" testType="13cdc9d9-ddb5-4fa4-a97d-d965ccfc6d4b" outcome="Passed" testListId="8c84fa94-04c1-424b-9868-57a2d4851a1d" relativeResultsDirectory="c274ac8e-11de-442e-b63c-6b46054562bd" />
    <UnitTestResult executionId="b022fe3c-86f8-4d70-8f90-030c8305c309" testId="c7775d2c-d9a2-4cfe-ba7f-67219381836f" testName="ClosingDocumentWithSyntaxErrorHidesDiagnosticsBySendingEmptyDiagnostics" computerName="3c22fbe526e6" duration="00:00:00.2372058" startTime="2022-05-25T13:12:28.3438120+02:00" endTime="2022-05-25T13:12:28.5811760+02:00" testType="13cdc9d9-ddb5-4fa4-a97d-d965ccfc6d4b" outcome="Passed" testListId="8c84fa94-04c1-424b-9868-57a2d4851a1d" relativeResultsDirectory="b022fe3c-86f8-4d70-8f90-030c8305c309" />
    <UnitTestResult executionId="d82bb989-069e-43dc-bf2a-bd6d06872de9" testId="71715239-290b-4b63-9f6e-9c2ff8e7fe8c" testName="PassingANullChangeRangeClearsSymbolsTable" computerName="3c22fbe526e6" duration="00:00:00.2810954" startTime="2022-05-25T13:12:24.1667700+02:00" endTime="2022-05-25T13:12:24.4479840+02:00" testType="13cdc9d9-ddb5-4fa4-a97d-d965ccfc6d4b" outcome="Passed" testListId="8c84fa94-04c1-424b-9868-57a2d4851a1d" relativeResultsDirectory="d82bb989-069e-43dc-bf2a-bd6d06872de9" />
    <UnitTestResult executionId="e78dd02d-457a-4a9e-bf7f-d0c44c4db5ff" testId="d8ddbabe-ab8c-4d49-930c-21fd0a099b6b" testName="HoveringForAllBoundVarInPredicateReturnsBoundVarInferredType" computerName="3c22fbe526e6" duration="00:00:00.2558493" startTime="2022-05-25T13:14:03.2071660+02:00" endTime="2022-05-25T13:14:03.4631510+02:00" testType="13cdc9d9-ddb5-4fa4-a97d-d965ccfc6d4b" outcome="Passed" testListId="8c84fa94-04c1-424b-9868-57a2d4851a1d" relativeResultsDirectory="e78dd02d-457a-4a9e-bf7f-d0c44c4db5ff" />
  </Results>
  <TestDefinitions>
    <UnitTest name="EnsuresPriorityWorksEvenIfRemovingMethods" storage="/users/rwillems/documents/sourcecode/dafny/source/dafnylanguageserver.test/bin/debug/net6.0/dafnylanguageserver.test.dll" id="f5b0198c-30a2-46b4-89ef-77ef458edd88">
      <Execution id="a39d0560-a406-46c9-84f8-69fab7fe3056" />
      <TestMethod codeBase="/Users/rwillems/Documents/SourceCode/dafny/Source/DafnyLanguageServer.Test/bin/Debug/net6.0/DafnyLanguageServer.Test.dll" adapterTypeName="executor://mstestadapter/v2" className="Microsoft.Dafny.LanguageServer.IntegrationTest.Diagnostics.ReorderingVerificationGutterStatusTester" name="EnsuresPriorityWorksEvenIfRemovingMethods" />
    </UnitTest>
    <UnitTest name="RemoveCompleteDocumentContent" storage="/users/rwillems/documents/sourcecode/dafny/source/dafnylanguageserver.test/bin/debug/net6.0/dafnylanguageserver.test.dll" id="94d85788-a1b0-4103-98af-0c218b7f4793">
      <Execution id="b5a306a4-1795-4e9a-ab3b-82673d10de5f" />
      <TestMethod codeBase="/Users/rwillems/Documents/SourceCode/dafny/Source/DafnyLanguageServer.Test/bin/Debug/net6.0/DafnyLanguageServer.Test.dll" adapterTypeName="executor://mstestadapter/v2" className="Microsoft.Dafny.LanguageServer.IntegrationTest.Synchronization.TextReplacementTest" name="RemoveCompleteDocumentContent" />
    </UnitTest>
    <UnitTest name="SpecificCharacter" storage="/users/rwillems/documents/sourcecode/dafny/source/dafnylanguageserver.test/bin/debug/net6.0/dafnylanguageserver.test.dll" id="ed1cf78b-cf19-440d-989e-28df4f11b321">
      <Execution id="bc7945c7-ed60-47d2-a5b1-62605528733d" />
      <TestMethod codeBase="/Users/rwillems/Documents/SourceCode/dafny/Source/DafnyLanguageServer.Test/bin/Debug/net6.0/DafnyLanguageServer.Test.dll" adapterTypeName="executor://mstestadapter/v2" className="Microsoft.Dafny.LanguageServer.IntegrationTest.Various.CounterExampleTest" name="SpecificCharacter" />
    </UnitTest>
    <UnitTest name="LanguageServerShutsDownIfParentDies" storage="/users/rwillems/documents/sourcecode/dafny/source/dafnylanguageserver.test/bin/debug/net6.0/dafnylanguageserver.test.dll" id="cd5c88b8-3a8e-4ea9-90d4-40b6a1f74a04">
      <Execution id="1c0f1601-3c40-4265-bb7c-0ef611ffcf0f" />
      <TestMethod codeBase="/Users/rwillems/Documents/SourceCode/dafny/Source/DafnyLanguageServer.Test/bin/Debug/net6.0/DafnyLanguageServer.Test.dll" adapterTypeName="executor://mstestadapter/v2" className="Microsoft.Dafny.LanguageServer.IntegrationTest.Various.ShutdownTest" name="LanguageServerShutsDownIfParentDies" />
    </UnitTest>
    <UnitTest name="MigrationLeavesCharacterOfSymbolsBeforeUnchangedWhenChangingInTheMiddleOfLine" storage="/users/rwillems/documents/sourcecode/dafny/source/dafnylanguageserver.test/bin/debug/net6.0/dafnylanguageserver.test.dll" id="daea02e7-4ad9-422e-98a6-d3753242277a">
      <Execution id="357055a1-4f71-4c6a-af00-98a261f74be2" />
      <TestMethod codeBase="/Users/rwillems/Documents/SourceCode/dafny/Source/DafnyLanguageServer.Test/bin/Debug/net6.0/DafnyLanguageServer.Test.dll" adapterTypeName="executor://mstestadapter/v2" className="Microsoft.Dafny.LanguageServer.IntegrationTest.Synchronization.LookupMigrationTest" name="MigrationLeavesCharacterOfSymbolsBeforeUnchangedWhenChangingInTheMiddleOfLine" />
    </UnitTest>
    <UnitTest name="SignatureHelpForUnloadedDocumentReturnsNull" storage="/users/rwillems/documents/sourcecode/dafny/source/dafnylanguageserver.test/bin/debug/net6.0/dafnylanguageserver.test.dll" id="87cc2782-ed1c-4945-a5a5-2efa94cdf4ad">
      <Execution id="7976c823-b999-4b82-a9c9-5a50e028d975" />
      <TestMethod codeBase="/Users/rwillems/Documents/SourceCode/dafny/Source/DafnyLanguageServer.Test/bin/Debug/net6.0/DafnyLanguageServer.Test.dll" adapterTypeName="executor://mstestadapter/v2" className="Microsoft.Dafny.LanguageServer.IntegrationTest.Lookup.SignatureHelpTest" name="SignatureHelpForUnloadedDocumentReturnsNull" />
    </UnitTest>
    <UnitTest name="ResolutionDiagnosticsAreReturnedBeforeComputingVerificationTasks" storage="/users/rwillems/documents/sourcecode/dafny/source/dafnylanguageserver.test/bin/debug/net6.0/dafnylanguageserver.test.dll" id="1ac989f1-bb9b-4909-910b-439cae118393">
      <Execution id="fe00ded7-fa70-4264-9e2b-f148e3a1ebd1" />
      <TestMethod codeBase="/Users/rwillems/Documents/SourceCode/dafny/Source/DafnyLanguageServer.Test/bin/Debug/net6.0/DafnyLanguageServer.Test.dll" adapterTypeName="executor://mstestadapter/v2" className="Microsoft.Dafny.LanguageServer.IntegrationTest.Synchronization.DiagnosticsTest" name="ResolutionDiagnosticsAreReturnedBeforeComputingVerificationTasks" />
    </UnitTest>
    <UnitTest name="ReplaceMultiLineTextAtStart" storage="/users/rwillems/documents/sourcecode/dafny/source/dafnylanguageserver.test/bin/debug/net6.0/dafnylanguageserver.test.dll" id="a4ed780c-a1d7-4d54-bfdb-05ff0ab3c649">
      <Execution id="c274ac8e-11de-442e-b63c-6b46054562bd" />
      <TestMethod codeBase="/Users/rwillems/Documents/SourceCode/dafny/Source/DafnyLanguageServer.Test/bin/Debug/net6.0/DafnyLanguageServer.Test.dll" adapterTypeName="executor://mstestadapter/v2" className="Microsoft.Dafny.LanguageServer.IntegrationTest.Synchronization.TextReplacementTest" name="ReplaceMultiLineTextAtStart" />
    </UnitTest>
    <UnitTest name="OpeningDocumentWithSemanticErrorReportsDiagnosticsWithSemanticErrors" storage="/users/rwillems/documents/sourcecode/dafny/source/dafnylanguageserver.test/bin/debug/net6.0/dafnylanguageserver.test.dll" id="fcf0ee55-5581-4243-b2be-215cd0f5177f">
      <Execution id="58994301-a369-457b-a4ba-33fd657a01bc" />
      <TestMethod codeBase="/Users/rwillems/Documents/SourceCode/dafny/Source/DafnyLanguageServer.Test/bin/Debug/net6.0/DafnyLanguageServer.Test.dll" adapterTypeName="executor://mstestadapter/v2" className="Microsoft.Dafny.LanguageServer.IntegrationTest.Synchronization.DiagnosticsTest" name="OpeningDocumentWithSemanticErrorReportsDiagnosticsWithSemanticErrors" />
    </UnitTest>
    <UnitTest name="OpeningDocumentWithSemanticErrorsInIncludeReportsResolverErrorAtIncludeStatement" storage="/users/rwillems/documents/sourcecode/dafny/source/dafnylanguageserver.test/bin/debug/net6.0/dafnylanguageserver.test.dll" id="abf829be-c0ef-4efb-bde7-d08d2f3ced63">
      <Execution id="8a256b2a-97c1-4de2-a325-ae0c69fc7d9c" />
      <TestMethod codeBase="/Users/rwillems/Documents/SourceCode/dafny/Source/DafnyLanguageServer.Test/bin/Debug/net6.0/DafnyLanguageServer.Test.dll" adapterTypeName="executor://mstestadapter/v2" className="Microsoft.Dafny.LanguageServer.IntegrationTest.Synchronization.DiagnosticsTest" name="OpeningDocumentWithSemanticErrorsInIncludeReportsResolverErrorAtIncludeStatement" />
    </UnitTest>
    <UnitTest name="VerificationErrorsOfDocumentAreCaptured" storage="/users/rwillems/documents/sourcecode/dafny/source/dafnylanguageserver.test/bin/debug/net6.0/dafnylanguageserver.test.dll" id="b4c04410-5ca4-45ab-aaf9-fc89f14bc3ac">
      <Execution id="366d333e-f795-499a-a382-40a697356751" />
      <TestMethod codeBase="/Users/rwillems/Documents/SourceCode/dafny/Source/DafnyLanguageServer.Test/bin/Debug/net6.0/DafnyLanguageServer.Test.dll" adapterTypeName="executor://mstestadapter/v2" className="Microsoft.Dafny.LanguageServer.IntegrationTest.Synchronization.OpenDocumentTest" name="VerificationErrorsOfDocumentAreCaptured" />
    </UnitTest>
    <UnitTest name="SequenceGenerate" storage="/users/rwillems/documents/sourcecode/dafny/source/dafnylanguageserver.test/bin/debug/net6.0/dafnylanguageserver.test.dll" id="8a53858c-280a-4c6a-aa6d-75e2f933ddd1">
      <Execution id="7e58ea23-373f-4b13-978b-bc42d1ab8d4e" />
      <TestMethod codeBase="/Users/rwillems/Documents/SourceCode/dafny/Source/DafnyLanguageServer.Test/bin/Debug/net6.0/DafnyLanguageServer.Test.dll" adapterTypeName="executor://mstestadapter/v2" className="Microsoft.Dafny.LanguageServer.IntegrationTest.Various.CounterExampleTest" name="SequenceGenerate" />
    </UnitTest>
    <UnitTest name="FractionAsAReal" storage="/users/rwillems/documents/sourcecode/dafny/source/dafnylanguageserver.test/bin/debug/net6.0/dafnylanguageserver.test.dll" id="87db0d32-21eb-44ab-b7df-37ef8d7ba2c7">
      <Execution id="cc130047-d4b4-4ef3-bb5d-fc03fdac31be" />
      <TestMethod codeBase="/Users/rwillems/Documents/SourceCode/dafny/Source/DafnyLanguageServer.Test/bin/Debug/net6.0/DafnyLanguageServer.Test.dll" adapterTypeName="executor://mstestadapter/v2" className="Microsoft.Dafny.LanguageServer.IntegrationTest.Various.CounterExampleTest" name="FractionAsAReal" />
    </UnitTest>
    <UnitTest name="OpeningFlawlessDocumentWithGhostMarkStatementsMarksGhostCalls" storage="/users/rwillems/documents/sourcecode/dafny/source/dafnylanguageserver.test/bin/debug/net6.0/dafnylanguageserver.test.dll" id="8653418a-8d81-486a-84b2-fe64d8191fca">
      <Execution id="70049546-db61-4dfa-b8dc-a5d2770a40bf" />
      <TestMethod codeBase="/Users/rwillems/Documents/SourceCode/dafny/Source/DafnyLanguageServer.Test/bin/Debug/net6.0/DafnyLanguageServer.Test.dll" adapterTypeName="executor://mstestadapter/v2" className="Microsoft.Dafny.LanguageServer.IntegrationTest.Synchronization.GhostDiagnosticsTest" name="OpeningFlawlessDocumentWithGhostMarkStatementsMarksGhostCalls" />
    </UnitTest>
    <UnitTest name="DatatypeObjectWithTwoDestructorsWhoseValuesAreEqual" storage="/users/rwillems/documents/sourcecode/dafny/source/dafnylanguageserver.test/bin/debug/net6.0/dafnylanguageserver.test.dll" id="0079bd2c-ccde-4cc8-81a3-dbd9cea1a6a4">
      <Execution id="b3e754a8-fde6-478e-a14a-dda6d36c5381" />
      <TestMethod codeBase="/Users/rwillems/Documents/SourceCode/dafny/Source/DafnyLanguageServer.Test/bin/Debug/net6.0/DafnyLanguageServer.Test.dll" adapterTypeName="executor://mstestadapter/v2" className="Microsoft.Dafny.LanguageServer.IntegrationTest.Various.CounterExampleTest" name="DatatypeObjectWithTwoDestructorsWhoseValuesAreEqual" />
    </UnitTest>
    <UnitTest name="DatatypeWithDestructorThanIsADataValue" storage="/users/rwillems/documents/sourcecode/dafny/source/dafnylanguageserver.test/bin/debug/net6.0/dafnylanguageserver.test.dll" id="9c066024-ba3d-4dcd-bf8f-934182a5ffd0">
      <Execution id="ac6a63ad-65f1-4db2-9325-fcf54053f831" />
      <TestMethod codeBase="/Users/rwillems/Documents/SourceCode/dafny/Source/DafnyLanguageServer.Test/bin/Debug/net6.0/DafnyLanguageServer.Test.dll" adapterTypeName="executor://mstestadapter/v2" className="Microsoft.Dafny.LanguageServer.IntegrationTest.Various.CounterExampleTest" name="DatatypeWithDestructorThanIsADataValue" />
    </UnitTest>
    <UnitTest name="DocumentWithParserExceptionDisplaysIt" storage="/users/rwillems/documents/sourcecode/dafny/source/dafnylanguageserver.test/bin/debug/net6.0/dafnylanguageserver.test.dll" id="1a66aec2-f902-4202-9750-9727a4291172">
      <Execution id="5f7af714-a7bf-4d06-b4e4-b3854cbf473f" />
      <TestMethod codeBase="/Users/rwillems/Documents/SourceCode/dafny/Source/DafnyLanguageServer.Test/bin/Debug/net6.0/DafnyLanguageServer.Test.dll" adapterTypeName="executor://mstestadapter/v2" className="Microsoft.Dafny.LanguageServer.IntegrationTest.Unit.ParserExceptionTest" name="DocumentWithParserExceptionDisplaysIt" />
    </UnitTest>
    <UnitTest name="InsertMultiLineTextInTheMiddleOfALine" storage="/users/rwillems/documents/sourcecode/dafny/source/dafnylanguageserver.test/bin/debug/net6.0/dafnylanguageserver.test.dll" id="c701a9ab-c697-4b71-9a30-d532ac3f32ab">
      <Execution id="eeb2b620-96d9-4643-986b-ebb314aeb2ab" />
      <TestMethod codeBase="/Users/rwillems/Documents/SourceCode/dafny/Source/DafnyLanguageServer.Test/bin/Debug/net6.0/DafnyLanguageServer.Test.dll" adapterTypeName="executor://mstestadapter/v2" className="Microsoft.Dafny.LanguageServer.IntegrationTest.Synchronization.TextInsertionTest" name="InsertMultiLineTextInTheMiddleOfALine" />
    </UnitTest>
    <UnitTest name="AddedMethodIsShownBeforeItVerifies" storage="/users/rwillems/documents/sourcecode/dafny/source/dafnylanguageserver.test/bin/debug/net6.0/dafnylanguageserver.test.dll" id="44a1648c-c5e8-4194-9243-e13630e5bd56">
      <Execution id="0ad744cc-8d30-4090-8118-c1c31a0e7c30" />
      <TestMethod codeBase="/Users/rwillems/Documents/SourceCode/dafny/Source/DafnyLanguageServer.Test/bin/Debug/net6.0/DafnyLanguageServer.Test.dll" adapterTypeName="executor://mstestadapter/v2" className="Microsoft.Dafny.LanguageServer.IntegrationTest.Synchronization.VerificationStatusTest" name="AddedMethodIsShownBeforeItVerifies" />
    </UnitTest>
    <UnitTest name="ArrayEqualityByReference" storage="/users/rwillems/documents/sourcecode/dafny/source/dafnylanguageserver.test/bin/debug/net6.0/dafnylanguageserver.test.dll" id="593bbdf8-cb92-446d-b336-381e13c6f98a">
      <Execution id="38854b6b-46cd-459b-a03b-e2dd11c4f51e" />
      <TestMethod codeBase="/Users/rwillems/Documents/SourceCode/dafny/Source/DafnyLanguageServer.Test/bin/Debug/net6.0/DafnyLanguageServer.Test.dll" adapterTypeName="executor://mstestadapter/v2" className="Microsoft.Dafny.LanguageServer.IntegrationTest.Various.CounterExampleTest" name="ArrayEqualityByReference" />
    </UnitTest>
    <UnitTest name="ChangingCorrectDocumentToOneWithVerificationErrorsReportsTheVerificationErrors" storage="/users/rwillems/documents/sourcecode/dafny/source/dafnylanguageserver.test/bin/debug/net6.0/dafnylanguageserver.test.dll" id="fe03f48f-6077-47a8-b68c-0d0bde19b9e9">
      <Execution id="a8f594f8-49f7-4b95-bc57-a7bfd5da2cac" />
      <TestMethod codeBase="/Users/rwillems/Documents/SourceCode/dafny/Source/DafnyLanguageServer.Test/bin/Debug/net6.0/DafnyLanguageServer.Test.dll" adapterTypeName="executor://mstestadapter/v2" className="Microsoft.Dafny.LanguageServer.IntegrationTest.Synchronization.DiagnosticsTest" name="ChangingCorrectDocumentToOneWithVerificationErrorsReportsTheVerificationErrors" />
    </UnitTest>
    <UnitTest name="LeavesDocumentUnchangedIfVerifyOnChange" storage="/users/rwillems/documents/sourcecode/dafny/source/dafnylanguageserver.test/bin/debug/net6.0/dafnylanguageserver.test.dll" id="1c75159f-171a-47ca-bc39-abf28f089dda">
      <Execution id="c86b0a6f-0206-443d-81b3-c5ab11f83d27" />
      <TestMethod codeBase="/Users/rwillems/Documents/SourceCode/dafny/Source/DafnyLanguageServer.Test/bin/Debug/net6.0/DafnyLanguageServer.Test.dll" adapterTypeName="executor://mstestadapter/v2" className="Microsoft.Dafny.LanguageServer.IntegrationTest.Synchronization.SaveDocumentTest" name="LeavesDocumentUnchangedIfVerifyOnChange" />
    </UnitTest>
    <UnitTest name="MapsValuesUpdate" storage="/users/rwillems/documents/sourcecode/dafny/source/dafnylanguageserver.test/bin/debug/net6.0/dafnylanguageserver.test.dll" id="95717aae-5656-42c9-9bbe-c88479e0140f">
      <Execution id="8298bac6-4cdc-4bb9-8436-b24b6df666e1" />
      <TestMethod codeBase="/Users/rwillems/Documents/SourceCode/dafny/Source/DafnyLanguageServer.Test/bin/Debug/net6.0/DafnyLanguageServer.Test.dll" adapterTypeName="executor://mstestadapter/v2" className="Microsoft.Dafny.LanguageServer.IntegrationTest.Various.CounterExampleTest" name="MapsValuesUpdate" />
    </UnitTest>
    <UnitTest name="EnsureNoAssertShowsVerified" storage="/users/rwillems/documents/sourcecode/dafny/source/dafnylanguageserver.test/bin/debug/net6.0/dafnylanguageserver.test.dll" id="891470ce-3077-4d2a-bf74-569536a8f06c">
      <Execution id="1bb221d9-b423-4ea2-aa6e-614a0c4f86a2" />
      <TestMethod codeBase="/Users/rwillems/Documents/SourceCode/dafny/Source/DafnyLanguageServer.Test/bin/Debug/net6.0/DafnyLanguageServer.Test.dll" adapterTypeName="executor://mstestadapter/v2" className="Microsoft.Dafny.LanguageServer.IntegrationTest.Diagnostics.SimpleLinearVerificationGutterStatusTester" name="EnsureNoAssertShowsVerified" />
    </UnitTest>
    <UnitTest name="ObjectWithAFieldOfBasicType" storage="/users/rwillems/documents/sourcecode/dafny/source/dafnylanguageserver.test/bin/debug/net6.0/dafnylanguageserver.test.dll" id="7e4c4a1d-4fdb-4cf4-b79c-1bdf007ccb24">
      <Execution id="87a8f07e-81c8-410b-9e19-d6f4278b35ea" />
      <TestMethod codeBase="/Users/rwillems/Documents/SourceCode/dafny/Source/DafnyLanguageServer.Test/bin/Debug/net6.0/DafnyLanguageServer.Test.dll" adapterTypeName="executor://mstestadapter/v2" className="Microsoft.Dafny.LanguageServer.IntegrationTest.Various.CounterExampleTest" name="ObjectWithAFieldOfBasicType" />
    </UnitTest>
    <UnitTest name="DocumentWithOnlyConfiguredVerifierTimeoutSendsCompilationSucceededVerificationStartedAndVerificationFailedStatuses" storage="/users/rwillems/documents/sourcecode/dafny/source/dafnylanguageserver.test/bin/debug/net6.0/dafnylanguageserver.test.dll" id="94d42008-5a45-4fa9-aaea-f709a0ece252">
      <Execution id="0fd15f9c-e4bf-48ee-b8a5-8edaf21ed3f3" />
      <TestMethod codeBase="/Users/rwillems/Documents/SourceCode/dafny/Source/DafnyLanguageServer.Test/bin/Debug/net6.0/DafnyLanguageServer.Test.dll" adapterTypeName="executor://mstestadapter/v2" className="Microsoft.Dafny.LanguageServer.IntegrationTest.Various.CompilationStatusNotificationTest" name="DocumentWithOnlyConfiguredVerifierTimeoutSendsCompilationSucceededVerificationStartedAndVerificationFailedStatuses" />
    </UnitTest>
    <UnitTest name="VerificationErrorsOfDocumentAreNotCapturedIfAutoVerificationIsNotOnChange" storage="/users/rwillems/documents/sourcecode/dafny/source/dafnylanguageserver.test/bin/debug/net6.0/dafnylanguageserver.test.dll" id="ae0b7d14-c3e8-42a5-9b13-3eb448459011">
      <Execution id="4dc746b6-6ed6-41b4-b586-058fe61b7533" />
      <TestMethod codeBase="/Users/rwillems/Documents/SourceCode/dafny/Source/DafnyLanguageServer.Test/bin/Debug/net6.0/DafnyLanguageServer.Test.dll" adapterTypeName="executor://mstestadapter/v2" className="Microsoft.Dafny.LanguageServer.IntegrationTest.Synchronization.OpenDocumentTest" name="VerificationErrorsOfDocumentAreNotCapturedIfAutoVerificationIsNotOnChange" />
    </UnitTest>
    <UnitTest name="EnsureVerificationGutterStatusIsWorking" storage="/users/rwillems/documents/sourcecode/dafny/source/dafnylanguageserver.test/bin/debug/net6.0/dafnylanguageserver.test.dll" id="86a55acb-f621-43bb-ae49-717d4f978f25">
      <Execution id="251af505-e50a-4a7a-85c6-359d1608a571" />
      <TestMethod codeBase="/Users/rwillems/Documents/SourceCode/dafny/Source/DafnyLanguageServer.Test/bin/Debug/net6.0/DafnyLanguageServer.Test.dll" adapterTypeName="executor://mstestadapter/v2" className="Microsoft.Dafny.LanguageServer.IntegrationTest.Diagnostics.SimpleLinearVerificationGutterStatusTester" name="EnsureVerificationGutterStatusIsWorking" />
    </UnitTest>
    <UnitTest name="MigrationLeavesLinesOfSymbolsBeforeUnchangedWhenRemovingInTheMiddle" storage="/users/rwillems/documents/sourcecode/dafny/source/dafnylanguageserver.test/bin/debug/net6.0/dafnylanguageserver.test.dll" id="1a211448-d468-4d98-a630-d7344e473273">
      <Execution id="8d0381b8-9f51-48cc-97f7-319c9915d6e6" />
      <TestMethod codeBase="/Users/rwillems/Documents/SourceCode/dafny/Source/DafnyLanguageServer.Test/bin/Debug/net6.0/DafnyLanguageServer.Test.dll" adapterTypeName="executor://mstestadapter/v2" className="Microsoft.Dafny.LanguageServer.IntegrationTest.Synchronization.LookupMigrationTest" name="MigrationLeavesLinesOfSymbolsBeforeUnchangedWhenRemovingInTheMiddle" />
    </UnitTest>
    <UnitTest name="DatatypeWithDifferentDestructorsForDifferentConstructors" storage="/users/rwillems/documents/sourcecode/dafny/source/dafnylanguageserver.test/bin/debug/net6.0/dafnylanguageserver.test.dll" id="121c377f-c970-4db1-9c77-114511870109">
      <Execution id="496340eb-ed2f-4e1a-a683-8f6c3583e1a1" />
      <TestMethod codeBase="/Users/rwillems/Documents/SourceCode/dafny/Source/DafnyLanguageServer.Test/bin/Debug/net6.0/DafnyLanguageServer.Test.dll" adapterTypeName="executor://mstestadapter/v2" className="Microsoft.Dafny.LanguageServer.IntegrationTest.Various.CounterExampleTest" name="DatatypeWithDifferentDestructorsForDifferentConstructors" />
    </UnitTest>
    <UnitTest name="HoveringVariableShadowedByAnotherReturnsTheOriginalVariable" storage="/users/rwillems/documents/sourcecode/dafny/source/dafnylanguageserver.test/bin/debug/net6.0/dafnylanguageserver.test.dll" id="c0c51a3b-d3b6-482b-857d-9cd72698bfc9">
      <Execution id="f36ecc1c-cdd7-4b04-ad9c-0e269c4482aa" />
      <TestMethod codeBase="/Users/rwillems/Documents/SourceCode/dafny/Source/DafnyLanguageServer.Test/bin/Debug/net6.0/DafnyLanguageServer.Test.dll" adapterTypeName="executor://mstestadapter/v2" className="Microsoft.Dafny.LanguageServer.IntegrationTest.Lookup.HoverTest" name="HoveringVariableShadowedByAnotherReturnsTheOriginalVariable" />
    </UnitTest>
    <UnitTest name="ObjectWithANonNullField" storage="/users/rwillems/documents/sourcecode/dafny/source/dafnylanguageserver.test/bin/debug/net6.0/dafnylanguageserver.test.dll" id="0354d64a-ce8a-40c6-b433-a5da9d731f98">
      <Execution id="dbebd6f5-7f1f-4ca8-a5ef-73121dc1f24e" />
      <TestMethod codeBase="/Users/rwillems/Documents/SourceCode/dafny/Source/DafnyLanguageServer.Test/bin/Debug/net6.0/DafnyLanguageServer.Test.dll" adapterTypeName="executor://mstestadapter/v2" className="Microsoft.Dafny.LanguageServer.IntegrationTest.Various.CounterExampleTest" name="ObjectWithANonNullField" />
    </UnitTest>
    <UnitTest name="VerificationDiagnosticsDoNotShowUpTwice" storage="/users/rwillems/documents/sourcecode/dafny/source/dafnylanguageserver.test/bin/debug/net6.0/dafnylanguageserver.test.dll" id="8d240f98-b2ff-4c02-8674-a99cf5617c58">
      <Execution id="09d4926e-6b61-42b8-8cbe-3874f3be528a" />
      <TestMethod codeBase="/Users/rwillems/Documents/SourceCode/dafny/Source/DafnyLanguageServer.Test/bin/Debug/net6.0/DafnyLanguageServer.Test.dll" adapterTypeName="executor://mstestadapter/v2" className="Microsoft.Dafny.LanguageServer.IntegrationTest.Various.DiagnosticMigrationTest" name="VerificationDiagnosticsDoNotShowUpTwice" />
    </UnitTest>
    <UnitTest name="HoveringFunctionInvocationOfFunctionDeclaredInForeignDocumentReturnsSignature" storage="/users/rwillems/documents/sourcecode/dafny/source/dafnylanguageserver.test/bin/debug/net6.0/dafnylanguageserver.test.dll" id="64987957-17b8-4352-be8c-36c1f82e157d">
      <Execution id="e67299ca-dfc3-4c03-9a66-4d256831f351" />
      <TestMethod codeBase="/Users/rwillems/Documents/SourceCode/dafny/Source/DafnyLanguageServer.Test/bin/Debug/net6.0/DafnyLanguageServer.Test.dll" adapterTypeName="executor://mstestadapter/v2" className="Microsoft.Dafny.LanguageServer.IntegrationTest.Lookup.HoverTest" name="HoveringFunctionInvocationOfFunctionDeclaredInForeignDocumentReturnsSignature" />
    </UnitTest>
    <UnitTest name="ArraySimpleTest" storage="/users/rwillems/documents/sourcecode/dafny/source/dafnylanguageserver.test/bin/debug/net6.0/dafnylanguageserver.test.dll" id="62f9e654-1e2d-4952-940c-1b4b36d718c1">
      <Execution id="7058c5a2-d4fa-4195-8193-f27bfaba503a" />
      <TestMethod codeBase="/Users/rwillems/Documents/SourceCode/dafny/Source/DafnyLanguageServer.Test/bin/Debug/net6.0/DafnyLanguageServer.Test.dll" adapterTypeName="executor://mstestadapter/v2" className="Microsoft.Dafny.LanguageServer.IntegrationTest.Various.CounterExampleTest" name="ArraySimpleTest" />
    </UnitTest>
    <UnitTest name="EnsuresPriorityWorksEvenIfRemovingMethodsWhileTypo" storage="/users/rwillems/documents/sourcecode/dafny/source/dafnylanguageserver.test/bin/debug/net6.0/dafnylanguageserver.test.dll" id="05137e98-9760-4a21-a47f-43d8e1c9bdf6">
      <Execution id="26dda1b2-ec1f-4dd5-a111-f0b317d728e2" />
      <TestMethod codeBase="/Users/rwillems/Documents/SourceCode/dafny/Source/DafnyLanguageServer.Test/bin/Debug/net6.0/DafnyLanguageServer.Test.dll" adapterTypeName="executor://mstestadapter/v2" className="Microsoft.Dafny.LanguageServer.IntegrationTest.Diagnostics.ReorderingVerificationGutterStatusTester" name="EnsuresPriorityWorksEvenIfRemovingMethodsWhileTypo" />
    </UnitTest>
    <UnitTest name="OpeningDocumentWithVerificationErrorReportsDiagnosticsWithVerificationErrorsAndNestedRelatedLocations" storage="/users/rwillems/documents/sourcecode/dafny/source/dafnylanguageserver.test/bin/debug/net6.0/dafnylanguageserver.test.dll" id="9da71d5d-03c7-4709-a398-458ecf08a411">
      <Execution id="41724669-ae9c-44e0-9f5a-90ac5e18cd57" />
      <TestMethod codeBase="/Users/rwillems/Documents/SourceCode/dafny/Source/DafnyLanguageServer.Test/bin/Debug/net6.0/DafnyLanguageServer.Test.dll" adapterTypeName="executor://mstestadapter/v2" className="Microsoft.Dafny.LanguageServer.IntegrationTest.Synchronization.DiagnosticsTest" name="OpeningDocumentWithVerificationErrorReportsDiagnosticsWithVerificationErrorsAndNestedRelatedLocations" />
    </UnitTest>
    <UnitTest name="OpeningDocumentThatIncludesNonExistentDocumentReportsParserErrorAtInclude" storage="/users/rwillems/documents/sourcecode/dafny/source/dafnylanguageserver.test/bin/debug/net6.0/dafnylanguageserver.test.dll" id="7ef80db8-8cf6-4b7e-a7b8-677bddd87e4c">
      <Execution id="81f5a8a4-6f41-4eba-8046-6c1f9b16c0e0" />
      <TestMethod codeBase="/Users/rwillems/Documents/SourceCode/dafny/Source/DafnyLanguageServer.Test/bin/Debug/net6.0/DafnyLanguageServer.Test.dll" adapterTypeName="executor://mstestadapter/v2" className="Microsoft.Dafny.LanguageServer.IntegrationTest.Synchronization.DiagnosticsTest" name="OpeningDocumentThatIncludesNonExistentDocumentReportsParserErrorAtInclude" />
    </UnitTest>
    <UnitTest name="DefinitionOfFunctionInvocationOfFunctionDeclaredInForeignDocumentReturnsLocation" storage="/users/rwillems/documents/sourcecode/dafny/source/dafnylanguageserver.test/bin/debug/net6.0/dafnylanguageserver.test.dll" id="b24fb564-c73c-4dd4-88ef-89c9c0c8a1d9">
      <Execution id="7895767f-ec91-4bde-a88d-98bf4c11a07a" />
      <TestMethod codeBase="/Users/rwillems/Documents/SourceCode/dafny/Source/DafnyLanguageServer.Test/bin/Debug/net6.0/DafnyLanguageServer.Test.dll" adapterTypeName="executor://mstestadapter/v2" className="Microsoft.Dafny.LanguageServer.IntegrationTest.Lookup.DefinitionTest" name="DefinitionOfFunctionInvocationOfFunctionDeclaredInForeignDocumentReturnsLocation" />
    </UnitTest>
    <UnitTest name="InsertTextAtEnd" storage="/users/rwillems/documents/sourcecode/dafny/source/dafnylanguageserver.test/bin/debug/net6.0/dafnylanguageserver.test.dll" id="78b091c3-7149-4ce1-a6c0-d62ffe92070b">
      <Execution id="0f7cffe8-a4c1-4173-a138-259ad9388f21" />
      <TestMethod codeBase="/Users/rwillems/Documents/SourceCode/dafny/Source/DafnyLanguageServer.Test/bin/Debug/net6.0/DafnyLanguageServer.Test.dll" adapterTypeName="executor://mstestadapter/v2" className="Microsoft.Dafny.LanguageServer.IntegrationTest.Synchronization.TextInsertionTest" name="InsertTextAtEnd" />
    </UnitTest>
    <UnitTest name="DocumentWithOnlyVerifierErrorsSendsCompilationSucceededVerificationStartedAndVerificationFailedStatuses" storage="/users/rwillems/documents/sourcecode/dafny/source/dafnylanguageserver.test/bin/debug/net6.0/dafnylanguageserver.test.dll" id="58710e9b-7b97-488f-aba3-56b43d05e9da">
      <Execution id="cdbc63bf-49f4-4549-92f0-0dd4c556b630" />
      <TestMethod codeBase="/Users/rwillems/Documents/SourceCode/dafny/Source/DafnyLanguageServer.Test/bin/Debug/net6.0/DafnyLanguageServer.Test.dll" adapterTypeName="executor://mstestadapter/v2" className="Microsoft.Dafny.LanguageServer.IntegrationTest.Various.CompilationStatusNotificationTest" name="DocumentWithOnlyVerifierErrorsSendsCompilationSucceededVerificationStartedAndVerificationFailedStatuses" />
    </UnitTest>
    <UnitTest name="HoveringResultVarReturnsInferredType" storage="/users/rwillems/documents/sourcecode/dafny/source/dafnylanguageserver.test/bin/debug/net6.0/dafnylanguageserver.test.dll" id="730a3e35-5b5a-4005-893a-3dd2b2ad09cc">
      <Execution id="6f2e376c-4fb0-4342-94fc-a57d874bcc90" />
      <TestMethod codeBase="/Users/rwillems/Documents/SourceCode/dafny/Source/DafnyLanguageServer.Test/bin/Debug/net6.0/DafnyLanguageServer.Test.dll" adapterTypeName="executor://mstestadapter/v2" className="Microsoft.Dafny.LanguageServer.IntegrationTest.Lookup.HoverTest" name="HoveringResultVarReturnsInferredType" />
    </UnitTest>
    <UnitTest name="LoadCorrectDocumentAndChangeToInvalidCreatesPartialSymbols" storage="/users/rwillems/documents/sourcecode/dafny/source/dafnylanguageserver.test/bin/debug/net6.0/dafnylanguageserver.test.dll" id="756ca813-8882-4567-973b-0ced06a83658">
      <Execution id="9481a9c7-9f16-41da-90ed-b022de12d0cb" />
      <TestMethod codeBase="/Users/rwillems/Documents/SourceCode/dafny/Source/DafnyLanguageServer.Test/bin/Debug/net6.0/DafnyLanguageServer.Test.dll" adapterTypeName="executor://mstestadapter/v2" className="Microsoft.Dafny.LanguageServer.IntegrationTest.Lookup.DocumentSymbolTest" name="LoadCorrectDocumentAndChangeToInvalidCreatesPartialSymbols" />
    </UnitTest>
    <UnitTest name="PassingANullChangeRangePreservesForeignSymbols" storage="/users/rwillems/documents/sourcecode/dafny/source/dafnylanguageserver.test/bin/debug/net6.0/dafnylanguageserver.test.dll" id="43c0962c-3a9b-4bfb-a8f3-f0c7eb2a960f">
      <Execution id="81539992-c56c-43a8-91d3-c25a17c5fca5" />
      <TestMethod codeBase="/Users/rwillems/Documents/SourceCode/dafny/Source/DafnyLanguageServer.Test/bin/Debug/net6.0/DafnyLanguageServer.Test.dll" adapterTypeName="executor://mstestadapter/v2" className="Microsoft.Dafny.LanguageServer.IntegrationTest.Synchronization.DeclarationLocationMigrationTest" name="PassingANullChangeRangePreservesForeignSymbols" />
    </UnitTest>
    <UnitTest name="ResolutionDiagnosticsAreKeptWhenNonEdgeCrossingChangesAreMade" storage="/users/rwillems/documents/sourcecode/dafny/source/dafnylanguageserver.test/bin/debug/net6.0/dafnylanguageserver.test.dll" id="236f9d6d-b5ce-4bdf-a8ee-a60e22611be0">
      <Execution id="4bccb3a7-2f2a-40e3-b038-e14a4d430a42" />
      <TestMethod codeBase="/Users/rwillems/Documents/SourceCode/dafny/Source/DafnyLanguageServer.Test/bin/Debug/net6.0/DafnyLanguageServer.Test.dll" adapterTypeName="executor://mstestadapter/v2" className="Microsoft.Dafny.LanguageServer.IntegrationTest.Various.DiagnosticMigrationTest" name="ResolutionDiagnosticsAreKeptWhenNonEdgeCrossingChangesAreMade" />
    </UnitTest>
    <UnitTest name="ModuleRenaming" storage="/users/rwillems/documents/sourcecode/dafny/source/dafnylanguageserver.test/bin/debug/net6.0/dafnylanguageserver.test.dll" id="e94f4284-424e-47ec-9b5c-a634e3747acf">
      <Execution id="7476a6c6-b80e-451f-b73f-118648948738" />
      <TestMethod codeBase="/Users/rwillems/Documents/SourceCode/dafny/Source/DafnyLanguageServer.Test/bin/Debug/net6.0/DafnyLanguageServer.Test.dll" adapterTypeName="executor://mstestadapter/v2" className="Microsoft.Dafny.LanguageServer.IntegrationTest.Various.CounterExampleTest" name="ModuleRenaming" />
    </UnitTest>
    <UnitTest name="QueuedMethodGoesThroughAllPhases" storage="/users/rwillems/documents/sourcecode/dafny/source/dafnylanguageserver.test/bin/debug/net6.0/dafnylanguageserver.test.dll" id="1c36cd92-0ed3-4d47-9f6c-591034b29a89">
      <Execution id="42bfe421-3264-4297-b982-cb053757cdfc" />
      <TestMethod codeBase="/Users/rwillems/Documents/SourceCode/dafny/Source/DafnyLanguageServer.Test/bin/Debug/net6.0/DafnyLanguageServer.Test.dll" adapterTypeName="executor://mstestadapter/v2" className="Microsoft.Dafny.LanguageServer.IntegrationTest.Synchronization.VerificationStatusTest" name="QueuedMethodGoesThroughAllPhases" />
    </UnitTest>
    <UnitTest name="NewtonsoftVersionMatch" storage="/users/rwillems/documents/sourcecode/dafny/source/dafnylanguageserver.test/bin/debug/net6.0/dafnylanguageserver.test.dll" id="a0f580b4-33cd-4dfe-84de-7bca9d50015b">
      <Execution id="f78a60fc-7b47-4abf-b1dc-4979a1863617" />
      <TestMethod codeBase="/Users/rwillems/Documents/SourceCode/dafny/Source/DafnyLanguageServer.Test/bin/Debug/net6.0/DafnyLanguageServer.Test.dll" adapterTypeName="executor://mstestadapter/v2" className="Microsoft.Dafny.LanguageServer.IntegrationTest.Unit.NewtonsoftConfiguration" name="NewtonsoftVersionMatch" />
    </UnitTest>
    <UnitTest name="EnsuresPriorityDependsOnEditingWhileEditingSameMethod" storage="/users/rwillems/documents/sourcecode/dafny/source/dafnylanguageserver.test/bin/debug/net6.0/dafnylanguageserver.test.dll" id="33ef58af-bb0d-4622-bbb1-82fc1affcd1e">
      <Execution id="7dc2482e-f4fb-4270-9173-c4dd144c0e15" />
      <TestMethod codeBase="/Users/rwillems/Documents/SourceCode/dafny/Source/DafnyLanguageServer.Test/bin/Debug/net6.0/DafnyLanguageServer.Test.dll" adapterTypeName="executor://mstestadapter/v2" className="Microsoft.Dafny.LanguageServer.IntegrationTest.Diagnostics.ReorderingVerificationGutterStatusTester" name="EnsuresPriorityDependsOnEditingWhileEditingSameMethod" />
    </UnitTest>
    <UnitTest name="OpeningDocumentWithMultipleVerificationErrorsReportsDiagnosticsWithAllVerificationErrorsAndRelatedInformation" storage="/users/rwillems/documents/sourcecode/dafny/source/dafnylanguageserver.test/bin/debug/net6.0/dafnylanguageserver.test.dll" id="16cdf320-b4c4-40d4-af67-bc97d20605ac">
      <Execution id="cf2890fb-b365-4ab6-af38-6ee3ed03da41" />
      <TestMethod codeBase="/Users/rwillems/Documents/SourceCode/dafny/Source/DafnyLanguageServer.Test/bin/Debug/net6.0/DafnyLanguageServer.Test.dll" adapterTypeName="executor://mstestadapter/v2" className="Microsoft.Dafny.LanguageServer.IntegrationTest.Synchronization.DiagnosticsTest" name="OpeningDocumentWithMultipleVerificationErrorsReportsDiagnosticsWithAllVerificationErrorsAndRelatedInformation" />
    </UnitTest>
    <UnitTest name="CompleteOnLocalArrayReturnsLength" storage="/users/rwillems/documents/sourcecode/dafny/source/dafnylanguageserver.test/bin/debug/net6.0/dafnylanguageserver.test.dll" id="b31b2a64-ad3b-4a01-b73d-9d40938cb3b2">
      <Execution id="795c6c5f-256f-4a0e-9768-86b616a0fd07" />
      <TestMethod codeBase="/Users/rwillems/Documents/SourceCode/dafny/Source/DafnyLanguageServer.Test/bin/Debug/net6.0/DafnyLanguageServer.Test.dll" adapterTypeName="executor://mstestadapter/v2" className="Microsoft.Dafny.LanguageServer.IntegrationTest.Completion.DotCompletionTest" name="CompleteOnLocalArrayReturnsLength" />
    </UnitTest>
    <UnitTest name="ReplaceMultiLineTextInTheMiddle" storage="/users/rwillems/documents/sourcecode/dafny/source/dafnylanguageserver.test/bin/debug/net6.0/dafnylanguageserver.test.dll" id="0ade8ed7-dcf4-4fb0-9d08-47d45fde1f7e">
      <Execution id="1e5313f4-03b5-4d6d-ba0f-b3c55352aca5" />
      <TestMethod codeBase="/Users/rwillems/Documents/SourceCode/dafny/Source/DafnyLanguageServer.Test/bin/Debug/net6.0/DafnyLanguageServer.Test.dll" adapterTypeName="executor://mstestadapter/v2" className="Microsoft.Dafny.LanguageServer.IntegrationTest.Synchronization.TextReplacementTest" name="ReplaceMultiLineTextInTheMiddle" />
    </UnitTest>
    <UnitTest name="DocumentLoadAndSaveWithNeverVerifySendsNoVerificationStatuses" storage="/users/rwillems/documents/sourcecode/dafny/source/dafnylanguageserver.test/bin/debug/net6.0/dafnylanguageserver.test.dll" id="10433cbf-cb45-4fd7-8391-640fc7306c5d">
      <Execution id="da92b7b4-9d4f-4acc-aa9b-d6f36ff45a04" />
      <TestMethod codeBase="/Users/rwillems/Documents/SourceCode/dafny/Source/DafnyLanguageServer.Test/bin/Debug/net6.0/DafnyLanguageServer.Test.dll" adapterTypeName="executor://mstestadapter/v2" className="Microsoft.Dafny.LanguageServer.IntegrationTest.Various.CompilationStatusNotificationTest" name="DocumentLoadAndSaveWithNeverVerifySendsNoVerificationStatuses" />
    </UnitTest>
    <UnitTest name="SavingDocumentWithVerificationErrorReportsDiagnosticsWithVerificationErrorsIfVerifyOnSave" storage="/users/rwillems/documents/sourcecode/dafny/source/dafnylanguageserver.test/bin/debug/net6.0/dafnylanguageserver.test.dll" id="f48ceb5c-a195-4878-928c-9724b2fc2519">
      <Execution id="98fb1a50-f4da-49c2-9f5b-e7a3fbe891aa" />
      <TestMethod codeBase="/Users/rwillems/Documents/SourceCode/dafny/Source/DafnyLanguageServer.Test/bin/Debug/net6.0/DafnyLanguageServer.Test.dll" adapterTypeName="executor://mstestadapter/v2" className="Microsoft.Dafny.LanguageServer.IntegrationTest.Synchronization.DiagnosticsTest" name="SavingDocumentWithVerificationErrorReportsDiagnosticsWithVerificationErrorsIfVerifyOnSave" />
    </UnitTest>
    <UnitTest name="AllTypesOfNamedVerifiablesAreIdentified" storage="/users/rwillems/documents/sourcecode/dafny/source/dafnylanguageserver.test/bin/debug/net6.0/dafnylanguageserver.test.dll" id="4c209bd6-b3ac-4f0f-a8bc-d6c37cd515de">
      <Execution id="73f00c21-55a7-4c05-a136-da8fa1c3101a" />
      <TestMethod codeBase="/Users/rwillems/Documents/SourceCode/dafny/Source/DafnyLanguageServer.Test/bin/Debug/net6.0/DafnyLanguageServer.Test.dll" adapterTypeName="executor://mstestadapter/v2" className="Microsoft.Dafny.LanguageServer.IntegrationTest.Synchronization.VerificationStatusTest" name="AllTypesOfNamedVerifiablesAreIdentified" />
    </UnitTest>
    <UnitTest name="IncrementalVerificationDiagnosticsBetweenMethods" storage="/users/rwillems/documents/sourcecode/dafny/source/dafnylanguageserver.test/bin/debug/net6.0/dafnylanguageserver.test.dll" id="51bd39f1-599e-472f-b2dc-9a6a0c31db34">
      <Execution id="cb768822-4839-4636-8131-fa0722c9f659" />
      <TestMethod codeBase="/Users/rwillems/Documents/SourceCode/dafny/Source/DafnyLanguageServer.Test/bin/Debug/net6.0/DafnyLanguageServer.Test.dll" adapterTypeName="executor://mstestadapter/v2" className="Microsoft.Dafny.LanguageServer.IntegrationTest.Synchronization.DiagnosticsTest" name="IncrementalVerificationDiagnosticsBetweenMethods" />
    </UnitTest>
    <UnitTest name="OpeningFlawlessDocumentWithGhostMarkStatementsMarksGhostAssignments" storage="/users/rwillems/documents/sourcecode/dafny/source/dafnylanguageserver.test/bin/debug/net6.0/dafnylanguageserver.test.dll" id="34390945-c408-4822-9ce2-61169665d0c1">
      <Execution id="dc25aa37-e9a2-49d5-9a6a-7bfe9a8be8be" />
      <TestMethod codeBase="/Users/rwillems/Documents/SourceCode/dafny/Source/DafnyLanguageServer.Test/bin/Debug/net6.0/DafnyLanguageServer.Test.dll" adapterTypeName="executor://mstestadapter/v2" className="Microsoft.Dafny.LanguageServer.IntegrationTest.Synchronization.GhostDiagnosticsTest" name="OpeningFlawlessDocumentWithGhostMarkStatementsMarksGhostAssignments" />
    </UnitTest>
    <UnitTest name="TopLevelConstantsHaveToBeVerifiedAlso" storage="/users/rwillems/documents/sourcecode/dafny/source/dafnylanguageserver.test/bin/debug/net6.0/dafnylanguageserver.test.dll" id="00242ee0-4977-4a92-8db0-6384c7dcd0e2">
      <Execution id="65fedcfe-47af-49d4-b7dc-77d5d9d05922" />
      <TestMethod codeBase="/Users/rwillems/Documents/SourceCode/dafny/Source/DafnyLanguageServer.Test/bin/Debug/net6.0/DafnyLanguageServer.Test.dll" adapterTypeName="executor://mstestadapter/v2" className="Microsoft.Dafny.LanguageServer.IntegrationTest.Diagnostics.SimpleLinearVerificationGutterStatusTester" name="TopLevelConstantsHaveToBeVerifiedAlso" />
    </UnitTest>
    <UnitTest name="VerificationErrorsAreCapturedIfVerifyOnSave" storage="/users/rwillems/documents/sourcecode/dafny/source/dafnylanguageserver.test/bin/debug/net6.0/dafnylanguageserver.test.dll" id="0e334817-13fa-4101-8b37-77d8fc53b655">
      <Execution id="df0e85f7-5b8b-4792-82aa-30c35f84e911" />
      <TestMethod codeBase="/Users/rwillems/Documents/SourceCode/dafny/Source/DafnyLanguageServer.Test/bin/Debug/net6.0/DafnyLanguageServer.Test.dll" adapterTypeName="executor://mstestadapter/v2" className="Microsoft.Dafny.LanguageServer.IntegrationTest.Synchronization.SaveDocumentTest" name="VerificationErrorsAreCapturedIfVerifyOnSave" />
    </UnitTest>
    <UnitTest name="SequenceDrop" storage="/users/rwillems/documents/sourcecode/dafny/source/dafnylanguageserver.test/bin/debug/net6.0/dafnylanguageserver.test.dll" id="1ff9a490-e6c0-4cec-88b9-786b4e5f26a0">
      <Execution id="25b7081c-440c-4eb7-880a-52ca2f4127e5" />
      <TestMethod codeBase="/Users/rwillems/Documents/SourceCode/dafny/Source/DafnyLanguageServer.Test/bin/Debug/net6.0/DafnyLanguageServer.Test.dll" adapterTypeName="executor://mstestadapter/v2" className="Microsoft.Dafny.LanguageServer.IntegrationTest.Various.CounterExampleTest" name="SequenceDrop" />
    </UnitTest>
    <UnitTest name="MigrationMovesDeclarationWhenApplyingMultipleChangesAtOnce" storage="/users/rwillems/documents/sourcecode/dafny/source/dafnylanguageserver.test/bin/debug/net6.0/dafnylanguageserver.test.dll" id="97d7bbec-8a03-480b-aad7-643b3fc99039">
      <Execution id="f442c9d6-3c3d-45cf-b77a-e00a2db26e4d" />
      <TestMethod codeBase="/Users/rwillems/Documents/SourceCode/dafny/Source/DafnyLanguageServer.Test/bin/Debug/net6.0/DafnyLanguageServer.Test.dll" adapterTypeName="executor://mstestadapter/v2" className="Microsoft.Dafny.LanguageServer.IntegrationTest.Synchronization.DeclarationLocationMigrationTest" name="MigrationMovesDeclarationWhenApplyingMultipleChangesAtOnce" />
    </UnitTest>
    <UnitTest name="ReplaceSingleLineTextAtStart" storage="/users/rwillems/documents/sourcecode/dafny/source/dafnylanguageserver.test/bin/debug/net6.0/dafnylanguageserver.test.dll" id="7c916be7-3fa6-4735-aaf7-6276e13c9c7e">
      <Execution id="183a33a5-f25b-4376-b8fc-970dd7364e15" />
      <TestMethod codeBase="/Users/rwillems/Documents/SourceCode/dafny/Source/DafnyLanguageServer.Test/bin/Debug/net6.0/DafnyLanguageServer.Test.dll" adapterTypeName="executor://mstestadapter/v2" className="Microsoft.Dafny.LanguageServer.IntegrationTest.Synchronization.TextReplacementTest" name="ReplaceSingleLineTextAtStart" />
    </UnitTest>
    <UnitTest name="CompleteOnNothingReturnsEmptyList" storage="/users/rwillems/documents/sourcecode/dafny/source/dafnylanguageserver.test/bin/debug/net6.0/dafnylanguageserver.test.dll" id="d532dc6a-9c80-40ad-b73b-421dee5fc0c6">
      <Execution id="2c6cd130-b4cb-4294-ac74-d7a58bbf4f1b" />
      <TestMethod codeBase="/Users/rwillems/Documents/SourceCode/dafny/Source/DafnyLanguageServer.Test/bin/Debug/net6.0/DafnyLanguageServer.Test.dll" adapterTypeName="executor://mstestadapter/v2" className="Microsoft.Dafny.LanguageServer.IntegrationTest.Completion.DotCompletionTest" name="CompleteOnNothingReturnsEmptyList" />
    </UnitTest>
    <UnitTest name="OpeningDocumentThatIncludesDocumentWithSyntaxErrorsReportsParserErrorAtInclude" storage="/users/rwillems/documents/sourcecode/dafny/source/dafnylanguageserver.test/bin/debug/net6.0/dafnylanguageserver.test.dll" id="2db22644-1df1-405e-a517-ab5ffb6d1a70">
      <Execution id="81577629-2385-463a-9a24-1827bcfb75ff" />
      <TestMethod codeBase="/Users/rwillems/Documents/SourceCode/dafny/Source/DafnyLanguageServer.Test/bin/Debug/net6.0/DafnyLanguageServer.Test.dll" adapterTypeName="executor://mstestadapter/v2" className="Microsoft.Dafny.LanguageServer.IntegrationTest.Synchronization.DiagnosticsTest" name="OpeningDocumentThatIncludesDocumentWithSyntaxErrorsReportsParserErrorAtInclude" />
    </UnitTest>
    <UnitTest name="SignatureHelpOnOpeningParenthesesReturnsSignatureOfClassMemberOfDesignator" storage="/users/rwillems/documents/sourcecode/dafny/source/dafnylanguageserver.test/bin/debug/net6.0/dafnylanguageserver.test.dll" id="57ba390d-0ab0-4b98-87a2-ea12c6986466">
      <Execution id="09945c5d-face-4e07-8374-c5826cb3a449" />
      <TestMethod codeBase="/Users/rwillems/Documents/SourceCode/dafny/Source/DafnyLanguageServer.Test/bin/Debug/net6.0/DafnyLanguageServer.Test.dll" adapterTypeName="executor://mstestadapter/v2" className="Microsoft.Dafny.LanguageServer.IntegrationTest.Lookup.SignatureHelpTest" name="SignatureHelpOnOpeningParenthesesReturnsSignatureOfClassMemberOfDesignator" />
    </UnitTest>
    <UnitTest name="HoverIngResultTypeShouldNotCrash" storage="/users/rwillems/documents/sourcecode/dafny/source/dafnylanguageserver.test/bin/debug/net6.0/dafnylanguageserver.test.dll" id="2e5600a1-9b7a-41b8-bb8e-2eef9ba60b01">
      <Execution id="09703ab8-6cdf-486a-a5e5-eb1b3954abe9" />
      <TestMethod codeBase="/Users/rwillems/Documents/SourceCode/dafny/Source/DafnyLanguageServer.Test/bin/Debug/net6.0/DafnyLanguageServer.Test.dll" adapterTypeName="executor://mstestadapter/v2" className="Microsoft.Dafny.LanguageServer.IntegrationTest.Lookup.HoverTest" name="HoverIngResultTypeShouldNotCrash" />
    </UnitTest>
    <UnitTest name="HoveringTypeOfConstructorInvocationReturnsTheUserDefinedType" storage="/users/rwillems/documents/sourcecode/dafny/source/dafnylanguageserver.test/bin/debug/net6.0/dafnylanguageserver.test.dll" id="3bf7966a-57a1-4970-8e3c-7588f8a6cd4f">
      <Execution id="d0291b02-cb02-4a6f-8bda-a1e330aabda9" />
      <TestMethod codeBase="/Users/rwillems/Documents/SourceCode/dafny/Source/DafnyLanguageServer.Test/bin/Debug/net6.0/DafnyLanguageServer.Test.dll" adapterTypeName="executor://mstestadapter/v2" className="Microsoft.Dafny.LanguageServer.IntegrationTest.Lookup.HoverTest" name="HoveringTypeOfConstructorInvocationReturnsTheUserDefinedType" />
    </UnitTest>
    <UnitTest name="DocumentWithParserErrorsSendsParsingFailedStatus" storage="/users/rwillems/documents/sourcecode/dafny/source/dafnylanguageserver.test/bin/debug/net6.0/dafnylanguageserver.test.dll" id="44c46938-eb01-40d7-a943-1667107baf18">
      <Execution id="f0a0c96f-8a42-4fe9-9fde-ab4cb25dc825" />
      <TestMethod codeBase="/Users/rwillems/Documents/SourceCode/dafny/Source/DafnyLanguageServer.Test/bin/Debug/net6.0/DafnyLanguageServer.Test.dll" adapterTypeName="executor://mstestadapter/v2" className="Microsoft.Dafny.LanguageServer.IntegrationTest.Various.CompilationStatusNotificationTest" name="DocumentWithParserErrorsSendsParsingFailedStatus" />
    </UnitTest>
    <UnitTest name="EnsuresEmptyDocumentWithParseErrorShowsError" storage="/users/rwillems/documents/sourcecode/dafny/source/dafnylanguageserver.test/bin/debug/net6.0/dafnylanguageserver.test.dll" id="6d87f8e4-5f00-463b-a225-793d55208452">
      <Execution id="4805b3b7-ab7e-49d6-8b1d-743468c76da2" />
      <TestMethod codeBase="/Users/rwillems/Documents/SourceCode/dafny/Source/DafnyLanguageServer.Test/bin/Debug/net6.0/DafnyLanguageServer.Test.dll" adapterTypeName="executor://mstestadapter/v2" className="Microsoft.Dafny.LanguageServer.IntegrationTest.Diagnostics.SimpleLinearVerificationGutterStatusTester" name="EnsuresEmptyDocumentWithParseErrorShowsError" />
    </UnitTest>
    <UnitTest name="MigrationLeavesLinesOfSymbolsBeforeUnchangedWhenRemovingInTheMiddle" storage="/users/rwillems/documents/sourcecode/dafny/source/dafnylanguageserver.test/bin/debug/net6.0/dafnylanguageserver.test.dll" id="af581e5f-3b80-494a-8a28-5598455ba764">
      <Execution id="4ac6e086-6075-4301-8a3e-5196340ccfd3" />
      <TestMethod codeBase="/Users/rwillems/Documents/SourceCode/dafny/Source/DafnyLanguageServer.Test/bin/Debug/net6.0/DafnyLanguageServer.Test.dll" adapterTypeName="executor://mstestadapter/v2" className="Microsoft.Dafny.LanguageServer.IntegrationTest.Synchronization.DeclarationLocationMigrationTest" name="MigrationLeavesLinesOfSymbolsBeforeUnchangedWhenRemovingInTheMiddle" />
    </UnitTest>
    <UnitTest name="MigrationMovesLinesOfSymbolsAfterWhenRemovingInTheMiddle" storage="/users/rwillems/documents/sourcecode/dafny/source/dafnylanguageserver.test/bin/debug/net6.0/dafnylanguageserver.test.dll" id="29c10fbb-3233-46ab-947f-51900025a826">
      <Execution id="7f06a9d5-66c0-403a-933f-262c9aa8da86" />
      <TestMethod codeBase="/Users/rwillems/Documents/SourceCode/dafny/Source/DafnyLanguageServer.Test/bin/Debug/net6.0/DafnyLanguageServer.Test.dll" adapterTypeName="executor://mstestadapter/v2" className="Microsoft.Dafny.LanguageServer.IntegrationTest.Synchronization.DeclarationLocationMigrationTest" name="MigrationMovesLinesOfSymbolsAfterWhenRemovingInTheMiddle" />
    </UnitTest>
    <UnitTest name="MigrationMovesLinesOfSymbolsAfterWhenChangingInTheMiddle" storage="/users/rwillems/documents/sourcecode/dafny/source/dafnylanguageserver.test/bin/debug/net6.0/dafnylanguageserver.test.dll" id="24b54f5c-8d17-4eee-b1dd-9fa3e1fe86bb">
      <Execution id="736ac17c-cafc-4d54-92c9-6de7cbbbc2bb" />
      <TestMethod codeBase="/Users/rwillems/Documents/SourceCode/dafny/Source/DafnyLanguageServer.Test/bin/Debug/net6.0/DafnyLanguageServer.Test.dll" adapterTypeName="executor://mstestadapter/v2" className="Microsoft.Dafny.LanguageServer.IntegrationTest.Synchronization.DeclarationLocationMigrationTest" name="MigrationMovesLinesOfSymbolsAfterWhenChangingInTheMiddle" />
    </UnitTest>
    <UnitTest name="SemanticErrorsOfDocumentAreCaptured" storage="/users/rwillems/documents/sourcecode/dafny/source/dafnylanguageserver.test/bin/debug/net6.0/dafnylanguageserver.test.dll" id="8a1bfeea-f6ce-4336-9f61-3720c400734f">
      <Execution id="fbc47ac3-dfe8-42eb-92b0-6af830f2e23a" />
      <TestMethod codeBase="/Users/rwillems/Documents/SourceCode/dafny/Source/DafnyLanguageServer.Test/bin/Debug/net6.0/DafnyLanguageServer.Test.dll" adapterTypeName="executor://mstestadapter/v2" className="Microsoft.Dafny.LanguageServer.IntegrationTest.Synchronization.OpenDocumentTest" name="SemanticErrorsOfDocumentAreCaptured" />
    </UnitTest>
    <UnitTest name="LeavesDocumentUnchangedIfDocumentContainsSemanticErrorsIfVerifyOnSave" storage="/users/rwillems/documents/sourcecode/dafny/source/dafnylanguageserver.test/bin/debug/net6.0/dafnylanguageserver.test.dll" id="bc1b3547-4e8e-47cc-8816-88f54f97f15e">
      <Execution id="83bdec29-afef-4d85-bb09-92c89970c97f" />
      <TestMethod codeBase="/Users/rwillems/Documents/SourceCode/dafny/Source/DafnyLanguageServer.Test/bin/Debug/net6.0/DafnyLanguageServer.Test.dll" adapterTypeName="executor://mstestadapter/v2" className="Microsoft.Dafny.LanguageServer.IntegrationTest.Synchronization.SaveDocumentTest" name="LeavesDocumentUnchangedIfDocumentContainsSemanticErrorsIfVerifyOnSave" />
    </UnitTest>
    <UnitTest name="LeavesDocumentUnchangedIfDocumentContainsSyntaxErrorsIfVerifyOnSave" storage="/users/rwillems/documents/sourcecode/dafny/source/dafnylanguageserver.test/bin/debug/net6.0/dafnylanguageserver.test.dll" id="27d5cffe-b4e2-4dff-9769-6a4cd5e75c04">
      <Execution id="f61b65ae-a1cb-4dab-8780-a070157c572b" />
      <TestMethod codeBase="/Users/rwillems/Documents/SourceCode/dafny/Source/DafnyLanguageServer.Test/bin/Debug/net6.0/DafnyLanguageServer.Test.dll" adapterTypeName="executor://mstestadapter/v2" className="Microsoft.Dafny.LanguageServer.IntegrationTest.Synchronization.SaveDocumentTest" name="LeavesDocumentUnchangedIfDocumentContainsSyntaxErrorsIfVerifyOnSave" />
    </UnitTest>
    <UnitTest name="SetSingleElement" storage="/users/rwillems/documents/sourcecode/dafny/source/dafnylanguageserver.test/bin/debug/net6.0/dafnylanguageserver.test.dll" id="423bdeb3-421b-4dfb-a595-a0a4559db73a">
      <Execution id="ef92db82-a506-479b-9f3d-262d98396446" />
      <TestMethod codeBase="/Users/rwillems/Documents/SourceCode/dafny/Source/DafnyLanguageServer.Test/bin/Debug/net6.0/DafnyLanguageServer.Test.dll" adapterTypeName="executor://mstestadapter/v2" className="Microsoft.Dafny.LanguageServer.IntegrationTest.Various.CounterExampleTest" name="SetSingleElement" />
    </UnitTest>
    <UnitTest name="HoveringVariableShadowingAnotherVariableReturnsTheShadowingVariable" storage="/users/rwillems/documents/sourcecode/dafny/source/dafnylanguageserver.test/bin/debug/net6.0/dafnylanguageserver.test.dll" id="0d12728f-727f-4483-a756-cd60d7971486">
      <Execution id="e60b196f-1f68-4a73-8925-565e9d27fdd0" />
      <TestMethod codeBase="/Users/rwillems/Documents/SourceCode/dafny/Source/DafnyLanguageServer.Test/bin/Debug/net6.0/DafnyLanguageServer.Test.dll" adapterTypeName="executor://mstestadapter/v2" className="Microsoft.Dafny.LanguageServer.IntegrationTest.Lookup.HoverTest" name="HoveringVariableShadowingAnotherVariableReturnsTheShadowingVariable" />
    </UnitTest>
    <UnitTest name="HoverReturnsBeforeVerificationIsComplete" storage="/users/rwillems/documents/sourcecode/dafny/source/dafnylanguageserver.test/bin/debug/net6.0/dafnylanguageserver.test.dll" id="2a1769e6-9d8f-43b1-9d19-7525086cb225">
      <Execution id="feff10b7-cf23-495f-9244-bc9a718eefa1" />
      <TestMethod codeBase="/Users/rwillems/Documents/SourceCode/dafny/Source/DafnyLanguageServer.Test/bin/Debug/net6.0/DafnyLanguageServer.Test.dll" adapterTypeName="executor://mstestadapter/v2" className="Microsoft.Dafny.LanguageServer.IntegrationTest.Lookup.HoverTest" name="HoverReturnsBeforeVerificationIsComplete" />
    </UnitTest>
    <UnitTest name="FractionFieldAsReal" storage="/users/rwillems/documents/sourcecode/dafny/source/dafnylanguageserver.test/bin/debug/net6.0/dafnylanguageserver.test.dll" id="e15d9b0d-3911-4eea-a494-bb9ed2e0a844">
      <Execution id="5961e631-5f59-4dd4-8e0d-b3941d10e6ba" />
      <TestMethod codeBase="/Users/rwillems/Documents/SourceCode/dafny/Source/DafnyLanguageServer.Test/bin/Debug/net6.0/DafnyLanguageServer.Test.dll" adapterTypeName="executor://mstestadapter/v2" className="Microsoft.Dafny.LanguageServer.IntegrationTest.Various.CounterExampleTest" name="FractionFieldAsReal" />
    </UnitTest>
    <UnitTest name="MigrationExpandsDeclarationRangeWhenChangingTheContents" storage="/users/rwillems/documents/sourcecode/dafny/source/dafnylanguageserver.test/bin/debug/net6.0/dafnylanguageserver.test.dll" id="e3919076-fa8e-44ba-aa30-9434d1cef9f2">
      <Execution id="2689511b-8f7d-41dc-b369-01db7f1fa491" />
      <TestMethod codeBase="/Users/rwillems/Documents/SourceCode/dafny/Source/DafnyLanguageServer.Test/bin/Debug/net6.0/DafnyLanguageServer.Test.dll" adapterTypeName="executor://mstestadapter/v2" className="Microsoft.Dafny.LanguageServer.IntegrationTest.Synchronization.DeclarationLocationMigrationTest" name="MigrationExpandsDeclarationRangeWhenChangingTheContents" />
    </UnitTest>
    <UnitTest name="DocumentWithoutErrorsSendsCompilationSucceededVerificationStartedAndVerificationSucceededStatuses" storage="/users/rwillems/documents/sourcecode/dafny/source/dafnylanguageserver.test/bin/debug/net6.0/dafnylanguageserver.test.dll" id="094cba96-3a03-485a-9c91-c0b12d7c9d78">
      <Execution id="3a699ce4-f97b-4311-84d3-e2d049fcf63c" />
      <TestMethod codeBase="/Users/rwillems/Documents/SourceCode/dafny/Source/DafnyLanguageServer.Test/bin/Debug/net6.0/DafnyLanguageServer.Test.dll" adapterTypeName="executor://mstestadapter/v2" className="Microsoft.Dafny.LanguageServer.IntegrationTest.Various.CompilationStatusNotificationTest" name="DocumentWithoutErrorsSendsCompilationSucceededVerificationStartedAndVerificationSucceededStatuses" />
    </UnitTest>
    <UnitTest name="DocumentIsUnloadedWhenClosed" storage="/users/rwillems/documents/sourcecode/dafny/source/dafnylanguageserver.test/bin/debug/net6.0/dafnylanguageserver.test.dll" id="881d3490-c770-4c19-974d-e920010174b0">
      <Execution id="13018d53-b924-44f7-8359-4ee5f00e203e" />
      <TestMethod codeBase="/Users/rwillems/Documents/SourceCode/dafny/Source/DafnyLanguageServer.Test/bin/Debug/net6.0/DafnyLanguageServer.Test.dll" adapterTypeName="executor://mstestadapter/v2" className="Microsoft.Dafny.LanguageServer.IntegrationTest.Synchronization.CloseDocumentTest" name="DocumentIsUnloadedWhenClosed" />
    </UnitTest>
    <UnitTest name="HoveringForAllBoundVarInPredicateReturnsBoundVarInferredType" storage="/users/rwillems/documents/sourcecode/dafny/source/dafnylanguageserver.test/bin/debug/net6.0/dafnylanguageserver.test.dll" id="d8ddbabe-ab8c-4d49-930c-21fd0a099b6b">
      <Execution id="e78dd02d-457a-4a9e-bf7f-d0c44c4db5ff" />
      <TestMethod codeBase="/Users/rwillems/Documents/SourceCode/dafny/Source/DafnyLanguageServer.Test/bin/Debug/net6.0/DafnyLanguageServer.Test.dll" adapterTypeName="executor://mstestadapter/v2" className="Microsoft.Dafny.LanguageServer.IntegrationTest.Lookup.HoverTest" name="HoveringForAllBoundVarInPredicateReturnsBoundVarInferredType" />
    </UnitTest>
    <UnitTest name="CompleteOnThisReturnsClassMembers" storage="/users/rwillems/documents/sourcecode/dafny/source/dafnylanguageserver.test/bin/debug/net6.0/dafnylanguageserver.test.dll" id="2d3f0a80-e0e9-4fa4-92bb-bcf8c18ab420">
      <Execution id="b722e0c3-6278-45f4-a22f-7c57ceaa23a6" />
      <TestMethod codeBase="/Users/rwillems/Documents/SourceCode/dafny/Source/DafnyLanguageServer.Test/bin/Debug/net6.0/DafnyLanguageServer.Test.dll" adapterTypeName="executor://mstestadapter/v2" className="Microsoft.Dafny.LanguageServer.IntegrationTest.Completion.DotCompletionTest" name="CompleteOnThisReturnsClassMembers" />
    </UnitTest>
    <UnitTest name="HoveringParentTraitOfUserDefinedTypeReturnsTheParentTrait" storage="/users/rwillems/documents/sourcecode/dafny/source/dafnylanguageserver.test/bin/debug/net6.0/dafnylanguageserver.test.dll" id="424d344e-ab62-4182-b31a-fe6e83721af6">
      <Execution id="71573755-515f-4b46-84b9-ae01c3d12190" />
      <TestMethod codeBase="/Users/rwillems/Documents/SourceCode/dafny/Source/DafnyLanguageServer.Test/bin/Debug/net6.0/DafnyLanguageServer.Test.dll" adapterTypeName="executor://mstestadapter/v2" className="Microsoft.Dafny.LanguageServer.IntegrationTest.Lookup.HoverTest" name="HoveringParentTraitOfUserDefinedTypeReturnsTheParentTrait" />
    </UnitTest>
    <UnitTest name="DefinitionOfInvocationOfUnknownFunctionOrMethodReturnsNoLocation" storage="/users/rwillems/documents/sourcecode/dafny/source/dafnylanguageserver.test/bin/debug/net6.0/dafnylanguageserver.test.dll" id="4a52217c-c8aa-4bc4-a718-19cb0b6c440d">
      <Execution id="d107c586-95ae-4973-9ee7-719b631f1d3d" />
      <TestMethod codeBase="/Users/rwillems/Documents/SourceCode/dafny/Source/DafnyLanguageServer.Test/bin/Debug/net6.0/DafnyLanguageServer.Test.dll" adapterTypeName="executor://mstestadapter/v2" className="Microsoft.Dafny.LanguageServer.IntegrationTest.Lookup.DefinitionTest" name="DefinitionOfInvocationOfUnknownFunctionOrMethodReturnsNoLocation" />
    </UnitTest>
    <UnitTest name="DafnyModelTypeMultipleArguments" storage="/users/rwillems/documents/sourcecode/dafny/source/dafnylanguageserver.test/bin/debug/net6.0/dafnylanguageserver.test.dll" id="afb14e17-8352-4fac-a734-5000a8e0b8df">
      <Execution id="0d8b8cd2-f745-4e6c-bfbf-ab5559fb67a1" />
      <TestMethod codeBase="/Users/rwillems/Documents/SourceCode/dafny/Source/DafnyLanguageServer.Test/bin/Debug/net6.0/DafnyLanguageServer.Test.dll" adapterTypeName="executor://mstestadapter/v2" className="Microsoft.Dafny.LanguageServer.IntegrationTest.Various.CounterExampleTest" name="DafnyModelTypeMultipleArguments" />
    </UnitTest>
    <UnitTest name="EnsureItWorksForPostconditionsRelatedOutside" storage="/users/rwillems/documents/sourcecode/dafny/source/dafnylanguageserver.test/bin/debug/net6.0/dafnylanguageserver.test.dll" id="baec91a4-0ef4-4918-b430-341f0a215e55">
      <Execution id="3e5018bc-bd09-4ea7-947a-d441af4df122" />
      <TestMethod codeBase="/Users/rwillems/Documents/SourceCode/dafny/Source/DafnyLanguageServer.Test/bin/Debug/net6.0/DafnyLanguageServer.Test.dll" adapterTypeName="executor://mstestadapter/v2" className="Microsoft.Dafny.LanguageServer.IntegrationTest.Diagnostics.SimpleLinearVerificationGutterStatusTester" name="EnsureItWorksForPostconditionsRelatedOutside" />
    </UnitTest>
    <UnitTest name="DefinitionOfMethodInvocationOfMethodDeclaredInSameDocumentReturnsLocation" storage="/users/rwillems/documents/sourcecode/dafny/source/dafnylanguageserver.test/bin/debug/net6.0/dafnylanguageserver.test.dll" id="67e5a21f-b503-4153-bf78-9d216709e1b4">
      <Execution id="1e2ce6d0-d194-47fc-8e6a-1c827a4c6f41" />
      <TestMethod codeBase="/Users/rwillems/Documents/SourceCode/dafny/Source/DafnyLanguageServer.Test/bin/Debug/net6.0/DafnyLanguageServer.Test.dll" adapterTypeName="executor://mstestadapter/v2" className="Microsoft.Dafny.LanguageServer.IntegrationTest.Lookup.DefinitionTest" name="DefinitionOfMethodInvocationOfMethodDeclaredInSameDocumentReturnsLocation" />
    </UnitTest>
    <UnitTest name="MapsCreation" storage="/users/rwillems/documents/sourcecode/dafny/source/dafnylanguageserver.test/bin/debug/net6.0/dafnylanguageserver.test.dll" id="12a97191-f15d-4ad1-b7f3-845823747800">
      <Execution id="b2ba6e01-96e0-4903-997b-7db9f511a519" />
      <TestMethod codeBase="/Users/rwillems/Documents/SourceCode/dafny/Source/DafnyLanguageServer.Test/bin/Debug/net6.0/DafnyLanguageServer.Test.dll" adapterTypeName="executor://mstestadapter/v2" className="Microsoft.Dafny.LanguageServer.IntegrationTest.Various.CounterExampleTest" name="MapsCreation" />
    </UnitTest>
    <UnitTest name="DocumentStaysUnloadedWhenClosed" storage="/users/rwillems/documents/sourcecode/dafny/source/dafnylanguageserver.test/bin/debug/net6.0/dafnylanguageserver.test.dll" id="17ea9f3e-c798-48e0-9f31-e2bc6c8b4ab7">
      <Execution id="d2a696fe-7421-4721-a3db-9d0b42a2223a" />
      <TestMethod codeBase="/Users/rwillems/Documents/SourceCode/dafny/Source/DafnyLanguageServer.Test/bin/Debug/net6.0/DafnyLanguageServer.Test.dll" adapterTypeName="executor://mstestadapter/v2" className="Microsoft.Dafny.LanguageServer.IntegrationTest.Synchronization.CloseDocumentTest" name="DocumentStaysUnloadedWhenClosed" />
    </UnitTest>
    <UnitTest name="ApplyingMultipleChangesInDocumentOnlySendsOneReport" storage="/users/rwillems/documents/sourcecode/dafny/source/dafnylanguageserver.test/bin/debug/net6.0/dafnylanguageserver.test.dll" id="6e542bf6-0947-4d40-a40f-678c97be8071">
      <Execution id="1383bb14-de25-4683-94eb-f4f9d298bf4a" />
      <TestMethod codeBase="/Users/rwillems/Documents/SourceCode/dafny/Source/DafnyLanguageServer.Test/bin/Debug/net6.0/DafnyLanguageServer.Test.dll" adapterTypeName="executor://mstestadapter/v2" className="Microsoft.Dafny.LanguageServer.IntegrationTest.Synchronization.DiagnosticsTest" name="ApplyingMultipleChangesInDocumentOnlySendsOneReport" />
    </UnitTest>
    <UnitTest name="GetCounterExampleWithMultipleMethodsWithErrorsReturnsCounterExamplesForEveryMethod" storage="/users/rwillems/documents/sourcecode/dafny/source/dafnylanguageserver.test/bin/debug/net6.0/dafnylanguageserver.test.dll" id="0660c93a-4e69-40bf-bb89-49adfd15687f">
      <Execution id="9f727300-55d2-4ca5-a2cd-6951240cdfbd" />
      <TestMethod codeBase="/Users/rwillems/Documents/SourceCode/dafny/Source/DafnyLanguageServer.Test/bin/Debug/net6.0/DafnyLanguageServer.Test.dll" adapterTypeName="executor://mstestadapter/v2" className="Microsoft.Dafny.LanguageServer.IntegrationTest.Various.CounterExampleTest" name="GetCounterExampleWithMultipleMethodsWithErrorsReturnsCounterExamplesForEveryMethod" />
    </UnitTest>
    <UnitTest name="CanLoadMultipleDocumentsConcurrently" storage="/users/rwillems/documents/sourcecode/dafny/source/dafnylanguageserver.test/bin/debug/net6.0/dafnylanguageserver.test.dll" id="d9ff2bf3-c5ad-4779-842c-7124760a2697">
      <Execution id="55e44104-8cba-4a40-954e-5adc7d52db83" />
      <TestMethod codeBase="/Users/rwillems/Documents/SourceCode/dafny/Source/DafnyLanguageServer.Test/bin/Debug/net6.0/DafnyLanguageServer.Test.dll" adapterTypeName="executor://mstestadapter/v2" className="Microsoft.Dafny.LanguageServer.IntegrationTest.Various.ConcurrentInteractionsTest" name="CanLoadMultipleDocumentsConcurrently" />
    </UnitTest>
    <UnitTest name="SequenceSimpleTest" storage="/users/rwillems/documents/sourcecode/dafny/source/dafnylanguageserver.test/bin/debug/net6.0/dafnylanguageserver.test.dll" id="f80a53b5-47f7-4243-8cc5-d272551c88f3">
      <Execution id="69de35ed-2680-4000-be0c-6b6dc242ce98" />
      <TestMethod codeBase="/Users/rwillems/Documents/SourceCode/dafny/Source/DafnyLanguageServer.Test/bin/Debug/net6.0/DafnyLanguageServer.Test.dll" adapterTypeName="executor://mstestadapter/v2" className="Microsoft.Dafny.LanguageServer.IntegrationTest.Various.CounterExampleTest" name="SequenceSimpleTest" />
    </UnitTest>
    <UnitTest name="CompleteOnShadowedVariableReturnsCompletionOfClassIfPrefixedWithThis" storage="/users/rwillems/documents/sourcecode/dafny/source/dafnylanguageserver.test/bin/debug/net6.0/dafnylanguageserver.test.dll" id="2b3829c9-723e-4225-935f-4e645e08ab61">
      <Execution id="95c9a328-8bef-4fda-a70a-d4e4173d3bf8" />
      <TestMethod codeBase="/Users/rwillems/Documents/SourceCode/dafny/Source/DafnyLanguageServer.Test/bin/Debug/net6.0/DafnyLanguageServer.Test.dll" adapterTypeName="executor://mstestadapter/v2" className="Microsoft.Dafny.LanguageServer.IntegrationTest.Completion.DotCompletionTest" name="CompleteOnShadowedVariableReturnsCompletionOfClassIfPrefixedWithThis" />
    </UnitTest>
    <UnitTest name="HoveringParameterDesignatorOfMethodInsideDataTypeReturnsTheParameterType" storage="/users/rwillems/documents/sourcecode/dafny/source/dafnylanguageserver.test/bin/debug/net6.0/dafnylanguageserver.test.dll" id="cb41845a-730d-4db8-996d-4468d8971ff8">
      <Execution id="4afcf4ee-81ac-4100-bc6c-9e5645e7fba6" />
      <TestMethod codeBase="/Users/rwillems/Documents/SourceCode/dafny/Source/DafnyLanguageServer.Test/bin/Debug/net6.0/DafnyLanguageServer.Test.dll" adapterTypeName="executor://mstestadapter/v2" className="Microsoft.Dafny.LanguageServer.IntegrationTest.Lookup.HoverTest" name="HoveringParameterDesignatorOfMethodInsideDataTypeReturnsTheParameterType" />
    </UnitTest>
    <UnitTest name="EnsureResilienceAgainstErrors" storage="/users/rwillems/documents/sourcecode/dafny/source/dafnylanguageserver.test/bin/debug/net6.0/dafnylanguageserver.test.dll" id="08966b5a-4d50-42e4-a764-ae34e9d0bf29">
      <Execution id="938b9630-69a3-4390-9731-56819195a844" />
      <TestMethod codeBase="/Users/rwillems/Documents/SourceCode/dafny/Source/DafnyLanguageServer.Test/bin/Debug/net6.0/DafnyLanguageServer.Test.dll" adapterTypeName="executor://mstestadapter/v2" className="Microsoft.Dafny.LanguageServer.IntegrationTest.Unit.GhostStateDiagnosticCollectorTest" name="EnsureResilienceAgainstErrors" />
    </UnitTest>
    <UnitTest name="HoveringParameterOfMethodReturnsTheUserDefinedType" storage="/users/rwillems/documents/sourcecode/dafny/source/dafnylanguageserver.test/bin/debug/net6.0/dafnylanguageserver.test.dll" id="6dd1f86b-c366-4220-adbf-1e38413ebd82">
      <Execution id="51486d50-cfde-4d35-bacc-a59ef0ccf924" />
      <TestMethod codeBase="/Users/rwillems/Documents/SourceCode/dafny/Source/DafnyLanguageServer.Test/bin/Debug/net6.0/DafnyLanguageServer.Test.dll" adapterTypeName="executor://mstestadapter/v2" className="Microsoft.Dafny.LanguageServer.IntegrationTest.Lookup.HoverTest" name="HoveringParameterOfMethodReturnsTheUserDefinedType" />
    </UnitTest>
    <UnitTest name="CompleteOnShadowedVariableReturnsCompletionOfClosestSymbol" storage="/users/rwillems/documents/sourcecode/dafny/source/dafnylanguageserver.test/bin/debug/net6.0/dafnylanguageserver.test.dll" id="9a3057ab-cafe-4d42-9317-7c5fe795871f">
      <Execution id="f572a01c-7614-4962-9f8e-2e5ad80d9ae2" />
      <TestMethod codeBase="/Users/rwillems/Documents/SourceCode/dafny/Source/DafnyLanguageServer.Test/bin/Debug/net6.0/DafnyLanguageServer.Test.dll" adapterTypeName="executor://mstestadapter/v2" className="Microsoft.Dafny.LanguageServer.IntegrationTest.Completion.DotCompletionTest" name="CompleteOnShadowedVariableReturnsCompletionOfClosestSymbol" />
    </UnitTest>
    <UnitTest name="HoveringSetBoundVarReturnsBoundVarInferredType" storage="/users/rwillems/documents/sourcecode/dafny/source/dafnylanguageserver.test/bin/debug/net6.0/dafnylanguageserver.test.dll" id="4e7b7a9b-3526-4191-9043-61ccaf21f153">
      <Execution id="2e1bf663-31fb-4715-8939-5d981f4d5de8" />
      <TestMethod codeBase="/Users/rwillems/Documents/SourceCode/dafny/Source/DafnyLanguageServer.Test/bin/Debug/net6.0/DafnyLanguageServer.Test.dll" adapterTypeName="executor://mstestadapter/v2" className="Microsoft.Dafny.LanguageServer.IntegrationTest.Lookup.HoverTest" name="HoveringSetBoundVarReturnsBoundVarInferredType" />
    </UnitTest>
    <UnitTest name="DefinitionOfFieldOfSystemTypeReturnsNoLocation" storage="/users/rwillems/documents/sourcecode/dafny/source/dafnylanguageserver.test/bin/debug/net6.0/dafnylanguageserver.test.dll" id="a2d0287f-747f-4df5-a274-cf06638a80e8">
      <Execution id="90710e1f-0adc-4797-a1c9-edee58c77517" />
      <TestMethod codeBase="/Users/rwillems/Documents/SourceCode/dafny/Source/DafnyLanguageServer.Test/bin/Debug/net6.0/DafnyLanguageServer.Test.dll" adapterTypeName="executor://mstestadapter/v2" className="Microsoft.Dafny.LanguageServer.IntegrationTest.Lookup.DefinitionTest" name="DefinitionOfFieldOfSystemTypeReturnsNoLocation" />
    </UnitTest>
    <UnitTest name="HoveringFieldOfSystemTypeReturnsDefinition" storage="/users/rwillems/documents/sourcecode/dafny/source/dafnylanguageserver.test/bin/debug/net6.0/dafnylanguageserver.test.dll" id="a7e7432a-117d-432a-8778-16d60b8b0035">
      <Execution id="447c5b4e-3586-49e9-9039-858a4cb6de19" />
      <TestMethod codeBase="/Users/rwillems/Documents/SourceCode/dafny/Source/DafnyLanguageServer.Test/bin/Debug/net6.0/DafnyLanguageServer.Test.dll" adapterTypeName="executor://mstestadapter/v2" className="Microsoft.Dafny.LanguageServer.IntegrationTest.Lookup.HoverTest" name="HoveringFieldOfSystemTypeReturnsDefinition" />
    </UnitTest>
    <UnitTest name="DocumentWithResolverErrorsSendsResolutionFailedStatus" storage="/users/rwillems/documents/sourcecode/dafny/source/dafnylanguageserver.test/bin/debug/net6.0/dafnylanguageserver.test.dll" id="90c395d7-1acb-48e8-8ae9-a129b7743f07">
      <Execution id="b3b1736c-d17b-45f7-a8a3-bd9cbbe173f9" />
      <TestMethod codeBase="/Users/rwillems/Documents/SourceCode/dafny/Source/DafnyLanguageServer.Test/bin/Debug/net6.0/DafnyLanguageServer.Test.dll" adapterTypeName="executor://mstestadapter/v2" className="Microsoft.Dafny.LanguageServer.IntegrationTest.Various.CompilationStatusNotificationTest" name="DocumentWithResolverErrorsSendsResolutionFailedStatus" />
    </UnitTest>
    <UnitTest name="MigrationMovesSymbolLocationsWhenApplyingMultipleChangesAtOnce" storage="/users/rwillems/documents/sourcecode/dafny/source/dafnylanguageserver.test/bin/debug/net6.0/dafnylanguageserver.test.dll" id="f91f7088-0334-4740-82e8-cda6c43c14ad">
      <Execution id="54e3420c-a88e-4d8c-8c20-dc2004cd6ac3" />
      <TestMethod codeBase="/Users/rwillems/Documents/SourceCode/dafny/Source/DafnyLanguageServer.Test/bin/Debug/net6.0/DafnyLanguageServer.Test.dll" adapterTypeName="executor://mstestadapter/v2" className="Microsoft.Dafny.LanguageServer.IntegrationTest.Synchronization.LookupMigrationTest" name="MigrationMovesSymbolLocationsWhenApplyingMultipleChangesAtOnce" />
    </UnitTest>
    <UnitTest name="CompleteOnTypeWithoutMembersReturnsEmptyList" storage="/users/rwillems/documents/sourcecode/dafny/source/dafnylanguageserver.test/bin/debug/net6.0/dafnylanguageserver.test.dll" id="a3bf6529-fd6e-4f9e-bac2-8b1f78d38d72">
      <Execution id="ab53af0b-52bc-4f34-b758-59347e9c7326" />
      <TestMethod codeBase="/Users/rwillems/Documents/SourceCode/dafny/Source/DafnyLanguageServer.Test/bin/Debug/net6.0/DafnyLanguageServer.Test.dll" adapterTypeName="executor://mstestadapter/v2" className="Microsoft.Dafny.LanguageServer.IntegrationTest.Completion.DotCompletionTest" name="CompleteOnTypeWithoutMembersReturnsEmptyList" />
    </UnitTest>
    <UnitTest name="MapsValues" storage="/users/rwillems/documents/sourcecode/dafny/source/dafnylanguageserver.test/bin/debug/net6.0/dafnylanguageserver.test.dll" id="9a870fdd-bc00-4a6f-81a0-a574fbee1279">
      <Execution id="1eea4b02-2423-4fca-ab58-e388fd17b036" />
      <TestMethod codeBase="/Users/rwillems/Documents/SourceCode/dafny/Source/DafnyLanguageServer.Test/bin/Debug/net6.0/DafnyLanguageServer.Test.dll" adapterTypeName="executor://mstestadapter/v2" className="Microsoft.Dafny.LanguageServer.IntegrationTest.Various.CounterExampleTest" name="MapsValues" />
    </UnitTest>
    <UnitTest name="EnsuresItWorksForSubsetTypes" storage="/users/rwillems/documents/sourcecode/dafny/source/dafnylanguageserver.test/bin/debug/net6.0/dafnylanguageserver.test.dll" id="b8b3e8df-1927-4f8b-8937-eb5cb7f88808">
      <Execution id="9b6140d4-adef-44a0-80d8-0a976ead2dae" />
      <TestMethod codeBase="/Users/rwillems/Documents/SourceCode/dafny/Source/DafnyLanguageServer.Test/bin/Debug/net6.0/DafnyLanguageServer.Test.dll" adapterTypeName="executor://mstestadapter/v2" className="Microsoft.Dafny.LanguageServer.IntegrationTest.Diagnostics.SimpleLinearVerificationGutterStatusTester" name="EnsuresItWorksForSubsetTypes" />
    </UnitTest>
    <UnitTest name="DocumentWithNoValidTokensCanBeOpened" storage="/users/rwillems/documents/sourcecode/dafny/source/dafnylanguageserver.test/bin/debug/net6.0/dafnylanguageserver.test.dll" id="852c90a0-7e22-49ef-a41a-2bfb5b87433f">
      <Execution id="7bcb2616-26f8-4375-aafe-1bcc9688bd3f" />
      <TestMethod codeBase="/Users/rwillems/Documents/SourceCode/dafny/Source/DafnyLanguageServer.Test/bin/Debug/net6.0/DafnyLanguageServer.Test.dll" adapterTypeName="executor://mstestadapter/v2" className="Microsoft.Dafny.LanguageServer.IntegrationTest.Synchronization.OpenDocumentTest" name="DocumentWithNoValidTokensCanBeOpened" />
    </UnitTest>
    <UnitTest name="EnsureResilienceAgainstErrors" storage="/users/rwillems/documents/sourcecode/dafny/source/dafnylanguageserver.test/bin/debug/net6.0/dafnylanguageserver.test.dll" id="8b90bde8-b4f9-4373-be8b-bc690d231832">
      <Execution id="f36cc9ac-c5ae-4f81-b9ec-487a92241888" />
      <TestMethod codeBase="/Users/rwillems/Documents/SourceCode/dafny/Source/DafnyLanguageServer.Test/bin/Debug/net6.0/DafnyLanguageServer.Test.dll" adapterTypeName="executor://mstestadapter/v2" className="Microsoft.Dafny.LanguageServer.IntegrationTest.Unit.DafnyLangSymbolResolverTest" name="EnsureResilienceAgainstErrors" />
    </UnitTest>
    <UnitTest name="ChangeToDocumentWithVerificationErrorsUsesDafnyResolver" storage="/users/rwillems/documents/sourcecode/dafny/source/dafnylanguageserver.test/bin/debug/net6.0/dafnylanguageserver.test.dll" id="476105a6-6e2e-424e-bff6-2a11b05e06fa">
      <Execution id="4be693e8-7fa9-4813-b1e6-200fc5be7e79" />
      <TestMethod codeBase="/Users/rwillems/Documents/SourceCode/dafny/Source/DafnyLanguageServer.Test/bin/Debug/net6.0/DafnyLanguageServer.Test.dll" adapterTypeName="executor://mstestadapter/v2" className="Microsoft.Dafny.LanguageServer.IntegrationTest.Synchronization.SymbolMigrationTest" name="ChangeToDocumentWithVerificationErrorsUsesDafnyResolver" />
    </UnitTest>
    <UnitTest name="ChangingCorrectDocumentToOneWithSyntaxErrorsReportsTheSyntaxErrorsIfNotVerifyOnChange" storage="/users/rwillems/documents/sourcecode/dafny/source/dafnylanguageserver.test/bin/debug/net6.0/dafnylanguageserver.test.dll" id="01185891-35c0-4849-a6b9-3cfa209d6812">
      <Execution id="75396528-0fe4-4614-8e7e-056421b34f3b" />
      <TestMethod codeBase="/Users/rwillems/Documents/SourceCode/dafny/Source/DafnyLanguageServer.Test/bin/Debug/net6.0/DafnyLanguageServer.Test.dll" adapterTypeName="executor://mstestadapter/v2" className="Microsoft.Dafny.LanguageServer.IntegrationTest.Synchronization.DiagnosticsTest" name="ChangingCorrectDocumentToOneWithSyntaxErrorsReportsTheSyntaxErrorsIfNotVerifyOnChange" />
    </UnitTest>
    <UnitTest name="FileWithMethodWithoutErrorsReturnsEmptyCounterExampleList" storage="/users/rwillems/documents/sourcecode/dafny/source/dafnylanguageserver.test/bin/debug/net6.0/dafnylanguageserver.test.dll" id="08a857aa-93da-455c-8e53-f21305208a9a">
      <Execution id="3fa5e39d-e0b7-4be3-8b59-3a7c4c860a1c" />
      <TestMethod codeBase="/Users/rwillems/Documents/SourceCode/dafny/Source/DafnyLanguageServer.Test/bin/Debug/net6.0/DafnyLanguageServer.Test.dll" adapterTypeName="executor://mstestadapter/v2" className="Microsoft.Dafny.LanguageServer.IntegrationTest.Various.CounterExampleTest" name="FileWithMethodWithoutErrorsReturnsEmptyCounterExampleList" />
    </UnitTest>
    <UnitTest name="HoveringInvocationOfUnknownFunctionOrMethodReturnsNull" storage="/users/rwillems/documents/sourcecode/dafny/source/dafnylanguageserver.test/bin/debug/net6.0/dafnylanguageserver.test.dll" id="4ecfc964-d881-4642-967a-028828873543">
      <Execution id="36d2633e-bf5c-4e2e-a23d-fec21bb57d44" />
      <TestMethod codeBase="/Users/rwillems/Documents/SourceCode/dafny/Source/DafnyLanguageServer.Test/bin/Debug/net6.0/DafnyLanguageServer.Test.dll" adapterTypeName="executor://mstestadapter/v2" className="Microsoft.Dafny.LanguageServer.IntegrationTest.Lookup.HoverTest" name="HoveringInvocationOfUnknownFunctionOrMethodReturnsNull" />
    </UnitTest>
    <UnitTest name="LoadCorrectDocumentCreatesSymbols" storage="/users/rwillems/documents/sourcecode/dafny/source/dafnylanguageserver.test/bin/debug/net6.0/dafnylanguageserver.test.dll" id="9866adcc-7cdc-4633-bff8-c39908fd4460">
      <Execution id="4485d680-16df-4579-8885-d94861fe2fdf" />
      <TestMethod codeBase="/Users/rwillems/Documents/SourceCode/dafny/Source/DafnyLanguageServer.Test/bin/Debug/net6.0/DafnyLanguageServer.Test.dll" adapterTypeName="executor://mstestadapter/v2" className="Microsoft.Dafny.LanguageServer.IntegrationTest.Lookup.DocumentSymbolTest" name="LoadCorrectDocumentCreatesSymbols" />
    </UnitTest>
    <UnitTest name="ImplicitlyIncludingTheSameModuleTwiceDoesNotResultInDuplicateError" storage="/users/rwillems/documents/sourcecode/dafny/source/dafnylanguageserver.test/bin/debug/net6.0/dafnylanguageserver.test.dll" id="a5ff5ce0-acb7-42f0-9021-193970a641c8">
      <Execution id="02ab7821-27df-4b91-8cbc-65641734fef3" />
      <TestMethod codeBase="/Users/rwillems/Documents/SourceCode/dafny/Source/DafnyLanguageServer.Test/bin/Debug/net6.0/DafnyLanguageServer.Test.dll" adapterTypeName="executor://mstestadapter/v2" className="Microsoft.Dafny.LanguageServer.IntegrationTest.Various.MultiFileTest" name="ImplicitlyIncludingTheSameModuleTwiceDoesNotResultInDuplicateError" />
    </UnitTest>
    <UnitTest name="EnsureRenderingIsCoherent" storage="/users/rwillems/documents/sourcecode/dafny/source/dafnylanguageserver.test/bin/debug/net6.0/dafnylanguageserver.test.dll" id="fa47da5e-a6fc-4f5a-af04-1a3e640a20a6">
      <Execution id="0c24a92b-cd27-4b7b-bac5-ec1d24f53199" />
      <TestMethod codeBase="/Users/rwillems/Documents/SourceCode/dafny/Source/DafnyLanguageServer.Test/bin/Debug/net6.0/DafnyLanguageServer.Test.dll" adapterTypeName="executor://mstestadapter/v2" className="Microsoft.Dafny.LanguageServer.IntegrationTest.Diagnostics.LinearRenderingTest" name="EnsureRenderingIsCoherent" />
    </UnitTest>
    <UnitTest name="FileWithBodyLessMethodReturnsSingleCounterExampleForPostconditions" storage="/users/rwillems/documents/sourcecode/dafny/source/dafnylanguageserver.test/bin/debug/net6.0/dafnylanguageserver.test.dll" id="ffd4e10f-3997-4a3f-9ef7-25a4fd4ac8ac">
      <Execution id="93c4d097-ec1d-4b2b-8dd8-8efad1059910" />
      <TestMethod codeBase="/Users/rwillems/Documents/SourceCode/dafny/Source/DafnyLanguageServer.Test/bin/Debug/net6.0/DafnyLanguageServer.Test.dll" adapterTypeName="executor://mstestadapter/v2" className="Microsoft.Dafny.LanguageServer.IntegrationTest.Various.CounterExampleTest" name="FileWithBodyLessMethodReturnsSingleCounterExampleForPostconditions" />
    </UnitTest>
    <UnitTest name="HoveringMethodInvocationOfMethodDeclaredInSameDocumentReturnsSignature" storage="/users/rwillems/documents/sourcecode/dafny/source/dafnylanguageserver.test/bin/debug/net6.0/dafnylanguageserver.test.dll" id="09be43f9-7464-426f-b53b-f9aca577a089">
      <Execution id="3e713e1e-d24b-4a66-98a8-2b963b54c19a" />
      <TestMethod codeBase="/Users/rwillems/Documents/SourceCode/dafny/Source/DafnyLanguageServer.Test/bin/Debug/net6.0/DafnyLanguageServer.Test.dll" adapterTypeName="executor://mstestadapter/v2" className="Microsoft.Dafny.LanguageServer.IntegrationTest.Lookup.HoverTest" name="HoveringMethodInvocationOfMethodDeclaredInSameDocumentReturnsSignature" />
    </UnitTest>
    <UnitTest name="OpeningDocumentWithComplexExpressionUnderlinesAllOfIt" storage="/users/rwillems/documents/sourcecode/dafny/source/dafnylanguageserver.test/bin/debug/net6.0/dafnylanguageserver.test.dll" id="064de9c5-5b23-4f08-a3a1-d91ff5d53e63">
      <Execution id="6d339231-a81e-44b4-86ae-a3ce47658d35" />
      <TestMethod codeBase="/Users/rwillems/Documents/SourceCode/dafny/Source/DafnyLanguageServer.Test/bin/Debug/net6.0/DafnyLanguageServer.Test.dll" adapterTypeName="executor://mstestadapter/v2" className="Microsoft.Dafny.LanguageServer.IntegrationTest.Synchronization.DiagnosticsTest" name="OpeningDocumentWithComplexExpressionUnderlinesAllOfIt" />
    </UnitTest>
    <UnitTest name="ClosingDocumentWithSyntaxErrorHidesDiagnosticsBySendingEmptyDiagnostics" storage="/users/rwillems/documents/sourcecode/dafny/source/dafnylanguageserver.test/bin/debug/net6.0/dafnylanguageserver.test.dll" id="c7775d2c-d9a2-4cfe-ba7f-67219381836f">
      <Execution id="b022fe3c-86f8-4d70-8f90-030c8305c309" />
      <TestMethod codeBase="/Users/rwillems/Documents/SourceCode/dafny/Source/DafnyLanguageServer.Test/bin/Debug/net6.0/DafnyLanguageServer.Test.dll" adapterTypeName="executor://mstestadapter/v2" className="Microsoft.Dafny.LanguageServer.IntegrationTest.Synchronization.DiagnosticsTest" name="ClosingDocumentWithSyntaxErrorHidesDiagnosticsBySendingEmptyDiagnostics" />
    </UnitTest>
    <UnitTest name="DatatypeWithDestructorsWhoseNamesShadowBuiltInDestructors" storage="/users/rwillems/documents/sourcecode/dafny/source/dafnylanguageserver.test/bin/debug/net6.0/dafnylanguageserver.test.dll" id="e31558d1-419e-4789-8301-fbb5bace5e7d">
      <Execution id="1683229c-5e35-4b93-886c-6932c3d7982f" />
      <TestMethod codeBase="/Users/rwillems/Documents/SourceCode/dafny/Source/DafnyLanguageServer.Test/bin/Debug/net6.0/DafnyLanguageServer.Test.dll" adapterTypeName="executor://mstestadapter/v2" className="Microsoft.Dafny.LanguageServer.IntegrationTest.Various.CounterExampleTest" name="DatatypeWithDestructorsWhoseNamesShadowBuiltInDestructors" />
    </UnitTest>
    <UnitTest name="DefinitionOfVariableShadowingFieldReturnsTheFieldIfThisIsUsed" storage="/users/rwillems/documents/sourcecode/dafny/source/dafnylanguageserver.test/bin/debug/net6.0/dafnylanguageserver.test.dll" id="7db97218-a601-4a70-bce8-1f8753966854">
      <Execution id="dee8f8f4-3f10-417c-923e-7ea12759177f" />
      <TestMethod codeBase="/Users/rwillems/Documents/SourceCode/dafny/Source/DafnyLanguageServer.Test/bin/Debug/net6.0/DafnyLanguageServer.Test.dll" adapterTypeName="executor://mstestadapter/v2" className="Microsoft.Dafny.LanguageServer.IntegrationTest.Lookup.DefinitionTest" name="DefinitionOfVariableShadowingFieldReturnsTheFieldIfThisIsUsed" />
    </UnitTest>
    <UnitTest name="DefinitionReturnsBeforeVerificationIsComplete" storage="/users/rwillems/documents/sourcecode/dafny/source/dafnylanguageserver.test/bin/debug/net6.0/dafnylanguageserver.test.dll" id="adf0afb6-fd2f-4c27-971e-5ddd5ff59b62">
      <Execution id="5256c33c-0ac0-4879-b7c9-4f13f840d142" />
      <TestMethod codeBase="/Users/rwillems/Documents/SourceCode/dafny/Source/DafnyLanguageServer.Test/bin/Debug/net6.0/DafnyLanguageServer.Test.dll" adapterTypeName="executor://mstestadapter/v2" className="Microsoft.Dafny.LanguageServer.IntegrationTest.Lookup.DefinitionTest" name="DefinitionReturnsBeforeVerificationIsComplete" />
    </UnitTest>
    <UnitTest name="ArbitraryBitVector" storage="/users/rwillems/documents/sourcecode/dafny/source/dafnylanguageserver.test/bin/debug/net6.0/dafnylanguageserver.test.dll" id="b93d8344-19c8-4cfb-b590-825b74c7e853">
      <Execution id="58e51dfd-836d-4f19-972f-9728df7499a1" />
      <TestMethod codeBase="/Users/rwillems/Documents/SourceCode/dafny/Source/DafnyLanguageServer.Test/bin/Debug/net6.0/DafnyLanguageServer.Test.dll" adapterTypeName="executor://mstestadapter/v2" className="Microsoft.Dafny.LanguageServer.IntegrationTest.Various.CounterExampleTest" name="ArbitraryBitVector" />
    </UnitTest>
    <UnitTest name="IncrementalVerificationDiagnosticsBetweenAssertionsAndWellFormedness" storage="/users/rwillems/documents/sourcecode/dafny/source/dafnylanguageserver.test/bin/debug/net6.0/dafnylanguageserver.test.dll" id="0c488d6d-ef3f-4895-839b-27f333b0acfd">
      <Execution id="248f1475-0212-40b1-b81c-90fde33959d7" />
      <TestMethod codeBase="/Users/rwillems/Documents/SourceCode/dafny/Source/DafnyLanguageServer.Test/bin/Debug/net6.0/DafnyLanguageServer.Test.dll" adapterTypeName="executor://mstestadapter/v2" className="Microsoft.Dafny.LanguageServer.IntegrationTest.Synchronization.DiagnosticsTest" name="IncrementalVerificationDiagnosticsBetweenAssertionsAndWellFormedness" />
    </UnitTest>
    <UnitTest name="VerificationDiagnosticsCanBeMigratedAcrossMultipleResolutions" storage="/users/rwillems/documents/sourcecode/dafny/source/dafnylanguageserver.test/bin/debug/net6.0/dafnylanguageserver.test.dll" id="aefbd6ee-0668-4d6e-9e54-91fbb315cd5f">
      <Execution id="66ad4974-8f00-4ac5-90ae-b2e384427e7d" />
      <TestMethod codeBase="/Users/rwillems/Documents/SourceCode/dafny/Source/DafnyLanguageServer.Test/bin/Debug/net6.0/DafnyLanguageServer.Test.dll" adapterTypeName="executor://mstestadapter/v2" className="Microsoft.Dafny.LanguageServer.IntegrationTest.Various.DiagnosticMigrationTest" name="VerificationDiagnosticsCanBeMigratedAcrossMultipleResolutions" />
    </UnitTest>
    <UnitTest name="ArbitraryBool" storage="/users/rwillems/documents/sourcecode/dafny/source/dafnylanguageserver.test/bin/debug/net6.0/dafnylanguageserver.test.dll" id="a18eeccf-6442-4317-9dc1-b02a7d2f9d0d">
      <Execution id="98e80201-9615-45ec-b2e5-9aa21823d32b" />
      <TestMethod codeBase="/Users/rwillems/Documents/SourceCode/dafny/Source/DafnyLanguageServer.Test/bin/Debug/net6.0/DafnyLanguageServer.Test.dll" adapterTypeName="executor://mstestadapter/v2" className="Microsoft.Dafny.LanguageServer.IntegrationTest.Various.CounterExampleTest" name="ArbitraryBool" />
    </UnitTest>
    <UnitTest name="HoveringLambdaBoundVarReturnsBoundVarInferredType" storage="/users/rwillems/documents/sourcecode/dafny/source/dafnylanguageserver.test/bin/debug/net6.0/dafnylanguageserver.test.dll" id="1fbe8397-7223-4154-8072-e5b75dc1a960">
      <Execution id="176272c9-609b-489a-8451-6537d14ec9bb" />
      <TestMethod codeBase="/Users/rwillems/Documents/SourceCode/dafny/Source/DafnyLanguageServer.Test/bin/Debug/net6.0/DafnyLanguageServer.Test.dll" adapterTypeName="executor://mstestadapter/v2" className="Microsoft.Dafny.LanguageServer.IntegrationTest.Lookup.HoverTest" name="HoveringLambdaBoundVarReturnsBoundVarInferredType" />
    </UnitTest>
    <UnitTest name="OpeningDocumentWithTimeoutReportsTimeoutDiagnostic" storage="/users/rwillems/documents/sourcecode/dafny/source/dafnylanguageserver.test/bin/debug/net6.0/dafnylanguageserver.test.dll" id="5780d3eb-7b7c-45cb-a2fb-772163552490">
      <Execution id="3561b1ca-5062-4468-94ca-2c0789b723d4" />
      <TestMethod codeBase="/Users/rwillems/Documents/SourceCode/dafny/Source/DafnyLanguageServer.Test/bin/Debug/net6.0/DafnyLanguageServer.Test.dll" adapterTypeName="executor://mstestadapter/v2" className="Microsoft.Dafny.LanguageServer.IntegrationTest.Synchronization.DiagnosticsTest" name="OpeningDocumentWithTimeoutReportsTimeoutDiagnostic" />
    </UnitTest>
    <UnitTest name="OpeningDocumentWithFailedCallUnderlinesAllOfIt" storage="/users/rwillems/documents/sourcecode/dafny/source/dafnylanguageserver.test/bin/debug/net6.0/dafnylanguageserver.test.dll" id="1509442f-bad4-4f35-84d4-351ab4558d56">
      <Execution id="908a9c75-08d3-48e4-8f43-6c704ec0eaf6" />
      <TestMethod codeBase="/Users/rwillems/Documents/SourceCode/dafny/Source/DafnyLanguageServer.Test/bin/Debug/net6.0/DafnyLanguageServer.Test.dll" adapterTypeName="executor://mstestadapter/v2" className="Microsoft.Dafny.LanguageServer.IntegrationTest.Synchronization.DiagnosticsTest" name="OpeningDocumentWithFailedCallUnderlinesAllOfIt" />
    </UnitTest>
    <UnitTest name="DefinitionInConstructorInvocationOfUserDefinedTypeOfForeignFileReturnsLinkToForeignFile" storage="/users/rwillems/documents/sourcecode/dafny/source/dafnylanguageserver.test/bin/debug/net6.0/dafnylanguageserver.test.dll" id="23208ab5-8464-4088-b4b3-63744b89c575">
      <Execution id="58d0e1f4-1c89-46a8-9a3a-88b0ede683b0" />
      <TestMethod codeBase="/Users/rwillems/Documents/SourceCode/dafny/Source/DafnyLanguageServer.Test/bin/Debug/net6.0/DafnyLanguageServer.Test.dll" adapterTypeName="executor://mstestadapter/v2" className="Microsoft.Dafny.LanguageServer.IntegrationTest.Lookup.DefinitionTest" name="DefinitionInConstructorInvocationOfUserDefinedTypeOfForeignFileReturnsLinkToForeignFile" />
    </UnitTest>
    <UnitTest name="HoveringVariableShadowingFieldReturnsTheFieldIfThisIsUsed" storage="/users/rwillems/documents/sourcecode/dafny/source/dafnylanguageserver.test/bin/debug/net6.0/dafnylanguageserver.test.dll" id="201242b2-986f-4404-8dc9-513fb7e2effb">
      <Execution id="cfc1f2d2-5c0d-4952-816c-f253369f4a04" />
      <TestMethod codeBase="/Users/rwillems/Documents/SourceCode/dafny/Source/DafnyLanguageServer.Test/bin/Debug/net6.0/DafnyLanguageServer.Test.dll" adapterTypeName="executor://mstestadapter/v2" className="Microsoft.Dafny.LanguageServer.IntegrationTest.Lookup.HoverTest" name="HoveringVariableShadowingFieldReturnsTheFieldIfThisIsUsed" />
    </UnitTest>
    <UnitTest name="CancelingVerificationStopsTheProver" storage="/users/rwillems/documents/sourcecode/dafny/source/dafnylanguageserver.test/bin/debug/net6.0/dafnylanguageserver.test.dll" id="ef7920bc-3d80-4308-97a3-738f20a924b7">
      <Execution id="4db33010-f99d-450a-ab47-95a8411555ba" />
      <TestMethod codeBase="/Users/rwillems/Documents/SourceCode/dafny/Source/DafnyLanguageServer.Test/bin/Debug/net6.0/DafnyLanguageServer.Test.dll" adapterTypeName="executor://mstestadapter/v2" className="Microsoft.Dafny.LanguageServer.IntegrationTest.Various.CancelVerificationTest" name="CancelingVerificationStopsTheProver" />
    </UnitTest>
    <UnitTest name="OpeningFlawlessDocumentWithGhostMarkStatementsMarksAllGhostStatements" storage="/users/rwillems/documents/sourcecode/dafny/source/dafnylanguageserver.test/bin/debug/net6.0/dafnylanguageserver.test.dll" id="a7aefeb4-acba-4ca6-9207-de4a45a36a3d">
      <Execution id="e3e6049f-8e20-4dd5-b6c3-d82eef571dbf" />
      <TestMethod codeBase="/Users/rwillems/Documents/SourceCode/dafny/Source/DafnyLanguageServer.Test/bin/Debug/net6.0/DafnyLanguageServer.Test.dll" adapterTypeName="executor://mstestadapter/v2" className="Microsoft.Dafny.LanguageServer.IntegrationTest.Synchronization.GhostDiagnosticsTest" name="OpeningFlawlessDocumentWithGhostMarkStatementsMarksAllGhostStatements" />
    </UnitTest>
    <UnitTest name="HoveringByMethodReturnsInferredType" storage="/users/rwillems/documents/sourcecode/dafny/source/dafnylanguageserver.test/bin/debug/net6.0/dafnylanguageserver.test.dll" id="8bb3ed76-770c-418e-a1a5-1a36bd2ed652">
      <Execution id="b34b71ea-19a5-48d8-b5bf-a1685ff4b81e" />
      <TestMethod codeBase="/Users/rwillems/Documents/SourceCode/dafny/Source/DafnyLanguageServer.Test/bin/Debug/net6.0/DafnyLanguageServer.Test.dll" adapterTypeName="executor://mstestadapter/v2" className="Microsoft.Dafny.LanguageServer.IntegrationTest.Lookup.HoverTest" name="HoveringByMethodReturnsInferredType" />
    </UnitTest>
    <UnitTest name="NoDiagnosticFlickeringWhenIncremental" storage="/users/rwillems/documents/sourcecode/dafny/source/dafnylanguageserver.test/bin/debug/net6.0/dafnylanguageserver.test.dll" id="fbfede10-95c6-4c04-af09-9b3373ac1de2">
      <Execution id="b4263083-9828-48cf-b30b-36a28335284a" />
      <TestMethod codeBase="/Users/rwillems/Documents/SourceCode/dafny/Source/DafnyLanguageServer.Test/bin/Debug/net6.0/DafnyLanguageServer.Test.dll" adapterTypeName="executor://mstestadapter/v2" className="Microsoft.Dafny.LanguageServer.IntegrationTest.Synchronization.DiagnosticsTest" name="NoDiagnosticFlickeringWhenIncremental" />
    </UnitTest>
    <UnitTest name="StatusesOfDifferentImplementationUnderOneNamedVerifiableAreCorrectlyMerged" storage="/users/rwillems/documents/sourcecode/dafny/source/dafnylanguageserver.test/bin/debug/net6.0/dafnylanguageserver.test.dll" id="38ec1184-3c31-43d9-a088-be87d56937c0">
      <Execution id="a952699b-85de-41c2-8f93-565e1a71315b" />
      <TestMethod codeBase="/Users/rwillems/Documents/SourceCode/dafny/Source/DafnyLanguageServer.Test/bin/Debug/net6.0/DafnyLanguageServer.Test.dll" adapterTypeName="executor://mstestadapter/v2" className="Microsoft.Dafny.LanguageServer.IntegrationTest.Synchronization.VerificationStatusTest" name="StatusesOfDifferentImplementationUnderOneNamedVerifiableAreCorrectlyMerged" />
    </UnitTest>
    <UnitTest name="PassingANullChangeRangeClearsDiagnostics" storage="/users/rwillems/documents/sourcecode/dafny/source/dafnylanguageserver.test/bin/debug/net6.0/dafnylanguageserver.test.dll" id="fba62146-8de6-444f-b6c4-5da29260a04d">
      <Execution id="7da7282f-cbfb-4094-bf68-0af1f5e929f9" />
      <TestMethod codeBase="/Users/rwillems/Documents/SourceCode/dafny/Source/DafnyLanguageServer.Test/bin/Debug/net6.0/DafnyLanguageServer.Test.dll" adapterTypeName="executor://mstestadapter/v2" className="Microsoft.Dafny.LanguageServer.IntegrationTest.Various.DiagnosticMigrationTest" name="PassingANullChangeRangeClearsDiagnostics" />
    </UnitTest>
    <UnitTest name="OpeningDocumentWithFailedCallExpressionUnderlinesAllOfIt" storage="/users/rwillems/documents/sourcecode/dafny/source/dafnylanguageserver.test/bin/debug/net6.0/dafnylanguageserver.test.dll" id="b353d9dc-5da1-4af1-a866-a4eb29c29340">
      <Execution id="81362987-233c-4335-98a5-e6e1f0fff01e" />
      <TestMethod codeBase="/Users/rwillems/Documents/SourceCode/dafny/Source/DafnyLanguageServer.Test/bin/Debug/net6.0/DafnyLanguageServer.Test.dll" adapterTypeName="executor://mstestadapter/v2" className="Microsoft.Dafny.LanguageServer.IntegrationTest.Synchronization.DiagnosticsTest" name="OpeningDocumentWithFailedCallExpressionUnderlinesAllOfIt" />
    </UnitTest>
    <UnitTest name="ImplicitlyIncludingTheSameModuleTwiceDoesNotOverrideActualError" storage="/users/rwillems/documents/sourcecode/dafny/source/dafnylanguageserver.test/bin/debug/net6.0/dafnylanguageserver.test.dll" id="7fd0832b-338c-4e93-989c-63e8318004bd">
      <Execution id="dba916c8-1d76-4c42-9917-30ac5e5751d2" />
      <TestMethod codeBase="/Users/rwillems/Documents/SourceCode/dafny/Source/DafnyLanguageServer.Test/bin/Debug/net6.0/DafnyLanguageServer.Test.dll" adapterTypeName="executor://mstestadapter/v2" className="Microsoft.Dafny.LanguageServer.IntegrationTest.Various.MultiFileTest" name="ImplicitlyIncludingTheSameModuleTwiceDoesNotOverrideActualError" />
    </UnitTest>
    <UnitTest name="HoveringExistsBoundVarReturnsBoundVarInferredType" storage="/users/rwillems/documents/sourcecode/dafny/source/dafnylanguageserver.test/bin/debug/net6.0/dafnylanguageserver.test.dll" id="ed957296-50cc-44cf-a840-5f097afa9a1f">
      <Execution id="9cc4f1e2-029b-4944-9f15-6c0f86c013ed" />
      <TestMethod codeBase="/Users/rwillems/Documents/SourceCode/dafny/Source/DafnyLanguageServer.Test/bin/Debug/net6.0/DafnyLanguageServer.Test.dll" adapterTypeName="executor://mstestadapter/v2" className="Microsoft.Dafny.LanguageServer.IntegrationTest.Lookup.HoverTest" name="HoveringExistsBoundVarReturnsBoundVarInferredType" />
    </UnitTest>
    <UnitTest name="LeavesDocumentUnchangedIfVerifyNever" storage="/users/rwillems/documents/sourcecode/dafny/source/dafnylanguageserver.test/bin/debug/net6.0/dafnylanguageserver.test.dll" id="2ee34b06-04ef-4ae1-9956-c93b57cd04c5">
      <Execution id="1ab0cf5e-afca-4aca-819b-24373a30ecaf" />
      <TestMethod codeBase="/Users/rwillems/Documents/SourceCode/dafny/Source/DafnyLanguageServer.Test/bin/Debug/net6.0/DafnyLanguageServer.Test.dll" adapterTypeName="executor://mstestadapter/v2" className="Microsoft.Dafny.LanguageServer.IntegrationTest.Synchronization.SaveDocumentTest" name="LeavesDocumentUnchangedIfVerifyNever" />
    </UnitTest>
    <UnitTest name="SelfReferringObject" storage="/users/rwillems/documents/sourcecode/dafny/source/dafnylanguageserver.test/bin/debug/net6.0/dafnylanguageserver.test.dll" id="b66f9b7a-49d4-4eba-b5d1-2462a872f28d">
      <Execution id="05d62d3a-8bfd-4ab7-ab64-5a9ee350ddd4" />
      <TestMethod codeBase="/Users/rwillems/Documents/SourceCode/dafny/Source/DafnyLanguageServer.Test/bin/Debug/net6.0/DafnyLanguageServer.Test.dll" adapterTypeName="executor://mstestadapter/v2" className="Microsoft.Dafny.LanguageServer.IntegrationTest.Various.CounterExampleTest" name="SelfReferringObject" />
    </UnitTest>
    <UnitTest name="MigrationRemovesLocationsWithinTheChangedRange" storage="/users/rwillems/documents/sourcecode/dafny/source/dafnylanguageserver.test/bin/debug/net6.0/dafnylanguageserver.test.dll" id="fbb7778a-36b2-4aef-b162-d1d334b3faac">
      <Execution id="f1fc42e5-7b14-4ee9-b3dc-c43017a440da" />
      <TestMethod codeBase="/Users/rwillems/Documents/SourceCode/dafny/Source/DafnyLanguageServer.Test/bin/Debug/net6.0/DafnyLanguageServer.Test.dll" adapterTypeName="executor://mstestadapter/v2" className="Microsoft.Dafny.LanguageServer.IntegrationTest.Synchronization.DeclarationLocationMigrationTest" name="MigrationRemovesLocationsWithinTheChangedRange" />
    </UnitTest>
    <UnitTest name="EnsureEmptyDocumentIsVerified" storage="/users/rwillems/documents/sourcecode/dafny/source/dafnylanguageserver.test/bin/debug/net6.0/dafnylanguageserver.test.dll" id="c56a8133-ff54-4674-8423-973d28413733">
      <Execution id="e67601f9-8660-45cd-9159-e864ecb3a803" />
      <TestMethod codeBase="/Users/rwillems/Documents/SourceCode/dafny/Source/DafnyLanguageServer.Test/bin/Debug/net6.0/DafnyLanguageServer.Test.dll" adapterTypeName="executor://mstestadapter/v2" className="Microsoft.Dafny.LanguageServer.IntegrationTest.Diagnostics.SimpleLinearVerificationGutterStatusTester" name="EnsureEmptyDocumentIsVerified" />
    </UnitTest>
    <UnitTest name="MigrationLeavesLinesOfSymbolsBeforeUnchangedWhenChangingInTheMiddle" storage="/users/rwillems/documents/sourcecode/dafny/source/dafnylanguageserver.test/bin/debug/net6.0/dafnylanguageserver.test.dll" id="44ed86c3-9c03-4d0b-9624-4e35d2c4bd03">
      <Execution id="4afea9f1-3e73-440d-b398-b331553a42ae" />
      <TestMethod codeBase="/Users/rwillems/Documents/SourceCode/dafny/Source/DafnyLanguageServer.Test/bin/Debug/net6.0/DafnyLanguageServer.Test.dll" adapterTypeName="executor://mstestadapter/v2" className="Microsoft.Dafny.LanguageServer.IntegrationTest.Synchronization.DeclarationLocationMigrationTest" name="MigrationLeavesLinesOfSymbolsBeforeUnchangedWhenChangingInTheMiddle" />
    </UnitTest>
    <UnitTest name="SequenceSub" storage="/users/rwillems/documents/sourcecode/dafny/source/dafnylanguageserver.test/bin/debug/net6.0/dafnylanguageserver.test.dll" id="05dc8e77-7f60-4f00-b758-38767c2e98c7">
      <Execution id="27b4785c-7adb-4954-bf5f-cb2fad0a874f" />
      <TestMethod codeBase="/Users/rwillems/Documents/SourceCode/dafny/Source/DafnyLanguageServer.Test/bin/Debug/net6.0/DafnyLanguageServer.Test.dll" adapterTypeName="executor://mstestadapter/v2" className="Microsoft.Dafny.LanguageServer.IntegrationTest.Various.CounterExampleTest" name="SequenceSub" />
    </UnitTest>
    <UnitTest name="ArbitraryInt" storage="/users/rwillems/documents/sourcecode/dafny/source/dafnylanguageserver.test/bin/debug/net6.0/dafnylanguageserver.test.dll" id="85abad95-3f53-433e-a66c-c40f2f4f8147">
      <Execution id="437a5bfa-a44c-4578-8264-ae051f07bdd7" />
      <TestMethod codeBase="/Users/rwillems/Documents/SourceCode/dafny/Source/DafnyLanguageServer.Test/bin/Debug/net6.0/DafnyLanguageServer.Test.dll" adapterTypeName="executor://mstestadapter/v2" className="Microsoft.Dafny.LanguageServer.IntegrationTest.Various.CounterExampleTest" name="ArbitraryInt" />
    </UnitTest>
    <UnitTest name="ChangeDocumentCancelsPreviousOpenAndChangeVerification" storage="/users/rwillems/documents/sourcecode/dafny/source/dafnylanguageserver.test/bin/debug/net6.0/dafnylanguageserver.test.dll" id="b793026b-1385-4afd-9d22-61019469456c">
      <Execution id="e0496083-89f9-47d7-ac42-b43a35fc2c48" />
      <TestMethod codeBase="/Users/rwillems/Documents/SourceCode/dafny/Source/DafnyLanguageServer.Test/bin/Debug/net6.0/DafnyLanguageServer.Test.dll" adapterTypeName="executor://mstestadapter/v2" className="Microsoft.Dafny.LanguageServer.IntegrationTest.Various.ConcurrentInteractionsTest" name="ChangeDocumentCancelsPreviousOpenAndChangeVerification" />
    </UnitTest>
    <UnitTest name="SignatureHelpOnOpeningParenthesesReturnsSignatureOfClosestFunction" storage="/users/rwillems/documents/sourcecode/dafny/source/dafnylanguageserver.test/bin/debug/net6.0/dafnylanguageserver.test.dll" id="1015d19a-b7f3-4713-8638-ee919ec9dd37">
      <Execution id="04981c91-e164-4b59-bac6-0bbf106e2af8" />
      <TestMethod codeBase="/Users/rwillems/Documents/SourceCode/dafny/Source/DafnyLanguageServer.Test/bin/Debug/net6.0/DafnyLanguageServer.Test.dll" adapterTypeName="executor://mstestadapter/v2" className="Microsoft.Dafny.LanguageServer.IntegrationTest.Lookup.SignatureHelpTest" name="SignatureHelpOnOpeningParenthesesReturnsSignatureOfClosestFunction" />
    </UnitTest>
    <UnitTest name="DocumentLoadWithOnSaveVerificationDoesNotSendVerificationStatuses" storage="/users/rwillems/documents/sourcecode/dafny/source/dafnylanguageserver.test/bin/debug/net6.0/dafnylanguageserver.test.dll" id="2ac085f1-53d8-4678-bda0-39b0ffa73436">
      <Execution id="e81d247f-94fa-47bd-aa18-4de16601aec0" />
      <TestMethod codeBase="/Users/rwillems/Documents/SourceCode/dafny/Source/DafnyLanguageServer.Test/bin/Debug/net6.0/DafnyLanguageServer.Test.dll" adapterTypeName="executor://mstestadapter/v2" className="Microsoft.Dafny.LanguageServer.IntegrationTest.Various.CompilationStatusNotificationTest" name="DocumentLoadWithOnSaveVerificationDoesNotSendVerificationStatuses" />
    </UnitTest>
    <UnitTest name="EnsureErrorMessageCanBeComplexAndTakeIntoAccountConfiguration" storage="/users/rwillems/documents/sourcecode/dafny/source/dafnylanguageserver.test/bin/debug/net6.0/dafnylanguageserver.test.dll" id="029fa1e3-3b44-4c02-90ce-e04903bf5bc2">
      <Execution id="6d404dad-f8aa-4c2f-9d6b-8b0a2cfdd510" />
      <TestMethod codeBase="/Users/rwillems/Documents/SourceCode/dafny/Source/DafnyLanguageServer.Test/bin/Debug/net6.0/DafnyLanguageServer.Test.dll" adapterTypeName="executor://mstestadapter/v2" className="Microsoft.Dafny.LanguageServer.IntegrationTest.Various.PluginsAdvancedTest" name="EnsureErrorMessageCanBeComplexAndTakeIntoAccountConfiguration" />
    </UnitTest>
    <UnitTest name="MultiDimensionalArray" storage="/users/rwillems/documents/sourcecode/dafny/source/dafnylanguageserver.test/bin/debug/net6.0/dafnylanguageserver.test.dll" id="6b55596f-3d12-4188-8ae4-32e4a32cd684">
      <Execution id="76fb3bf0-3951-4894-93da-49551932ab30" />
      <TestMethod codeBase="/Users/rwillems/Documents/SourceCode/dafny/Source/DafnyLanguageServer.Test/bin/Debug/net6.0/DafnyLanguageServer.Test.dll" adapterTypeName="executor://mstestadapter/v2" className="Microsoft.Dafny.LanguageServer.IntegrationTest.Various.CounterExampleTest" name="MultiDimensionalArray" />
    </UnitTest>
    <UnitTest name="ObjectWithANullField" storage="/users/rwillems/documents/sourcecode/dafny/source/dafnylanguageserver.test/bin/debug/net6.0/dafnylanguageserver.test.dll" id="c0dd1eb5-408c-45c2-9f1c-4845073ee0ec">
      <Execution id="b51ea579-cce2-4208-8107-19fbf5d6a441" />
      <TestMethod codeBase="/Users/rwillems/Documents/SourceCode/dafny/Source/DafnyLanguageServer.Test/bin/Debug/net6.0/DafnyLanguageServer.Test.dll" adapterTypeName="executor://mstestadapter/v2" className="Microsoft.Dafny.LanguageServer.IntegrationTest.Various.CounterExampleTest" name="ObjectWithANullField" />
    </UnitTest>
    <UnitTest name="OpeningFlawlessDocumentWithoutGhostMarkDoesNotMarkAnything" storage="/users/rwillems/documents/sourcecode/dafny/source/dafnylanguageserver.test/bin/debug/net6.0/dafnylanguageserver.test.dll" id="d7805710-e50f-422b-98bf-6b90674c6366">
      <Execution id="f56e0cd7-5b74-45e6-9abf-bb00cc0bd315" />
      <TestMethod codeBase="/Users/rwillems/Documents/SourceCode/dafny/Source/DafnyLanguageServer.Test/bin/Debug/net6.0/DafnyLanguageServer.Test.dll" adapterTypeName="executor://mstestadapter/v2" className="Microsoft.Dafny.LanguageServer.IntegrationTest.Synchronization.GhostDiagnosticsTest" name="OpeningFlawlessDocumentWithoutGhostMarkDoesNotMarkAnything" />
    </UnitTest>
    <UnitTest name="DiagnosticsInDifferentImplementationUnderOneNamedVerificationTask" storage="/users/rwillems/documents/sourcecode/dafny/source/dafnylanguageserver.test/bin/debug/net6.0/dafnylanguageserver.test.dll" id="f4da23c5-5d18-49ce-80fa-12adf971a0fc">
      <Execution id="04a86ecd-4d8f-43cd-85ff-c90452df7a93" />
      <TestMethod codeBase="/Users/rwillems/Documents/SourceCode/dafny/Source/DafnyLanguageServer.Test/bin/Debug/net6.0/DafnyLanguageServer.Test.dll" adapterTypeName="executor://mstestadapter/v2" className="Microsoft.Dafny.LanguageServer.IntegrationTest.Synchronization.DiagnosticsTest" name="DiagnosticsInDifferentImplementationUnderOneNamedVerificationTask" />
    </UnitTest>
    <UnitTest name="MapsUpdate" storage="/users/rwillems/documents/sourcecode/dafny/source/dafnylanguageserver.test/bin/debug/net6.0/dafnylanguageserver.test.dll" id="fa32a7fc-7ebe-428c-927b-f2c72a2fe9fa">
      <Execution id="d447775c-56fd-4ae5-8766-77ac0d11f865" />
      <TestMethod codeBase="/Users/rwillems/Documents/SourceCode/dafny/Source/DafnyLanguageServer.Test/bin/Debug/net6.0/DafnyLanguageServer.Test.dll" adapterTypeName="executor://mstestadapter/v2" className="Microsoft.Dafny.LanguageServer.IntegrationTest.Various.CounterExampleTest" name="MapsUpdate" />
    </UnitTest>
    <UnitTest name="EmptyDocumentCanBeOpened" storage="/users/rwillems/documents/sourcecode/dafny/source/dafnylanguageserver.test/bin/debug/net6.0/dafnylanguageserver.test.dll" id="7b47421c-e0aa-461e-ab13-50e3a2c5af64">
      <Execution id="7388faf8-7768-4507-bce3-b46ceaa6ef1c" />
      <TestMethod codeBase="/Users/rwillems/Documents/SourceCode/dafny/Source/DafnyLanguageServer.Test/bin/Debug/net6.0/DafnyLanguageServer.Test.dll" adapterTypeName="executor://mstestadapter/v2" className="Microsoft.Dafny.LanguageServer.IntegrationTest.Synchronization.OpenDocumentTest" name="EmptyDocumentCanBeOpened" />
    </UnitTest>
    <UnitTest name="SavingDocumentWithVerificationErrorDoesNotDiscardDiagnosticsWithVerificationErrorsIfVerifyOnChange" storage="/users/rwillems/documents/sourcecode/dafny/source/dafnylanguageserver.test/bin/debug/net6.0/dafnylanguageserver.test.dll" id="beda6a33-1be3-4b7e-9cbb-7b38a77bf16e">
      <Execution id="b7a63b8e-0fbf-4567-b660-a907ee156489" />
      <TestMethod codeBase="/Users/rwillems/Documents/SourceCode/dafny/Source/DafnyLanguageServer.Test/bin/Debug/net6.0/DafnyLanguageServer.Test.dll" adapterTypeName="executor://mstestadapter/v2" className="Microsoft.Dafny.LanguageServer.IntegrationTest.Synchronization.DiagnosticsTest" name="SavingDocumentWithVerificationErrorDoesNotDiscardDiagnosticsWithVerificationErrorsIfVerifyOnChange" />
    </UnitTest>
    <UnitTest name="DefinitionOfVariableShadowedByAnotherReturnsTheOriginalVariable" storage="/users/rwillems/documents/sourcecode/dafny/source/dafnylanguageserver.test/bin/debug/net6.0/dafnylanguageserver.test.dll" id="1aa65543-34f0-4b42-9e82-e3e0c0fc5849">
      <Execution id="69926f9d-61b3-4910-a4c7-a2abae8bf707" />
      <TestMethod codeBase="/Users/rwillems/Documents/SourceCode/dafny/Source/DafnyLanguageServer.Test/bin/Debug/net6.0/DafnyLanguageServer.Test.dll" adapterTypeName="executor://mstestadapter/v2" className="Microsoft.Dafny.LanguageServer.IntegrationTest.Lookup.DefinitionTest" name="DefinitionOfVariableShadowedByAnotherReturnsTheOriginalVariable" />
    </UnitTest>
    <UnitTest name="MapsUpdateStoredInANewVariable" storage="/users/rwillems/documents/sourcecode/dafny/source/dafnylanguageserver.test/bin/debug/net6.0/dafnylanguageserver.test.dll" id="a2dd010e-bff7-49a2-9702-230b59ae51d9">
      <Execution id="baa53487-fe55-4035-a816-ce7a33761615" />
      <TestMethod codeBase="/Users/rwillems/Documents/SourceCode/dafny/Source/DafnyLanguageServer.Test/bin/Debug/net6.0/DafnyLanguageServer.Test.dll" adapterTypeName="executor://mstestadapter/v2" className="Microsoft.Dafny.LanguageServer.IntegrationTest.Various.CounterExampleTest" name="MapsUpdateStoredInANewVariable" />
    </UnitTest>
    <UnitTest name="EnsuresManyDocumentsCanBeVerifiedAtOnce" storage="/users/rwillems/documents/sourcecode/dafny/source/dafnylanguageserver.test/bin/debug/net6.0/dafnylanguageserver.test.dll" id="b15370cf-8934-49df-8973-4d8794ae1256">
      <Execution id="91a87613-1904-412e-9d29-216990028d27" />
      <TestMethod codeBase="/Users/rwillems/Documents/SourceCode/dafny/Source/DafnyLanguageServer.Test/bin/Debug/net6.0/DafnyLanguageServer.Test.dll" adapterTypeName="executor://mstestadapter/v2" className="Microsoft.Dafny.LanguageServer.IntegrationTest.Diagnostics.ConcurrentLinearVerificationGutterStatusTester" name="EnsuresManyDocumentsCanBeVerifiedAtOnce" />
    </UnitTest>
    <UnitTest name="OpeningDocumentWithMultipleVerificationCoresReturnsStableDiagnostics" storage="/users/rwillems/documents/sourcecode/dafny/source/dafnylanguageserver.test/bin/debug/net6.0/dafnylanguageserver.test.dll" id="77ff59ff-b21b-4932-8176-5620b3c9d38c">
      <Execution id="65b92c5c-999c-43bd-a446-a3efc127980f" />
      <TestMethod codeBase="/Users/rwillems/Documents/SourceCode/dafny/Source/DafnyLanguageServer.Test/bin/Debug/net6.0/DafnyLanguageServer.Test.dll" adapterTypeName="executor://mstestadapter/v2" className="Microsoft.Dafny.LanguageServer.IntegrationTest.Synchronization.DiagnosticsTest" name="OpeningDocumentWithMultipleVerificationCoresReturnsStableDiagnostics" />
    </UnitTest>
    <UnitTest name="LoadReturnsCanceledTaskIfOperationIsCanceled" storage="/users/rwillems/documents/sourcecode/dafny/source/dafnylanguageserver.test/bin/debug/net6.0/dafnylanguageserver.test.dll" id="b4ab4e48-3ef8-40ab-9570-e4e994c3b56f">
      <Execution id="f9bc5954-fe8d-4a16-80c5-3282cd8cc84f" />
      <TestMethod codeBase="/Users/rwillems/Documents/SourceCode/dafny/Source/DafnyLanguageServer.Test/bin/Debug/net6.0/DafnyLanguageServer.Test.dll" adapterTypeName="executor://mstestadapter/v2" className="Microsoft.Dafny.LanguageServer.IntegrationTest.Unit.TextDocumentLoaderTest" name="LoadReturnsCanceledTaskIfOperationIsCanceled" />
    </UnitTest>
    <UnitTest name="HoveringFormalReturnsFormalType" storage="/users/rwillems/documents/sourcecode/dafny/source/dafnylanguageserver.test/bin/debug/net6.0/dafnylanguageserver.test.dll" id="b35ed1db-ee33-4f41-a6a6-3b10333d0ac1">
      <Execution id="d1fe0a63-1a2c-44a1-817d-cc8eb321f78a" />
      <TestMethod codeBase="/Users/rwillems/Documents/SourceCode/dafny/Source/DafnyLanguageServer.Test/bin/Debug/net6.0/DafnyLanguageServer.Test.dll" adapterTypeName="executor://mstestadapter/v2" className="Microsoft.Dafny.LanguageServer.IntegrationTest.Lookup.HoverTest" name="HoveringFormalReturnsFormalType" />
    </UnitTest>
    <UnitTest name="OpeningDocumentWithVerificationErrorReportsDiagnosticsWithVerificationErrors" storage="/users/rwillems/documents/sourcecode/dafny/source/dafnylanguageserver.test/bin/debug/net6.0/dafnylanguageserver.test.dll" id="95c8d4be-66f3-41a6-a4fd-d2b519495895">
      <Execution id="6e4b146d-8880-4060-aead-be9cccf6a08d" />
      <TestMethod codeBase="/Users/rwillems/Documents/SourceCode/dafny/Source/DafnyLanguageServer.Test/bin/Debug/net6.0/DafnyLanguageServer.Test.dll" adapterTypeName="executor://mstestadapter/v2" className="Microsoft.Dafny.LanguageServer.IntegrationTest.Synchronization.DiagnosticsTest" name="OpeningDocumentWithVerificationErrorReportsDiagnosticsWithVerificationErrors" />
    </UnitTest>
    <UnitTest name="BitWiseAnd" storage="/users/rwillems/documents/sourcecode/dafny/source/dafnylanguageserver.test/bin/debug/net6.0/dafnylanguageserver.test.dll" id="2b713095-5843-409e-9f49-b75e87d75e2e">
      <Execution id="e752d783-4f22-44bd-90cd-a4e25692431c" />
      <TestMethod codeBase="/Users/rwillems/Documents/SourceCode/dafny/Source/DafnyLanguageServer.Test/bin/Debug/net6.0/DafnyLanguageServer.Test.dll" adapterTypeName="executor://mstestadapter/v2" className="Microsoft.Dafny.LanguageServer.IntegrationTest.Various.CounterExampleTest" name="BitWiseAnd" />
    </UnitTest>
    <UnitTest name="MigrationExpandsDeclarationRangeWhenChangingTheContentsOnTheSameLine" storage="/users/rwillems/documents/sourcecode/dafny/source/dafnylanguageserver.test/bin/debug/net6.0/dafnylanguageserver.test.dll" id="f53e0297-4903-4cbe-98f6-db32405d0849">
      <Execution id="14ab9c55-1d71-4691-937e-7e640095d99d" />
      <TestMethod codeBase="/Users/rwillems/Documents/SourceCode/dafny/Source/DafnyLanguageServer.Test/bin/Debug/net6.0/DafnyLanguageServer.Test.dll" adapterTypeName="executor://mstestadapter/v2" className="Microsoft.Dafny.LanguageServer.IntegrationTest.Synchronization.DeclarationLocationMigrationTest" name="MigrationExpandsDeclarationRangeWhenChangingTheContentsOnTheSameLine" />
    </UnitTest>
    <UnitTest name="EnsureItIsPossibleToLoadAPluginWithArguments" storage="/users/rwillems/documents/sourcecode/dafny/source/dafnylanguageserver.test/bin/debug/net6.0/dafnylanguageserver.test.dll" id="08f2961b-e824-4634-a48d-f610c8a8fe80">
      <Execution id="5fd496ca-5743-452c-9e58-bfcba15c193c" />
      <TestMethod codeBase="/Users/rwillems/Documents/SourceCode/dafny/Source/DafnyLanguageServer.Test/bin/Debug/net6.0/DafnyLanguageServer.Test.dll" adapterTypeName="executor://mstestadapter/v2" className="Microsoft.Dafny.LanguageServer.IntegrationTest.Various.PluginsTest" name="EnsureItIsPossibleToLoadAPluginWithArguments" />
    </UnitTest>
    <UnitTest name="MigrationLeavesLocationUnchangedWhenChangingAtTheEndOfTheSignature" storage="/users/rwillems/documents/sourcecode/dafny/source/dafnylanguageserver.test/bin/debug/net6.0/dafnylanguageserver.test.dll" id="26da0022-f24a-4410-b1a4-ef5cfcfdcaf9">
      <Execution id="46fb6bdb-b80d-4075-8a22-7364741c1054" />
      <TestMethod codeBase="/Users/rwillems/Documents/SourceCode/dafny/Source/DafnyLanguageServer.Test/bin/Debug/net6.0/DafnyLanguageServer.Test.dll" adapterTypeName="executor://mstestadapter/v2" className="Microsoft.Dafny.LanguageServer.IntegrationTest.Synchronization.DeclarationLocationMigrationTest" name="MigrationLeavesLocationUnchangedWhenChangingAtTheEndOfTheSignature" />
    </UnitTest>
    <UnitTest name="ApplyChangeBeforeVerificationFinishes" storage="/users/rwillems/documents/sourcecode/dafny/source/dafnylanguageserver.test/bin/debug/net6.0/dafnylanguageserver.test.dll" id="763f125c-8d36-4218-8ffc-0ad0413bb556">
      <Execution id="cac5ae11-b16d-4a97-835b-560170064eb9" />
      <TestMethod codeBase="/Users/rwillems/Documents/SourceCode/dafny/Source/DafnyLanguageServer.Test/bin/Debug/net6.0/DafnyLanguageServer.Test.dll" adapterTypeName="executor://mstestadapter/v2" className="Microsoft.Dafny.LanguageServer.IntegrationTest.Synchronization.DiagnosticsTest" name="ApplyChangeBeforeVerificationFinishes" />
    </UnitTest>
    <UnitTest name="BitVectorField" storage="/users/rwillems/documents/sourcecode/dafny/source/dafnylanguageserver.test/bin/debug/net6.0/dafnylanguageserver.test.dll" id="0d857e47-642f-4974-8da3-d67f3037ece7">
      <Execution id="ceec078e-32c3-4407-a2c3-7274bcd78ea6" />
      <TestMethod codeBase="/Users/rwillems/Documents/SourceCode/dafny/Source/DafnyLanguageServer.Test/bin/Debug/net6.0/DafnyLanguageServer.Test.dll" adapterTypeName="executor://mstestadapter/v2" className="Microsoft.Dafny.LanguageServer.IntegrationTest.Various.CounterExampleTest" name="BitVectorField" />
    </UnitTest>
    <UnitTest name="InsertTextAtStart" storage="/users/rwillems/documents/sourcecode/dafny/source/dafnylanguageserver.test/bin/debug/net6.0/dafnylanguageserver.test.dll" id="c3667247-37fb-48a8-9701-aaea310710b4">
      <Execution id="a35949da-2a63-4557-8ad8-613d2d2c382b" />
      <TestMethod codeBase="/Users/rwillems/Documents/SourceCode/dafny/Source/DafnyLanguageServer.Test/bin/Debug/net6.0/DafnyLanguageServer.Test.dll" adapterTypeName="executor://mstestadapter/v2" className="Microsoft.Dafny.LanguageServer.IntegrationTest.Synchronization.TextInsertionTest" name="InsertTextAtStart" />
    </UnitTest>
    <UnitTest name="HoveringMethodInvocationOfDataTypeReturnsMethodSignature" storage="/users/rwillems/documents/sourcecode/dafny/source/dafnylanguageserver.test/bin/debug/net6.0/dafnylanguageserver.test.dll" id="ba95bdc7-d993-4c09-9da1-ba8267ef1d49">
      <Execution id="22647070-6fad-4359-97b3-5d443b69a0c7" />
      <TestMethod codeBase="/Users/rwillems/Documents/SourceCode/dafny/Source/DafnyLanguageServer.Test/bin/Debug/net6.0/DafnyLanguageServer.Test.dll" adapterTypeName="executor://mstestadapter/v2" className="Microsoft.Dafny.LanguageServer.IntegrationTest.Lookup.HoverTest" name="HoveringMethodInvocationOfDataTypeReturnsMethodSignature" />
    </UnitTest>
    <UnitTest name="WholeNumberAsReal" storage="/users/rwillems/documents/sourcecode/dafny/source/dafnylanguageserver.test/bin/debug/net6.0/dafnylanguageserver.test.dll" id="ae731363-9bfd-4d18-8972-1331d1633321">
      <Execution id="6cf384a5-3b0a-465d-8a35-9a93a485049c" />
      <TestMethod codeBase="/Users/rwillems/Documents/SourceCode/dafny/Source/DafnyLanguageServer.Test/bin/Debug/net6.0/DafnyLanguageServer.Test.dll" adapterTypeName="executor://mstestadapter/v2" className="Microsoft.Dafny.LanguageServer.IntegrationTest.Various.CounterExampleTest" name="WholeNumberAsReal" />
    </UnitTest>
    <UnitTest name="MigrationLeavesLinesOfSymbolsBeforeUnchangedWhenChangingInTheMiddle" storage="/users/rwillems/documents/sourcecode/dafny/source/dafnylanguageserver.test/bin/debug/net6.0/dafnylanguageserver.test.dll" id="d039b280-8c58-4cd4-abda-ba58a0bbdda7">
      <Execution id="8a2f8e2f-cdf8-4d14-8e3d-79fb554b8192" />
      <TestMethod codeBase="/Users/rwillems/Documents/SourceCode/dafny/Source/DafnyLanguageServer.Test/bin/Debug/net6.0/DafnyLanguageServer.Test.dll" adapterTypeName="executor://mstestadapter/v2" className="Microsoft.Dafny.LanguageServer.IntegrationTest.Synchronization.LookupMigrationTest" name="MigrationLeavesLinesOfSymbolsBeforeUnchangedWhenChangingInTheMiddle" />
    </UnitTest>
    <UnitTest name="MapsKeys" storage="/users/rwillems/documents/sourcecode/dafny/source/dafnylanguageserver.test/bin/debug/net6.0/dafnylanguageserver.test.dll" id="8418da2d-c344-483a-ab0b-fe2439cc42ff">
      <Execution id="625495c2-b26b-42fc-b8d8-c83405a8c4b1" />
      <TestMethod codeBase="/Users/rwillems/Documents/SourceCode/dafny/Source/DafnyLanguageServer.Test/bin/Debug/net6.0/DafnyLanguageServer.Test.dll" adapterTypeName="executor://mstestadapter/v2" className="Microsoft.Dafny.LanguageServer.IntegrationTest.Various.CounterExampleTest" name="MapsKeys" />
    </UnitTest>
    <UnitTest name="CachingWorks" storage="/users/rwillems/documents/sourcecode/dafny/source/dafnylanguageserver.test/bin/debug/net6.0/dafnylanguageserver.test.dll" id="9c16700b-1357-4459-a874-88373217821d">
      <Execution id="c340a3b3-9088-4dc8-9bc2-f636cc952b09" />
      <TestMethod codeBase="/Users/rwillems/Documents/SourceCode/dafny/Source/DafnyLanguageServer.Test/bin/Debug/net6.0/DafnyLanguageServer.Test.dll" adapterTypeName="executor://mstestadapter/v2" className="Microsoft.Dafny.LanguageServer.IntegrationTest.Synchronization.VerificationStatusTest" name="CachingWorks" />
    </UnitTest>
    <UnitTest name="ChangingCorrectDocumentToOneWithVerificationErrorsDoesNotReportVerificationErrorsIfNotVerifyOnChange" storage="/users/rwillems/documents/sourcecode/dafny/source/dafnylanguageserver.test/bin/debug/net6.0/dafnylanguageserver.test.dll" id="843087a2-7d4a-4a40-a77e-284928c4a40d">
      <Execution id="5f79b913-9e03-42d3-96f7-cbdc25ae7c3b" />
      <TestMethod codeBase="/Users/rwillems/Documents/SourceCode/dafny/Source/DafnyLanguageServer.Test/bin/Debug/net6.0/DafnyLanguageServer.Test.dll" adapterTypeName="executor://mstestadapter/v2" className="Microsoft.Dafny.LanguageServer.IntegrationTest.Synchronization.DiagnosticsTest" name="ChangingCorrectDocumentToOneWithVerificationErrorsDoesNotReportVerificationErrorsIfNotVerifyOnChange" />
    </UnitTest>
    <UnitTest name="RefiningDeclarationStatusIsFoldedIntoTheBase" storage="/users/rwillems/documents/sourcecode/dafny/source/dafnylanguageserver.test/bin/debug/net6.0/dafnylanguageserver.test.dll" id="2b894ed7-3089-46d7-8a5f-6830cde11529">
      <Execution id="2cab01cf-88e7-4b9d-a3f5-cf1efc7e57cf" />
      <TestMethod codeBase="/Users/rwillems/Documents/SourceCode/dafny/Source/DafnyLanguageServer.Test/bin/Debug/net6.0/DafnyLanguageServer.Test.dll" adapterTypeName="executor://mstestadapter/v2" className="Microsoft.Dafny.LanguageServer.IntegrationTest.Synchronization.VerificationStatusTest" name="RefiningDeclarationStatusIsFoldedIntoTheBase" />
    </UnitTest>
    <UnitTest name="GhcMergeSort" storage="/users/rwillems/documents/sourcecode/dafny/source/dafnylanguageserver.test/bin/debug/net6.0/dafnylanguageserver.test.dll" id="642d36ae-424e-448a-980a-98a7bd2a4b81">
      <Execution id="5e67d878-f870-44d5-9ef9-b2e1fed06469" />
      <TestMethod codeBase="/Users/rwillems/Documents/SourceCode/dafny/Source/DafnyLanguageServer.Test/bin/Debug/net6.0/DafnyLanguageServer.Test.dll" adapterTypeName="executor://mstestadapter/v2" className="Microsoft.Dafny.LanguageServer.IntegrationTest.Various.StabilityTest" name="GhcMergeSort" />
    </UnitTest>
    <UnitTest name="HoverIngInferredVariable" storage="/users/rwillems/documents/sourcecode/dafny/source/dafnylanguageserver.test/bin/debug/net6.0/dafnylanguageserver.test.dll" id="fe285f51-5cb5-4b83-b259-76b3aef48af4">
      <Execution id="686b3e82-4b0b-4c74-97bd-43413f562d83" />
      <TestMethod codeBase="/Users/rwillems/Documents/SourceCode/dafny/Source/DafnyLanguageServer.Test/bin/Debug/net6.0/DafnyLanguageServer.Test.dll" adapterTypeName="executor://mstestadapter/v2" className="Microsoft.Dafny.LanguageServer.IntegrationTest.Lookup.HoverTest" name="HoverIngInferredVariable" />
    </UnitTest>
    <UnitTest name="ResolutionDiagnosticsAreRemovedWhenRangeIsDeleted" storage="/users/rwillems/documents/sourcecode/dafny/source/dafnylanguageserver.test/bin/debug/net6.0/dafnylanguageserver.test.dll" id="e46bc635-af1d-4a13-adc9-009c86a637b7">
      <Execution id="9257e2e3-a942-4364-8aa7-422ffbf66582" />
      <TestMethod codeBase="/Users/rwillems/Documents/SourceCode/dafny/Source/DafnyLanguageServer.Test/bin/Debug/net6.0/DafnyLanguageServer.Test.dll" adapterTypeName="executor://mstestadapter/v2" className="Microsoft.Dafny.LanguageServer.IntegrationTest.Various.DiagnosticMigrationTest" name="ResolutionDiagnosticsAreRemovedWhenRangeIsDeleted" />
    </UnitTest>
    <UnitTest name="ArbitraryReal" storage="/users/rwillems/documents/sourcecode/dafny/source/dafnylanguageserver.test/bin/debug/net6.0/dafnylanguageserver.test.dll" id="d9c2eb15-4fed-4b1b-9bee-4b8c21e66688">
      <Execution id="7de11718-19e2-416a-9f11-458a05e612e9" />
      <TestMethod codeBase="/Users/rwillems/Documents/SourceCode/dafny/Source/DafnyLanguageServer.Test/bin/Debug/net6.0/DafnyLanguageServer.Test.dll" adapterTypeName="executor://mstestadapter/v2" className="Microsoft.Dafny.LanguageServer.IntegrationTest.Various.CounterExampleTest" name="ArbitraryReal" />
    </UnitTest>
    <UnitTest name="CanResolveSymbolsForFunctionWithoutBody" storage="/users/rwillems/documents/sourcecode/dafny/source/dafnylanguageserver.test/bin/debug/net6.0/dafnylanguageserver.test.dll" id="9bcf84f1-fee2-4a9d-bf32-c5f22adc625e">
      <Execution id="3c8090e1-6f1b-4e9b-b597-02bdd242c3da" />
      <TestMethod codeBase="/Users/rwillems/Documents/SourceCode/dafny/Source/DafnyLanguageServer.Test/bin/Debug/net6.0/DafnyLanguageServer.Test.dll" adapterTypeName="executor://mstestadapter/v2" className="Microsoft.Dafny.LanguageServer.IntegrationTest.Lookup.DocumentSymbolTest" name="CanResolveSymbolsForFunctionWithoutBody" />
    </UnitTest>
    <UnitTest name="InsertMultipleInSingleChange" storage="/users/rwillems/documents/sourcecode/dafny/source/dafnylanguageserver.test/bin/debug/net6.0/dafnylanguageserver.test.dll" id="70b35a8f-7200-4be5-bc1d-658adff2f539">
      <Execution id="d4b2656c-86da-48e0-a623-8a2597bce10c" />
      <TestMethod codeBase="/Users/rwillems/Documents/SourceCode/dafny/Source/DafnyLanguageServer.Test/bin/Debug/net6.0/DafnyLanguageServer.Test.dll" adapterTypeName="executor://mstestadapter/v2" className="Microsoft.Dafny.LanguageServer.IntegrationTest.Synchronization.TextInsertionTest" name="InsertMultipleInSingleChange" />
    </UnitTest>
    <UnitTest name="SequenceConcat" storage="/users/rwillems/documents/sourcecode/dafny/source/dafnylanguageserver.test/bin/debug/net6.0/dafnylanguageserver.test.dll" id="f395077e-19af-4490-879f-e654e161efcf">
      <Execution id="b30de53f-671d-4b03-9db7-348437fb14a0" />
      <TestMethod codeBase="/Users/rwillems/Documents/SourceCode/dafny/Source/DafnyLanguageServer.Test/bin/Debug/net6.0/DafnyLanguageServer.Test.dll" adapterTypeName="executor://mstestadapter/v2" className="Microsoft.Dafny.LanguageServer.IntegrationTest.Various.CounterExampleTest" name="SequenceConcat" />
    </UnitTest>
    <UnitTest name="SetBasicOperations" storage="/users/rwillems/documents/sourcecode/dafny/source/dafnylanguageserver.test/bin/debug/net6.0/dafnylanguageserver.test.dll" id="334a3f1a-e565-4959-8383-0b00fdcf2643">
      <Execution id="b4c39a98-411d-455b-ac3c-6a2423d27b6f" />
      <TestMethod codeBase="/Users/rwillems/Documents/SourceCode/dafny/Source/DafnyLanguageServer.Test/bin/Debug/net6.0/DafnyLanguageServer.Test.dll" adapterTypeName="executor://mstestadapter/v2" className="Microsoft.Dafny.LanguageServer.IntegrationTest.Various.CounterExampleTest" name="SetBasicOperations" />
    </UnitTest>
    <UnitTest name="InsertSingleLineTextInTheMiddleOfALine" storage="/users/rwillems/documents/sourcecode/dafny/source/dafnylanguageserver.test/bin/debug/net6.0/dafnylanguageserver.test.dll" id="e4902c02-df5e-4533-b71b-a844cc0718c6">
      <Execution id="457a48c1-347c-4672-bbea-5fd4bd70c364" />
      <TestMethod codeBase="/Users/rwillems/Documents/SourceCode/dafny/Source/DafnyLanguageServer.Test/bin/Debug/net6.0/DafnyLanguageServer.Test.dll" adapterTypeName="executor://mstestadapter/v2" className="Microsoft.Dafny.LanguageServer.IntegrationTest.Synchronization.TextInsertionTest" name="InsertSingleLineTextInTheMiddleOfALine" />
    </UnitTest>
    <UnitTest name="LoadReturnsFaultedTaskIfAnyExceptionOccured" storage="/users/rwillems/documents/sourcecode/dafny/source/dafnylanguageserver.test/bin/debug/net6.0/dafnylanguageserver.test.dll" id="8cc06681-4c7e-42f1-820d-e40ac5f57bf5">
      <Execution id="484eec00-4f7c-452a-a3d1-eab3caac6242" />
      <TestMethod codeBase="/Users/rwillems/Documents/SourceCode/dafny/Source/DafnyLanguageServer.Test/bin/Debug/net6.0/DafnyLanguageServer.Test.dll" adapterTypeName="executor://mstestadapter/v2" className="Microsoft.Dafny.LanguageServer.IntegrationTest.Unit.TextDocumentLoaderTest" name="LoadReturnsFaultedTaskIfAnyExceptionOccured" />
    </UnitTest>
    <UnitTest name="SignatureHelpOnOpeningParenthesesReturnsNullIfNoSuchMethodOrFunctionExists" storage="/users/rwillems/documents/sourcecode/dafny/source/dafnylanguageserver.test/bin/debug/net6.0/dafnylanguageserver.test.dll" id="6df59ac9-db53-44d1-9d72-343fbfe6825d">
      <Execution id="f4ee4751-94de-4097-8ed9-8e0e5a8aec37" />
      <TestMethod codeBase="/Users/rwillems/Documents/SourceCode/dafny/Source/DafnyLanguageServer.Test/bin/Debug/net6.0/DafnyLanguageServer.Test.dll" adapterTypeName="executor://mstestadapter/v2" className="Microsoft.Dafny.LanguageServer.IntegrationTest.Lookup.SignatureHelpTest" name="SignatureHelpOnOpeningParenthesesReturnsNullIfNoSuchMethodOrFunctionExists" />
    </UnitTest>
    <UnitTest name="HoveringDeclarationVariableReturnsInferredVariableType" storage="/users/rwillems/documents/sourcecode/dafny/source/dafnylanguageserver.test/bin/debug/net6.0/dafnylanguageserver.test.dll" id="22f97182-5b61-4038-87e5-b6afe1923d50">
      <Execution id="d9d9f667-ac75-4364-bfb5-9eac3e605838" />
      <TestMethod codeBase="/Users/rwillems/Documents/SourceCode/dafny/Source/DafnyLanguageServer.Test/bin/Debug/net6.0/DafnyLanguageServer.Test.dll" adapterTypeName="executor://mstestadapter/v2" className="Microsoft.Dafny.LanguageServer.IntegrationTest.Lookup.HoverTest" name="HoveringDeclarationVariableReturnsInferredVariableType" />
    </UnitTest>
    <UnitTest name="HoveringMapBoundVarReturnsBoundVarInferredType" storage="/users/rwillems/documents/sourcecode/dafny/source/dafnylanguageserver.test/bin/debug/net6.0/dafnylanguageserver.test.dll" id="533ae1fe-8917-4838-bd68-9c0465fbd862">
      <Execution id="fef3d463-c0ed-4a33-ad29-7bcdd76ddc72" />
      <TestMethod codeBase="/Users/rwillems/Documents/SourceCode/dafny/Source/DafnyLanguageServer.Test/bin/Debug/net6.0/DafnyLanguageServer.Test.dll" adapterTypeName="executor://mstestadapter/v2" className="Microsoft.Dafny.LanguageServer.IntegrationTest.Lookup.HoverTest" name="HoveringMapBoundVarReturnsBoundVarInferredType" />
    </UnitTest>
    <UnitTest name="CompleteOnNothingAtLineStartReturnsEmptyList" storage="/users/rwillems/documents/sourcecode/dafny/source/dafnylanguageserver.test/bin/debug/net6.0/dafnylanguageserver.test.dll" id="29dbb6ec-0ffd-4a8b-afe4-222bcfb457e0">
      <Execution id="b1c09435-2a1a-4802-aa8d-02dddd36cd8e" />
      <TestMethod codeBase="/Users/rwillems/Documents/SourceCode/dafny/Source/DafnyLanguageServer.Test/bin/Debug/net6.0/DafnyLanguageServer.Test.dll" adapterTypeName="executor://mstestadapter/v2" className="Microsoft.Dafny.LanguageServer.IntegrationTest.Completion.DotCompletionTest" name="CompleteOnNothingAtLineStartReturnsEmptyList" />
    </UnitTest>
    <UnitTest name="ReplaceCompleteDocumentContent" storage="/users/rwillems/documents/sourcecode/dafny/source/dafnylanguageserver.test/bin/debug/net6.0/dafnylanguageserver.test.dll" id="5affcfea-2296-436c-99f0-900fccf8f1f2">
      <Execution id="b50f8c65-1a8c-4b13-b571-54cff760c604" />
      <TestMethod codeBase="/Users/rwillems/Documents/SourceCode/dafny/Source/DafnyLanguageServer.Test/bin/Debug/net6.0/DafnyLanguageServer.Test.dll" adapterTypeName="executor://mstestadapter/v2" className="Microsoft.Dafny.LanguageServer.IntegrationTest.Synchronization.TextReplacementTest" name="ReplaceCompleteDocumentContent" />
    </UnitTest>
    <UnitTest name="HoveringLetInReturnsInferredType" storage="/users/rwillems/documents/sourcecode/dafny/source/dafnylanguageserver.test/bin/debug/net6.0/dafnylanguageserver.test.dll" id="e0b9fd93-7936-4d16-94cd-0dea9c545c99">
      <Execution id="53f6e94d-5d14-4939-8efc-901d96c890b4" />
      <TestMethod codeBase="/Users/rwillems/Documents/SourceCode/dafny/Source/DafnyLanguageServer.Test/bin/Debug/net6.0/DafnyLanguageServer.Test.dll" adapterTypeName="executor://mstestadapter/v2" className="Microsoft.Dafny.LanguageServer.IntegrationTest.Lookup.HoverTest" name="HoveringLetInReturnsInferredType" />
    </UnitTest>
    <UnitTest name="ResolutionDiagnosticsContainPreviousVerificationResultsWhenCodeIsInsertedAfter" storage="/users/rwillems/documents/sourcecode/dafny/source/dafnylanguageserver.test/bin/debug/net6.0/dafnylanguageserver.test.dll" id="a4811aca-f5e4-46e6-b3ea-9d9e68b49955">
      <Execution id="bc0ca0b8-27ad-4a1d-a3b8-69cad58e9f42" />
      <TestMethod codeBase="/Users/rwillems/Documents/SourceCode/dafny/Source/DafnyLanguageServer.Test/bin/Debug/net6.0/DafnyLanguageServer.Test.dll" adapterTypeName="executor://mstestadapter/v2" className="Microsoft.Dafny.LanguageServer.IntegrationTest.Various.DiagnosticMigrationTest" name="ResolutionDiagnosticsContainPreviousVerificationResultsWhenCodeIsInsertedAfter" />
    </UnitTest>
    <UnitTest name="InsertTextInTheMiddle" storage="/users/rwillems/documents/sourcecode/dafny/source/dafnylanguageserver.test/bin/debug/net6.0/dafnylanguageserver.test.dll" id="81e200c8-f3a7-48c1-bd88-833080a9f3c1">
      <Execution id="6521a0e0-dc53-40ec-8746-110e6a420740" />
      <TestMethod codeBase="/Users/rwillems/Documents/SourceCode/dafny/Source/DafnyLanguageServer.Test/bin/Debug/net6.0/DafnyLanguageServer.Test.dll" adapterTypeName="executor://mstestadapter/v2" className="Microsoft.Dafny.LanguageServer.IntegrationTest.Synchronization.TextInsertionTest" name="InsertTextInTheMiddle" />
    </UnitTest>
    <UnitTest name="SignatureHelpOnOpeningParenthesesReturnsSignatureForExistingMethod" storage="/users/rwillems/documents/sourcecode/dafny/source/dafnylanguageserver.test/bin/debug/net6.0/dafnylanguageserver.test.dll" id="d2383411-fc87-4893-9b35-e5ec53d66000">
      <Execution id="3fe822f3-9ce1-48f2-a23c-27666d4c051a" />
      <TestMethod codeBase="/Users/rwillems/Documents/SourceCode/dafny/Source/DafnyLanguageServer.Test/bin/Debug/net6.0/DafnyLanguageServer.Test.dll" adapterTypeName="executor://mstestadapter/v2" className="Microsoft.Dafny.LanguageServer.IntegrationTest.Lookup.SignatureHelpTest" name="SignatureHelpOnOpeningParenthesesReturnsSignatureForExistingMethod" />
    </UnitTest>
    <UnitTest name="DocumentWithOnlyCodedVerifierTimeoutSendsCompilationSucceededVerificationStartedAndVerificationFailedStatuses" storage="/users/rwillems/documents/sourcecode/dafny/source/dafnylanguageserver.test/bin/debug/net6.0/dafnylanguageserver.test.dll" id="c7a5004a-5765-49dc-8b97-4bf16477c3c0">
      <Execution id="32df0688-d869-498a-abd4-e0feef6e5fe6" />
      <TestMethod codeBase="/Users/rwillems/Documents/SourceCode/dafny/Source/DafnyLanguageServer.Test/bin/Debug/net6.0/DafnyLanguageServer.Test.dll" adapterTypeName="executor://mstestadapter/v2" className="Microsoft.Dafny.LanguageServer.IntegrationTest.Various.CompilationStatusNotificationTest" name="DocumentWithOnlyCodedVerifierTimeoutSendsCompilationSucceededVerificationStartedAndVerificationFailedStatuses" />
    </UnitTest>
    <UnitTest name="EmptyDocumentCanBeIncluded" storage="/users/rwillems/documents/sourcecode/dafny/source/dafnylanguageserver.test/bin/debug/net6.0/dafnylanguageserver.test.dll" id="86352f63-6f46-4c14-a075-ae37bf6f8847">
      <Execution id="592edddd-7f5e-4c0f-80dc-a521e1783e3d" />
      <TestMethod codeBase="/Users/rwillems/Documents/SourceCode/dafny/Source/DafnyLanguageServer.Test/bin/Debug/net6.0/DafnyLanguageServer.Test.dll" adapterTypeName="executor://mstestadapter/v2" className="Microsoft.Dafny.LanguageServer.IntegrationTest.Synchronization.OpenDocumentTest" name="EmptyDocumentCanBeIncluded" />
    </UnitTest>
    <UnitTest name="MigrationRemovesSymbolLocationsWithinTheChangedRange" storage="/users/rwillems/documents/sourcecode/dafny/source/dafnylanguageserver.test/bin/debug/net6.0/dafnylanguageserver.test.dll" id="1d355461-e458-4581-a2f5-10b1205cbb31">
      <Execution id="6319058c-8f7e-4948-b995-58138eac08a0" />
      <TestMethod codeBase="/Users/rwillems/Documents/SourceCode/dafny/Source/DafnyLanguageServer.Test/bin/Debug/net6.0/DafnyLanguageServer.Test.dll" adapterTypeName="executor://mstestadapter/v2" className="Microsoft.Dafny.LanguageServer.IntegrationTest.Synchronization.LookupMigrationTest" name="MigrationRemovesSymbolLocationsWithinTheChangedRange" />
    </UnitTest>
    <UnitTest name="GenericSort" storage="/users/rwillems/documents/sourcecode/dafny/source/dafnylanguageserver.test/bin/debug/net6.0/dafnylanguageserver.test.dll" id="bee73b6e-9799-40a3-9ee9-688ed13ef73e">
      <Execution id="3ad326a5-42c6-4a62-a43f-066026825126" />
      <TestMethod codeBase="/Users/rwillems/Documents/SourceCode/dafny/Source/DafnyLanguageServer.Test/bin/Debug/net6.0/DafnyLanguageServer.Test.dll" adapterTypeName="executor://mstestadapter/v2" className="Microsoft.Dafny.LanguageServer.IntegrationTest.Various.StabilityTest" name="GenericSort" />
    </UnitTest>
    <UnitTest name="ParseErrorsOfDocumentAreCaptured" storage="/users/rwillems/documents/sourcecode/dafny/source/dafnylanguageserver.test/bin/debug/net6.0/dafnylanguageserver.test.dll" id="aa858a79-fddd-453b-b2dd-7a47a366f055">
      <Execution id="9414c130-62dc-4ef3-bc97-3404a62ab3ea" />
      <TestMethod codeBase="/Users/rwillems/Documents/SourceCode/dafny/Source/DafnyLanguageServer.Test/bin/Debug/net6.0/DafnyLanguageServer.Test.dll" adapterTypeName="executor://mstestadapter/v2" className="Microsoft.Dafny.LanguageServer.IntegrationTest.Synchronization.OpenDocumentTest" name="ParseErrorsOfDocumentAreCaptured" />
    </UnitTest>
    <UnitTest name="ChangeToSyntacticallyIncorrectDocumentUsesMigration" storage="/users/rwillems/documents/sourcecode/dafny/source/dafnylanguageserver.test/bin/debug/net6.0/dafnylanguageserver.test.dll" id="92caaeb0-bc10-44be-a8a1-27ce783e7aed">
      <Execution id="5239633b-2ea4-40d0-9889-10f6e6bc9b16" />
      <TestMethod codeBase="/Users/rwillems/Documents/SourceCode/dafny/Source/DafnyLanguageServer.Test/bin/Debug/net6.0/DafnyLanguageServer.Test.dll" adapterTypeName="executor://mstestadapter/v2" className="Microsoft.Dafny.LanguageServer.IntegrationTest.Synchronization.SymbolMigrationTest" name="ChangeToSyntacticallyIncorrectDocumentUsesMigration" />
    </UnitTest>
    <UnitTest name="CanResolveSymbolsForMethodsWithoutBody" storage="/users/rwillems/documents/sourcecode/dafny/source/dafnylanguageserver.test/bin/debug/net6.0/dafnylanguageserver.test.dll" id="c0725455-c068-4fb1-86b9-9923d359634f">
      <Execution id="e1ae49df-4fc9-48a3-8271-2c0fc7855484" />
      <TestMethod codeBase="/Users/rwillems/Documents/SourceCode/dafny/Source/DafnyLanguageServer.Test/bin/Debug/net6.0/DafnyLanguageServer.Test.dll" adapterTypeName="executor://mstestadapter/v2" className="Microsoft.Dafny.LanguageServer.IntegrationTest.Lookup.DocumentSymbolTest" name="CanResolveSymbolsForMethodsWithoutBody" />
    </UnitTest>
    <UnitTest name="VerificationStatusNotUpdatedOnResolutionError" storage="/users/rwillems/documents/sourcecode/dafny/source/dafnylanguageserver.test/bin/debug/net6.0/dafnylanguageserver.test.dll" id="3138effc-32fa-4f1b-ab98-64f0c65e74ba">
      <Execution id="fd09f561-3bcb-44c7-9d9d-b3c9181c3883" />
      <TestMethod codeBase="/Users/rwillems/Documents/SourceCode/dafny/Source/DafnyLanguageServer.Test/bin/Debug/net6.0/DafnyLanguageServer.Test.dll" adapterTypeName="executor://mstestadapter/v2" className="Microsoft.Dafny.LanguageServer.IntegrationTest.Synchronization.VerificationStatusTest" name="VerificationStatusNotUpdatedOnResolutionError" />
    </UnitTest>
    <UnitTest name="PassingANullChangeRangeClearsSymbolsTable" storage="/users/rwillems/documents/sourcecode/dafny/source/dafnylanguageserver.test/bin/debug/net6.0/dafnylanguageserver.test.dll" id="71715239-290b-4b63-9f6e-9c2ff8e7fe8c">
      <Execution id="d82bb989-069e-43dc-bf2a-bd6d06872de9" />
      <TestMethod codeBase="/Users/rwillems/Documents/SourceCode/dafny/Source/DafnyLanguageServer.Test/bin/Debug/net6.0/DafnyLanguageServer.Test.dll" adapterTypeName="executor://mstestadapter/v2" className="Microsoft.Dafny.LanguageServer.IntegrationTest.Synchronization.DeclarationLocationMigrationTest" name="PassingANullChangeRangeClearsSymbolsTable" />
    </UnitTest>
    <UnitTest name="StringBuilding" storage="/users/rwillems/documents/sourcecode/dafny/source/dafnylanguageserver.test/bin/debug/net6.0/dafnylanguageserver.test.dll" id="cf631673-d867-485e-a25b-208221b00670">
      <Execution id="86bd38a4-eee1-47e2-ac38-e6bae86f6e75" />
      <TestMethod codeBase="/Users/rwillems/Documents/SourceCode/dafny/Source/DafnyLanguageServer.Test/bin/Debug/net6.0/DafnyLanguageServer.Test.dll" adapterTypeName="executor://mstestadapter/v2" className="Microsoft.Dafny.LanguageServer.IntegrationTest.Various.CounterExampleTest" name="StringBuilding" />
    </UnitTest>
    <UnitTest name="ModuleRenameDoesNotAffectMigration" storage="/users/rwillems/documents/sourcecode/dafny/source/dafnylanguageserver.test/bin/debug/net6.0/dafnylanguageserver.test.dll" id="d178b536-3419-46ee-b86f-e8adb0cd07b9">
      <Execution id="c4f8d928-a227-4c94-911e-f1f430d120d1" />
      <TestMethod codeBase="/Users/rwillems/Documents/SourceCode/dafny/Source/DafnyLanguageServer.Test/bin/Debug/net6.0/DafnyLanguageServer.Test.dll" adapterTypeName="executor://mstestadapter/v2" className="Microsoft.Dafny.LanguageServer.IntegrationTest.Synchronization.DiagnosticsTest" name="ModuleRenameDoesNotAffectMigration" />
    </UnitTest>
    <UnitTest name="ReplaceMultiLineTextAtEnd" storage="/users/rwillems/documents/sourcecode/dafny/source/dafnylanguageserver.test/bin/debug/net6.0/dafnylanguageserver.test.dll" id="8de978d1-20b8-4557-825d-a8643bcd1a6c">
      <Execution id="2cb1a62d-164a-4218-8ddd-49c06735958b" />
      <TestMethod codeBase="/Users/rwillems/Documents/SourceCode/dafny/Source/DafnyLanguageServer.Test/bin/Debug/net6.0/DafnyLanguageServer.Test.dll" adapterTypeName="executor://mstestadapter/v2" className="Microsoft.Dafny.LanguageServer.IntegrationTest.Synchronization.TextReplacementTest" name="ReplaceMultiLineTextAtEnd" />
    </UnitTest>
    <UnitTest name="HoveringSpecificationBoundVariableReturnsInferredType" storage="/users/rwillems/documents/sourcecode/dafny/source/dafnylanguageserver.test/bin/debug/net6.0/dafnylanguageserver.test.dll" id="bf2f948b-bd25-4fc2-9bd6-73d35d45474a">
      <Execution id="3b981fbd-7325-45c5-a437-4af62650fcae" />
      <TestMethod codeBase="/Users/rwillems/Documents/SourceCode/dafny/Source/DafnyLanguageServer.Test/bin/Debug/net6.0/DafnyLanguageServer.Test.dll" adapterTypeName="executor://mstestadapter/v2" className="Microsoft.Dafny.LanguageServer.IntegrationTest.Lookup.HoverTest" name="HoveringSpecificationBoundVariableReturnsInferredType" />
    </UnitTest>
    <UnitTest name="SeqSetAndArrayAsTypeParameters" storage="/users/rwillems/documents/sourcecode/dafny/source/dafnylanguageserver.test/bin/debug/net6.0/dafnylanguageserver.test.dll" id="398758b4-b3de-4c3b-b744-965f95ec2916">
      <Execution id="c7a3999f-ee86-4225-a53b-f655022bdf26" />
      <TestMethod codeBase="/Users/rwillems/Documents/SourceCode/dafny/Source/DafnyLanguageServer.Test/bin/Debug/net6.0/DafnyLanguageServer.Test.dll" adapterTypeName="executor://mstestadapter/v2" className="Microsoft.Dafny.LanguageServer.IntegrationTest.Various.CounterExampleTest" name="SeqSetAndArrayAsTypeParameters" />
    </UnitTest>
    <UnitTest name="SequenceOfBitVectors" storage="/users/rwillems/documents/sourcecode/dafny/source/dafnylanguageserver.test/bin/debug/net6.0/dafnylanguageserver.test.dll" id="f999722f-dc07-4623-aa0f-12f416cb7c7d">
      <Execution id="20908078-95f1-4a28-90e5-7da791b8b737" />
      <TestMethod codeBase="/Users/rwillems/Documents/SourceCode/dafny/Source/DafnyLanguageServer.Test/bin/Debug/net6.0/DafnyLanguageServer.Test.dll" adapterTypeName="executor://mstestadapter/v2" className="Microsoft.Dafny.LanguageServer.IntegrationTest.Various.CounterExampleTest" name="SequenceOfBitVectors" />
    </UnitTest>
    <UnitTest name="SpecificBitVector" storage="/users/rwillems/documents/sourcecode/dafny/source/dafnylanguageserver.test/bin/debug/net6.0/dafnylanguageserver.test.dll" id="52e0e988-b84f-4be8-bb97-4f1d2d564067">
      <Execution id="db0659a0-20ad-4eb0-9d06-9b00d7b2dbee" />
      <TestMethod codeBase="/Users/rwillems/Documents/SourceCode/dafny/Source/DafnyLanguageServer.Test/bin/Debug/net6.0/DafnyLanguageServer.Test.dll" adapterTypeName="executor://mstestadapter/v2" className="Microsoft.Dafny.LanguageServer.IntegrationTest.Various.CounterExampleTest" name="SpecificBitVector" />
    </UnitTest>
    <UnitTest name="DafnyModelTypeComplexCase" storage="/users/rwillems/documents/sourcecode/dafny/source/dafnylanguageserver.test/bin/debug/net6.0/dafnylanguageserver.test.dll" id="e2dac936-bee1-4ff1-bbe3-9be17c13e263">
      <Execution id="c3fe8c55-4205-4e56-a216-136f0ccff08c" />
      <TestMethod codeBase="/Users/rwillems/Documents/SourceCode/dafny/Source/DafnyLanguageServer.Test/bin/Debug/net6.0/DafnyLanguageServer.Test.dll" adapterTypeName="executor://mstestadapter/v2" className="Microsoft.Dafny.LanguageServer.IntegrationTest.Various.CounterExampleTest" name="DafnyModelTypeComplexCase" />
    </UnitTest>
    <UnitTest name="WholeNumberFieldAsReal" storage="/users/rwillems/documents/sourcecode/dafny/source/dafnylanguageserver.test/bin/debug/net6.0/dafnylanguageserver.test.dll" id="f4da0dbd-da0e-4937-a83b-e923cd4a29e5">
      <Execution id="781622c8-e10a-40b5-bffa-82bc92fb0353" />
      <TestMethod codeBase="/Users/rwillems/Documents/SourceCode/dafny/Source/DafnyLanguageServer.Test/bin/Debug/net6.0/DafnyLanguageServer.Test.dll" adapterTypeName="executor://mstestadapter/v2" className="Microsoft.Dafny.LanguageServer.IntegrationTest.Various.CounterExampleTest" name="WholeNumberFieldAsReal" />
    </UnitTest>
    <UnitTest name="DoNotMigrateDiagnosticsOfRemovedMethod" storage="/users/rwillems/documents/sourcecode/dafny/source/dafnylanguageserver.test/bin/debug/net6.0/dafnylanguageserver.test.dll" id="693e78c4-42d5-4c5c-8a41-fb3af4888e4a">
      <Execution id="80337b47-cb48-4f3b-8326-9eb433dbb625" />
      <TestMethod codeBase="/Users/rwillems/Documents/SourceCode/dafny/Source/DafnyLanguageServer.Test/bin/Debug/net6.0/DafnyLanguageServer.Test.dll" adapterTypeName="executor://mstestadapter/v2" className="Microsoft.Dafny.LanguageServer.IntegrationTest.Synchronization.DiagnosticsTest" name="DoNotMigrateDiagnosticsOfRemovedMethod" />
    </UnitTest>
    <UnitTest name="OpeningFlawlessDocumentReportsEmptyDiagnostics" storage="/users/rwillems/documents/sourcecode/dafny/source/dafnylanguageserver.test/bin/debug/net6.0/dafnylanguageserver.test.dll" id="04a9872b-dc15-48fa-a017-cbd4b7374bf5">
      <Execution id="d1b2482f-eff7-40f3-8f4d-72f0f4d90096" />
      <TestMethod codeBase="/Users/rwillems/Documents/SourceCode/dafny/Source/DafnyLanguageServer.Test/bin/Debug/net6.0/DafnyLanguageServer.Test.dll" adapterTypeName="executor://mstestadapter/v2" className="Microsoft.Dafny.LanguageServer.IntegrationTest.Synchronization.DiagnosticsTest" name="OpeningFlawlessDocumentReportsEmptyDiagnostics" />
    </UnitTest>
    <UnitTest name="HoveringVariableShadowingFieldReturnsTheVariable" storage="/users/rwillems/documents/sourcecode/dafny/source/dafnylanguageserver.test/bin/debug/net6.0/dafnylanguageserver.test.dll" id="349de095-86be-472a-86ae-471b31cffb2a">
      <Execution id="3cbcae9f-8288-4832-9f65-a7d5e252711c" />
      <TestMethod codeBase="/Users/rwillems/Documents/SourceCode/dafny/Source/DafnyLanguageServer.Test/bin/Debug/net6.0/DafnyLanguageServer.Test.dll" adapterTypeName="executor://mstestadapter/v2" className="Microsoft.Dafny.LanguageServer.IntegrationTest.Lookup.HoverTest" name="HoveringVariableShadowingFieldReturnsTheVariable" />
    </UnitTest>
    <UnitTest name="EnsuresPriorityDependsOnEditing" storage="/users/rwillems/documents/sourcecode/dafny/source/dafnylanguageserver.test/bin/debug/net6.0/dafnylanguageserver.test.dll" id="04fb636c-cdfd-489c-a1e2-d659af3a3007">
      <Execution id="adc77563-f255-4e9e-a8e9-176c90689a29" />
      <TestMethod codeBase="/Users/rwillems/Documents/SourceCode/dafny/Source/DafnyLanguageServer.Test/bin/Debug/net6.0/DafnyLanguageServer.Test.dll" adapterTypeName="executor://mstestadapter/v2" className="Microsoft.Dafny.LanguageServer.IntegrationTest.Diagnostics.ReorderingVerificationGutterStatusTester" name="EnsuresPriorityDependsOnEditing" />
    </UnitTest>
    <UnitTest name="SignatureHelpOnOpeningParenthesesReturnsSignatureForExistingFunction" storage="/users/rwillems/documents/sourcecode/dafny/source/dafnylanguageserver.test/bin/debug/net6.0/dafnylanguageserver.test.dll" id="7cfe9c59-f095-4dce-acce-6a927b7102bb">
      <Execution id="84ab4c30-fb7a-4c3e-9ddb-69589283f7f7" />
      <TestMethod codeBase="/Users/rwillems/Documents/SourceCode/dafny/Source/DafnyLanguageServer.Test/bin/Debug/net6.0/DafnyLanguageServer.Test.dll" adapterTypeName="executor://mstestadapter/v2" className="Microsoft.Dafny.LanguageServer.IntegrationTest.Lookup.SignatureHelpTest" name="SignatureHelpOnOpeningParenthesesReturnsSignatureForExistingFunction" />
    </UnitTest>
    <UnitTest name="OpeningFlawlessDocumentWithGhostMarkStatementsMarksGhostIfStatements" storage="/users/rwillems/documents/sourcecode/dafny/source/dafnylanguageserver.test/bin/debug/net6.0/dafnylanguageserver.test.dll" id="d17e2c9a-8741-49f1-ad99-84d2854a5d1d">
      <Execution id="3f7c6469-c18b-4252-b740-4b98d0a75ae1" />
      <TestMethod codeBase="/Users/rwillems/Documents/SourceCode/dafny/Source/DafnyLanguageServer.Test/bin/Debug/net6.0/DafnyLanguageServer.Test.dll" adapterTypeName="executor://mstestadapter/v2" className="Microsoft.Dafny.LanguageServer.IntegrationTest.Synchronization.GhostDiagnosticsTest" name="OpeningFlawlessDocumentWithGhostMarkStatementsMarksGhostIfStatements" />
    </UnitTest>
    <UnitTest name="DatatypeWithUnnamedDestructor" storage="/users/rwillems/documents/sourcecode/dafny/source/dafnylanguageserver.test/bin/debug/net6.0/dafnylanguageserver.test.dll" id="e9283bd7-327e-4580-8c45-fc524aa514f8">
      <Execution id="6f8afac7-39d4-46ff-8609-3de3c4c1bb6c" />
      <TestMethod codeBase="/Users/rwillems/Documents/SourceCode/dafny/Source/DafnyLanguageServer.Test/bin/Debug/net6.0/DafnyLanguageServer.Test.dll" adapterTypeName="executor://mstestadapter/v2" className="Microsoft.Dafny.LanguageServer.IntegrationTest.Various.CounterExampleTest" name="DatatypeWithUnnamedDestructor" />
    </UnitTest>
    <UnitTest name="MethodRenameDoesNotAffectMigration" storage="/users/rwillems/documents/sourcecode/dafny/source/dafnylanguageserver.test/bin/debug/net6.0/dafnylanguageserver.test.dll" id="19a7a3b9-4bd7-484c-88da-85d71c6c7234">
      <Execution id="98f881d3-4163-42ad-a7ae-8b6fc3407c51" />
      <TestMethod codeBase="/Users/rwillems/Documents/SourceCode/dafny/Source/DafnyLanguageServer.Test/bin/Debug/net6.0/DafnyLanguageServer.Test.dll" adapterTypeName="executor://mstestadapter/v2" className="Microsoft.Dafny.LanguageServer.IntegrationTest.Synchronization.DiagnosticsTest" name="MethodRenameDoesNotAffectMigration" />
    </UnitTest>
    <UnitTest name="HoveringForallBoundVarReturnsBoundVarInferredType" storage="/users/rwillems/documents/sourcecode/dafny/source/dafnylanguageserver.test/bin/debug/net6.0/dafnylanguageserver.test.dll" id="d4487201-cb94-4e22-ab6b-d0f69fa3f926">
      <Execution id="6828bf5f-ea81-459d-967a-dcea09d09266" />
      <TestMethod codeBase="/Users/rwillems/Documents/SourceCode/dafny/Source/DafnyLanguageServer.Test/bin/Debug/net6.0/DafnyLanguageServer.Test.dll" adapterTypeName="executor://mstestadapter/v2" className="Microsoft.Dafny.LanguageServer.IntegrationTest.Lookup.HoverTest" name="HoveringForallBoundVarReturnsBoundVarInferredType" />
    </UnitTest>
    <UnitTest name="ReplaceMultiLineTextInTheMiddleOfALine" storage="/users/rwillems/documents/sourcecode/dafny/source/dafnylanguageserver.test/bin/debug/net6.0/dafnylanguageserver.test.dll" id="c8a26161-6326-4974-9b84-58ceb47a9e3c">
      <Execution id="a995ecf6-1b02-4597-b7c6-01ffde4cba95" />
      <TestMethod codeBase="/Users/rwillems/Documents/SourceCode/dafny/Source/DafnyLanguageServer.Test/bin/Debug/net6.0/DafnyLanguageServer.Test.dll" adapterTypeName="executor://mstestadapter/v2" className="Microsoft.Dafny.LanguageServer.IntegrationTest.Synchronization.TextReplacementTest" name="ReplaceMultiLineTextInTheMiddleOfALine" />
    </UnitTest>
    <UnitTest name="OpeningFlawlessDocumentWithGhostMarkStatementsMarksGhostVariableDeclarations" storage="/users/rwillems/documents/sourcecode/dafny/source/dafnylanguageserver.test/bin/debug/net6.0/dafnylanguageserver.test.dll" id="914e9bb2-a6e0-4a46-93a1-ab9abc9d33b4">
      <Execution id="39234d3d-2fef-4177-9e0e-cc4bbfc5c382" />
      <TestMethod codeBase="/Users/rwillems/Documents/SourceCode/dafny/Source/DafnyLanguageServer.Test/bin/Debug/net6.0/DafnyLanguageServer.Test.dll" adapterTypeName="executor://mstestadapter/v2" className="Microsoft.Dafny.LanguageServer.IntegrationTest.Synchronization.GhostDiagnosticsTest" name="OpeningFlawlessDocumentWithGhostMarkStatementsMarksGhostVariableDeclarations" />
    </UnitTest>
    <UnitTest name="ChangeToSemanticallyCorrectDocumentUsesDafnyResolver" storage="/users/rwillems/documents/sourcecode/dafny/source/dafnylanguageserver.test/bin/debug/net6.0/dafnylanguageserver.test.dll" id="700c1f91-4a76-409b-bda8-8a10246c8dd5">
      <Execution id="7eab5c31-424b-42ae-9cfa-41fb466b4a56" />
      <TestMethod codeBase="/Users/rwillems/Documents/SourceCode/dafny/Source/DafnyLanguageServer.Test/bin/Debug/net6.0/DafnyLanguageServer.Test.dll" adapterTypeName="executor://mstestadapter/v2" className="Microsoft.Dafny.LanguageServer.IntegrationTest.Synchronization.SymbolMigrationTest" name="ChangeToSemanticallyCorrectDocumentUsesDafnyResolver" />
    </UnitTest>
    <UnitTest name="SequenceTake" storage="/users/rwillems/documents/sourcecode/dafny/source/dafnylanguageserver.test/bin/debug/net6.0/dafnylanguageserver.test.dll" id="f933ab14-2f95-4d05-82d6-d80d87782287">
      <Execution id="94b73a5c-db83-413c-b709-dcc14c52a2cb" />
      <TestMethod codeBase="/Users/rwillems/Documents/SourceCode/dafny/Source/DafnyLanguageServer.Test/bin/Debug/net6.0/DafnyLanguageServer.Test.dll" adapterTypeName="executor://mstestadapter/v2" className="Microsoft.Dafny.LanguageServer.IntegrationTest.Various.CounterExampleTest" name="SequenceTake" />
    </UnitTest>
    <UnitTest name="StrongNestingDoesNotCauseStackOverlfow" storage="/users/rwillems/documents/sourcecode/dafny/source/dafnylanguageserver.test/bin/debug/net6.0/dafnylanguageserver.test.dll" id="08b15dba-12e5-44d0-930f-7957efc79bf0">
      <Execution id="228ca2ab-60dd-4b62-89ea-96d8ed90e70c" />
      <TestMethod codeBase="/Users/rwillems/Documents/SourceCode/dafny/Source/DafnyLanguageServer.Test/bin/Debug/net6.0/DafnyLanguageServer.Test.dll" adapterTypeName="executor://mstestadapter/v2" className="Microsoft.Dafny.LanguageServer.IntegrationTest.Various.StabilityTest" name="StrongNestingDoesNotCauseStackOverlfow" />
    </UnitTest>
    <UnitTest name="SequenceSingleElement" storage="/users/rwillems/documents/sourcecode/dafny/source/dafnylanguageserver.test/bin/debug/net6.0/dafnylanguageserver.test.dll" id="f548a525-2dc8-4b95-b325-d335189e4cb3">
      <Execution id="8bf43cd8-f0c0-40f1-8b01-17a3437daa9d" />
      <TestMethod codeBase="/Users/rwillems/Documents/SourceCode/dafny/Source/DafnyLanguageServer.Test/bin/Debug/net6.0/DafnyLanguageServer.Test.dll" adapterTypeName="executor://mstestadapter/v2" className="Microsoft.Dafny.LanguageServer.IntegrationTest.Various.CounterExampleTest" name="SequenceSingleElement" />
    </UnitTest>
    <UnitTest name="SequenceEdit" storage="/users/rwillems/documents/sourcecode/dafny/source/dafnylanguageserver.test/bin/debug/net6.0/dafnylanguageserver.test.dll" id="178b2f91-d1e7-42a7-96d8-b14d242dd1d6">
      <Execution id="7e4029cc-67ee-4046-b047-5dcac709cfd4" />
      <TestMethod codeBase="/Users/rwillems/Documents/SourceCode/dafny/Source/DafnyLanguageServer.Test/bin/Debug/net6.0/DafnyLanguageServer.Test.dll" adapterTypeName="executor://mstestadapter/v2" className="Microsoft.Dafny.LanguageServer.IntegrationTest.Various.CounterExampleTest" name="SequenceEdit" />
    </UnitTest>
    <UnitTest name="OpeningDocumentThatIncludesDocumentWithSemanticErrorsReportsResolverErrorAtInclude" storage="/users/rwillems/documents/sourcecode/dafny/source/dafnylanguageserver.test/bin/debug/net6.0/dafnylanguageserver.test.dll" id="05bea864-1255-477a-843e-f3d89a3e8620">
      <Execution id="80c7b069-8f03-4384-b113-93d8482267c0" />
      <TestMethod codeBase="/Users/rwillems/Documents/SourceCode/dafny/Source/DafnyLanguageServer.Test/bin/Debug/net6.0/DafnyLanguageServer.Test.dll" adapterTypeName="executor://mstestadapter/v2" className="Microsoft.Dafny.LanguageServer.IntegrationTest.Synchronization.DiagnosticsTest" name="OpeningDocumentThatIncludesDocumentWithSemanticErrorsReportsResolverErrorAtInclude" />
    </UnitTest>
    <UnitTest name="HoveringTypeOfFieldReturnsTheUserDefinedType" storage="/users/rwillems/documents/sourcecode/dafny/source/dafnylanguageserver.test/bin/debug/net6.0/dafnylanguageserver.test.dll" id="a7af329a-77d2-4f24-b769-a41bc0cd5779">
      <Execution id="66ccdcd4-54c3-47c8-b528-934e2a1031f3" />
      <TestMethod codeBase="/Users/rwillems/Documents/SourceCode/dafny/Source/DafnyLanguageServer.Test/bin/Debug/net6.0/DafnyLanguageServer.Test.dll" adapterTypeName="executor://mstestadapter/v2" className="Microsoft.Dafny.LanguageServer.IntegrationTest.Lookup.HoverTest" name="HoveringTypeOfFieldReturnsTheUserDefinedType" />
    </UnitTest>
    <UnitTest name="DocumentSaveWithOnSaveVerificationSendsVerificationStatuses" storage="/users/rwillems/documents/sourcecode/dafny/source/dafnylanguageserver.test/bin/debug/net6.0/dafnylanguageserver.test.dll" id="382eeee3-b0eb-45cf-a2a8-f5428ddcac0f">
      <Execution id="9897f260-4752-44e8-9e1d-f8f8963667b4" />
      <TestMethod codeBase="/Users/rwillems/Documents/SourceCode/dafny/Source/DafnyLanguageServer.Test/bin/Debug/net6.0/DafnyLanguageServer.Test.dll" adapterTypeName="executor://mstestadapter/v2" className="Microsoft.Dafny.LanguageServer.IntegrationTest.Various.CompilationStatusNotificationTest" name="DocumentSaveWithOnSaveVerificationSendsVerificationStatuses" />
    </UnitTest>
    <UnitTest name="OpeningDocumentWithSyntaxErrorReportsDiagnosticsWithParserErrors" storage="/users/rwillems/documents/sourcecode/dafny/source/dafnylanguageserver.test/bin/debug/net6.0/dafnylanguageserver.test.dll" id="5bdf1078-4123-47a5-9665-fcdb01569ea5">
      <Execution id="08e57caa-9722-48be-8616-635071d49a6a" />
      <TestMethod codeBase="/Users/rwillems/Documents/SourceCode/dafny/Source/DafnyLanguageServer.Test/bin/Debug/net6.0/DafnyLanguageServer.Test.dll" adapterTypeName="executor://mstestadapter/v2" className="Microsoft.Dafny.LanguageServer.IntegrationTest.Synchronization.DiagnosticsTest" name="OpeningDocumentWithSyntaxErrorReportsDiagnosticsWithParserErrors" />
    </UnitTest>
    <UnitTest name="DatatypeWithTypeParameters" storage="/users/rwillems/documents/sourcecode/dafny/source/dafnylanguageserver.test/bin/debug/net6.0/dafnylanguageserver.test.dll" id="e3cf4bf5-de9f-4a95-8b6c-7367ddeea0b7">
      <Execution id="524c1bad-1c38-41ee-9db6-b92196c49b64" />
      <TestMethod codeBase="/Users/rwillems/Documents/SourceCode/dafny/Source/DafnyLanguageServer.Test/bin/Debug/net6.0/DafnyLanguageServer.Test.dll" adapterTypeName="executor://mstestadapter/v2" className="Microsoft.Dafny.LanguageServer.IntegrationTest.Various.CounterExampleTest" name="DatatypeWithTypeParameters" />
    </UnitTest>
    <UnitTest name="ChangeToSemanticallyIncorrectDocumentUsesMigration" storage="/users/rwillems/documents/sourcecode/dafny/source/dafnylanguageserver.test/bin/debug/net6.0/dafnylanguageserver.test.dll" id="224c8b5c-03c4-46ae-b385-3099c407ebe7">
      <Execution id="f7ee71f0-c0cc-443d-b654-953e636abf41" />
      <TestMethod codeBase="/Users/rwillems/Documents/SourceCode/dafny/Source/DafnyLanguageServer.Test/bin/Debug/net6.0/DafnyLanguageServer.Test.dll" adapterTypeName="executor://mstestadapter/v2" className="Microsoft.Dafny.LanguageServer.IntegrationTest.Synchronization.SymbolMigrationTest" name="ChangeToSemanticallyIncorrectDocumentUsesMigration" />
    </UnitTest>
    <UnitTest name="CorrectDocumentCanBeParsedResolvedAndVerifiedWithoutErrors" storage="/users/rwillems/documents/sourcecode/dafny/source/dafnylanguageserver.test/bin/debug/net6.0/dafnylanguageserver.test.dll" id="ae948fd3-9654-4e8c-b67a-b174e8c1f6f1">
      <Execution id="b4de4135-83b6-4432-a078-962d22e27ca1" />
      <TestMethod codeBase="/Users/rwillems/Documents/SourceCode/dafny/Source/DafnyLanguageServer.Test/bin/Debug/net6.0/DafnyLanguageServer.Test.dll" adapterTypeName="executor://mstestadapter/v2" className="Microsoft.Dafny.LanguageServer.IntegrationTest.Synchronization.OpenDocumentTest" name="CorrectDocumentCanBeParsedResolvedAndVerifiedWithoutErrors" />
    </UnitTest>
    <UnitTest name="NoIncrementalVerificationDiagnosticsBetweenAssertionBatches" storage="/users/rwillems/documents/sourcecode/dafny/source/dafnylanguageserver.test/bin/debug/net6.0/dafnylanguageserver.test.dll" id="107953a8-e995-40b6-b939-4b8a70db06ee">
      <Execution id="8a744076-3336-45e6-99f3-250610a2af5c" />
      <TestMethod codeBase="/Users/rwillems/Documents/SourceCode/dafny/Source/DafnyLanguageServer.Test/bin/Debug/net6.0/DafnyLanguageServer.Test.dll" adapterTypeName="executor://mstestadapter/v2" className="Microsoft.Dafny.LanguageServer.IntegrationTest.Synchronization.DiagnosticsTest" name="NoIncrementalVerificationDiagnosticsBetweenAssertionBatches" />
    </UnitTest>
    <UnitTest name="MigrationMovesLinesOfSymbolsAfterWhenRemovingInTheMiddle" storage="/users/rwillems/documents/sourcecode/dafny/source/dafnylanguageserver.test/bin/debug/net6.0/dafnylanguageserver.test.dll" id="22382db4-208d-4dc4-83e6-0e1497ff67bf">
      <Execution id="75d1be17-81f2-49b0-a649-89dcc583034c" />
      <TestMethod codeBase="/Users/rwillems/Documents/SourceCode/dafny/Source/DafnyLanguageServer.Test/bin/Debug/net6.0/DafnyLanguageServer.Test.dll" adapterTypeName="executor://mstestadapter/v2" className="Microsoft.Dafny.LanguageServer.IntegrationTest.Synchronization.LookupMigrationTest" name="MigrationMovesLinesOfSymbolsAfterWhenRemovingInTheMiddle" />
    </UnitTest>
    <UnitTest name="UpdatesFlawlessDocumentIfVerifyOnSave" storage="/users/rwillems/documents/sourcecode/dafny/source/dafnylanguageserver.test/bin/debug/net6.0/dafnylanguageserver.test.dll" id="f8619a66-d662-4d80-b160-762a5bd1b680">
      <Execution id="42ea83e4-08a9-4d71-b478-06557ba5bf7d" />
      <TestMethod codeBase="/Users/rwillems/Documents/SourceCode/dafny/Source/DafnyLanguageServer.Test/bin/Debug/net6.0/DafnyLanguageServer.Test.dll" adapterTypeName="executor://mstestadapter/v2" className="Microsoft.Dafny.LanguageServer.IntegrationTest.Synchronization.SaveDocumentTest" name="UpdatesFlawlessDocumentIfVerifyOnSave" />
    </UnitTest>
    <UnitTest name="MapsOfBitVectors" storage="/users/rwillems/documents/sourcecode/dafny/source/dafnylanguageserver.test/bin/debug/net6.0/dafnylanguageserver.test.dll" id="0eacd176-d507-4807-8bad-f4b42fca171f">
      <Execution id="f591f8f7-1fa8-4e68-8506-5e5f50ab1595" />
      <TestMethod codeBase="/Users/rwillems/Documents/SourceCode/dafny/Source/DafnyLanguageServer.Test/bin/Debug/net6.0/DafnyLanguageServer.Test.dll" adapterTypeName="executor://mstestadapter/v2" className="Microsoft.Dafny.LanguageServer.IntegrationTest.Various.CounterExampleTest" name="MapsOfBitVectors" />
    </UnitTest>
    <UnitTest name="ReplaceSingleLineTextInTheMiddleOfALine" storage="/users/rwillems/documents/sourcecode/dafny/source/dafnylanguageserver.test/bin/debug/net6.0/dafnylanguageserver.test.dll" id="95d94177-3906-43bc-a10e-3588de2c58eb">
      <Execution id="d92a27f8-0220-43bb-87c9-c5d4931d952d" />
      <TestMethod codeBase="/Users/rwillems/Documents/SourceCode/dafny/Source/DafnyLanguageServer.Test/bin/Debug/net6.0/DafnyLanguageServer.Test.dll" adapterTypeName="executor://mstestadapter/v2" className="Microsoft.Dafny.LanguageServer.IntegrationTest.Synchronization.TextReplacementTest" name="ReplaceSingleLineTextInTheMiddleOfALine" />
    </UnitTest>
    <UnitTest name="OpeningDocumentWithVerificationErrorDoesNotReportDiagnosticsWithVerificationErrorsIfNotVerifyOnChange" storage="/users/rwillems/documents/sourcecode/dafny/source/dafnylanguageserver.test/bin/debug/net6.0/dafnylanguageserver.test.dll" id="c3877eae-222a-4303-8f6a-498134865787">
      <Execution id="6e659af5-df65-4ff0-8a32-632eddb7e8a0" />
      <TestMethod codeBase="/Users/rwillems/Documents/SourceCode/dafny/Source/DafnyLanguageServer.Test/bin/Debug/net6.0/DafnyLanguageServer.Test.dll" adapterTypeName="executor://mstestadapter/v2" className="Microsoft.Dafny.LanguageServer.IntegrationTest.Synchronization.DiagnosticsTest" name="OpeningDocumentWithVerificationErrorDoesNotReportDiagnosticsWithVerificationErrorsIfNotVerifyOnChange" />
    </UnitTest>
    <UnitTest name="MigrationMovesLinesOfSymbolsAfterWhenChangingInTheMiddle" storage="/users/rwillems/documents/sourcecode/dafny/source/dafnylanguageserver.test/bin/debug/net6.0/dafnylanguageserver.test.dll" id="59b9039d-96bf-480e-859c-eea26a55dee9">
      <Execution id="95687491-3f4f-4b8a-a50a-2f289c462708" />
      <TestMethod codeBase="/Users/rwillems/Documents/SourceCode/dafny/Source/DafnyLanguageServer.Test/bin/Debug/net6.0/DafnyLanguageServer.Test.dll" adapterTypeName="executor://mstestadapter/v2" className="Microsoft.Dafny.LanguageServer.IntegrationTest.Synchronization.LookupMigrationTest" name="MigrationMovesLinesOfSymbolsAfterWhenChangingInTheMiddle" />
    </UnitTest>
    <UnitTest name="FileWithMethodWithErrorsReturnsCounterExampleForPostconditionsAndEveryUpdateLine" storage="/users/rwillems/documents/sourcecode/dafny/source/dafnylanguageserver.test/bin/debug/net6.0/dafnylanguageserver.test.dll" id="6570fca1-79ef-4f79-99df-8c1be490b4f8">
      <Execution id="7f8ff81f-5100-4449-8b57-65468fb9c32c" />
      <TestMethod codeBase="/Users/rwillems/Documents/SourceCode/dafny/Source/DafnyLanguageServer.Test/bin/Debug/net6.0/DafnyLanguageServer.Test.dll" adapterTypeName="executor://mstestadapter/v2" className="Microsoft.Dafny.LanguageServer.IntegrationTest.Various.CounterExampleTest" name="FileWithMethodWithErrorsReturnsCounterExampleForPostconditionsAndEveryUpdateLine" />
    </UnitTest>
    <UnitTest name="CompleteOnMemberAccessChainRespectsCompleteChain" storage="/users/rwillems/documents/sourcecode/dafny/source/dafnylanguageserver.test/bin/debug/net6.0/dafnylanguageserver.test.dll" id="dcc49ad6-b672-41fe-9bb3-d6bb3b15682a">
      <Execution id="a221e31f-3ac7-4740-a680-62d77158dd7f" />
      <TestMethod codeBase="/Users/rwillems/Documents/SourceCode/dafny/Source/DafnyLanguageServer.Test/bin/Debug/net6.0/DafnyLanguageServer.Test.dll" adapterTypeName="executor://mstestadapter/v2" className="Microsoft.Dafny.LanguageServer.IntegrationTest.Completion.DotCompletionTest" name="CompleteOnMemberAccessChainRespectsCompleteChain" />
    </UnitTest>
    <UnitTest name="MultisetShouldNotCrashParser" storage="/users/rwillems/documents/sourcecode/dafny/source/dafnylanguageserver.test/bin/debug/net6.0/dafnylanguageserver.test.dll" id="6bc2d8af-9fff-42d9-9fdc-c499147013c6">
      <Execution id="6bc59401-3e63-48bb-9779-7ae55aa92580" />
      <TestMethod codeBase="/Users/rwillems/Documents/SourceCode/dafny/Source/DafnyLanguageServer.Test/bin/Debug/net6.0/DafnyLanguageServer.Test.dll" adapterTypeName="executor://mstestadapter/v2" className="Microsoft.Dafny.LanguageServer.IntegrationTest.Various.CompilationStatusNotificationTest" name="MultisetShouldNotCrashParser" />
    </UnitTest>
    <UnitTest name="SingleMethodGoesThroughAllPhasesExceptQueued" storage="/users/rwillems/documents/sourcecode/dafny/source/dafnylanguageserver.test/bin/debug/net6.0/dafnylanguageserver.test.dll" id="e85f77f7-8bdd-453a-9397-2cee93fcf93e">
      <Execution id="5b4bc3f5-be3c-4d39-a69e-e45a07491038" />
      <TestMethod codeBase="/Users/rwillems/Documents/SourceCode/dafny/Source/DafnyLanguageServer.Test/bin/Debug/net6.0/DafnyLanguageServer.Test.dll" adapterTypeName="executor://mstestadapter/v2" className="Microsoft.Dafny.LanguageServer.IntegrationTest.Synchronization.VerificationStatusTest" name="SingleMethodGoesThroughAllPhasesExceptQueued" />
    </UnitTest>
    <UnitTest name="VerificationErrorDetectedAfterCanceledSave" storage="/users/rwillems/documents/sourcecode/dafny/source/dafnylanguageserver.test/bin/debug/net6.0/dafnylanguageserver.test.dll" id="69722e5f-28da-4fd7-8b00-510f4fe1ce20">
      <Execution id="7d3b690f-07b5-4583-97bf-f61a4afa79ed" />
      <TestMethod codeBase="/Users/rwillems/Documents/SourceCode/dafny/Source/DafnyLanguageServer.Test/bin/Debug/net6.0/DafnyLanguageServer.Test.dll" adapterTypeName="executor://mstestadapter/v2" className="Microsoft.Dafny.LanguageServer.IntegrationTest.Various.ConcurrentInteractionsTest" name="VerificationErrorDetectedAfterCanceledSave" />
    </UnitTest>
    <UnitTest name="MigrationMovesCharacterOfSymbolsAfterWhenChangingInTheMiddleOfLine" storage="/users/rwillems/documents/sourcecode/dafny/source/dafnylanguageserver.test/bin/debug/net6.0/dafnylanguageserver.test.dll" id="2ebcdfc0-a05c-4028-aa73-00ad410721ad">
      <Execution id="d8797cca-bf5a-4164-9b07-396ff7db94e8" />
      <TestMethod codeBase="/Users/rwillems/Documents/SourceCode/dafny/Source/DafnyLanguageServer.Test/bin/Debug/net6.0/DafnyLanguageServer.Test.dll" adapterTypeName="executor://mstestadapter/v2" className="Microsoft.Dafny.LanguageServer.IntegrationTest.Synchronization.LookupMigrationTest" name="MigrationMovesCharacterOfSymbolsAfterWhenChangingInTheMiddleOfLine" />
    </UnitTest>
    <UnitTest name="OpeningDocumentWithMultipleSemanticErrorsReportsDiagnosticsWithAllSemanticErrors" storage="/users/rwillems/documents/sourcecode/dafny/source/dafnylanguageserver.test/bin/debug/net6.0/dafnylanguageserver.test.dll" id="ac23b261-bcb9-4b15-a61b-8a980b4c0542">
      <Execution id="0a7b812d-754a-4cd0-bd74-698da60c288b" />
      <TestMethod codeBase="/Users/rwillems/Documents/SourceCode/dafny/Source/DafnyLanguageServer.Test/bin/Debug/net6.0/DafnyLanguageServer.Test.dll" adapterTypeName="executor://mstestadapter/v2" className="Microsoft.Dafny.LanguageServer.IntegrationTest.Synchronization.DiagnosticsTest" name="OpeningDocumentWithMultipleSemanticErrorsReportsDiagnosticsWithAllSemanticErrors" />
    </UnitTest>
    <UnitTest name="ResolutionDiagnosticsContainPreviousVerificationResultsWhenCodeIsInsertedBefore" storage="/users/rwillems/documents/sourcecode/dafny/source/dafnylanguageserver.test/bin/debug/net6.0/dafnylanguageserver.test.dll" id="9ac050a2-9941-47c9-a159-1d13b32a39dd">
      <Execution id="98d07cec-8e8c-4101-a779-3be58aeb2af5" />
      <TestMethod codeBase="/Users/rwillems/Documents/SourceCode/dafny/Source/DafnyLanguageServer.Test/bin/Debug/net6.0/DafnyLanguageServer.Test.dll" adapterTypeName="executor://mstestadapter/v2" className="Microsoft.Dafny.LanguageServer.IntegrationTest.Various.DiagnosticMigrationTest" name="ResolutionDiagnosticsContainPreviousVerificationResultsWhenCodeIsInsertedBefore" />
    </UnitTest>
    <UnitTest name="WhenUsingOnSaveMethodStaysStaleUntilSave" storage="/users/rwillems/documents/sourcecode/dafny/source/dafnylanguageserver.test/bin/debug/net6.0/dafnylanguageserver.test.dll" id="c3580956-2c7b-45c1-b893-0feaed9181dc">
      <Execution id="a311b0f4-36f3-476b-bf77-94335a0b230c" />
      <TestMethod codeBase="/Users/rwillems/Documents/SourceCode/dafny/Source/DafnyLanguageServer.Test/bin/Debug/net6.0/DafnyLanguageServer.Test.dll" adapterTypeName="executor://mstestadapter/v2" className="Microsoft.Dafny.LanguageServer.IntegrationTest.Synchronization.VerificationStatusTest" name="WhenUsingOnSaveMethodStaysStaleUntilSave" />
    </UnitTest>
    <UnitTest name="DefinitionOfVariableShadowingFieldReturnsTheVariable" storage="/users/rwillems/documents/sourcecode/dafny/source/dafnylanguageserver.test/bin/debug/net6.0/dafnylanguageserver.test.dll" id="ad808240-207a-4048-b67a-71de60aec372">
      <Execution id="83a48a87-4806-47bb-9d83-bc8b5f3d174e" />
      <TestMethod codeBase="/Users/rwillems/Documents/SourceCode/dafny/Source/DafnyLanguageServer.Test/bin/Debug/net6.0/DafnyLanguageServer.Test.dll" adapterTypeName="executor://mstestadapter/v2" className="Microsoft.Dafny.LanguageServer.IntegrationTest.Lookup.DefinitionTest" name="DefinitionOfVariableShadowingFieldReturnsTheVariable" />
    </UnitTest>
    <UnitTest name="LanguageServerStaysAliveIfParentDiesButNoParentIdWasProvided" storage="/users/rwillems/documents/sourcecode/dafny/source/dafnylanguageserver.test/bin/debug/net6.0/dafnylanguageserver.test.dll" id="634ff5db-6898-4dca-8bf3-eb5bebd7a565">
      <Execution id="0d116301-a8b4-4d4f-8987-00ce0ae145a6" />
      <TestMethod codeBase="/Users/rwillems/Documents/SourceCode/dafny/Source/DafnyLanguageServer.Test/bin/Debug/net6.0/DafnyLanguageServer.Test.dll" adapterTypeName="executor://mstestadapter/v2" className="Microsoft.Dafny.LanguageServer.IntegrationTest.Various.ShutdownTest" name="LanguageServerStaysAliveIfParentDiesButNoParentIdWasProvided" />
    </UnitTest>
    <UnitTest name="ChangingCorrectDocumentToOneWithSyntaxErrorsReportsTheSyntaxErrors" storage="/users/rwillems/documents/sourcecode/dafny/source/dafnylanguageserver.test/bin/debug/net6.0/dafnylanguageserver.test.dll" id="73136dae-9f83-4862-8e3b-3df00cb34511">
      <Execution id="cbaaf5a2-ed0e-47bd-a116-bcdad04875bd" />
      <TestMethod codeBase="/Users/rwillems/Documents/SourceCode/dafny/Source/DafnyLanguageServer.Test/bin/Debug/net6.0/DafnyLanguageServer.Test.dll" adapterTypeName="executor://mstestadapter/v2" className="Microsoft.Dafny.LanguageServer.IntegrationTest.Synchronization.DiagnosticsTest" name="ChangingCorrectDocumentToOneWithSyntaxErrorsReportsTheSyntaxErrors" />
    </UnitTest>
    <UnitTest name="ReplaceSingleLineTextAtEnd" storage="/users/rwillems/documents/sourcecode/dafny/source/dafnylanguageserver.test/bin/debug/net6.0/dafnylanguageserver.test.dll" id="12f30120-018e-47e9-9c57-9fae68898585">
      <Execution id="a60631f1-c475-48f7-a027-4e068bdc7218" />
      <TestMethod codeBase="/Users/rwillems/Documents/SourceCode/dafny/Source/DafnyLanguageServer.Test/bin/Debug/net6.0/DafnyLanguageServer.Test.dll" adapterTypeName="executor://mstestadapter/v2" className="Microsoft.Dafny.LanguageServer.IntegrationTest.Synchronization.TextReplacementTest" name="ReplaceSingleLineTextAtEnd" />
    </UnitTest>
    <UnitTest name="DefinitionOfVariableShadowingAnotherVariableReturnsTheShadowingVariable" storage="/users/rwillems/documents/sourcecode/dafny/source/dafnylanguageserver.test/bin/debug/net6.0/dafnylanguageserver.test.dll" id="b6180745-be59-4738-8f29-fd99b3687ddf">
      <Execution id="49d73ba3-55c8-4aca-adde-480f6c46f638" />
      <TestMethod codeBase="/Users/rwillems/Documents/SourceCode/dafny/Source/DafnyLanguageServer.Test/bin/Debug/net6.0/DafnyLanguageServer.Test.dll" adapterTypeName="executor://mstestadapter/v2" className="Microsoft.Dafny.LanguageServer.IntegrationTest.Lookup.DefinitionTest" name="DefinitionOfVariableShadowingAnotherVariableReturnsTheShadowingVariable" />
    </UnitTest>
    <UnitTest name="VariableNameShadowing" storage="/users/rwillems/documents/sourcecode/dafny/source/dafnylanguageserver.test/bin/debug/net6.0/dafnylanguageserver.test.dll" id="1e70889d-882e-48de-84ef-294797b31a71">
      <Execution id="eb945054-7e8e-4136-98da-199a935d0cdc" />
      <TestMethod codeBase="/Users/rwillems/Documents/SourceCode/dafny/Source/DafnyLanguageServer.Test/bin/Debug/net6.0/DafnyLanguageServer.Test.dll" adapterTypeName="executor://mstestadapter/v2" className="Microsoft.Dafny.LanguageServer.IntegrationTest.Various.CounterExampleTest" name="VariableNameShadowing" />
    </UnitTest>
    <UnitTest name="DafnyModelTypeNestedArguments" storage="/users/rwillems/documents/sourcecode/dafny/source/dafnylanguageserver.test/bin/debug/net6.0/dafnylanguageserver.test.dll" id="d5f47314-092a-4dc7-958c-1cfa28795f14">
      <Execution id="167aece7-0557-498a-ab96-43196589cd64" />
      <TestMethod codeBase="/Users/rwillems/Documents/SourceCode/dafny/Source/DafnyLanguageServer.Test/bin/Debug/net6.0/DafnyLanguageServer.Test.dll" adapterTypeName="executor://mstestadapter/v2" className="Microsoft.Dafny.LanguageServer.IntegrationTest.Various.CounterExampleTest" name="DafnyModelTypeNestedArguments" />
    </UnitTest>
    <UnitTest name="ArbitraryCharacter" storage="/users/rwillems/documents/sourcecode/dafny/source/dafnylanguageserver.test/bin/debug/net6.0/dafnylanguageserver.test.dll" id="4b359a90-b60a-41ac-a07c-63531ea56876">
      <Execution id="4c10d290-07f0-47c2-80a0-b3c6d077f193" />
      <TestMethod codeBase="/Users/rwillems/Documents/SourceCode/dafny/Source/DafnyLanguageServer.Test/bin/Debug/net6.0/DafnyLanguageServer.Test.dll" adapterTypeName="executor://mstestadapter/v2" className="Microsoft.Dafny.LanguageServer.IntegrationTest.Various.CounterExampleTest" name="ArbitraryCharacter" />
    </UnitTest>
  </TestDefinitions>
  <TestEntries>
    <TestEntry testId="ae0b7d14-c3e8-42a5-9b13-3eb448459011" executionId="4dc746b6-6ed6-41b4-b586-058fe61b7533" testListId="8c84fa94-04c1-424b-9868-57a2d4851a1d" />
    <TestEntry testId="05dc8e77-7f60-4f00-b758-38767c2e98c7" executionId="27b4785c-7adb-4954-bf5f-cb2fad0a874f" testListId="8c84fa94-04c1-424b-9868-57a2d4851a1d" />
    <TestEntry testId="094cba96-3a03-485a-9c91-c0b12d7c9d78" executionId="3a699ce4-f97b-4311-84d3-e2d049fcf63c" testListId="8c84fa94-04c1-424b-9868-57a2d4851a1d" />
    <TestEntry testId="95d94177-3906-43bc-a10e-3588de2c58eb" executionId="d92a27f8-0220-43bb-87c9-c5d4931d952d" testListId="8c84fa94-04c1-424b-9868-57a2d4851a1d" />
    <TestEntry testId="2ac085f1-53d8-4678-bda0-39b0ffa73436" executionId="e81d247f-94fa-47bd-aa18-4de16601aec0" testListId="8c84fa94-04c1-424b-9868-57a2d4851a1d" />
    <TestEntry testId="fa47da5e-a6fc-4f5a-af04-1a3e640a20a6" executionId="0c24a92b-cd27-4b7b-bac5-ec1d24f53199" testListId="8c84fa94-04c1-424b-9868-57a2d4851a1d" />
    <TestEntry testId="7e4c4a1d-4fdb-4cf4-b79c-1bdf007ccb24" executionId="87a8f07e-81c8-410b-9e19-d6f4278b35ea" testListId="8c84fa94-04c1-424b-9868-57a2d4851a1d" />
    <TestEntry testId="6dd1f86b-c366-4220-adbf-1e38413ebd82" executionId="51486d50-cfde-4d35-bacc-a59ef0ccf924" testListId="8c84fa94-04c1-424b-9868-57a2d4851a1d" />
    <TestEntry testId="00242ee0-4977-4a92-8db0-6384c7dcd0e2" executionId="65fedcfe-47af-49d4-b7dc-77d5d9d05922" testListId="8c84fa94-04c1-424b-9868-57a2d4851a1d" />
    <TestEntry testId="77ff59ff-b21b-4932-8176-5620b3c9d38c" executionId="65b92c5c-999c-43bd-a446-a3efc127980f" testListId="8c84fa94-04c1-424b-9868-57a2d4851a1d" />
    <TestEntry testId="0eacd176-d507-4807-8bad-f4b42fca171f" executionId="f591f8f7-1fa8-4e68-8506-5e5f50ab1595" testListId="8c84fa94-04c1-424b-9868-57a2d4851a1d" />
    <TestEntry testId="b4c04410-5ca4-45ab-aaf9-fc89f14bc3ac" executionId="366d333e-f795-499a-a382-40a697356751" testListId="8c84fa94-04c1-424b-9868-57a2d4851a1d" />
    <TestEntry testId="aefbd6ee-0668-4d6e-9e54-91fbb315cd5f" executionId="66ad4974-8f00-4ac5-90ae-b2e384427e7d" testListId="8c84fa94-04c1-424b-9868-57a2d4851a1d" />
    <TestEntry testId="201242b2-986f-4404-8dc9-513fb7e2effb" executionId="cfc1f2d2-5c0d-4952-816c-f253369f4a04" testListId="8c84fa94-04c1-424b-9868-57a2d4851a1d" />
    <TestEntry testId="ba95bdc7-d993-4c09-9da1-ba8267ef1d49" executionId="22647070-6fad-4359-97b3-5d443b69a0c7" testListId="8c84fa94-04c1-424b-9868-57a2d4851a1d" />
    <TestEntry testId="1015d19a-b7f3-4713-8638-ee919ec9dd37" executionId="04981c91-e164-4b59-bac6-0bbf106e2af8" testListId="8c84fa94-04c1-424b-9868-57a2d4851a1d" />
    <TestEntry testId="29dbb6ec-0ffd-4a8b-afe4-222bcfb457e0" executionId="b1c09435-2a1a-4802-aa8d-02dddd36cd8e" testListId="8c84fa94-04c1-424b-9868-57a2d4851a1d" />
    <TestEntry testId="9866adcc-7cdc-4633-bff8-c39908fd4460" executionId="4485d680-16df-4579-8885-d94861fe2fdf" testListId="8c84fa94-04c1-424b-9868-57a2d4851a1d" />
    <TestEntry testId="34390945-c408-4822-9ce2-61169665d0c1" executionId="dc25aa37-e9a2-49d5-9a6a-7bfe9a8be8be" testListId="8c84fa94-04c1-424b-9868-57a2d4851a1d" />
    <TestEntry testId="7fd0832b-338c-4e93-989c-63e8318004bd" executionId="dba916c8-1d76-4c42-9917-30ac5e5751d2" testListId="8c84fa94-04c1-424b-9868-57a2d4851a1d" />
    <TestEntry testId="642d36ae-424e-448a-980a-98a7bd2a4b81" executionId="5e67d878-f870-44d5-9ef9-b2e1fed06469" testListId="8c84fa94-04c1-424b-9868-57a2d4851a1d" />
    <TestEntry testId="afb14e17-8352-4fac-a734-5000a8e0b8df" executionId="0d8b8cd2-f745-4e6c-bfbf-ab5559fb67a1" testListId="8c84fa94-04c1-424b-9868-57a2d4851a1d" />
    <TestEntry testId="05137e98-9760-4a21-a47f-43d8e1c9bdf6" executionId="26dda1b2-ec1f-4dd5-a111-f0b317d728e2" testListId="8c84fa94-04c1-424b-9868-57a2d4851a1d" />
    <TestEntry testId="d17e2c9a-8741-49f1-ad99-84d2854a5d1d" executionId="3f7c6469-c18b-4252-b740-4b98d0a75ae1" testListId="8c84fa94-04c1-424b-9868-57a2d4851a1d" />
    <TestEntry testId="8d240f98-b2ff-4c02-8674-a99cf5617c58" executionId="09d4926e-6b61-42b8-8cbe-3874f3be528a" testListId="8c84fa94-04c1-424b-9868-57a2d4851a1d" />
    <TestEntry testId="95717aae-5656-42c9-9bbe-c88479e0140f" executionId="8298bac6-4cdc-4bb9-8436-b24b6df666e1" testListId="8c84fa94-04c1-424b-9868-57a2d4851a1d" />
    <TestEntry testId="d178b536-3419-46ee-b86f-e8adb0cd07b9" executionId="c4f8d928-a227-4c94-911e-f1f430d120d1" testListId="8c84fa94-04c1-424b-9868-57a2d4851a1d" />
    <TestEntry testId="1c36cd92-0ed3-4d47-9f6c-591034b29a89" executionId="42bfe421-3264-4297-b982-cb053757cdfc" testListId="8c84fa94-04c1-424b-9868-57a2d4851a1d" />
    <TestEntry testId="bf2f948b-bd25-4fc2-9bd6-73d35d45474a" executionId="3b981fbd-7325-45c5-a437-4af62650fcae" testListId="8c84fa94-04c1-424b-9868-57a2d4851a1d" />
    <TestEntry testId="08f2961b-e824-4634-a48d-f610c8a8fe80" executionId="5fd496ca-5743-452c-9e58-bfcba15c193c" testListId="8c84fa94-04c1-424b-9868-57a2d4851a1d" />
    <TestEntry testId="9a870fdd-bc00-4a6f-81a0-a574fbee1279" executionId="1eea4b02-2423-4fca-ab58-e388fd17b036" testListId="8c84fa94-04c1-424b-9868-57a2d4851a1d" />
    <TestEntry testId="476105a6-6e2e-424e-bff6-2a11b05e06fa" executionId="4be693e8-7fa9-4813-b1e6-200fc5be7e79" testListId="8c84fa94-04c1-424b-9868-57a2d4851a1d" />
    <TestEntry testId="c8a26161-6326-4974-9b84-58ceb47a9e3c" executionId="a995ecf6-1b02-4597-b7c6-01ffde4cba95" testListId="8c84fa94-04c1-424b-9868-57a2d4851a1d" />
    <TestEntry testId="fbfede10-95c6-4c04-af09-9b3373ac1de2" executionId="b4263083-9828-48cf-b30b-36a28335284a" testListId="8c84fa94-04c1-424b-9868-57a2d4851a1d" />
    <TestEntry testId="e85f77f7-8bdd-453a-9397-2cee93fcf93e" executionId="5b4bc3f5-be3c-4d39-a69e-e45a07491038" testListId="8c84fa94-04c1-424b-9868-57a2d4851a1d" />
    <TestEntry testId="0660c93a-4e69-40bf-bb89-49adfd15687f" executionId="9f727300-55d2-4ca5-a2cd-6951240cdfbd" testListId="8c84fa94-04c1-424b-9868-57a2d4851a1d" />
    <TestEntry testId="d4487201-cb94-4e22-ab6b-d0f69fa3f926" executionId="6828bf5f-ea81-459d-967a-dcea09d09266" testListId="8c84fa94-04c1-424b-9868-57a2d4851a1d" />
    <TestEntry testId="756ca813-8882-4567-973b-0ced06a83658" executionId="9481a9c7-9f16-41da-90ed-b022de12d0cb" testListId="8c84fa94-04c1-424b-9868-57a2d4851a1d" />
    <TestEntry testId="2ebcdfc0-a05c-4028-aa73-00ad410721ad" executionId="d8797cca-bf5a-4164-9b07-396ff7db94e8" testListId="8c84fa94-04c1-424b-9868-57a2d4851a1d" />
    <TestEntry testId="8bb3ed76-770c-418e-a1a5-1a36bd2ed652" executionId="b34b71ea-19a5-48d8-b5bf-a1685ff4b81e" testListId="8c84fa94-04c1-424b-9868-57a2d4851a1d" />
    <TestEntry testId="3bf7966a-57a1-4970-8e3c-7588f8a6cd4f" executionId="d0291b02-cb02-4a6f-8bda-a1e330aabda9" testListId="8c84fa94-04c1-424b-9868-57a2d4851a1d" />
    <TestEntry testId="af581e5f-3b80-494a-8a28-5598455ba764" executionId="4ac6e086-6075-4301-8a3e-5196340ccfd3" testListId="8c84fa94-04c1-424b-9868-57a2d4851a1d" />
    <TestEntry testId="2b894ed7-3089-46d7-8a5f-6830cde11529" executionId="2cab01cf-88e7-4b9d-a3f5-cf1efc7e57cf" testListId="8c84fa94-04c1-424b-9868-57a2d4851a1d" />
    <TestEntry testId="c7a5004a-5765-49dc-8b97-4bf16477c3c0" executionId="32df0688-d869-498a-abd4-e0feef6e5fe6" testListId="8c84fa94-04c1-424b-9868-57a2d4851a1d" />
    <TestEntry testId="19a7a3b9-4bd7-484c-88da-85d71c6c7234" executionId="98f881d3-4163-42ad-a7ae-8b6fc3407c51" testListId="8c84fa94-04c1-424b-9868-57a2d4851a1d" />
    <TestEntry testId="891470ce-3077-4d2a-bf74-569536a8f06c" executionId="1bb221d9-b423-4ea2-aa6e-614a0c4f86a2" testListId="8c84fa94-04c1-424b-9868-57a2d4851a1d" />
    <TestEntry testId="8b90bde8-b4f9-4373-be8b-bc690d231832" executionId="f36cc9ac-c5ae-4f81-b9ec-487a92241888" testListId="8c84fa94-04c1-424b-9868-57a2d4851a1d" />
    <TestEntry testId="b6180745-be59-4738-8f29-fd99b3687ddf" executionId="49d73ba3-55c8-4aca-adde-480f6c46f638" testListId="8c84fa94-04c1-424b-9868-57a2d4851a1d" />
    <TestEntry testId="ac23b261-bcb9-4b15-a61b-8a980b4c0542" executionId="0a7b812d-754a-4cd0-bd74-698da60c288b" testListId="8c84fa94-04c1-424b-9868-57a2d4851a1d" />
    <TestEntry testId="881d3490-c770-4c19-974d-e920010174b0" executionId="13018d53-b924-44f7-8359-4ee5f00e203e" testListId="8c84fa94-04c1-424b-9868-57a2d4851a1d" />
    <TestEntry testId="73136dae-9f83-4862-8e3b-3df00cb34511" executionId="cbaaf5a2-ed0e-47bd-a116-bcdad04875bd" testListId="8c84fa94-04c1-424b-9868-57a2d4851a1d" />
    <TestEntry testId="cd5c88b8-3a8e-4ea9-90d4-40b6a1f74a04" executionId="1c0f1601-3c40-4265-bb7c-0ef611ffcf0f" testListId="8c84fa94-04c1-424b-9868-57a2d4851a1d" />
    <TestEntry testId="700c1f91-4a76-409b-bda8-8a10246c8dd5" executionId="7eab5c31-424b-42ae-9cfa-41fb466b4a56" testListId="8c84fa94-04c1-424b-9868-57a2d4851a1d" />
    <TestEntry testId="9a3057ab-cafe-4d42-9317-7c5fe795871f" executionId="f572a01c-7614-4962-9f8e-2e5ad80d9ae2" testListId="8c84fa94-04c1-424b-9868-57a2d4851a1d" />
    <TestEntry testId="ad808240-207a-4048-b67a-71de60aec372" executionId="83a48a87-4806-47bb-9d83-bc8b5f3d174e" testListId="8c84fa94-04c1-424b-9868-57a2d4851a1d" />
    <TestEntry testId="6b55596f-3d12-4188-8ae4-32e4a32cd684" executionId="76fb3bf0-3951-4894-93da-49551932ab30" testListId="8c84fa94-04c1-424b-9868-57a2d4851a1d" />
    <TestEntry testId="cb41845a-730d-4db8-996d-4468d8971ff8" executionId="4afcf4ee-81ac-4100-bc6c-9e5645e7fba6" testListId="8c84fa94-04c1-424b-9868-57a2d4851a1d" />
    <TestEntry testId="33ef58af-bb0d-4622-bbb1-82fc1affcd1e" executionId="7dc2482e-f4fb-4270-9173-c4dd144c0e15" testListId="8c84fa94-04c1-424b-9868-57a2d4851a1d" />
    <TestEntry testId="7c916be7-3fa6-4735-aaf7-6276e13c9c7e" executionId="183a33a5-f25b-4376-b8fc-970dd7364e15" testListId="8c84fa94-04c1-424b-9868-57a2d4851a1d" />
    <TestEntry testId="1a66aec2-f902-4202-9750-9727a4291172" executionId="5f7af714-a7bf-4d06-b4e4-b3854cbf473f" testListId="8c84fa94-04c1-424b-9868-57a2d4851a1d" />
    <TestEntry testId="a7aefeb4-acba-4ca6-9207-de4a45a36a3d" executionId="e3e6049f-8e20-4dd5-b6c3-d82eef571dbf" testListId="8c84fa94-04c1-424b-9868-57a2d4851a1d" />
    <TestEntry testId="0e334817-13fa-4101-8b37-77d8fc53b655" executionId="df0e85f7-5b8b-4792-82aa-30c35f84e911" testListId="8c84fa94-04c1-424b-9868-57a2d4851a1d" />
    <TestEntry testId="b15370cf-8934-49df-8973-4d8794ae1256" executionId="91a87613-1904-412e-9d29-216990028d27" testListId="8c84fa94-04c1-424b-9868-57a2d4851a1d" />
    <TestEntry testId="abf829be-c0ef-4efb-bde7-d08d2f3ced63" executionId="8a256b2a-97c1-4de2-a325-ae0c69fc7d9c" testListId="8c84fa94-04c1-424b-9868-57a2d4851a1d" />
    <TestEntry testId="beda6a33-1be3-4b7e-9cbb-7b38a77bf16e" executionId="b7a63b8e-0fbf-4567-b660-a907ee156489" testListId="8c84fa94-04c1-424b-9868-57a2d4851a1d" />
    <TestEntry testId="57ba390d-0ab0-4b98-87a2-ea12c6986466" executionId="09945c5d-face-4e07-8374-c5826cb3a449" testListId="8c84fa94-04c1-424b-9868-57a2d4851a1d" />
    <TestEntry testId="b24fb564-c73c-4dd4-88ef-89c9c0c8a1d9" executionId="7895767f-ec91-4bde-a88d-98bf4c11a07a" testListId="8c84fa94-04c1-424b-9868-57a2d4851a1d" />
    <TestEntry testId="8653418a-8d81-486a-84b2-fe64d8191fca" executionId="70049546-db61-4dfa-b8dc-a5d2770a40bf" testListId="8c84fa94-04c1-424b-9868-57a2d4851a1d" />
    <TestEntry testId="b93d8344-19c8-4cfb-b590-825b74c7e853" executionId="58e51dfd-836d-4f19-972f-9728df7499a1" testListId="8c84fa94-04c1-424b-9868-57a2d4851a1d" />
    <TestEntry testId="0ade8ed7-dcf4-4fb0-9d08-47d45fde1f7e" executionId="1e5313f4-03b5-4d6d-ba0f-b3c55352aca5" testListId="8c84fa94-04c1-424b-9868-57a2d4851a1d" />
    <TestEntry testId="04fb636c-cdfd-489c-a1e2-d659af3a3007" executionId="adc77563-f255-4e9e-a8e9-176c90689a29" testListId="8c84fa94-04c1-424b-9868-57a2d4851a1d" />
    <TestEntry testId="fa32a7fc-7ebe-428c-927b-f2c72a2fe9fa" executionId="d447775c-56fd-4ae5-8766-77ac0d11f865" testListId="8c84fa94-04c1-424b-9868-57a2d4851a1d" />
    <TestEntry testId="2db22644-1df1-405e-a517-ab5ffb6d1a70" executionId="81577629-2385-463a-9a24-1827bcfb75ff" testListId="8c84fa94-04c1-424b-9868-57a2d4851a1d" />
    <TestEntry testId="0d857e47-642f-4974-8da3-d67f3037ece7" executionId="ceec078e-32c3-4407-a2c3-7274bcd78ea6" testListId="8c84fa94-04c1-424b-9868-57a2d4851a1d" />
    <TestEntry testId="236f9d6d-b5ce-4bdf-a8ee-a60e22611be0" executionId="4bccb3a7-2f2a-40e3-b038-e14a4d430a42" testListId="8c84fa94-04c1-424b-9868-57a2d4851a1d" />
    <TestEntry testId="a0f580b4-33cd-4dfe-84de-7bca9d50015b" executionId="f78a60fc-7b47-4abf-b1dc-4979a1863617" testListId="8c84fa94-04c1-424b-9868-57a2d4851a1d" />
    <TestEntry testId="d5f47314-092a-4dc7-958c-1cfa28795f14" executionId="167aece7-0557-498a-ab96-43196589cd64" testListId="8c84fa94-04c1-424b-9868-57a2d4851a1d" />
    <TestEntry testId="c0725455-c068-4fb1-86b9-9923d359634f" executionId="e1ae49df-4fc9-48a3-8271-2c0fc7855484" testListId="8c84fa94-04c1-424b-9868-57a2d4851a1d" />
    <TestEntry testId="d9c2eb15-4fed-4b1b-9bee-4b8c21e66688" executionId="7de11718-19e2-416a-9f11-458a05e612e9" testListId="8c84fa94-04c1-424b-9868-57a2d4851a1d" />
    <TestEntry testId="f8619a66-d662-4d80-b160-762a5bd1b680" executionId="42ea83e4-08a9-4d71-b478-06557ba5bf7d" testListId="8c84fa94-04c1-424b-9868-57a2d4851a1d" />
    <TestEntry testId="e9283bd7-327e-4580-8c45-fc524aa514f8" executionId="6f8afac7-39d4-46ff-8609-3de3c4c1bb6c" testListId="8c84fa94-04c1-424b-9868-57a2d4851a1d" />
    <TestEntry testId="95c8d4be-66f3-41a6-a4fd-d2b519495895" executionId="6e4b146d-8880-4060-aead-be9cccf6a08d" testListId="8c84fa94-04c1-424b-9868-57a2d4851a1d" />
    <TestEntry testId="d7805710-e50f-422b-98bf-6b90674c6366" executionId="f56e0cd7-5b74-45e6-9abf-bb00cc0bd315" testListId="8c84fa94-04c1-424b-9868-57a2d4851a1d" />
    <TestEntry testId="90c395d7-1acb-48e8-8ae9-a129b7743f07" executionId="b3b1736c-d17b-45f7-a8a3-bd9cbbe173f9" testListId="8c84fa94-04c1-424b-9868-57a2d4851a1d" />
    <TestEntry testId="a18eeccf-6442-4317-9dc1-b02a7d2f9d0d" executionId="98e80201-9615-45ec-b2e5-9aa21823d32b" testListId="8c84fa94-04c1-424b-9868-57a2d4851a1d" />
    <TestEntry testId="adf0afb6-fd2f-4c27-971e-5ddd5ff59b62" executionId="5256c33c-0ac0-4879-b7c9-4f13f840d142" testListId="8c84fa94-04c1-424b-9868-57a2d4851a1d" />
    <TestEntry testId="e3cf4bf5-de9f-4a95-8b6c-7367ddeea0b7" executionId="524c1bad-1c38-41ee-9db6-b92196c49b64" testListId="8c84fa94-04c1-424b-9868-57a2d4851a1d" />
    <TestEntry testId="a7e7432a-117d-432a-8778-16d60b8b0035" executionId="447c5b4e-3586-49e9-9039-858a4cb6de19" testListId="8c84fa94-04c1-424b-9868-57a2d4851a1d" />
    <TestEntry testId="6d87f8e4-5f00-463b-a225-793d55208452" executionId="4805b3b7-ab7e-49d6-8b1d-743468c76da2" testListId="8c84fa94-04c1-424b-9868-57a2d4851a1d" />
    <TestEntry testId="12f30120-018e-47e9-9c57-9fae68898585" executionId="a60631f1-c475-48f7-a027-4e068bdc7218" testListId="8c84fa94-04c1-424b-9868-57a2d4851a1d" />
    <TestEntry testId="cf631673-d867-485e-a25b-208221b00670" executionId="86bd38a4-eee1-47e2-ac38-e6bae86f6e75" testListId="8c84fa94-04c1-424b-9868-57a2d4851a1d" />
    <TestEntry testId="bee73b6e-9799-40a3-9ee9-688ed13ef73e" executionId="3ad326a5-42c6-4a62-a43f-066026825126" testListId="8c84fa94-04c1-424b-9868-57a2d4851a1d" />
    <TestEntry testId="e4902c02-df5e-4533-b71b-a844cc0718c6" executionId="457a48c1-347c-4672-bbea-5fd4bd70c364" testListId="8c84fa94-04c1-424b-9868-57a2d4851a1d" />
    <TestEntry testId="424d344e-ab62-4182-b31a-fe6e83721af6" executionId="71573755-515f-4b46-84b9-ae01c3d12190" testListId="8c84fa94-04c1-424b-9868-57a2d4851a1d" />
    <TestEntry testId="8cc06681-4c7e-42f1-820d-e40ac5f57bf5" executionId="484eec00-4f7c-452a-a3d1-eab3caac6242" testListId="8c84fa94-04c1-424b-9868-57a2d4851a1d" />
    <TestEntry testId="634ff5db-6898-4dca-8bf3-eb5bebd7a565" executionId="0d116301-a8b4-4d4f-8987-00ce0ae145a6" testListId="8c84fa94-04c1-424b-9868-57a2d4851a1d" />
    <TestEntry testId="349de095-86be-472a-86ae-471b31cffb2a" executionId="3cbcae9f-8288-4832-9f65-a7d5e252711c" testListId="8c84fa94-04c1-424b-9868-57a2d4851a1d" />
    <TestEntry testId="7db97218-a601-4a70-bce8-1f8753966854" executionId="dee8f8f4-3f10-417c-923e-7ea12759177f" testListId="8c84fa94-04c1-424b-9868-57a2d4851a1d" />
    <TestEntry testId="914e9bb2-a6e0-4a46-93a1-ab9abc9d33b4" executionId="39234d3d-2fef-4177-9e0e-cc4bbfc5c382" testListId="8c84fa94-04c1-424b-9868-57a2d4851a1d" />
    <TestEntry testId="67e5a21f-b503-4153-bf78-9d216709e1b4" executionId="1e2ce6d0-d194-47fc-8e6a-1c827a4c6f41" testListId="8c84fa94-04c1-424b-9868-57a2d4851a1d" />
    <TestEntry testId="24b54f5c-8d17-4eee-b1dd-9fa3e1fe86bb" executionId="736ac17c-cafc-4d54-92c9-6de7cbbbc2bb" testListId="8c84fa94-04c1-424b-9868-57a2d4851a1d" />
    <TestEntry testId="c3667247-37fb-48a8-9701-aaea310710b4" executionId="a35949da-2a63-4557-8ad8-613d2d2c382b" testListId="8c84fa94-04c1-424b-9868-57a2d4851a1d" />
    <TestEntry testId="9c066024-ba3d-4dcd-bf8f-934182a5ffd0" executionId="ac6a63ad-65f1-4db2-9325-fcf54053f831" testListId="8c84fa94-04c1-424b-9868-57a2d4851a1d" />
    <TestEntry testId="b4ab4e48-3ef8-40ab-9570-e4e994c3b56f" executionId="f9bc5954-fe8d-4a16-80c5-3282cd8cc84f" testListId="8c84fa94-04c1-424b-9868-57a2d4851a1d" />
    <TestEntry testId="f933ab14-2f95-4d05-82d6-d80d87782287" executionId="94b73a5c-db83-413c-b709-dcc14c52a2cb" testListId="8c84fa94-04c1-424b-9868-57a2d4851a1d" />
    <TestEntry testId="1c75159f-171a-47ca-bc39-abf28f089dda" executionId="c86b0a6f-0206-443d-81b3-c5ab11f83d27" testListId="8c84fa94-04c1-424b-9868-57a2d4851a1d" />
    <TestEntry testId="f999722f-dc07-4623-aa0f-12f416cb7c7d" executionId="20908078-95f1-4a28-90e5-7da791b8b737" testListId="8c84fa94-04c1-424b-9868-57a2d4851a1d" />
    <TestEntry testId="08966b5a-4d50-42e4-a764-ae34e9d0bf29" executionId="938b9630-69a3-4390-9731-56819195a844" testListId="8c84fa94-04c1-424b-9868-57a2d4851a1d" />
    <TestEntry testId="f4da23c5-5d18-49ce-80fa-12adf971a0fc" executionId="04a86ecd-4d8f-43cd-85ff-c90452df7a93" testListId="8c84fa94-04c1-424b-9868-57a2d4851a1d" />
    <TestEntry testId="ae948fd3-9654-4e8c-b67a-b174e8c1f6f1" executionId="b4de4135-83b6-4432-a078-962d22e27ca1" testListId="8c84fa94-04c1-424b-9868-57a2d4851a1d" />
    <TestEntry testId="2b3829c9-723e-4225-935f-4e645e08ab61" executionId="95c9a328-8bef-4fda-a70a-d4e4173d3bf8" testListId="8c84fa94-04c1-424b-9868-57a2d4851a1d" />
    <TestEntry testId="593bbdf8-cb92-446d-b336-381e13c6f98a" executionId="38854b6b-46cd-459b-a03b-e2dd11c4f51e" testListId="8c84fa94-04c1-424b-9868-57a2d4851a1d" />
    <TestEntry testId="10433cbf-cb45-4fd7-8391-640fc7306c5d" executionId="da92b7b4-9d4f-4acc-aa9b-d6f36ff45a04" testListId="8c84fa94-04c1-424b-9868-57a2d4851a1d" />
    <TestEntry testId="9c16700b-1357-4459-a874-88373217821d" executionId="c340a3b3-9088-4dc8-9bc2-f636cc952b09" testListId="8c84fa94-04c1-424b-9868-57a2d4851a1d" />
    <TestEntry testId="09be43f9-7464-426f-b53b-f9aca577a089" executionId="3e713e1e-d24b-4a66-98a8-2b963b54c19a" testListId="8c84fa94-04c1-424b-9868-57a2d4851a1d" />
    <TestEntry testId="d532dc6a-9c80-40ad-b73b-421dee5fc0c6" executionId="2c6cd130-b4cb-4294-ac74-d7a58bbf4f1b" testListId="8c84fa94-04c1-424b-9868-57a2d4851a1d" />
    <TestEntry testId="44c46938-eb01-40d7-a943-1667107baf18" executionId="f0a0c96f-8a42-4fe9-9fde-ab4cb25dc825" testListId="8c84fa94-04c1-424b-9868-57a2d4851a1d" />
    <TestEntry testId="2d3f0a80-e0e9-4fa4-92bb-bcf8c18ab420" executionId="b722e0c3-6278-45f4-a22f-7c57ceaa23a6" testListId="8c84fa94-04c1-424b-9868-57a2d4851a1d" />
    <TestEntry testId="23208ab5-8464-4088-b4b3-63744b89c575" executionId="58d0e1f4-1c89-46a8-9a3a-88b0ede683b0" testListId="8c84fa94-04c1-424b-9868-57a2d4851a1d" />
    <TestEntry testId="fba62146-8de6-444f-b6c4-5da29260a04d" executionId="7da7282f-cbfb-4094-bf68-0af1f5e929f9" testListId="8c84fa94-04c1-424b-9868-57a2d4851a1d" />
    <TestEntry testId="64987957-17b8-4352-be8c-36c1f82e157d" executionId="e67299ca-dfc3-4c03-9a66-4d256831f351" testListId="8c84fa94-04c1-424b-9868-57a2d4851a1d" />
    <TestEntry testId="b66f9b7a-49d4-4eba-b5d1-2462a872f28d" executionId="05d62d3a-8bfd-4ab7-ab64-5a9ee350ddd4" testListId="8c84fa94-04c1-424b-9868-57a2d4851a1d" />
    <TestEntry testId="86352f63-6f46-4c14-a075-ae37bf6f8847" executionId="592edddd-7f5e-4c0f-80dc-a521e1783e3d" testListId="8c84fa94-04c1-424b-9868-57a2d4851a1d" />
    <TestEntry testId="baec91a4-0ef4-4918-b430-341f0a215e55" executionId="3e5018bc-bd09-4ea7-947a-d441af4df122" testListId="8c84fa94-04c1-424b-9868-57a2d4851a1d" />
    <TestEntry testId="44ed86c3-9c03-4d0b-9624-4e35d2c4bd03" executionId="4afea9f1-3e73-440d-b398-b331553a42ae" testListId="8c84fa94-04c1-424b-9868-57a2d4851a1d" />
    <TestEntry testId="26da0022-f24a-4410-b1a4-ef5cfcfdcaf9" executionId="46fb6bdb-b80d-4075-8a22-7364741c1054" testListId="8c84fa94-04c1-424b-9868-57a2d4851a1d" />
    <TestEntry testId="533ae1fe-8917-4838-bd68-9c0465fbd862" executionId="fef3d463-c0ed-4a33-ad29-7bcdd76ddc72" testListId="8c84fa94-04c1-424b-9868-57a2d4851a1d" />
    <TestEntry testId="58710e9b-7b97-488f-aba3-56b43d05e9da" executionId="cdbc63bf-49f4-4549-92f0-0dd4c556b630" testListId="8c84fa94-04c1-424b-9868-57a2d4851a1d" />
    <TestEntry testId="f80a53b5-47f7-4243-8cc5-d272551c88f3" executionId="69de35ed-2680-4000-be0c-6b6dc242ce98" testListId="8c84fa94-04c1-424b-9868-57a2d4851a1d" />
    <TestEntry testId="334a3f1a-e565-4959-8383-0b00fdcf2643" executionId="b4c39a98-411d-455b-ac3c-6a2423d27b6f" testListId="8c84fa94-04c1-424b-9868-57a2d4851a1d" />
    <TestEntry testId="3138effc-32fa-4f1b-ab98-64f0c65e74ba" executionId="fd09f561-3bcb-44c7-9d9d-b3c9181c3883" testListId="8c84fa94-04c1-424b-9868-57a2d4851a1d" />
    <TestEntry testId="6bc2d8af-9fff-42d9-9fdc-c499147013c6" executionId="6bc59401-3e63-48bb-9779-7ae55aa92580" testListId="8c84fa94-04c1-424b-9868-57a2d4851a1d" />
    <TestEntry testId="0079bd2c-ccde-4cc8-81a3-dbd9cea1a6a4" executionId="b3e754a8-fde6-478e-a14a-dda6d36c5381" testListId="8c84fa94-04c1-424b-9868-57a2d4851a1d" />
    <TestEntry testId="e0b9fd93-7936-4d16-94cd-0dea9c545c99" executionId="53f6e94d-5d14-4939-8efc-901d96c890b4" testListId="8c84fa94-04c1-424b-9868-57a2d4851a1d" />
    <TestEntry testId="78b091c3-7149-4ce1-a6c0-d62ffe92070b" executionId="0f7cffe8-a4c1-4173-a138-259ad9388f21" testListId="8c84fa94-04c1-424b-9868-57a2d4851a1d" />
    <TestEntry testId="44a1648c-c5e8-4194-9243-e13630e5bd56" executionId="0ad744cc-8d30-4090-8118-c1c31a0e7c30" testListId="8c84fa94-04c1-424b-9868-57a2d4851a1d" />
    <TestEntry testId="4ecfc964-d881-4642-967a-028828873543" executionId="36d2633e-bf5c-4e2e-a23d-fec21bb57d44" testListId="8c84fa94-04c1-424b-9868-57a2d4851a1d" />
    <TestEntry testId="224c8b5c-03c4-46ae-b385-3099c407ebe7" executionId="f7ee71f0-c0cc-443d-b654-953e636abf41" testListId="8c84fa94-04c1-424b-9868-57a2d4851a1d" />
    <TestEntry testId="b793026b-1385-4afd-9d22-61019469456c" executionId="e0496083-89f9-47d7-ac42-b43a35fc2c48" testListId="8c84fa94-04c1-424b-9868-57a2d4851a1d" />
    <TestEntry testId="01185891-35c0-4849-a6b9-3cfa209d6812" executionId="75396528-0fe4-4614-8e7e-056421b34f3b" testListId="8c84fa94-04c1-424b-9868-57a2d4851a1d" />
    <TestEntry testId="029fa1e3-3b44-4c02-90ce-e04903bf5bc2" executionId="6d404dad-f8aa-4c2f-9d6b-8b0a2cfdd510" testListId="8c84fa94-04c1-424b-9868-57a2d4851a1d" />
    <TestEntry testId="bc1b3547-4e8e-47cc-8816-88f54f97f15e" executionId="83bdec29-afef-4d85-bb09-92c89970c97f" testListId="8c84fa94-04c1-424b-9868-57a2d4851a1d" />
    <TestEntry testId="2a1769e6-9d8f-43b1-9d19-7525086cb225" executionId="feff10b7-cf23-495f-9244-bc9a718eefa1" testListId="8c84fa94-04c1-424b-9868-57a2d4851a1d" />
    <TestEntry testId="8a1bfeea-f6ce-4336-9f61-3720c400734f" executionId="fbc47ac3-dfe8-42eb-92b0-6af830f2e23a" testListId="8c84fa94-04c1-424b-9868-57a2d4851a1d" />
    <TestEntry testId="107953a8-e995-40b6-b939-4b8a70db06ee" executionId="8a744076-3336-45e6-99f3-250610a2af5c" testListId="8c84fa94-04c1-424b-9868-57a2d4851a1d" />
    <TestEntry testId="5affcfea-2296-436c-99f0-900fccf8f1f2" executionId="b50f8c65-1a8c-4b13-b571-54cff760c604" testListId="8c84fa94-04c1-424b-9868-57a2d4851a1d" />
    <TestEntry testId="730a3e35-5b5a-4005-893a-3dd2b2ad09cc" executionId="6f2e376c-4fb0-4342-94fc-a57d874bcc90" testListId="8c84fa94-04c1-424b-9868-57a2d4851a1d" />
    <TestEntry testId="f91f7088-0334-4740-82e8-cda6c43c14ad" executionId="54e3420c-a88e-4d8c-8c20-dc2004cd6ac3" testListId="8c84fa94-04c1-424b-9868-57a2d4851a1d" />
    <TestEntry testId="52e0e988-b84f-4be8-bb97-4f1d2d564067" executionId="db0659a0-20ad-4eb0-9d06-9b00d7b2dbee" testListId="8c84fa94-04c1-424b-9868-57a2d4851a1d" />
    <TestEntry testId="1ac989f1-bb9b-4909-910b-439cae118393" executionId="fe00ded7-fa70-4264-9e2b-f148e3a1ebd1" testListId="8c84fa94-04c1-424b-9868-57a2d4851a1d" />
    <TestEntry testId="a3bf6529-fd6e-4f9e-bac2-8b1f78d38d72" executionId="ab53af0b-52bc-4f34-b758-59347e9c7326" testListId="8c84fa94-04c1-424b-9868-57a2d4851a1d" />
    <TestEntry testId="87cc2782-ed1c-4945-a5a5-2efa94cdf4ad" executionId="7976c823-b999-4b82-a9c9-5a50e028d975" testListId="8c84fa94-04c1-424b-9868-57a2d4851a1d" />
    <TestEntry testId="16cdf320-b4c4-40d4-af67-bc97d20605ac" executionId="cf2890fb-b365-4ab6-af38-6ee3ed03da41" testListId="8c84fa94-04c1-424b-9868-57a2d4851a1d" />
    <TestEntry testId="29c10fbb-3233-46ab-947f-51900025a826" executionId="7f06a9d5-66c0-403a-933f-262c9aa8da86" testListId="8c84fa94-04c1-424b-9868-57a2d4851a1d" />
    <TestEntry testId="43c0962c-3a9b-4bfb-a8f3-f0c7eb2a960f" executionId="81539992-c56c-43a8-91d3-c25a17c5fca5" testListId="8c84fa94-04c1-424b-9868-57a2d4851a1d" />
    <TestEntry testId="fe03f48f-6077-47a8-b68c-0d0bde19b9e9" executionId="a8f594f8-49f7-4b95-bc57-a7bfd5da2cac" testListId="8c84fa94-04c1-424b-9868-57a2d4851a1d" />
    <TestEntry testId="b35ed1db-ee33-4f41-a6a6-3b10333d0ac1" executionId="d1fe0a63-1a2c-44a1-817d-cc8eb321f78a" testListId="8c84fa94-04c1-424b-9868-57a2d4851a1d" />
    <TestEntry testId="fe285f51-5cb5-4b83-b259-76b3aef48af4" executionId="686b3e82-4b0b-4c74-97bd-43413f562d83" testListId="8c84fa94-04c1-424b-9868-57a2d4851a1d" />
    <TestEntry testId="7b47421c-e0aa-461e-ab13-50e3a2c5af64" executionId="7388faf8-7768-4507-bce3-b46ceaa6ef1c" testListId="8c84fa94-04c1-424b-9868-57a2d4851a1d" />
    <TestEntry testId="f48ceb5c-a195-4878-928c-9724b2fc2519" executionId="98fb1a50-f4da-49c2-9f5b-e7a3fbe891aa" testListId="8c84fa94-04c1-424b-9868-57a2d4851a1d" />
    <TestEntry testId="1e70889d-882e-48de-84ef-294797b31a71" executionId="eb945054-7e8e-4136-98da-199a935d0cdc" testListId="8c84fa94-04c1-424b-9868-57a2d4851a1d" />
    <TestEntry testId="a7af329a-77d2-4f24-b769-a41bc0cd5779" executionId="66ccdcd4-54c3-47c8-b528-934e2a1031f3" testListId="8c84fa94-04c1-424b-9868-57a2d4851a1d" />
    <TestEntry testId="51bd39f1-599e-472f-b2dc-9a6a0c31db34" executionId="cb768822-4839-4636-8131-fa0722c9f659" testListId="8c84fa94-04c1-424b-9868-57a2d4851a1d" />
    <TestEntry testId="064de9c5-5b23-4f08-a3a1-d91ff5d53e63" executionId="6d339231-a81e-44b4-86ae-a3ce47658d35" testListId="8c84fa94-04c1-424b-9868-57a2d4851a1d" />
    <TestEntry testId="94d85788-a1b0-4103-98af-0c218b7f4793" executionId="b5a306a4-1795-4e9a-ab3b-82673d10de5f" testListId="8c84fa94-04c1-424b-9868-57a2d4851a1d" />
    <TestEntry testId="12a97191-f15d-4ad1-b7f3-845823747800" executionId="b2ba6e01-96e0-4903-997b-7db9f511a519" testListId="8c84fa94-04c1-424b-9868-57a2d4851a1d" />
    <TestEntry testId="c0c51a3b-d3b6-482b-857d-9cd72698bfc9" executionId="f36ecc1c-cdd7-4b04-ad9c-0e269c4482aa" testListId="8c84fa94-04c1-424b-9868-57a2d4851a1d" />
    <TestEntry testId="1a211448-d468-4d98-a630-d7344e473273" executionId="8d0381b8-9f51-48cc-97f7-319c9915d6e6" testListId="8c84fa94-04c1-424b-9868-57a2d4851a1d" />
    <TestEntry testId="86a55acb-f621-43bb-ae49-717d4f978f25" executionId="251af505-e50a-4a7a-85c6-359d1608a571" testListId="8c84fa94-04c1-424b-9868-57a2d4851a1d" />
    <TestEntry testId="f4da0dbd-da0e-4937-a83b-e923cd4a29e5" executionId="781622c8-e10a-40b5-bffa-82bc92fb0353" testListId="8c84fa94-04c1-424b-9868-57a2d4851a1d" />
    <TestEntry testId="92caaeb0-bc10-44be-a8a1-27ce783e7aed" executionId="5239633b-2ea4-40d0-9889-10f6e6bc9b16" testListId="8c84fa94-04c1-424b-9868-57a2d4851a1d" />
    <TestEntry testId="08a857aa-93da-455c-8e53-f21305208a9a" executionId="3fa5e39d-e0b7-4be3-8b59-3a7c4c860a1c" testListId="8c84fa94-04c1-424b-9868-57a2d4851a1d" />
    <TestEntry testId="e2dac936-bee1-4ff1-bbe3-9be17c13e263" executionId="c3fe8c55-4205-4e56-a216-136f0ccff08c" testListId="8c84fa94-04c1-424b-9868-57a2d4851a1d" />
    <TestEntry testId="c0dd1eb5-408c-45c2-9f1c-4845073ee0ec" executionId="b51ea579-cce2-4208-8107-19fbf5d6a441" testListId="8c84fa94-04c1-424b-9868-57a2d4851a1d" />
    <TestEntry testId="8a53858c-280a-4c6a-aa6d-75e2f933ddd1" executionId="7e58ea23-373f-4b13-978b-bc42d1ab8d4e" testListId="8c84fa94-04c1-424b-9868-57a2d4851a1d" />
    <TestEntry testId="04a9872b-dc15-48fa-a017-cbd4b7374bf5" executionId="d1b2482f-eff7-40f3-8f4d-72f0f4d90096" testListId="8c84fa94-04c1-424b-9868-57a2d4851a1d" />
    <TestEntry testId="4e7b7a9b-3526-4191-9043-61ccaf21f153" executionId="2e1bf663-31fb-4715-8939-5d981f4d5de8" testListId="8c84fa94-04c1-424b-9868-57a2d4851a1d" />
    <TestEntry testId="85abad95-3f53-433e-a66c-c40f2f4f8147" executionId="437a5bfa-a44c-4578-8264-ae051f07bdd7" testListId="8c84fa94-04c1-424b-9868-57a2d4851a1d" />
    <TestEntry testId="9ac050a2-9941-47c9-a159-1d13b32a39dd" executionId="98d07cec-8e8c-4101-a779-3be58aeb2af5" testListId="8c84fa94-04c1-424b-9868-57a2d4851a1d" />
    <TestEntry testId="ae731363-9bfd-4d18-8972-1331d1633321" executionId="6cf384a5-3b0a-465d-8a35-9a93a485049c" testListId="8c84fa94-04c1-424b-9868-57a2d4851a1d" />
    <TestEntry testId="382eeee3-b0eb-45cf-a2a8-f5428ddcac0f" executionId="9897f260-4752-44e8-9e1d-f8f8963667b4" testListId="8c84fa94-04c1-424b-9868-57a2d4851a1d" />
    <TestEntry testId="94d42008-5a45-4fa9-aaea-f709a0ece252" executionId="0fd15f9c-e4bf-48ee-b8a5-8edaf21ed3f3" testListId="8c84fa94-04c1-424b-9868-57a2d4851a1d" />
    <TestEntry testId="1509442f-bad4-4f35-84d4-351ab4558d56" executionId="908a9c75-08d3-48e4-8f43-6c704ec0eaf6" testListId="8c84fa94-04c1-424b-9868-57a2d4851a1d" />
    <TestEntry testId="d9ff2bf3-c5ad-4779-842c-7124760a2697" executionId="55e44104-8cba-4a40-954e-5adc7d52db83" testListId="8c84fa94-04c1-424b-9868-57a2d4851a1d" />
    <TestEntry testId="70b35a8f-7200-4be5-bc1d-658adff2f539" executionId="d4b2656c-86da-48e0-a623-8a2597bce10c" testListId="8c84fa94-04c1-424b-9868-57a2d4851a1d" />
    <TestEntry testId="763f125c-8d36-4218-8ffc-0ad0413bb556" executionId="cac5ae11-b16d-4a97-835b-560170064eb9" testListId="8c84fa94-04c1-424b-9868-57a2d4851a1d" />
    <TestEntry testId="ffd4e10f-3997-4a3f-9ef7-25a4fd4ac8ac" executionId="93c4d097-ec1d-4b2b-8dd8-8efad1059910" testListId="8c84fa94-04c1-424b-9868-57a2d4851a1d" />
    <TestEntry testId="2e5600a1-9b7a-41b8-bb8e-2eef9ba60b01" executionId="09703ab8-6cdf-486a-a5e5-eb1b3954abe9" testListId="8c84fa94-04c1-424b-9868-57a2d4851a1d" />
    <TestEntry testId="59b9039d-96bf-480e-859c-eea26a55dee9" executionId="95687491-3f4f-4b8a-a50a-2f289c462708" testListId="8c84fa94-04c1-424b-9868-57a2d4851a1d" />
    <TestEntry testId="0354d64a-ce8a-40c6-b433-a5da9d731f98" executionId="dbebd6f5-7f1f-4ca8-a5ef-73121dc1f24e" testListId="8c84fa94-04c1-424b-9868-57a2d4851a1d" />
    <TestEntry testId="5bdf1078-4123-47a5-9665-fcdb01569ea5" executionId="08e57caa-9722-48be-8616-635071d49a6a" testListId="8c84fa94-04c1-424b-9868-57a2d4851a1d" />
    <TestEntry testId="843087a2-7d4a-4a40-a77e-284928c4a40d" executionId="5f79b913-9e03-42d3-96f7-cbdc25ae7c3b" testListId="8c84fa94-04c1-424b-9868-57a2d4851a1d" />
    <TestEntry testId="8de978d1-20b8-4557-825d-a8643bcd1a6c" executionId="2cb1a62d-164a-4218-8ddd-49c06735958b" testListId="8c84fa94-04c1-424b-9868-57a2d4851a1d" />
    <TestEntry testId="121c377f-c970-4db1-9c77-114511870109" executionId="496340eb-ed2f-4e1a-a683-8f6c3583e1a1" testListId="8c84fa94-04c1-424b-9868-57a2d4851a1d" />
    <TestEntry testId="2b713095-5843-409e-9f49-b75e87d75e2e" executionId="e752d783-4f22-44bd-90cd-a4e25692431c" testListId="8c84fa94-04c1-424b-9868-57a2d4851a1d" />
    <TestEntry testId="81e200c8-f3a7-48c1-bd88-833080a9f3c1" executionId="6521a0e0-dc53-40ec-8746-110e6a420740" testListId="8c84fa94-04c1-424b-9868-57a2d4851a1d" />
    <TestEntry testId="4b359a90-b60a-41ac-a07c-63531ea56876" executionId="4c10d290-07f0-47c2-80a0-b3c6d077f193" testListId="8c84fa94-04c1-424b-9868-57a2d4851a1d" />
    <TestEntry testId="dcc49ad6-b672-41fe-9bb3-d6bb3b15682a" executionId="a221e31f-3ac7-4740-a680-62d77158dd7f" testListId="8c84fa94-04c1-424b-9868-57a2d4851a1d" />
    <TestEntry testId="8418da2d-c344-483a-ab0b-fe2439cc42ff" executionId="625495c2-b26b-42fc-b8d8-c83405a8c4b1" testListId="8c84fa94-04c1-424b-9868-57a2d4851a1d" />
    <TestEntry testId="6570fca1-79ef-4f79-99df-8c1be490b4f8" executionId="7f8ff81f-5100-4449-8b57-65468fb9c32c" testListId="8c84fa94-04c1-424b-9868-57a2d4851a1d" />
    <TestEntry testId="ed1cf78b-cf19-440d-989e-28df4f11b321" executionId="bc7945c7-ed60-47d2-a5b1-62605528733d" testListId="8c84fa94-04c1-424b-9868-57a2d4851a1d" />
    <TestEntry testId="a4811aca-f5e4-46e6-b3ea-9d9e68b49955" executionId="bc0ca0b8-27ad-4a1d-a3b8-69cad58e9f42" testListId="8c84fa94-04c1-424b-9868-57a2d4851a1d" />
    <TestEntry testId="d039b280-8c58-4cd4-abda-ba58a0bbdda7" executionId="8a2f8e2f-cdf8-4d14-8e3d-79fb554b8192" testListId="8c84fa94-04c1-424b-9868-57a2d4851a1d" />
    <TestEntry testId="e15d9b0d-3911-4eea-a494-bb9ed2e0a844" executionId="5961e631-5f59-4dd4-8e0d-b3941d10e6ba" testListId="8c84fa94-04c1-424b-9868-57a2d4851a1d" />
    <TestEntry testId="1ff9a490-e6c0-4cec-88b9-786b4e5f26a0" executionId="25b7081c-440c-4eb7-880a-52ca2f4127e5" testListId="8c84fa94-04c1-424b-9868-57a2d4851a1d" />
    <TestEntry testId="e31558d1-419e-4789-8301-fbb5bace5e7d" executionId="1683229c-5e35-4b93-886c-6932c3d7982f" testListId="8c84fa94-04c1-424b-9868-57a2d4851a1d" />
    <TestEntry testId="aa858a79-fddd-453b-b2dd-7a47a366f055" executionId="9414c130-62dc-4ef3-bc97-3404a62ab3ea" testListId="8c84fa94-04c1-424b-9868-57a2d4851a1d" />
    <TestEntry testId="97d7bbec-8a03-480b-aad7-643b3fc99039" executionId="f442c9d6-3c3d-45cf-b77a-e00a2db26e4d" testListId="8c84fa94-04c1-424b-9868-57a2d4851a1d" />
    <TestEntry testId="7cfe9c59-f095-4dce-acce-6a927b7102bb" executionId="84ab4c30-fb7a-4c3e-9ddb-69589283f7f7" testListId="8c84fa94-04c1-424b-9868-57a2d4851a1d" />
    <TestEntry testId="423bdeb3-421b-4dfb-a595-a0a4559db73a" executionId="ef92db82-a506-479b-9f3d-262d98396446" testListId="8c84fa94-04c1-424b-9868-57a2d4851a1d" />
    <TestEntry testId="d2383411-fc87-4893-9b35-e5ec53d66000" executionId="3fe822f3-9ce1-48f2-a23c-27666d4c051a" testListId="8c84fa94-04c1-424b-9868-57a2d4851a1d" />
    <TestEntry testId="f395077e-19af-4490-879f-e654e161efcf" executionId="b30de53f-671d-4b03-9db7-348437fb14a0" testListId="8c84fa94-04c1-424b-9868-57a2d4851a1d" />
    <TestEntry testId="9da71d5d-03c7-4709-a398-458ecf08a411" executionId="41724669-ae9c-44e0-9f5a-90ac5e18cd57" testListId="8c84fa94-04c1-424b-9868-57a2d4851a1d" />
    <TestEntry testId="e3919076-fa8e-44ba-aa30-9434d1cef9f2" executionId="2689511b-8f7d-41dc-b369-01db7f1fa491" testListId="8c84fa94-04c1-424b-9868-57a2d4851a1d" />
    <TestEntry testId="e46bc635-af1d-4a13-adc9-009c86a637b7" executionId="9257e2e3-a942-4364-8aa7-422ffbf66582" testListId="8c84fa94-04c1-424b-9868-57a2d4851a1d" />
    <TestEntry testId="9bcf84f1-fee2-4a9d-bf32-c5f22adc625e" executionId="3c8090e1-6f1b-4e9b-b597-02bdd242c3da" testListId="8c84fa94-04c1-424b-9868-57a2d4851a1d" />
    <TestEntry testId="852c90a0-7e22-49ef-a41a-2bfb5b87433f" executionId="7bcb2616-26f8-4375-aafe-1bcc9688bd3f" testListId="8c84fa94-04c1-424b-9868-57a2d4851a1d" />
    <TestEntry testId="b31b2a64-ad3b-4a01-b73d-9d40938cb3b2" executionId="795c6c5f-256f-4a0e-9768-86b616a0fd07" testListId="8c84fa94-04c1-424b-9868-57a2d4851a1d" />
    <TestEntry testId="a5ff5ce0-acb7-42f0-9021-193970a641c8" executionId="02ab7821-27df-4b91-8cbc-65641734fef3" testListId="8c84fa94-04c1-424b-9868-57a2d4851a1d" />
    <TestEntry testId="a2dd010e-bff7-49a2-9702-230b59ae51d9" executionId="baa53487-fe55-4035-a816-ce7a33761615" testListId="8c84fa94-04c1-424b-9868-57a2d4851a1d" />
    <TestEntry testId="c3580956-2c7b-45c1-b893-0feaed9181dc" executionId="a311b0f4-36f3-476b-bf77-94335a0b230c" testListId="8c84fa94-04c1-424b-9868-57a2d4851a1d" />
    <TestEntry testId="0d12728f-727f-4483-a756-cd60d7971486" executionId="e60b196f-1f68-4a73-8925-565e9d27fdd0" testListId="8c84fa94-04c1-424b-9868-57a2d4851a1d" />
    <TestEntry testId="a2d0287f-747f-4df5-a274-cf06638a80e8" executionId="90710e1f-0adc-4797-a1c9-edee58c77517" testListId="8c84fa94-04c1-424b-9868-57a2d4851a1d" />
    <TestEntry testId="c701a9ab-c697-4b71-9a30-d532ac3f32ab" executionId="eeb2b620-96d9-4643-986b-ebb314aeb2ab" testListId="8c84fa94-04c1-424b-9868-57a2d4851a1d" />
    <TestEntry testId="b353d9dc-5da1-4af1-a866-a4eb29c29340" executionId="81362987-233c-4335-98a5-e6e1f0fff01e" testListId="8c84fa94-04c1-424b-9868-57a2d4851a1d" />
    <TestEntry testId="27d5cffe-b4e2-4dff-9769-6a4cd5e75c04" executionId="f61b65ae-a1cb-4dab-8780-a070157c572b" testListId="8c84fa94-04c1-424b-9868-57a2d4851a1d" />
    <TestEntry testId="87db0d32-21eb-44ab-b7df-37ef8d7ba2c7" executionId="cc130047-d4b4-4ef3-bb5d-fc03fdac31be" testListId="8c84fa94-04c1-424b-9868-57a2d4851a1d" />
    <TestEntry testId="693e78c4-42d5-4c5c-8a41-fb3af4888e4a" executionId="80337b47-cb48-4f3b-8326-9eb433dbb625" testListId="8c84fa94-04c1-424b-9868-57a2d4851a1d" />
    <TestEntry testId="f548a525-2dc8-4b95-b325-d335189e4cb3" executionId="8bf43cd8-f0c0-40f1-8b01-17a3437daa9d" testListId="8c84fa94-04c1-424b-9868-57a2d4851a1d" />
    <TestEntry testId="e94f4284-424e-47ec-9b5c-a634e3747acf" executionId="7476a6c6-b80e-451f-b73f-118648948738" testListId="8c84fa94-04c1-424b-9868-57a2d4851a1d" />
    <TestEntry testId="2ee34b06-04ef-4ae1-9956-c93b57cd04c5" executionId="1ab0cf5e-afca-4aca-819b-24373a30ecaf" testListId="8c84fa94-04c1-424b-9868-57a2d4851a1d" />
    <TestEntry testId="1d355461-e458-4581-a2f5-10b1205cbb31" executionId="6319058c-8f7e-4948-b995-58138eac08a0" testListId="8c84fa94-04c1-424b-9868-57a2d4851a1d" />
    <TestEntry testId="f53e0297-4903-4cbe-98f6-db32405d0849" executionId="14ab9c55-1d71-4691-937e-7e640095d99d" testListId="8c84fa94-04c1-424b-9868-57a2d4851a1d" />
    <TestEntry testId="6df59ac9-db53-44d1-9d72-343fbfe6825d" executionId="f4ee4751-94de-4097-8ed9-8e0e5a8aec37" testListId="8c84fa94-04c1-424b-9868-57a2d4851a1d" />
    <TestEntry testId="fbb7778a-36b2-4aef-b162-d1d334b3faac" executionId="f1fc42e5-7b14-4ee9-b3dc-c43017a440da" testListId="8c84fa94-04c1-424b-9868-57a2d4851a1d" />
    <TestEntry testId="69722e5f-28da-4fd7-8b00-510f4fe1ce20" executionId="7d3b690f-07b5-4583-97bf-f61a4afa79ed" testListId="8c84fa94-04c1-424b-9868-57a2d4851a1d" />
    <TestEntry testId="178b2f91-d1e7-42a7-96d8-b14d242dd1d6" executionId="7e4029cc-67ee-4046-b047-5dcac709cfd4" testListId="8c84fa94-04c1-424b-9868-57a2d4851a1d" />
    <TestEntry testId="c3877eae-222a-4303-8f6a-498134865787" executionId="6e659af5-df65-4ff0-8a32-632eddb7e8a0" testListId="8c84fa94-04c1-424b-9868-57a2d4851a1d" />
    <TestEntry testId="05bea864-1255-477a-843e-f3d89a3e8620" executionId="80c7b069-8f03-4384-b113-93d8482267c0" testListId="8c84fa94-04c1-424b-9868-57a2d4851a1d" />
    <TestEntry testId="ed957296-50cc-44cf-a840-5f097afa9a1f" executionId="9cc4f1e2-029b-4944-9f15-6c0f86c013ed" testListId="8c84fa94-04c1-424b-9868-57a2d4851a1d" />
    <TestEntry testId="7ef80db8-8cf6-4b7e-a7b8-677bddd87e4c" executionId="81f5a8a4-6f41-4eba-8046-6c1f9b16c0e0" testListId="8c84fa94-04c1-424b-9868-57a2d4851a1d" />
    <TestEntry testId="b8b3e8df-1927-4f8b-8937-eb5cb7f88808" executionId="9b6140d4-adef-44a0-80d8-0a976ead2dae" testListId="8c84fa94-04c1-424b-9868-57a2d4851a1d" />
    <TestEntry testId="4a52217c-c8aa-4bc4-a718-19cb0b6c440d" executionId="d107c586-95ae-4973-9ee7-719b631f1d3d" testListId="8c84fa94-04c1-424b-9868-57a2d4851a1d" />
    <TestEntry testId="0c488d6d-ef3f-4895-839b-27f333b0acfd" executionId="248f1475-0212-40b1-b81c-90fde33959d7" testListId="8c84fa94-04c1-424b-9868-57a2d4851a1d" />
    <TestEntry testId="38ec1184-3c31-43d9-a088-be87d56937c0" executionId="a952699b-85de-41c2-8f93-565e1a71315b" testListId="8c84fa94-04c1-424b-9868-57a2d4851a1d" />
    <TestEntry testId="fcf0ee55-5581-4243-b2be-215cd0f5177f" executionId="58994301-a369-457b-a4ba-33fd657a01bc" testListId="8c84fa94-04c1-424b-9868-57a2d4851a1d" />
    <TestEntry testId="22f97182-5b61-4038-87e5-b6afe1923d50" executionId="d9d9f667-ac75-4364-bfb5-9eac3e605838" testListId="8c84fa94-04c1-424b-9868-57a2d4851a1d" />
    <TestEntry testId="c56a8133-ff54-4674-8423-973d28413733" executionId="e67601f9-8660-45cd-9159-e864ecb3a803" testListId="8c84fa94-04c1-424b-9868-57a2d4851a1d" />
    <TestEntry testId="5780d3eb-7b7c-45cb-a2fb-772163552490" executionId="3561b1ca-5062-4468-94ca-2c0789b723d4" testListId="8c84fa94-04c1-424b-9868-57a2d4851a1d" />
    <TestEntry testId="62f9e654-1e2d-4952-940c-1b4b36d718c1" executionId="7058c5a2-d4fa-4195-8193-f27bfaba503a" testListId="8c84fa94-04c1-424b-9868-57a2d4851a1d" />
    <TestEntry testId="1fbe8397-7223-4154-8072-e5b75dc1a960" executionId="176272c9-609b-489a-8451-6537d14ec9bb" testListId="8c84fa94-04c1-424b-9868-57a2d4851a1d" />
    <TestEntry testId="08b15dba-12e5-44d0-930f-7957efc79bf0" executionId="228ca2ab-60dd-4b62-89ea-96d8ed90e70c" testListId="8c84fa94-04c1-424b-9868-57a2d4851a1d" />
    <TestEntry testId="22382db4-208d-4dc4-83e6-0e1497ff67bf" executionId="75d1be17-81f2-49b0-a649-89dcc583034c" testListId="8c84fa94-04c1-424b-9868-57a2d4851a1d" />
    <TestEntry testId="4c209bd6-b3ac-4f0f-a8bc-d6c37cd515de" executionId="73f00c21-55a7-4c05-a136-da8fa1c3101a" testListId="8c84fa94-04c1-424b-9868-57a2d4851a1d" />
    <TestEntry testId="398758b4-b3de-4c3b-b744-965f95ec2916" executionId="c7a3999f-ee86-4225-a53b-f655022bdf26" testListId="8c84fa94-04c1-424b-9868-57a2d4851a1d" />
    <TestEntry testId="17ea9f3e-c798-48e0-9f31-e2bc6c8b4ab7" executionId="d2a696fe-7421-4721-a3db-9d0b42a2223a" testListId="8c84fa94-04c1-424b-9868-57a2d4851a1d" />
    <TestEntry testId="ef7920bc-3d80-4308-97a3-738f20a924b7" executionId="4db33010-f99d-450a-ab47-95a8411555ba" testListId="8c84fa94-04c1-424b-9868-57a2d4851a1d" />
    <TestEntry testId="6e542bf6-0947-4d40-a40f-678c97be8071" executionId="1383bb14-de25-4683-94eb-f4f9d298bf4a" testListId="8c84fa94-04c1-424b-9868-57a2d4851a1d" />
    <TestEntry testId="f5b0198c-30a2-46b4-89ef-77ef458edd88" executionId="a39d0560-a406-46c9-84f8-69fab7fe3056" testListId="8c84fa94-04c1-424b-9868-57a2d4851a1d" />
    <TestEntry testId="daea02e7-4ad9-422e-98a6-d3753242277a" executionId="357055a1-4f71-4c6a-af00-98a261f74be2" testListId="8c84fa94-04c1-424b-9868-57a2d4851a1d" />
    <TestEntry testId="1aa65543-34f0-4b42-9e82-e3e0c0fc5849" executionId="69926f9d-61b3-4910-a4c7-a2abae8bf707" testListId="8c84fa94-04c1-424b-9868-57a2d4851a1d" />
    <TestEntry testId="a4ed780c-a1d7-4d54-bfdb-05ff0ab3c649" executionId="c274ac8e-11de-442e-b63c-6b46054562bd" testListId="8c84fa94-04c1-424b-9868-57a2d4851a1d" />
    <TestEntry testId="c7775d2c-d9a2-4cfe-ba7f-67219381836f" executionId="b022fe3c-86f8-4d70-8f90-030c8305c309" testListId="8c84fa94-04c1-424b-9868-57a2d4851a1d" />
    <TestEntry testId="71715239-290b-4b63-9f6e-9c2ff8e7fe8c" executionId="d82bb989-069e-43dc-bf2a-bd6d06872de9" testListId="8c84fa94-04c1-424b-9868-57a2d4851a1d" />
    <TestEntry testId="d8ddbabe-ab8c-4d49-930c-21fd0a099b6b" executionId="e78dd02d-457a-4a9e-bf7f-d0c44c4db5ff" testListId="8c84fa94-04c1-424b-9868-57a2d4851a1d" />
  </TestEntries>
  <TestLists>
    <TestList name="Results Not in a List" id="8c84fa94-04c1-424b-9868-57a2d4851a1d" />
    <TestList name="All Loaded Results" id="19431567-8539-422a-85d7-44ee4e166bda" />
  </TestLists>
  <ResultSummary outcome="Failed">
    <Counters total="265" executed="265" passed="264" failed="1" error="0" timeout="0" aborted="0" inconclusive="0" passedButRunAborted="0" notRunnable="0" notExecuted="0" disconnected="0" warning="0" completed="0" inProgress="0" pending="0" />
  </ResultSummary>
</TestRun>